{"/Users/mehedihasan/Documents/project/cx_app/pearl-cx/CustomerExperience/app/Utils/ArrayUtils.js": {"path":"/Users/mehedihasan/Documents/project/cx_app/pearl-cx/CustomerExperience/app/Utils/ArrayUtils.js","statementMap":{"0":{"start":{"line":3,"column":4},"end":{"line":9,"column":5}},"1":{"start":{"line":4,"column":6},"end":{"line":8,"column":7}},"2":{"start":{"line":4,"column":19},"end":{"line":4,"column":20}},"3":{"start":{"line":5,"column":8},"end":{"line":7,"column":9}},"4":{"start":{"line":6,"column":10},"end":{"line":6,"column":26}},"5":{"start":{"line":10,"column":4},"end":{"line":10,"column":16}},"6":{"start":{"line":13,"column":4},"end":{"line":13,"column":37}},"7":{"start":{"line":16,"column":4},"end":{"line":16,"column":35}},"8":{"start":{"line":20,"column":4},"end":{"line":20,"column":35}},"9":{"start":{"line":24,"column":22},"end":{"line":24,"column":24}},"10":{"start":{"line":25,"column":4},"end":{"line":29,"column":5}},"11":{"start":{"line":26,"column":6},"end":{"line":28,"column":7}},"12":{"start":{"line":26,"column":19},"end":{"line":26,"column":20}},"13":{"start":{"line":27,"column":8},"end":{"line":27,"column":42}},"14":{"start":{"line":30,"column":4},"end":{"line":30,"column":23}},"15":{"start":{"line":34,"column":4},"end":{"line":40,"column":5}},"16":{"start":{"line":35,"column":6},"end":{"line":39,"column":7}},"17":{"start":{"line":35,"column":19},"end":{"line":35,"column":20}},"18":{"start":{"line":36,"column":8},"end":{"line":38,"column":9}},"19":{"start":{"line":37,"column":10},"end":{"line":37,"column":19}},"20":{"start":{"line":41,"column":4},"end":{"line":41,"column":14}},"21":{"start":{"line":45,"column":4},"end":{"line":52,"column":5}},"22":{"start":{"line":46,"column":6},"end":{"line":51,"column":7}},"23":{"start":{"line":46,"column":19},"end":{"line":46,"column":20}},"24":{"start":{"line":47,"column":8},"end":{"line":50,"column":9}},"25":{"start":{"line":48,"column":24},"end":{"line":48,"column":42}},"26":{"start":{"line":49,"column":10},"end":{"line":49,"column":25}},"27":{"start":{"line":53,"column":4},"end":{"line":53,"column":16}},"28":{"start":{"line":56,"column":4},"end":{"line":63,"column":5}},"29":{"start":{"line":57,"column":6},"end":{"line":62,"column":7}},"30":{"start":{"line":57,"column":19},"end":{"line":57,"column":20}},"31":{"start":{"line":58,"column":8},"end":{"line":61,"column":9}},"32":{"start":{"line":59,"column":10},"end":{"line":59,"column":29}},"33":{"start":{"line":60,"column":10},"end":{"line":60,"column":36}},"34":{"start":{"line":64,"column":4},"end":{"line":64,"column":17}},"35":{"start":{"line":68,"column":16},"end":{"line":68,"column":18}},"36":{"start":{"line":69,"column":4},"end":{"line":71,"column":7}},"37":{"start":{"line":70,"column":6},"end":{"line":70,"column":41}},"38":{"start":{"line":72,"column":4},"end":{"line":72,"column":17}}},"fnMap":{"0":{"name":"(anonymous_0)","decl":{"start":{"line":2,"column":2},"end":{"line":2,"column":3}},"loc":{"start":{"line":2,"column":59},"end":{"line":11,"column":3}},"line":2},"1":{"name":"(anonymous_1)","decl":{"start":{"line":12,"column":2},"end":{"line":12,"column":3}},"loc":{"start":{"line":12,"column":27},"end":{"line":14,"column":3}},"line":12},"2":{"name":"(anonymous_2)","decl":{"start":{"line":15,"column":2},"end":{"line":15,"column":3}},"loc":{"start":{"line":15,"column":24},"end":{"line":17,"column":3}},"line":15},"3":{"name":"(anonymous_3)","decl":{"start":{"line":19,"column":2},"end":{"line":19,"column":3}},"loc":{"start":{"line":19,"column":41},"end":{"line":21,"column":3}},"line":19},"4":{"name":"(anonymous_4)","decl":{"start":{"line":23,"column":2},"end":{"line":23,"column":3}},"loc":{"start":{"line":23,"column":49},"end":{"line":31,"column":3}},"line":23},"5":{"name":"(anonymous_5)","decl":{"start":{"line":33,"column":2},"end":{"line":33,"column":3}},"loc":{"start":{"line":33,"column":64},"end":{"line":42,"column":3}},"line":33},"6":{"name":"(anonymous_6)","decl":{"start":{"line":44,"column":2},"end":{"line":44,"column":3}},"loc":{"start":{"line":44,"column":68},"end":{"line":54,"column":3}},"line":44},"7":{"name":"(anonymous_7)","decl":{"start":{"line":55,"column":2},"end":{"line":55,"column":3}},"loc":{"start":{"line":55,"column":79},"end":{"line":65,"column":3}},"line":55},"8":{"name":"(anonymous_8)","decl":{"start":{"line":67,"column":2},"end":{"line":67,"column":3}},"loc":{"start":{"line":67,"column":44},"end":{"line":73,"column":3}},"line":67},"9":{"name":"(anonymous_9)","decl":{"start":{"line":69,"column":32},"end":{"line":69,"column":33}},"loc":{"start":{"line":69,"column":41},"end":{"line":71,"column":5}},"line":69}},"branchMap":{"0":{"loc":{"start":{"line":3,"column":4},"end":{"line":9,"column":5}},"type":"if","locations":[{"start":{"line":3,"column":4},"end":{"line":9,"column":5}},{"start":{},"end":{}}],"line":3},"1":{"loc":{"start":{"line":5,"column":8},"end":{"line":7,"column":9}},"type":"if","locations":[{"start":{"line":5,"column":8},"end":{"line":7,"column":9}},{"start":{},"end":{}}],"line":5},"2":{"loc":{"start":{"line":13,"column":11},"end":{"line":13,"column":36}},"type":"binary-expr","locations":[{"start":{"line":13,"column":11},"end":{"line":13,"column":16}},{"start":{"line":13,"column":20},"end":{"line":13,"column":36}}],"line":13},"3":{"loc":{"start":{"line":25,"column":4},"end":{"line":29,"column":5}},"type":"if","locations":[{"start":{"line":25,"column":4},"end":{"line":29,"column":5}},{"start":{},"end":{}}],"line":25},"4":{"loc":{"start":{"line":34,"column":4},"end":{"line":40,"column":5}},"type":"if","locations":[{"start":{"line":34,"column":4},"end":{"line":40,"column":5}},{"start":{},"end":{}}],"line":34},"5":{"loc":{"start":{"line":36,"column":8},"end":{"line":38,"column":9}},"type":"if","locations":[{"start":{"line":36,"column":8},"end":{"line":38,"column":9}},{"start":{},"end":{}}],"line":36},"6":{"loc":{"start":{"line":45,"column":4},"end":{"line":52,"column":5}},"type":"if","locations":[{"start":{"line":45,"column":4},"end":{"line":52,"column":5}},{"start":{},"end":{}}],"line":45},"7":{"loc":{"start":{"line":47,"column":8},"end":{"line":50,"column":9}},"type":"if","locations":[{"start":{"line":47,"column":8},"end":{"line":50,"column":9}},{"start":{},"end":{}}],"line":47},"8":{"loc":{"start":{"line":56,"column":4},"end":{"line":63,"column":5}},"type":"if","locations":[{"start":{"line":56,"column":4},"end":{"line":63,"column":5}},{"start":{},"end":{}}],"line":56},"9":{"loc":{"start":{"line":58,"column":8},"end":{"line":61,"column":9}},"type":"if","locations":[{"start":{"line":58,"column":8},"end":{"line":61,"column":9}},{"start":{},"end":{}}],"line":58},"10":{"loc":{"start":{"line":60,"column":17},"end":{"line":60,"column":35}},"type":"cond-expr","locations":[{"start":{"line":60,"column":25},"end":{"line":60,"column":30}},{"start":{"line":60,"column":33},"end":{"line":60,"column":35}}],"line":60}},"s":{"0":6,"1":5,"2":5,"3":9,"4":3,"5":3,"6":0,"7":0,"8":0,"9":0,"10":0,"11":0,"12":0,"13":0,"14":0,"15":0,"16":0,"17":0,"18":0,"19":0,"20":0,"21":0,"22":0,"23":0,"24":0,"25":0,"26":0,"27":0,"28":0,"29":0,"30":0,"31":0,"32":0,"33":0,"34":0,"35":0,"36":0,"37":0,"38":0},"f":{"0":6,"1":0,"2":0,"3":0,"4":0,"5":0,"6":0,"7":0,"8":0,"9":0},"b":{"0":[5,1],"1":[3,6],"2":[0,0],"3":[0,0],"4":[0,0],"5":[0,0],"6":[0,0],"7":[0,0],"8":[0,0],"9":[0,0],"10":[0,0]},"_coverageSchema":"1a1c01bbd47fc00a2c39e90264f33305004495a9","hash":"3349f4dd5b04c4067f52d6006ba692295dc0badc"}
,"/Users/mehedihasan/Documents/project/cx_app/pearl-cx/CustomerExperience/app/Utils/StringUtils.js": {"path":"/Users/mehedihasan/Documents/project/cx_app/pearl-cx/CustomerExperience/app/Utils/StringUtils.js","statementMap":{"0":{"start":{"line":3,"column":4},"end":{"line":3,"column":36}},"1":{"start":{"line":7,"column":4},"end":{"line":7,"column":64}},"2":{"start":{"line":11,"column":4},"end":{"line":11,"column":30}},"3":{"start":{"line":15,"column":4},"end":{"line":15,"column":40}},"4":{"start":{"line":19,"column":16},"end":{"line":19,"column":27}},"5":{"start":{"line":20,"column":4},"end":{"line":22,"column":5}},"6":{"start":{"line":21,"column":6},"end":{"line":21,"column":60}},"7":{"start":{"line":24,"column":4},"end":{"line":24,"column":17}},"8":{"start":{"line":28,"column":16},"end":{"line":28,"column":27}},"9":{"start":{"line":29,"column":4},"end":{"line":29,"column":25}},"10":{"start":{"line":33,"column":14},"end":{"line":33,"column":43}},"11":{"start":{"line":34,"column":4},"end":{"line":34,"column":25}},"12":{"start":{"line":35,"column":4},"end":{"line":35,"column":50}},"13":{"start":{"line":39,"column":4},"end":{"line":39,"column":48}},"14":{"start":{"line":40,"column":4},"end":{"line":40,"column":54}},"15":{"start":{"line":41,"column":4},"end":{"line":41,"column":55}},"16":{"start":{"line":42,"column":4},"end":{"line":42,"column":60}},"17":{"start":{"line":43,"column":4},"end":{"line":43,"column":61}},"18":{"start":{"line":44,"column":4},"end":{"line":44,"column":57}},"19":{"start":{"line":45,"column":4},"end":{"line":45,"column":58}},"20":{"start":{"line":46,"column":4},"end":{"line":46,"column":60}},"21":{"start":{"line":47,"column":4},"end":{"line":47,"column":67}},"22":{"start":{"line":48,"column":4},"end":{"line":48,"column":62}},"23":{"start":{"line":49,"column":4},"end":{"line":49,"column":55}},"24":{"start":{"line":50,"column":4},"end":{"line":50,"column":52}},"25":{"start":{"line":51,"column":4},"end":{"line":51,"column":49}},"26":{"start":{"line":52,"column":4},"end":{"line":52,"column":48}},"27":{"start":{"line":53,"column":4},"end":{"line":53,"column":57}},"28":{"start":{"line":54,"column":4},"end":{"line":54,"column":72}},"29":{"start":{"line":55,"column":4},"end":{"line":55,"column":73}},"30":{"start":{"line":56,"column":4},"end":{"line":56,"column":48}},"31":{"start":{"line":57,"column":4},"end":{"line":57,"column":74}},"32":{"start":{"line":58,"column":4},"end":{"line":58,"column":56}},"33":{"start":{"line":59,"column":4},"end":{"line":59,"column":71}},"34":{"start":{"line":60,"column":4},"end":{"line":60,"column":58}},"35":{"start":{"line":61,"column":4},"end":{"line":61,"column":58}},"36":{"start":{"line":62,"column":4},"end":{"line":62,"column":49}},"37":{"start":{"line":63,"column":4},"end":{"line":63,"column":48}},"38":{"start":{"line":64,"column":4},"end":{"line":64,"column":49}},"39":{"start":{"line":65,"column":4},"end":{"line":65,"column":45}},"40":{"start":{"line":66,"column":4},"end":{"line":66,"column":45}},"41":{"start":{"line":67,"column":4},"end":{"line":67,"column":45}},"42":{"start":{"line":68,"column":4},"end":{"line":68,"column":45}},"43":{"start":{"line":69,"column":4},"end":{"line":69,"column":45}},"44":{"start":{"line":70,"column":4},"end":{"line":70,"column":45}},"45":{"start":{"line":71,"column":4},"end":{"line":71,"column":48}},"46":{"start":{"line":72,"column":4},"end":{"line":72,"column":45}},"47":{"start":{"line":73,"column":4},"end":{"line":73,"column":45}},"48":{"start":{"line":74,"column":4},"end":{"line":74,"column":44}},"49":{"start":{"line":75,"column":4},"end":{"line":75,"column":49}},"50":{"start":{"line":76,"column":4},"end":{"line":76,"column":45}},"51":{"start":{"line":77,"column":4},"end":{"line":77,"column":45}},"52":{"start":{"line":78,"column":4},"end":{"line":78,"column":45}},"53":{"start":{"line":79,"column":4},"end":{"line":79,"column":65}},"54":{"start":{"line":80,"column":4},"end":{"line":80,"column":54}},"55":{"start":{"line":81,"column":4},"end":{"line":81,"column":45}},"56":{"start":{"line":82,"column":4},"end":{"line":82,"column":58}},"57":{"start":{"line":83,"column":4},"end":{"line":83,"column":58}},"58":{"start":{"line":84,"column":4},"end":{"line":84,"column":58}},"59":{"start":{"line":87,"column":13},"end":{"line":87,"column":54}},"60":{"start":{"line":88,"column":4},"end":{"line":88,"column":44}},"61":{"start":{"line":90,"column":14},"end":{"line":90,"column":76}},"62":{"start":{"line":91,"column":4},"end":{"line":91,"column":45}},"63":{"start":{"line":92,"column":4},"end":{"line":92,"column":54}},"64":{"start":{"line":94,"column":4},"end":{"line":94,"column":16}},"65":{"start":{"line":98,"column":4},"end":{"line":98,"column":75}},"66":{"start":{"line":102,"column":19},"end":{"line":102,"column":31}},"67":{"start":{"line":103,"column":4},"end":{"line":108,"column":7}},"68":{"start":{"line":104,"column":6},"end":{"line":107,"column":8}},"69":{"start":{"line":109,"column":4},"end":{"line":109,"column":20}},"70":{"start":{"line":116,"column":25},"end":{"line":116,"column":46}},"71":{"start":{"line":119,"column":25},"end":{"line":119,"column":57}},"72":{"start":{"line":122,"column":36},"end":{"line":122,"column":79}},"73":{"start":{"line":125,"column":16},"end":{"line":125,"column":54}},"74":{"start":{"line":128,"column":4},"end":{"line":130,"column":7}},"75":{"start":{"line":129,"column":6},"end":{"line":129,"column":68}},"76":{"start":{"line":133,"column":4},"end":{"line":135,"column":7}},"77":{"start":{"line":134,"column":6},"end":{"line":134,"column":29}},"78":{"start":{"line":138,"column":4},"end":{"line":138,"column":17}},"79":{"start":{"line":141,"column":4},"end":{"line":141,"column":38}},"80":{"start":{"line":145,"column":4},"end":{"line":149,"column":5}},"81":{"start":{"line":146,"column":6},"end":{"line":146,"column":45}},"82":{"start":{"line":148,"column":6},"end":{"line":148,"column":15}},"83":{"start":{"line":153,"column":23},"end":{"line":153,"column":25}},"84":{"start":{"line":154,"column":28},"end":{"line":154,"column":29}},"85":{"start":{"line":155,"column":4},"end":{"line":157,"column":5}},"86":{"start":{"line":156,"column":6},"end":{"line":156,"column":17}},"87":{"start":{"line":159,"column":4},"end":{"line":170,"column":5}},"88":{"start":{"line":160,"column":23},"end":{"line":160,"column":37}},"89":{"start":{"line":161,"column":29},"end":{"line":161,"column":70}},"90":{"start":{"line":162,"column":30},"end":{"line":162,"column":40}},"91":{"start":{"line":163,"column":33},"end":{"line":163,"column":62}},"92":{"start":{"line":165,"column":6},"end":{"line":169,"column":8}},"93":{"start":{"line":172,"column":4},"end":{"line":172,"column":15}},"94":{"start":{"line":176,"column":4},"end":{"line":178,"column":5}},"95":{"start":{"line":177,"column":6},"end":{"line":177,"column":17}},"96":{"start":{"line":180,"column":4},"end":{"line":182,"column":5}},"97":{"start":{"line":181,"column":6},"end":{"line":181,"column":51}},"98":{"start":{"line":184,"column":4},"end":{"line":184,"column":15}},"99":{"start":{"line":188,"column":4},"end":{"line":188,"column":45}},"100":{"start":{"line":192,"column":4},"end":{"line":192,"column":51}},"101":{"start":{"line":196,"column":20},"end":{"line":196,"column":30}},"102":{"start":{"line":197,"column":4},"end":{"line":197,"column":48}},"103":{"start":{"line":198,"column":4},"end":{"line":198,"column":33}},"104":{"start":{"line":202,"column":20},"end":{"line":202,"column":30}},"105":{"start":{"line":203,"column":4},"end":{"line":203,"column":35}},"106":{"start":{"line":207,"column":26},"end":{"line":207,"column":50}},"107":{"start":{"line":208,"column":38},"end":{"line":208,"column":40}},"108":{"start":{"line":209,"column":4},"end":{"line":215,"column":5}},"109":{"start":{"line":209,"column":17},"end":{"line":209,"column":18}},"110":{"start":{"line":210,"column":17},"end":{"line":210,"column":33}},"111":{"start":{"line":212,"column":6},"end":{"line":212,"column":70}},"112":{"start":{"line":213,"column":28},"end":{"line":213,"column":46}},"113":{"start":{"line":214,"column":6},"end":{"line":214,"column":63}},"114":{"start":{"line":217,"column":4},"end":{"line":217,"column":39}},"115":{"start":{"line":221,"column":4},"end":{"line":227,"column":6}},"116":{"start":{"line":231,"column":4},"end":{"line":231,"column":75}},"117":{"start":{"line":235,"column":4},"end":{"line":235,"column":38}},"118":{"start":{"line":239,"column":4},"end":{"line":239,"column":46}},"119":{"start":{"line":243,"column":4},"end":{"line":243,"column":45}},"120":{"start":{"line":247,"column":4},"end":{"line":247,"column":71}},"121":{"start":{"line":251,"column":4},"end":{"line":251,"column":41}},"122":{"start":{"line":255,"column":4},"end":{"line":255,"column":60}},"123":{"start":{"line":259,"column":4},"end":{"line":259,"column":74}},"124":{"start":{"line":263,"column":4},"end":{"line":263,"column":29}},"125":{"start":{"line":267,"column":4},"end":{"line":269,"column":5}},"126":{"start":{"line":268,"column":6},"end":{"line":268,"column":20}},"127":{"start":{"line":270,"column":4},"end":{"line":270,"column":41}},"128":{"start":{"line":274,"column":4},"end":{"line":276,"column":5}},"129":{"start":{"line":275,"column":6},"end":{"line":275,"column":20}},"130":{"start":{"line":277,"column":4},"end":{"line":277,"column":53}},"131":{"start":{"line":281,"column":22},"end":{"line":281,"column":58}},"132":{"start":{"line":282,"column":4},"end":{"line":284,"column":27}},"133":{"start":{"line":288,"column":23},"end":{"line":288,"column":27}},"134":{"start":{"line":289,"column":22},"end":{"line":289,"column":29}},"135":{"start":{"line":290,"column":22},"end":{"line":290,"column":32}},"136":{"start":{"line":291,"column":31},"end":{"line":291,"column":44}},"137":{"start":{"line":293,"column":4},"end":{"line":293,"column":62}},"138":{"start":{"line":293,"column":51},"end":{"line":293,"column":62}},"139":{"start":{"line":294,"column":4},"end":{"line":304,"column":5}},"140":{"start":{"line":295,"column":6},"end":{"line":295,"column":38}},"141":{"start":{"line":296,"column":11},"end":{"line":304,"column":5}},"142":{"start":{"line":297,"column":6},"end":{"line":297,"column":67}},"143":{"start":{"line":298,"column":11},"end":{"line":304,"column":5}},"144":{"start":{"line":299,"column":6},"end":{"line":299,"column":66}},"145":{"start":{"line":300,"column":11},"end":{"line":304,"column":5}},"146":{"start":{"line":301,"column":6},"end":{"line":301,"column":66}},"147":{"start":{"line":303,"column":6},"end":{"line":303,"column":38}}},"fnMap":{"0":{"name":"(anonymous_0)","decl":{"start":{"line":2,"column":2},"end":{"line":2,"column":3}},"loc":{"start":{"line":2,"column":22},"end":{"line":4,"column":3}},"line":2},"1":{"name":"(anonymous_1)","decl":{"start":{"line":6,"column":2},"end":{"line":6,"column":3}},"loc":{"start":{"line":6,"column":27},"end":{"line":8,"column":3}},"line":6},"2":{"name":"(anonymous_2)","decl":{"start":{"line":10,"column":2},"end":{"line":10,"column":3}},"loc":{"start":{"line":10,"column":25},"end":{"line":12,"column":3}},"line":10},"3":{"name":"(anonymous_3)","decl":{"start":{"line":14,"column":2},"end":{"line":14,"column":3}},"loc":{"start":{"line":14,"column":31},"end":{"line":16,"column":3}},"line":14},"4":{"name":"(anonymous_4)","decl":{"start":{"line":18,"column":2},"end":{"line":18,"column":3}},"loc":{"start":{"line":18,"column":36},"end":{"line":25,"column":3}},"line":18},"5":{"name":"(anonymous_5)","decl":{"start":{"line":27,"column":2},"end":{"line":27,"column":3}},"loc":{"start":{"line":27,"column":29},"end":{"line":30,"column":3}},"line":27},"6":{"name":"(anonymous_6)","decl":{"start":{"line":32,"column":2},"end":{"line":32,"column":3}},"loc":{"start":{"line":32,"column":37},"end":{"line":36,"column":3}},"line":32},"7":{"name":"(anonymous_7)","decl":{"start":{"line":38,"column":2},"end":{"line":38,"column":3}},"loc":{"start":{"line":38,"column":29},"end":{"line":95,"column":3}},"line":38},"8":{"name":"(anonymous_8)","decl":{"start":{"line":97,"column":2},"end":{"line":97,"column":3}},"loc":{"start":{"line":97,"column":42},"end":{"line":99,"column":3}},"line":97},"9":{"name":"(anonymous_9)","decl":{"start":{"line":101,"column":2},"end":{"line":101,"column":3}},"loc":{"start":{"line":101,"column":57},"end":{"line":113,"column":3}},"line":101},"10":{"name":"(anonymous_10)","decl":{"start":{"line":103,"column":24},"end":{"line":103,"column":25}},"loc":{"start":{"line":103,"column":32},"end":{"line":108,"column":5}},"line":103},"11":{"name":"(anonymous_11)","decl":{"start":{"line":115,"column":2},"end":{"line":115,"column":3}},"loc":{"start":{"line":115,"column":24},"end":{"line":139,"column":3}},"line":115},"12":{"name":"(anonymous_12)","decl":{"start":{"line":128,"column":22},"end":{"line":128,"column":23}},"loc":{"start":{"line":128,"column":38},"end":{"line":130,"column":5}},"line":128},"13":{"name":"(anonymous_13)","decl":{"start":{"line":133,"column":25},"end":{"line":133,"column":26}},"loc":{"start":{"line":133,"column":41},"end":{"line":135,"column":5}},"line":133},"14":{"name":"(anonymous_14)","decl":{"start":{"line":140,"column":2},"end":{"line":140,"column":3}},"loc":{"start":{"line":140,"column":26},"end":{"line":142,"column":3}},"line":140},"15":{"name":"(anonymous_15)","decl":{"start":{"line":144,"column":2},"end":{"line":144,"column":3}},"loc":{"start":{"line":144,"column":50},"end":{"line":150,"column":3}},"line":144},"16":{"name":"(anonymous_16)","decl":{"start":{"line":152,"column":2},"end":{"line":152,"column":3}},"loc":{"start":{"line":152,"column":58},"end":{"line":173,"column":3}},"line":152},"17":{"name":"(anonymous_17)","decl":{"start":{"line":175,"column":2},"end":{"line":175,"column":3}},"loc":{"start":{"line":175,"column":51},"end":{"line":185,"column":3}},"line":175},"18":{"name":"(anonymous_18)","decl":{"start":{"line":187,"column":2},"end":{"line":187,"column":3}},"loc":{"start":{"line":187,"column":28},"end":{"line":189,"column":3}},"line":187},"19":{"name":"(anonymous_19)","decl":{"start":{"line":191,"column":2},"end":{"line":191,"column":3}},"loc":{"start":{"line":191,"column":39},"end":{"line":193,"column":3}},"line":191},"20":{"name":"(anonymous_20)","decl":{"start":{"line":195,"column":2},"end":{"line":195,"column":3}},"loc":{"start":{"line":195,"column":46},"end":{"line":199,"column":3}},"line":195},"21":{"name":"(anonymous_21)","decl":{"start":{"line":201,"column":2},"end":{"line":201,"column":3}},"loc":{"start":{"line":201,"column":47},"end":{"line":204,"column":3}},"line":201},"22":{"name":"(anonymous_22)","decl":{"start":{"line":206,"column":2},"end":{"line":206,"column":3}},"loc":{"start":{"line":206,"column":61},"end":{"line":218,"column":3}},"line":206},"23":{"name":"(anonymous_23)","decl":{"start":{"line":220,"column":2},"end":{"line":220,"column":3}},"loc":{"start":{"line":220,"column":34},"end":{"line":228,"column":3}},"line":220},"24":{"name":"(anonymous_24)","decl":{"start":{"line":230,"column":2},"end":{"line":230,"column":3}},"loc":{"start":{"line":230,"column":55},"end":{"line":232,"column":3}},"line":230},"25":{"name":"(anonymous_25)","decl":{"start":{"line":234,"column":2},"end":{"line":234,"column":3}},"loc":{"start":{"line":234,"column":39},"end":{"line":236,"column":3}},"line":234},"26":{"name":"(anonymous_26)","decl":{"start":{"line":238,"column":2},"end":{"line":238,"column":3}},"loc":{"start":{"line":238,"column":33},"end":{"line":240,"column":3}},"line":238},"27":{"name":"(anonymous_27)","decl":{"start":{"line":242,"column":2},"end":{"line":242,"column":3}},"loc":{"start":{"line":242,"column":34},"end":{"line":244,"column":3}},"line":242},"28":{"name":"(anonymous_28)","decl":{"start":{"line":246,"column":2},"end":{"line":246,"column":3}},"loc":{"start":{"line":246,"column":52},"end":{"line":248,"column":3}},"line":246},"29":{"name":"(anonymous_29)","decl":{"start":{"line":250,"column":2},"end":{"line":250,"column":3}},"loc":{"start":{"line":250,"column":30},"end":{"line":252,"column":3}},"line":250},"30":{"name":"(anonymous_30)","decl":{"start":{"line":254,"column":2},"end":{"line":254,"column":3}},"loc":{"start":{"line":254,"column":36},"end":{"line":256,"column":3}},"line":254},"31":{"name":"(anonymous_31)","decl":{"start":{"line":258,"column":2},"end":{"line":258,"column":3}},"loc":{"start":{"line":258,"column":49},"end":{"line":260,"column":3}},"line":258},"32":{"name":"(anonymous_32)","decl":{"start":{"line":262,"column":2},"end":{"line":262,"column":3}},"loc":{"start":{"line":262,"column":37},"end":{"line":264,"column":3}},"line":262},"33":{"name":"(anonymous_33)","decl":{"start":{"line":266,"column":2},"end":{"line":266,"column":3}},"loc":{"start":{"line":266,"column":44},"end":{"line":271,"column":3}},"line":266},"34":{"name":"(anonymous_34)","decl":{"start":{"line":273,"column":2},"end":{"line":273,"column":3}},"loc":{"start":{"line":273,"column":38},"end":{"line":278,"column":3}},"line":273},"35":{"name":"(anonymous_35)","decl":{"start":{"line":280,"column":2},"end":{"line":280,"column":3}},"loc":{"start":{"line":280,"column":56},"end":{"line":285,"column":3}},"line":280},"36":{"name":"(anonymous_36)","decl":{"start":{"line":287,"column":2},"end":{"line":287,"column":3}},"loc":{"start":{"line":287,"column":48},"end":{"line":305,"column":3}},"line":287}},"branchMap":{"0":{"loc":{"start":{"line":3,"column":11},"end":{"line":3,"column":35}},"type":"binary-expr","locations":[{"start":{"line":3,"column":11},"end":{"line":3,"column":15}},{"start":{"line":3,"column":19},"end":{"line":3,"column":35}}],"line":3},"1":{"loc":{"start":{"line":7,"column":11},"end":{"line":7,"column":63}},"type":"binary-expr","locations":[{"start":{"line":7,"column":11},"end":{"line":7,"column":31}},{"start":{"line":7,"column":35},"end":{"line":7,"column":63}}],"line":7},"2":{"loc":{"start":{"line":15,"column":11},"end":{"line":15,"column":39}},"type":"cond-expr","locations":[{"start":{"line":15,"column":31},"end":{"line":15,"column":33}},{"start":{"line":15,"column":36},"end":{"line":15,"column":39}}],"line":15},"3":{"loc":{"start":{"line":20,"column":4},"end":{"line":22,"column":5}},"type":"if","locations":[{"start":{"line":20,"column":4},"end":{"line":22,"column":5}},{"start":{},"end":{}}],"line":20},"4":{"loc":{"start":{"line":35,"column":11},"end":{"line":35,"column":49}},"type":"binary-expr","locations":[{"start":{"line":35,"column":11},"end":{"line":35,"column":26}},{"start":{"line":35,"column":30},"end":{"line":35,"column":43}},{"start":{"line":35,"column":47},"end":{"line":35,"column":49}}],"line":35},"5":{"loc":{"start":{"line":119,"column":25},"end":{"line":119,"column":57}},"type":"binary-expr","locations":[{"start":{"line":119,"column":25},"end":{"line":119,"column":51}},{"start":{"line":119,"column":55},"end":{"line":119,"column":57}}],"line":119},"6":{"loc":{"start":{"line":129,"column":13},"end":{"line":129,"column":67}},"type":"cond-expr","locations":[{"start":{"line":129,"column":38},"end":{"line":129,"column":60}},{"start":{"line":129,"column":63},"end":{"line":129,"column":67}}],"line":129},"7":{"loc":{"start":{"line":152,"column":41},"end":{"line":152,"column":56}},"type":"default-arg","locations":[{"start":{"line":152,"column":54},"end":{"line":152,"column":56}}],"line":152},"8":{"loc":{"start":{"line":155,"column":4},"end":{"line":157,"column":5}},"type":"if","locations":[{"start":{"line":155,"column":4},"end":{"line":157,"column":5}},{"start":{},"end":{}}],"line":155},"9":{"loc":{"start":{"line":159,"column":4},"end":{"line":170,"column":5}},"type":"if","locations":[{"start":{"line":159,"column":4},"end":{"line":170,"column":5}},{"start":{},"end":{}}],"line":159},"10":{"loc":{"start":{"line":159,"column":8},"end":{"line":159,"column":58}},"type":"binary-expr","locations":[{"start":{"line":159,"column":8},"end":{"line":159,"column":31}},{"start":{"line":159,"column":35},"end":{"line":159,"column":58}}],"line":159},"11":{"loc":{"start":{"line":176,"column":4},"end":{"line":178,"column":5}},"type":"if","locations":[{"start":{"line":176,"column":4},"end":{"line":178,"column":5}},{"start":{},"end":{}}],"line":176},"12":{"loc":{"start":{"line":180,"column":4},"end":{"line":182,"column":5}},"type":"if","locations":[{"start":{"line":180,"column":4},"end":{"line":182,"column":5}},{"start":{},"end":{}}],"line":180},"13":{"loc":{"start":{"line":188,"column":11},"end":{"line":188,"column":44}},"type":"binary-expr","locations":[{"start":{"line":188,"column":11},"end":{"line":188,"column":28}},{"start":{"line":188,"column":32},"end":{"line":188,"column":44}}],"line":188},"14":{"loc":{"start":{"line":196,"column":20},"end":{"line":196,"column":30}},"type":"binary-expr","locations":[{"start":{"line":196,"column":20},"end":{"line":196,"column":24}},{"start":{"line":196,"column":28},"end":{"line":196,"column":30}}],"line":196},"15":{"loc":{"start":{"line":202,"column":20},"end":{"line":202,"column":30}},"type":"binary-expr","locations":[{"start":{"line":202,"column":20},"end":{"line":202,"column":24}},{"start":{"line":202,"column":28},"end":{"line":202,"column":30}}],"line":202},"16":{"loc":{"start":{"line":214,"column":37},"end":{"line":214,"column":62}},"type":"cond-expr","locations":[{"start":{"line":214,"column":53},"end":{"line":214,"column":57}},{"start":{"line":214,"column":60},"end":{"line":214,"column":62}}],"line":214},"17":{"loc":{"start":{"line":222,"column":6},"end":{"line":226,"column":44}},"type":"binary-expr","locations":[{"start":{"line":222,"column":6},"end":{"line":222,"column":23}},{"start":{"line":223,"column":6},"end":{"line":223,"column":33}},{"start":{"line":224,"column":6},"end":{"line":224,"column":49}},{"start":{"line":225,"column":6},"end":{"line":225,"column":49}},{"start":{"line":226,"column":6},"end":{"line":226,"column":44}}],"line":222},"18":{"loc":{"start":{"line":231,"column":23},"end":{"line":231,"column":73}},"type":"cond-expr","locations":[{"start":{"line":231,"column":55},"end":{"line":231,"column":68}},{"start":{"line":231,"column":71},"end":{"line":231,"column":73}}],"line":231},"19":{"loc":{"start":{"line":267,"column":4},"end":{"line":269,"column":5}},"type":"if","locations":[{"start":{"line":267,"column":4},"end":{"line":269,"column":5}},{"start":{},"end":{}}],"line":267},"20":{"loc":{"start":{"line":274,"column":4},"end":{"line":276,"column":5}},"type":"if","locations":[{"start":{"line":274,"column":4},"end":{"line":276,"column":5}},{"start":{},"end":{}}],"line":274},"21":{"loc":{"start":{"line":282,"column":11},"end":{"line":284,"column":26}},"type":"cond-expr","locations":[{"start":{"line":283,"column":8},"end":{"line":283,"column":38}},{"start":{"line":284,"column":8},"end":{"line":284,"column":26}}],"line":282},"22":{"loc":{"start":{"line":293,"column":4},"end":{"line":293,"column":62}},"type":"if","locations":[{"start":{"line":293,"column":4},"end":{"line":293,"column":62}},{"start":{},"end":{}}],"line":293},"23":{"loc":{"start":{"line":293,"column":8},"end":{"line":293,"column":49}},"type":"binary-expr","locations":[{"start":{"line":293,"column":8},"end":{"line":293,"column":28}},{"start":{"line":293,"column":32},"end":{"line":293,"column":49}}],"line":293},"24":{"loc":{"start":{"line":294,"column":4},"end":{"line":304,"column":5}},"type":"if","locations":[{"start":{"line":294,"column":4},"end":{"line":304,"column":5}},{"start":{"line":296,"column":11},"end":{"line":304,"column":5}}],"line":294},"25":{"loc":{"start":{"line":296,"column":11},"end":{"line":304,"column":5}},"type":"if","locations":[{"start":{"line":296,"column":11},"end":{"line":304,"column":5}},{"start":{"line":298,"column":11},"end":{"line":304,"column":5}}],"line":296},"26":{"loc":{"start":{"line":298,"column":11},"end":{"line":304,"column":5}},"type":"if","locations":[{"start":{"line":298,"column":11},"end":{"line":304,"column":5}},{"start":{"line":300,"column":11},"end":{"line":304,"column":5}}],"line":298},"27":{"loc":{"start":{"line":300,"column":11},"end":{"line":304,"column":5}},"type":"if","locations":[{"start":{"line":300,"column":11},"end":{"line":304,"column":5}},{"start":{"line":302,"column":11},"end":{"line":304,"column":5}}],"line":300}},"s":{"0":0,"1":0,"2":0,"3":0,"4":0,"5":0,"6":0,"7":0,"8":0,"9":0,"10":0,"11":0,"12":0,"13":0,"14":0,"15":0,"16":0,"17":0,"18":0,"19":0,"20":0,"21":0,"22":0,"23":0,"24":0,"25":0,"26":0,"27":0,"28":0,"29":0,"30":0,"31":0,"32":0,"33":0,"34":0,"35":0,"36":0,"37":0,"38":0,"39":0,"40":0,"41":0,"42":0,"43":0,"44":0,"45":0,"46":0,"47":0,"48":0,"49":0,"50":0,"51":0,"52":0,"53":0,"54":0,"55":0,"56":0,"57":0,"58":0,"59":0,"60":0,"61":0,"62":0,"63":0,"64":0,"65":0,"66":0,"67":0,"68":0,"69":0,"70":0,"71":0,"72":0,"73":0,"74":0,"75":0,"76":0,"77":0,"78":0,"79":0,"80":0,"81":0,"82":0,"83":0,"84":0,"85":0,"86":0,"87":0,"88":0,"89":0,"90":0,"91":0,"92":0,"93":0,"94":0,"95":0,"96":0,"97":0,"98":0,"99":0,"100":0,"101":0,"102":0,"103":0,"104":0,"105":0,"106":0,"107":0,"108":0,"109":0,"110":0,"111":0,"112":0,"113":0,"114":0,"115":0,"116":0,"117":0,"118":0,"119":0,"120":0,"121":0,"122":0,"123":0,"124":0,"125":0,"126":0,"127":0,"128":0,"129":0,"130":0,"131":18,"132":18,"133":18,"134":18,"135":18,"136":18,"137":18,"138":1,"139":17,"140":3,"141":14,"142":12,"143":2,"144":2,"145":0,"146":0,"147":0},"f":{"0":0,"1":0,"2":0,"3":0,"4":0,"5":0,"6":0,"7":0,"8":0,"9":0,"10":0,"11":0,"12":0,"13":0,"14":0,"15":0,"16":0,"17":0,"18":0,"19":0,"20":0,"21":0,"22":0,"23":0,"24":0,"25":0,"26":0,"27":0,"28":0,"29":0,"30":0,"31":0,"32":0,"33":0,"34":0,"35":18,"36":18},"b":{"0":[0,0],"1":[0,0],"2":[0,0],"3":[0,0],"4":[0,0,0],"5":[0,0],"6":[0,0],"7":[0],"8":[0,0],"9":[0,0],"10":[0,0],"11":[0,0],"12":[0,0],"13":[0,0],"14":[0,0],"15":[0,0],"16":[0,0],"17":[0,0,0,0,0],"18":[0,0],"19":[0,0],"20":[0,0],"21":[13,5],"22":[1,17],"23":[18,17],"24":[3,14],"25":[12,2],"26":[2,0],"27":[0,0]},"_coverageSchema":"1a1c01bbd47fc00a2c39e90264f33305004495a9","hash":"e6f42b9088835e9bb1b3b2d24a0f78e9bcc6e4d2"}
}
