{"/Users/mehedihasan/Documents/project/cx_app/pearl-cx/CustomerExperience/app/Utils/ApiCallUtils.js": {"path":"/Users/mehedihasan/Documents/project/cx_app/pearl-cx/CustomerExperience/app/Utils/ApiCallUtils.js","statementMap":{"0":{"start":{"line":2,"column":2},"end":{"line":2,"column":50}},"1":{"start":{"line":6,"column":2},"end":{"line":6,"column":38}},"2":{"start":{"line":10,"column":2},"end":{"line":10,"column":57}}},"fnMap":{"0":{"name":"getBearerToken","decl":{"start":{"line":1,"column":16},"end":{"line":1,"column":30}},"loc":{"start":{"line":1,"column":44},"end":{"line":3,"column":1}},"line":1},"1":{"name":"getClfUrl","decl":{"start":{"line":5,"column":16},"end":{"line":5,"column":25}},"loc":{"start":{"line":5,"column":31},"end":{"line":7,"column":1}},"line":5},"2":{"name":"getBearerTokenStatic","decl":{"start":{"line":9,"column":16},"end":{"line":9,"column":36}},"loc":{"start":{"line":9,"column":39},"end":{"line":11,"column":1}},"line":9}},"branchMap":{},"s":{"0":1,"1":41,"2":40},"f":{"0":1,"1":41,"2":40},"b":{},"_coverageSchema":"1a1c01bbd47fc00a2c39e90264f33305004495a9","hash":"4e690bd374038967637c3e54446294c5b9c75eb4"}
,"/Users/mehedihasan/Documents/project/cx_app/pearl-cx/CustomerExperience/app/Utils/AppConstants.js": {"path":"/Users/mehedihasan/Documents/project/cx_app/pearl-cx/CustomerExperience/app/Utils/AppConstants.js","statementMap":{"0":{"start":{"line":1,"column":31},"end":{"line":1,"column":40}},"1":{"start":{"line":2,"column":25},"end":{"line":2,"column":37}},"2":{"start":{"line":3,"column":25},"end":{"line":3,"column":37}},"3":{"start":{"line":4,"column":25},"end":{"line":4,"column":37}},"4":{"start":{"line":5,"column":35},"end":{"line":5,"column":46}},"5":{"start":{"line":6,"column":39},"end":{"line":6,"column":53}},"6":{"start":{"line":7,"column":39},"end":{"line":7,"column":54}},"7":{"start":{"line":8,"column":19},"end":{"line":8,"column":24}},"8":{"start":{"line":9,"column":34},"end":{"line":9,"column":58}},"9":{"start":{"line":10,"column":41},"end":{"line":10,"column":62}}},"fnMap":{},"branchMap":{},"s":{"0":36,"1":36,"2":36,"3":36,"4":36,"5":36,"6":36,"7":36,"8":36,"9":36},"f":{},"b":{},"_coverageSchema":"1a1c01bbd47fc00a2c39e90264f33305004495a9","hash":"913285734eb99ab168056064d97d2105fb220a4f"}
,"/Users/mehedihasan/Documents/project/cx_app/pearl-cx/CustomerExperience/app/Utils/ArrayUtils.js": {"path":"/Users/mehedihasan/Documents/project/cx_app/pearl-cx/CustomerExperience/app/Utils/ArrayUtils.js","statementMap":{"0":{"start":{"line":3,"column":4},"end":{"line":9,"column":5}},"1":{"start":{"line":4,"column":6},"end":{"line":8,"column":7}},"2":{"start":{"line":4,"column":19},"end":{"line":4,"column":20}},"3":{"start":{"line":5,"column":8},"end":{"line":7,"column":9}},"4":{"start":{"line":6,"column":10},"end":{"line":6,"column":26}},"5":{"start":{"line":10,"column":4},"end":{"line":10,"column":16}},"6":{"start":{"line":13,"column":4},"end":{"line":13,"column":52}},"7":{"start":{"line":17,"column":4},"end":{"line":17,"column":35}},"8":{"start":{"line":21,"column":4},"end":{"line":21,"column":35}},"9":{"start":{"line":25,"column":22},"end":{"line":25,"column":24}},"10":{"start":{"line":26,"column":4},"end":{"line":30,"column":5}},"11":{"start":{"line":27,"column":6},"end":{"line":29,"column":7}},"12":{"start":{"line":27,"column":19},"end":{"line":27,"column":20}},"13":{"start":{"line":28,"column":8},"end":{"line":28,"column":42}},"14":{"start":{"line":31,"column":4},"end":{"line":31,"column":23}},"15":{"start":{"line":35,"column":4},"end":{"line":41,"column":5}},"16":{"start":{"line":36,"column":6},"end":{"line":40,"column":7}},"17":{"start":{"line":36,"column":19},"end":{"line":36,"column":20}},"18":{"start":{"line":37,"column":8},"end":{"line":39,"column":9}},"19":{"start":{"line":38,"column":10},"end":{"line":38,"column":19}},"20":{"start":{"line":42,"column":4},"end":{"line":42,"column":14}},"21":{"start":{"line":46,"column":4},"end":{"line":53,"column":5}},"22":{"start":{"line":47,"column":6},"end":{"line":52,"column":7}},"23":{"start":{"line":47,"column":19},"end":{"line":47,"column":20}},"24":{"start":{"line":48,"column":8},"end":{"line":51,"column":9}},"25":{"start":{"line":49,"column":24},"end":{"line":49,"column":42}},"26":{"start":{"line":50,"column":10},"end":{"line":50,"column":25}},"27":{"start":{"line":54,"column":4},"end":{"line":54,"column":16}},"28":{"start":{"line":57,"column":4},"end":{"line":64,"column":5}},"29":{"start":{"line":58,"column":6},"end":{"line":63,"column":7}},"30":{"start":{"line":58,"column":19},"end":{"line":58,"column":20}},"31":{"start":{"line":59,"column":8},"end":{"line":62,"column":9}},"32":{"start":{"line":60,"column":10},"end":{"line":60,"column":29}},"33":{"start":{"line":61,"column":10},"end":{"line":61,"column":36}},"34":{"start":{"line":65,"column":4},"end":{"line":65,"column":17}},"35":{"start":{"line":69,"column":16},"end":{"line":69,"column":18}},"36":{"start":{"line":70,"column":4},"end":{"line":72,"column":7}},"37":{"start":{"line":71,"column":6},"end":{"line":71,"column":41}},"38":{"start":{"line":73,"column":4},"end":{"line":73,"column":17}}},"fnMap":{"0":{"name":"(anonymous_0)","decl":{"start":{"line":2,"column":2},"end":{"line":2,"column":3}},"loc":{"start":{"line":2,"column":59},"end":{"line":11,"column":3}},"line":2},"1":{"name":"(anonymous_1)","decl":{"start":{"line":12,"column":2},"end":{"line":12,"column":3}},"loc":{"start":{"line":12,"column":27},"end":{"line":14,"column":3}},"line":12},"2":{"name":"(anonymous_2)","decl":{"start":{"line":16,"column":2},"end":{"line":16,"column":3}},"loc":{"start":{"line":16,"column":24},"end":{"line":18,"column":3}},"line":16},"3":{"name":"(anonymous_3)","decl":{"start":{"line":20,"column":2},"end":{"line":20,"column":3}},"loc":{"start":{"line":20,"column":41},"end":{"line":22,"column":3}},"line":20},"4":{"name":"(anonymous_4)","decl":{"start":{"line":24,"column":2},"end":{"line":24,"column":3}},"loc":{"start":{"line":24,"column":49},"end":{"line":32,"column":3}},"line":24},"5":{"name":"(anonymous_5)","decl":{"start":{"line":34,"column":2},"end":{"line":34,"column":3}},"loc":{"start":{"line":34,"column":64},"end":{"line":43,"column":3}},"line":34},"6":{"name":"(anonymous_6)","decl":{"start":{"line":45,"column":2},"end":{"line":45,"column":3}},"loc":{"start":{"line":45,"column":68},"end":{"line":55,"column":3}},"line":45},"7":{"name":"(anonymous_7)","decl":{"start":{"line":56,"column":2},"end":{"line":56,"column":3}},"loc":{"start":{"line":56,"column":79},"end":{"line":66,"column":3}},"line":56},"8":{"name":"(anonymous_8)","decl":{"start":{"line":68,"column":2},"end":{"line":68,"column":3}},"loc":{"start":{"line":68,"column":44},"end":{"line":74,"column":3}},"line":68},"9":{"name":"(anonymous_9)","decl":{"start":{"line":70,"column":32},"end":{"line":70,"column":33}},"loc":{"start":{"line":70,"column":39},"end":{"line":72,"column":5}},"line":70}},"branchMap":{"0":{"loc":{"start":{"line":3,"column":4},"end":{"line":9,"column":5}},"type":"if","locations":[{"start":{"line":3,"column":4},"end":{"line":9,"column":5}},{"start":{},"end":{}}],"line":3},"1":{"loc":{"start":{"line":5,"column":8},"end":{"line":7,"column":9}},"type":"if","locations":[{"start":{"line":5,"column":8},"end":{"line":7,"column":9}},{"start":{},"end":{}}],"line":5},"2":{"loc":{"start":{"line":13,"column":11},"end":{"line":13,"column":51}},"type":"binary-expr","locations":[{"start":{"line":13,"column":11},"end":{"line":13,"column":31}},{"start":{"line":13,"column":35},"end":{"line":13,"column":51}}],"line":13},"3":{"loc":{"start":{"line":26,"column":4},"end":{"line":30,"column":5}},"type":"if","locations":[{"start":{"line":26,"column":4},"end":{"line":30,"column":5}},{"start":{},"end":{}}],"line":26},"4":{"loc":{"start":{"line":35,"column":4},"end":{"line":41,"column":5}},"type":"if","locations":[{"start":{"line":35,"column":4},"end":{"line":41,"column":5}},{"start":{},"end":{}}],"line":35},"5":{"loc":{"start":{"line":37,"column":8},"end":{"line":39,"column":9}},"type":"if","locations":[{"start":{"line":37,"column":8},"end":{"line":39,"column":9}},{"start":{},"end":{}}],"line":37},"6":{"loc":{"start":{"line":46,"column":4},"end":{"line":53,"column":5}},"type":"if","locations":[{"start":{"line":46,"column":4},"end":{"line":53,"column":5}},{"start":{},"end":{}}],"line":46},"7":{"loc":{"start":{"line":48,"column":8},"end":{"line":51,"column":9}},"type":"if","locations":[{"start":{"line":48,"column":8},"end":{"line":51,"column":9}},{"start":{},"end":{}}],"line":48},"8":{"loc":{"start":{"line":57,"column":4},"end":{"line":64,"column":5}},"type":"if","locations":[{"start":{"line":57,"column":4},"end":{"line":64,"column":5}},{"start":{},"end":{}}],"line":57},"9":{"loc":{"start":{"line":59,"column":8},"end":{"line":62,"column":9}},"type":"if","locations":[{"start":{"line":59,"column":8},"end":{"line":62,"column":9}},{"start":{},"end":{}}],"line":59},"10":{"loc":{"start":{"line":61,"column":17},"end":{"line":61,"column":35}},"type":"cond-expr","locations":[{"start":{"line":61,"column":25},"end":{"line":61,"column":30}},{"start":{"line":61,"column":33},"end":{"line":61,"column":35}}],"line":61}},"s":{"0":9,"1":7,"2":7,"3":14,"4":4,"5":5,"6":12,"7":3,"8":11,"9":2,"10":2,"11":1,"12":1,"13":3,"14":2,"15":3,"16":2,"17":2,"18":5,"19":1,"20":2,"21":3,"22":2,"23":2,"24":5,"25":1,"26":1,"27":2,"28":3,"29":2,"30":2,"31":5,"32":1,"33":1,"34":2,"35":2,"36":2,"37":2,"38":2},"f":{"0":9,"1":12,"2":3,"3":11,"4":2,"5":3,"6":3,"7":3,"8":2,"9":2},"b":{"0":[7,2],"1":[4,10],"2":[12,10],"3":[1,1],"4":[2,1],"5":[1,4],"6":[2,1],"7":[1,4],"8":[2,1],"9":[1,4],"10":[1,0]},"_coverageSchema":"1a1c01bbd47fc00a2c39e90264f33305004495a9","hash":"435cda8a7356f0bddefc53236763235088c9cb55"}
,"/Users/mehedihasan/Documents/project/cx_app/pearl-cx/CustomerExperience/app/Utils/AsyncUtil.js": {"path":"/Users/mehedihasan/Documents/project/cx_app/pearl-cx/CustomerExperience/app/Utils/AsyncUtil.js","statementMap":{"0":{"start":{"line":5,"column":4},"end":{"line":5,"column":19}},"1":{"start":{"line":9,"column":4},"end":{"line":13,"column":5}},"2":{"start":{"line":10,"column":6},"end":{"line":10,"column":46}},"3":{"start":{"line":12,"column":6},"end":{"line":12,"column":48}},"4":{"start":{"line":17,"column":4},"end":{"line":21,"column":5}},"5":{"start":{"line":18,"column":6},"end":{"line":18,"column":49}},"6":{"start":{"line":20,"column":6},"end":{"line":20,"column":45}},"7":{"start":{"line":25,"column":4},"end":{"line":30,"column":5}},"8":{"start":{"line":26,"column":6},"end":{"line":26,"column":50}},"9":{"start":{"line":28,"column":6},"end":{"line":28,"column":45}},"10":{"start":{"line":29,"column":6},"end":{"line":29,"column":18}},"11":{"start":{"line":34,"column":4},"end":{"line":38,"column":5}},"12":{"start":{"line":35,"column":6},"end":{"line":35,"column":65}},"13":{"start":{"line":37,"column":6},"end":{"line":37,"column":55}}},"fnMap":{"0":{"name":"(anonymous_0)","decl":{"start":{"line":4,"column":2},"end":{"line":4,"column":3}},"loc":{"start":{"line":4,"column":19},"end":{"line":6,"column":3}},"line":4},"1":{"name":"(anonymous_1)","decl":{"start":{"line":8,"column":2},"end":{"line":8,"column":3}},"loc":{"start":{"line":8,"column":21},"end":{"line":14,"column":3}},"line":8},"2":{"name":"(anonymous_2)","decl":{"start":{"line":16,"column":2},"end":{"line":16,"column":3}},"loc":{"start":{"line":16,"column":22},"end":{"line":22,"column":3}},"line":16},"3":{"name":"(anonymous_3)","decl":{"start":{"line":24,"column":2},"end":{"line":24,"column":3}},"loc":{"start":{"line":24,"column":18},"end":{"line":31,"column":3}},"line":24},"4":{"name":"(anonymous_4)","decl":{"start":{"line":33,"column":2},"end":{"line":33,"column":3}},"loc":{"start":{"line":33,"column":30},"end":{"line":39,"column":3}},"line":33}},"branchMap":{},"s":{"0":1,"1":2,"2":2,"3":1,"4":2,"5":2,"6":1,"7":3,"8":3,"9":1,"10":1,"11":2,"12":2,"13":1},"f":{"0":1,"1":2,"2":2,"3":3,"4":2},"b":{},"_coverageSchema":"1a1c01bbd47fc00a2c39e90264f33305004495a9","hash":"627cafb3268d81d58287233820feb33092374be3"}
,"/Users/mehedihasan/Documents/project/cx_app/pearl-cx/CustomerExperience/app/Utils/DateFilterUtility.js": {"path":"/Users/mehedihasan/Documents/project/cx_app/pearl-cx/CustomerExperience/app/Utils/DateFilterUtility.js","statementMap":{"0":{"start":{"line":4,"column":32},"end":{"line":46,"column":1}},"1":{"start":{"line":5,"column":14},"end":{"line":5,"column":24}},"2":{"start":{"line":6,"column":14},"end":{"line":6,"column":34}},"3":{"start":{"line":7,"column":20},"end":{"line":7,"column":77}},"4":{"start":{"line":8,"column":2},"end":{"line":45,"column":3}},"5":{"start":{"line":11,"column":26},"end":{"line":13,"column":26}},"6":{"start":{"line":14,"column":6},"end":{"line":14,"column":62}},"7":{"start":{"line":17,"column":22},"end":{"line":17,"column":65}},"8":{"start":{"line":18,"column":6},"end":{"line":18,"column":69}},"9":{"start":{"line":19,"column":6},"end":{"line":19,"column":62}},"10":{"start":{"line":22,"column":6},"end":{"line":22,"column":73}},"11":{"start":{"line":23,"column":6},"end":{"line":23,"column":69}},"12":{"start":{"line":24,"column":21},"end":{"line":24,"column":71}},"13":{"start":{"line":25,"column":6},"end":{"line":25,"column":38}},"14":{"start":{"line":26,"column":6},"end":{"line":27,"column":72}},"15":{"start":{"line":28,"column":6},"end":{"line":28,"column":69}},"16":{"start":{"line":29,"column":6},"end":{"line":29,"column":62}},"17":{"start":{"line":32,"column":6},"end":{"line":34,"column":27}},"18":{"start":{"line":35,"column":6},"end":{"line":35,"column":62}},"19":{"start":{"line":38,"column":6},"end":{"line":40,"column":27}},"20":{"start":{"line":41,"column":6},"end":{"line":41,"column":62}},"21":{"start":{"line":44,"column":6},"end":{"line":44,"column":66}}},"fnMap":{"0":{"name":"(anonymous_0)","decl":{"start":{"line":4,"column":32},"end":{"line":4,"column":33}},"loc":{"start":{"line":4,"column":43},"end":{"line":46,"column":1}},"line":4}},"branchMap":{"0":{"loc":{"start":{"line":8,"column":2},"end":{"line":45,"column":3}},"type":"switch","locations":[{"start":{"line":9,"column":4},"end":{"line":14,"column":62}},{"start":{"line":15,"column":4},"end":{"line":19,"column":62}},{"start":{"line":20,"column":4},"end":{"line":29,"column":62}},{"start":{"line":30,"column":4},"end":{"line":35,"column":62}},{"start":{"line":36,"column":4},"end":{"line":41,"column":62}},{"start":{"line":42,"column":4},"end":{"line":44,"column":66}}],"line":8}},"s":{"0":1,"1":6,"2":6,"3":6,"4":6,"5":1,"6":1,"7":1,"8":1,"9":1,"10":1,"11":1,"12":1,"13":1,"14":1,"15":1,"16":1,"17":1,"18":1,"19":1,"20":1,"21":1},"f":{"0":6},"b":{"0":[1,1,1,1,1,1]},"_coverageSchema":"1a1c01bbd47fc00a2c39e90264f33305004495a9","hash":"5b2ad11eb747156d0f02ad6ee08a5c6b6c17c896"}
,"/Users/mehedihasan/Documents/project/cx_app/pearl-cx/CustomerExperience/app/Utils/DeepLinkingUtils.js": {"path":"/Users/mehedihasan/Documents/project/cx_app/pearl-cx/CustomerExperience/app/Utils/DeepLinkingUtils.js","statementMap":{"0":{"start":{"line":8,"column":45},"end":{"line":16,"column":1}},"1":{"start":{"line":9,"column":16},"end":{"line":9,"column":45}},"2":{"start":{"line":10,"column":15},"end":{"line":10,"column":47}},"3":{"start":{"line":11,"column":19},"end":{"line":11,"column":64}},"4":{"start":{"line":12,"column":19},"end":{"line":12,"column":46}},"5":{"start":{"line":13,"column":14},"end":{"line":13,"column":41}},"6":{"start":{"line":14,"column":18},"end":{"line":14,"column":45}},"7":{"start":{"line":15,"column":2},"end":{"line":15,"column":70}},"8":{"start":{"line":18,"column":39},"end":{"line":47,"column":1}},"9":{"start":{"line":24,"column":2},"end":{"line":46,"column":3}},"10":{"start":{"line":25,"column":4},"end":{"line":45,"column":5}},"11":{"start":{"line":30,"column":23},"end":{"line":30,"column":65}},"12":{"start":{"line":31,"column":6},"end":{"line":44,"column":7}},"13":{"start":{"line":32,"column":19},"end":{"line":36,"column":9}},"14":{"start":{"line":37,"column":8},"end":{"line":37,"column":50}},"15":{"start":{"line":39,"column":8},"end":{"line":43,"column":11}}},"fnMap":{"0":{"name":"(anonymous_0)","decl":{"start":{"line":8,"column":45},"end":{"line":8,"column":46}},"loc":{"start":{"line":8,"column":53},"end":{"line":16,"column":1}},"line":8},"1":{"name":"(anonymous_1)","decl":{"start":{"line":18,"column":39},"end":{"line":18,"column":40}},"loc":{"start":{"line":23,"column":5},"end":{"line":47,"column":1}},"line":23}},"branchMap":{"0":{"loc":{"start":{"line":24,"column":2},"end":{"line":46,"column":3}},"type":"if","locations":[{"start":{"line":24,"column":2},"end":{"line":46,"column":3}},{"start":{},"end":{}}],"line":24},"1":{"loc":{"start":{"line":25,"column":4},"end":{"line":45,"column":5}},"type":"if","locations":[{"start":{"line":25,"column":4},"end":{"line":45,"column":5}},{"start":{},"end":{}}],"line":25},"2":{"loc":{"start":{"line":31,"column":6},"end":{"line":44,"column":7}},"type":"if","locations":[{"start":{"line":31,"column":6},"end":{"line":44,"column":7}},{"start":{"line":38,"column":13},"end":{"line":44,"column":7}}],"line":31}},"s":{"0":1,"1":4,"2":4,"3":3,"4":3,"5":3,"6":3,"7":3,"8":1,"9":3,"10":2,"11":2,"12":2,"13":1,"14":1,"15":1},"f":{"0":4,"1":3},"b":{"0":[2,1],"1":[2,0],"2":[1,1]},"_coverageSchema":"1a1c01bbd47fc00a2c39e90264f33305004495a9","hash":"d48a0dd7364199b90fa7cb598c16a9e05ae839ac"}
,"/Users/mehedihasan/Documents/project/cx_app/pearl-cx/CustomerExperience/app/Utils/DeviceUtil.js": {"path":"/Users/mehedihasan/Documents/project/cx_app/pearl-cx/CustomerExperience/app/Utils/DeviceUtil.js","statementMap":{"0":{"start":{"line":8,"column":19},"end":{"line":10,"column":1}},"1":{"start":{"line":9,"column":2},"end":{"line":9,"column":75}},"2":{"start":{"line":15,"column":26},"end":{"line":18,"column":1}},"3":{"start":{"line":16,"column":14},"end":{"line":16,"column":38}},"4":{"start":{"line":17,"column":2},"end":{"line":17,"column":33}},"5":{"start":{"line":23,"column":27},"end":{"line":26,"column":1}},"6":{"start":{"line":24,"column":14},"end":{"line":24,"column":38}},"7":{"start":{"line":25,"column":2},"end":{"line":25,"column":33}},"8":{"start":{"line":32,"column":24},"end":{"line":37,"column":1}},"9":{"start":{"line":33,"column":14},"end":{"line":33,"column":38}},"10":{"start":{"line":34,"column":2},"end":{"line":36,"column":4}},"11":{"start":{"line":43,"column":23},"end":{"line":45,"column":1}},"12":{"start":{"line":44,"column":2},"end":{"line":44,"column":21}}},"fnMap":{"0":{"name":"(anonymous_0)","decl":{"start":{"line":8,"column":19},"end":{"line":8,"column":20}},"loc":{"start":{"line":8,"column":35},"end":{"line":10,"column":1}},"line":8},"1":{"name":"(anonymous_1)","decl":{"start":{"line":15,"column":26},"end":{"line":15,"column":27}},"loc":{"start":{"line":15,"column":32},"end":{"line":18,"column":1}},"line":15},"2":{"name":"(anonymous_2)","decl":{"start":{"line":23,"column":27},"end":{"line":23,"column":28}},"loc":{"start":{"line":23,"column":33},"end":{"line":26,"column":1}},"line":23},"3":{"name":"(anonymous_3)","decl":{"start":{"line":32,"column":24},"end":{"line":32,"column":25}},"loc":{"start":{"line":32,"column":30},"end":{"line":37,"column":1}},"line":32},"4":{"name":"(anonymous_4)","decl":{"start":{"line":43,"column":23},"end":{"line":43,"column":24}},"loc":{"start":{"line":43,"column":29},"end":{"line":45,"column":1}},"line":43}},"branchMap":{"0":{"loc":{"start":{"line":9,"column":9},"end":{"line":9,"column":74}},"type":"binary-expr","locations":[{"start":{"line":9,"column":9},"end":{"line":9,"column":39}},{"start":{"line":9,"column":43},"end":{"line":9,"column":74}}],"line":9},"1":{"loc":{"start":{"line":35,"column":4},"end":{"line":35,"column":75}},"type":"binary-expr","locations":[{"start":{"line":35,"column":5},"end":{"line":35,"column":18}},{"start":{"line":35,"column":22},"end":{"line":35,"column":36}},{"start":{"line":35,"column":42},"end":{"line":35,"column":56}},{"start":{"line":35,"column":60},"end":{"line":35,"column":74}}],"line":35}},"s":{"0":1,"1":8,"2":1,"3":2,"4":2,"5":1,"6":2,"7":2,"8":1,"9":5,"10":5,"11":1,"12":2},"f":{"0":8,"1":2,"2":2,"3":5,"4":2},"b":{"0":[8,4],"1":[5,3,4,2]},"_coverageSchema":"1a1c01bbd47fc00a2c39e90264f33305004495a9","hash":"f19eac598e3feeb9607b1f6e31268f6fead424d9"}
,"/Users/mehedihasan/Documents/project/cx_app/pearl-cx/CustomerExperience/app/Utils/DimentionUtils.js": {"path":"/Users/mehedihasan/Documents/project/cx_app/pearl-cx/CustomerExperience/app/Utils/DimentionUtils.js","statementMap":{"0":{"start":{"line":4,"column":22},"end":{"line":4,"column":46}},"1":{"start":{"line":6,"column":35},"end":{"line":7,"column":42}},"2":{"start":{"line":7,"column":2},"end":{"line":7,"column":42}}},"fnMap":{"0":{"name":"(anonymous_0)","decl":{"start":{"line":6,"column":35},"end":{"line":6,"column":36}},"loc":{"start":{"line":7,"column":2},"end":{"line":7,"column":42}},"line":7}},"branchMap":{},"s":{"0":1,"1":1,"2":3},"f":{"0":3},"b":{},"_coverageSchema":"1a1c01bbd47fc00a2c39e90264f33305004495a9","hash":"586ad53c7cd643e7f1dfc95f135f5d7a23d1164c"}
,"/Users/mehedihasan/Documents/project/cx_app/pearl-cx/CustomerExperience/app/Utils/DownloadUtils.js": {"path":"/Users/mehedihasan/Documents/project/cx_app/pearl-cx/CustomerExperience/app/Utils/DownloadUtils.js","statementMap":{"0":{"start":{"line":4,"column":28},"end":{"line":43,"column":1}},"1":{"start":{"line":6,"column":23},"end":{"line":6,"column":34}},"2":{"start":{"line":7,"column":19},"end":{"line":7,"column":38}},"3":{"start":{"line":11,"column":20},"end":{"line":11,"column":45}},"4":{"start":{"line":13,"column":2},"end":{"line":42,"column":3}},"5":{"start":{"line":15,"column":26},"end":{"line":33,"column":6}},"6":{"start":{"line":35,"column":21},"end":{"line":35,"column":78}},"7":{"start":{"line":38,"column":4},"end":{"line":38,"column":20}},"8":{"start":{"line":40,"column":4},"end":{"line":40,"column":25}},"9":{"start":{"line":41,"column":4},"end":{"line":41,"column":16}}},"fnMap":{"0":{"name":"(anonymous_0)","decl":{"start":{"line":4,"column":28},"end":{"line":4,"column":29}},"loc":{"start":{"line":4,"column":53},"end":{"line":43,"column":1}},"line":4}},"branchMap":{},"s":{"0":2,"1":4,"2":4,"3":4,"4":4,"5":4,"6":4,"7":3,"8":1,"9":1},"f":{"0":4},"b":{},"_coverageSchema":"1a1c01bbd47fc00a2c39e90264f33305004495a9","hash":"8300f597368e3cbd1d5abf64c338c1de89b586d7"}
,"/Users/mehedihasan/Documents/project/cx_app/pearl-cx/CustomerExperience/app/Utils/IconUtils.js": {"path":"/Users/mehedihasan/Documents/project/cx_app/pearl-cx/CustomerExperience/app/Utils/IconUtils.js","statementMap":{"0":{"start":{"line":8,"column":22},"end":{"line":18,"column":1}},"1":{"start":{"line":9,"column":2},"end":{"line":17,"column":4}},"2":{"start":{"line":20,"column":23},"end":{"line":30,"column":1}},"3":{"start":{"line":21,"column":2},"end":{"line":29,"column":4}},"4":{"start":{"line":32,"column":29},"end":{"line":42,"column":1}},"5":{"start":{"line":33,"column":2},"end":{"line":41,"column":4}},"6":{"start":{"line":44,"column":38},"end":{"line":54,"column":1}},"7":{"start":{"line":45,"column":2},"end":{"line":53,"column":4}},"8":{"start":{"line":57,"column":14},"end":{"line":57,"column":23}},"9":{"start":{"line":59,"column":2},"end":{"line":59,"column":29}},"10":{"start":{"line":60,"column":2},"end":{"line":60,"column":37}},"11":{"start":{"line":61,"column":2},"end":{"line":61,"column":36}},"12":{"start":{"line":62,"column":2},"end":{"line":62,"column":36}},"13":{"start":{"line":63,"column":2},"end":{"line":63,"column":51}},"14":{"start":{"line":64,"column":2},"end":{"line":64,"column":37}},"15":{"start":{"line":65,"column":2},"end":{"line":65,"column":36}},"16":{"start":{"line":66,"column":2},"end":{"line":66,"column":40}},"17":{"start":{"line":67,"column":2},"end":{"line":67,"column":37}},"18":{"start":{"line":68,"column":2},"end":{"line":68,"column":37}},"19":{"start":{"line":69,"column":2},"end":{"line":69,"column":37}},"20":{"start":{"line":72,"column":2},"end":{"line":72,"column":29}},"21":{"start":{"line":73,"column":2},"end":{"line":73,"column":42}},"22":{"start":{"line":74,"column":2},"end":{"line":74,"column":36}},"23":{"start":{"line":75,"column":2},"end":{"line":75,"column":37}},"24":{"start":{"line":76,"column":2},"end":{"line":76,"column":36}},"25":{"start":{"line":77,"column":2},"end":{"line":77,"column":37}},"26":{"start":{"line":78,"column":2},"end":{"line":78,"column":37}},"27":{"start":{"line":79,"column":2},"end":{"line":79,"column":37}},"28":{"start":{"line":80,"column":2},"end":{"line":80,"column":38}},"29":{"start":{"line":83,"column":2},"end":{"line":83,"column":29}},"30":{"start":{"line":84,"column":2},"end":{"line":84,"column":36}},"31":{"start":{"line":85,"column":2},"end":{"line":85,"column":37}},"32":{"start":{"line":86,"column":2},"end":{"line":86,"column":39}},"33":{"start":{"line":87,"column":2},"end":{"line":87,"column":37}},"34":{"start":{"line":88,"column":2},"end":{"line":88,"column":36}},"35":{"start":{"line":89,"column":2},"end":{"line":89,"column":37}},"36":{"start":{"line":90,"column":2},"end":{"line":90,"column":36}},"37":{"start":{"line":91,"column":2},"end":{"line":91,"column":37}},"38":{"start":{"line":92,"column":2},"end":{"line":92,"column":37}},"39":{"start":{"line":93,"column":2},"end":{"line":93,"column":38}},"40":{"start":{"line":96,"column":2},"end":{"line":96,"column":27}},"41":{"start":{"line":97,"column":2},"end":{"line":97,"column":36}},"42":{"start":{"line":98,"column":2},"end":{"line":98,"column":41}},"43":{"start":{"line":101,"column":2},"end":{"line":101,"column":44}},"44":{"start":{"line":102,"column":2},"end":{"line":102,"column":56}},"45":{"start":{"line":103,"column":2},"end":{"line":103,"column":48}},"46":{"start":{"line":104,"column":2},"end":{"line":104,"column":33}},"47":{"start":{"line":107,"column":2},"end":{"line":107,"column":29}},"48":{"start":{"line":108,"column":2},"end":{"line":108,"column":51}},"49":{"start":{"line":109,"column":2},"end":{"line":110,"column":19}},"50":{"start":{"line":111,"column":2},"end":{"line":111,"column":35}},"51":{"start":{"line":114,"column":2},"end":{"line":114,"column":39}},"52":{"start":{"line":115,"column":2},"end":{"line":115,"column":61}},"53":{"start":{"line":116,"column":2},"end":{"line":118,"column":26}},"54":{"start":{"line":121,"column":2},"end":{"line":121,"column":27}},"55":{"start":{"line":122,"column":2},"end":{"line":122,"column":47}},"56":{"start":{"line":123,"column":2},"end":{"line":123,"column":54}},"57":{"start":{"line":126,"column":2},"end":{"line":126,"column":25}},"58":{"start":{"line":127,"column":2},"end":{"line":127,"column":40}},"59":{"start":{"line":130,"column":2},"end":{"line":130,"column":30}},"60":{"start":{"line":131,"column":2},"end":{"line":131,"column":38}},"61":{"start":{"line":134,"column":2},"end":{"line":134,"column":22}},"62":{"start":{"line":136,"column":2},"end":{"line":136,"column":30}},"63":{"start":{"line":139,"column":30},"end":{"line":150,"column":1}},"64":{"start":{"line":140,"column":15},"end":{"line":140,"column":17}},"65":{"start":{"line":141,"column":16},"end":{"line":141,"column":34}},"66":{"start":{"line":142,"column":2},"end":{"line":149,"column":4}}},"fnMap":{"0":{"name":"(anonymous_0)","decl":{"start":{"line":8,"column":22},"end":{"line":8,"column":23}},"loc":{"start":{"line":8,"column":62},"end":{"line":18,"column":1}},"line":8},"1":{"name":"(anonymous_1)","decl":{"start":{"line":20,"column":23},"end":{"line":20,"column":24}},"loc":{"start":{"line":20,"column":63},"end":{"line":30,"column":1}},"line":20},"2":{"name":"(anonymous_2)","decl":{"start":{"line":32,"column":29},"end":{"line":32,"column":30}},"loc":{"start":{"line":32,"column":69},"end":{"line":42,"column":1}},"line":32},"3":{"name":"(anonymous_3)","decl":{"start":{"line":44,"column":38},"end":{"line":44,"column":39}},"loc":{"start":{"line":44,"column":78},"end":{"line":54,"column":1}},"line":44},"4":{"name":"getMimeIconName","decl":{"start":{"line":56,"column":16},"end":{"line":56,"column":31}},"loc":{"start":{"line":56,"column":37},"end":{"line":137,"column":1}},"line":56},"5":{"name":"(anonymous_5)","decl":{"start":{"line":139,"column":30},"end":{"line":139,"column":31}},"loc":{"start":{"line":139,"column":54},"end":{"line":150,"column":1}},"line":139}},"branchMap":{"0":{"loc":{"start":{"line":12,"column":12},"end":{"line":12,"column":22}},"type":"binary-expr","locations":[{"start":{"line":12,"column":12},"end":{"line":12,"column":16}},{"start":{"line":12,"column":20},"end":{"line":12,"column":22}}],"line":12},"1":{"loc":{"start":{"line":13,"column":13},"end":{"line":13,"column":40}},"type":"binary-expr","locations":[{"start":{"line":13,"column":13},"end":{"line":13,"column":18}},{"start":{"line":13,"column":22},"end":{"line":13,"column":40}}],"line":13},"2":{"loc":{"start":{"line":24,"column":12},"end":{"line":24,"column":22}},"type":"binary-expr","locations":[{"start":{"line":24,"column":12},"end":{"line":24,"column":16}},{"start":{"line":24,"column":20},"end":{"line":24,"column":22}}],"line":24},"3":{"loc":{"start":{"line":25,"column":13},"end":{"line":25,"column":40}},"type":"binary-expr","locations":[{"start":{"line":25,"column":13},"end":{"line":25,"column":18}},{"start":{"line":25,"column":22},"end":{"line":25,"column":40}}],"line":25},"4":{"loc":{"start":{"line":36,"column":12},"end":{"line":36,"column":22}},"type":"binary-expr","locations":[{"start":{"line":36,"column":12},"end":{"line":36,"column":16}},{"start":{"line":36,"column":20},"end":{"line":36,"column":22}}],"line":36},"5":{"loc":{"start":{"line":37,"column":13},"end":{"line":37,"column":40}},"type":"binary-expr","locations":[{"start":{"line":37,"column":13},"end":{"line":37,"column":18}},{"start":{"line":37,"column":22},"end":{"line":37,"column":40}}],"line":37},"6":{"loc":{"start":{"line":48,"column":12},"end":{"line":48,"column":22}},"type":"binary-expr","locations":[{"start":{"line":48,"column":12},"end":{"line":48,"column":16}},{"start":{"line":48,"column":20},"end":{"line":48,"column":22}}],"line":48},"7":{"loc":{"start":{"line":49,"column":13},"end":{"line":49,"column":40}},"type":"binary-expr","locations":[{"start":{"line":49,"column":13},"end":{"line":49,"column":18}},{"start":{"line":49,"column":22},"end":{"line":49,"column":40}}],"line":49},"8":{"loc":{"start":{"line":136,"column":9},"end":{"line":136,"column":29}},"type":"binary-expr","locations":[{"start":{"line":136,"column":9},"end":{"line":136,"column":17}},{"start":{"line":136,"column":21},"end":{"line":136,"column":29}}],"line":136}},"s":{"0":22,"1":1,"2":22,"3":9,"4":22,"5":19,"6":22,"7":1,"8":14,"9":14,"10":14,"11":14,"12":14,"13":14,"14":14,"15":14,"16":14,"17":14,"18":14,"19":14,"20":14,"21":14,"22":14,"23":14,"24":14,"25":14,"26":14,"27":14,"28":14,"29":14,"30":14,"31":14,"32":14,"33":14,"34":14,"35":14,"36":14,"37":14,"38":14,"39":14,"40":14,"41":14,"42":14,"43":14,"44":14,"45":14,"46":14,"47":14,"48":14,"49":14,"50":14,"51":14,"52":14,"53":14,"54":14,"55":14,"56":14,"57":14,"58":14,"59":14,"60":14,"61":14,"62":14,"63":22,"64":3,"65":3,"66":3},"f":{"0":1,"1":9,"2":19,"3":1,"4":14,"5":3},"b":{"0":[1,0],"1":[1,0],"2":[9,0],"3":[9,0],"4":[19,0],"5":[19,0],"6":[1,0],"7":[1,0],"8":[14,1]},"_coverageSchema":"1a1c01bbd47fc00a2c39e90264f33305004495a9","hash":"5831d7d112c9a195b72907809121f92ff6472cec"}
,"/Users/mehedihasan/Documents/project/cx_app/pearl-cx/CustomerExperience/app/Utils/MultilinguaUtils.js": {"path":"/Users/mehedihasan/Documents/project/cx_app/pearl-cx/CustomerExperience/app/Utils/MultilinguaUtils.js","statementMap":{"0":{"start":{"line":11,"column":27},"end":{"line":18,"column":1}},"1":{"start":{"line":13,"column":12},"end":{"line":13,"column":53}},"2":{"start":{"line":14,"column":12},"end":{"line":14,"column":53}},"3":{"start":{"line":15,"column":12},"end":{"line":15,"column":53}},"4":{"start":{"line":16,"column":12},"end":{"line":16,"column":53}},"5":{"start":{"line":17,"column":12},"end":{"line":17,"column":53}},"6":{"start":{"line":20,"column":25},"end":{"line":23,"column":1}},"7":{"start":{"line":21,"column":19},"end":{"line":21,"column":38}},"8":{"start":{"line":22,"column":20},"end":{"line":22,"column":63}},"9":{"start":{"line":25,"column":29},"end":{"line":43,"column":1}},"10":{"start":{"line":29,"column":2},"end":{"line":31,"column":3}},"11":{"start":{"line":30,"column":4},"end":{"line":30,"column":23}},"12":{"start":{"line":37,"column":2},"end":{"line":37,"column":26}},"13":{"start":{"line":39,"column":2},"end":{"line":39,"column":30}},"14":{"start":{"line":41,"column":2},"end":{"line":41,"column":73}},"15":{"start":{"line":42,"column":2},"end":{"line":42,"column":28}}},"fnMap":{"0":{"name":"(anonymous_0)","decl":{"start":{"line":13,"column":6},"end":{"line":13,"column":7}},"loc":{"start":{"line":13,"column":12},"end":{"line":13,"column":53}},"line":13},"1":{"name":"(anonymous_1)","decl":{"start":{"line":14,"column":6},"end":{"line":14,"column":7}},"loc":{"start":{"line":14,"column":12},"end":{"line":14,"column":53}},"line":14},"2":{"name":"(anonymous_2)","decl":{"start":{"line":15,"column":6},"end":{"line":15,"column":7}},"loc":{"start":{"line":15,"column":12},"end":{"line":15,"column":53}},"line":15},"3":{"name":"(anonymous_3)","decl":{"start":{"line":16,"column":6},"end":{"line":16,"column":7}},"loc":{"start":{"line":16,"column":12},"end":{"line":16,"column":53}},"line":16},"4":{"name":"(anonymous_4)","decl":{"start":{"line":17,"column":6},"end":{"line":17,"column":7}},"loc":{"start":{"line":17,"column":12},"end":{"line":17,"column":53}},"line":17},"5":{"name":"(anonymous_5)","decl":{"start":{"line":21,"column":2},"end":{"line":21,"column":3}},"loc":{"start":{"line":21,"column":19},"end":{"line":21,"column":38}},"line":21},"6":{"name":"(anonymous_6)","decl":{"start":{"line":22,"column":2},"end":{"line":22,"column":3}},"loc":{"start":{"line":22,"column":20},"end":{"line":22,"column":63}},"line":22},"7":{"name":"(anonymous_7)","decl":{"start":{"line":25,"column":29},"end":{"line":25,"column":30}},"loc":{"start":{"line":25,"column":61},"end":{"line":43,"column":1}},"line":25}},"branchMap":{"0":{"loc":{"start":{"line":22,"column":20},"end":{"line":22,"column":63}},"type":"cond-expr","locations":[{"start":{"line":22,"column":29},"end":{"line":22,"column":57}},{"start":{"line":22,"column":60},"end":{"line":22,"column":63}}],"line":22},"1":{"loc":{"start":{"line":25,"column":43},"end":{"line":25,"column":56}},"type":"default-arg","locations":[{"start":{"line":25,"column":51},"end":{"line":25,"column":56}}],"line":25},"2":{"loc":{"start":{"line":29,"column":2},"end":{"line":31,"column":3}},"type":"if","locations":[{"start":{"line":29,"column":2},"end":{"line":31,"column":3}},{"start":{},"end":{}}],"line":29}},"s":{"0":36,"1":3,"2":1,"3":1,"4":1,"5":1,"6":36,"7":76,"8":385,"9":36,"10":7,"11":2,"12":7,"13":7,"14":7,"15":7},"f":{"0":3,"1":1,"2":1,"3":1,"4":1,"5":76,"6":385,"7":7},"b":{"0":[2,383],"1":[6],"2":[2,5]},"_coverageSchema":"1a1c01bbd47fc00a2c39e90264f33305004495a9","hash":"5f712e153b97e00c19bf43926af6feef6c29649d"}
,"/Users/mehedihasan/Documents/project/cx_app/pearl-cx/CustomerExperience/app/Utils/NPSChartUtils.js": {"path":"/Users/mehedihasan/Documents/project/cx_app/pearl-cx/CustomerExperience/app/Utils/NPSChartUtils.js","statementMap":{"0":{"start":{"line":1,"column":45},"end":{"line":3,"column":1}},"1":{"start":{"line":2,"column":2},"end":{"line":2,"column":78}},"2":{"start":{"line":5,"column":35},"end":{"line":41,"column":1}},"3":{"start":{"line":6,"column":19},"end":{"line":6,"column":21}},"4":{"start":{"line":7,"column":21},"end":{"line":7,"column":25}},"5":{"start":{"line":9,"column":2},"end":{"line":21,"column":3}},"6":{"start":{"line":10,"column":4},"end":{"line":20,"column":6}},"7":{"start":{"line":23,"column":2},"end":{"line":39,"column":5}},"8":{"start":{"line":24,"column":4},"end":{"line":38,"column":5}},"9":{"start":{"line":25,"column":20},"end":{"line":25,"column":47}},"10":{"start":{"line":26,"column":22},"end":{"line":26,"column":56}},"11":{"start":{"line":28,"column":6},"end":{"line":36,"column":9}},"12":{"start":{"line":37,"column":6},"end":{"line":37,"column":29}},"13":{"start":{"line":40,"column":2},"end":{"line":40,"column":20}}},"fnMap":{"0":{"name":"(anonymous_0)","decl":{"start":{"line":1,"column":45},"end":{"line":1,"column":46}},"loc":{"start":{"line":1,"column":69},"end":{"line":3,"column":1}},"line":1},"1":{"name":"(anonymous_1)","decl":{"start":{"line":5,"column":35},"end":{"line":5,"column":36}},"loc":{"start":{"line":5,"column":43},"end":{"line":41,"column":1}},"line":5},"2":{"name":"(anonymous_2)","decl":{"start":{"line":23,"column":15},"end":{"line":23,"column":16}},"loc":{"start":{"line":23,"column":26},"end":{"line":39,"column":3}},"line":23}},"branchMap":{"0":{"loc":{"start":{"line":9,"column":2},"end":{"line":21,"column":3}},"type":"if","locations":[{"start":{"line":9,"column":2},"end":{"line":21,"column":3}},{"start":{},"end":{}}],"line":9},"1":{"loc":{"start":{"line":24,"column":4},"end":{"line":38,"column":5}},"type":"if","locations":[{"start":{"line":24,"column":4},"end":{"line":38,"column":5}},{"start":{},"end":{}}],"line":24}},"s":{"0":2,"1":1,"2":2,"3":5,"4":5,"5":5,"6":1,"7":4,"8":8,"9":6,"10":6,"11":6,"12":6,"13":4},"f":{"0":1,"1":5,"2":8},"b":{"0":[1,4],"1":[6,2]},"_coverageSchema":"1a1c01bbd47fc00a2c39e90264f33305004495a9","hash":"96cba569cb2c0643b430190be1ef0d3c68ddd238"}
,"/Users/mehedihasan/Documents/project/cx_app/pearl-cx/CustomerExperience/app/Utils/PermissionUtils.js": {"path":"/Users/mehedihasan/Documents/project/cx_app/pearl-cx/CustomerExperience/app/Utils/PermissionUtils.js","statementMap":{"0":{"start":{"line":4,"column":44},"end":{"line":19,"column":1}},"1":{"start":{"line":5,"column":2},"end":{"line":18,"column":3}},"2":{"start":{"line":6,"column":20},"end":{"line":14,"column":5}},"3":{"start":{"line":15,"column":4},"end":{"line":15,"column":68}},"4":{"start":{"line":15,"column":56},"end":{"line":15,"column":68}},"5":{"start":{"line":17,"column":4},"end":{"line":17,"column":28}}},"fnMap":{"0":{"name":"(anonymous_0)","decl":{"start":{"line":4,"column":44},"end":{"line":4,"column":45}},"loc":{"start":{"line":4,"column":56},"end":{"line":19,"column":1}},"line":4}},"branchMap":{"0":{"loc":{"start":{"line":15,"column":4},"end":{"line":15,"column":68}},"type":"if","locations":[{"start":{"line":15,"column":4},"end":{"line":15,"column":68}},{"start":{},"end":{}}],"line":15}},"s":{"0":2,"1":3,"2":3,"3":2,"4":1,"5":1},"f":{"0":3},"b":{"0":[1,1]},"_coverageSchema":"1a1c01bbd47fc00a2c39e90264f33305004495a9","hash":"a7102da851c3e280328ff1115a64decaa557babc"}
,"/Users/mehedihasan/Documents/project/cx_app/pearl-cx/CustomerExperience/app/Utils/StringUtils.js": {"path":"/Users/mehedihasan/Documents/project/cx_app/pearl-cx/CustomerExperience/app/Utils/StringUtils.js","statementMap":{"0":{"start":{"line":3,"column":4},"end":{"line":3,"column":36}},"1":{"start":{"line":7,"column":4},"end":{"line":7,"column":64}},"2":{"start":{"line":11,"column":4},"end":{"line":11,"column":30}},"3":{"start":{"line":15,"column":4},"end":{"line":15,"column":40}},"4":{"start":{"line":19,"column":16},"end":{"line":19,"column":27}},"5":{"start":{"line":20,"column":4},"end":{"line":22,"column":5}},"6":{"start":{"line":21,"column":6},"end":{"line":21,"column":60}},"7":{"start":{"line":24,"column":4},"end":{"line":24,"column":17}},"8":{"start":{"line":28,"column":16},"end":{"line":28,"column":27}},"9":{"start":{"line":29,"column":4},"end":{"line":29,"column":25}},"10":{"start":{"line":33,"column":14},"end":{"line":33,"column":43}},"11":{"start":{"line":34,"column":4},"end":{"line":34,"column":25}},"12":{"start":{"line":35,"column":4},"end":{"line":35,"column":50}},"13":{"start":{"line":39,"column":4},"end":{"line":39,"column":48}},"14":{"start":{"line":40,"column":4},"end":{"line":40,"column":54}},"15":{"start":{"line":41,"column":4},"end":{"line":41,"column":55}},"16":{"start":{"line":42,"column":4},"end":{"line":42,"column":60}},"17":{"start":{"line":43,"column":4},"end":{"line":43,"column":61}},"18":{"start":{"line":44,"column":4},"end":{"line":44,"column":57}},"19":{"start":{"line":45,"column":4},"end":{"line":45,"column":58}},"20":{"start":{"line":46,"column":4},"end":{"line":46,"column":60}},"21":{"start":{"line":47,"column":4},"end":{"line":47,"column":67}},"22":{"start":{"line":48,"column":4},"end":{"line":48,"column":62}},"23":{"start":{"line":49,"column":4},"end":{"line":49,"column":55}},"24":{"start":{"line":50,"column":4},"end":{"line":50,"column":52}},"25":{"start":{"line":51,"column":4},"end":{"line":51,"column":49}},"26":{"start":{"line":52,"column":4},"end":{"line":52,"column":48}},"27":{"start":{"line":53,"column":4},"end":{"line":53,"column":57}},"28":{"start":{"line":54,"column":4},"end":{"line":54,"column":72}},"29":{"start":{"line":55,"column":4},"end":{"line":55,"column":73}},"30":{"start":{"line":56,"column":4},"end":{"line":56,"column":48}},"31":{"start":{"line":57,"column":4},"end":{"line":57,"column":74}},"32":{"start":{"line":58,"column":4},"end":{"line":58,"column":56}},"33":{"start":{"line":59,"column":4},"end":{"line":59,"column":71}},"34":{"start":{"line":60,"column":4},"end":{"line":60,"column":58}},"35":{"start":{"line":61,"column":4},"end":{"line":61,"column":58}},"36":{"start":{"line":62,"column":4},"end":{"line":62,"column":49}},"37":{"start":{"line":63,"column":4},"end":{"line":63,"column":48}},"38":{"start":{"line":64,"column":4},"end":{"line":64,"column":49}},"39":{"start":{"line":65,"column":4},"end":{"line":65,"column":45}},"40":{"start":{"line":66,"column":4},"end":{"line":66,"column":45}},"41":{"start":{"line":67,"column":4},"end":{"line":67,"column":45}},"42":{"start":{"line":68,"column":4},"end":{"line":68,"column":45}},"43":{"start":{"line":69,"column":4},"end":{"line":69,"column":45}},"44":{"start":{"line":70,"column":4},"end":{"line":70,"column":45}},"45":{"start":{"line":71,"column":4},"end":{"line":71,"column":48}},"46":{"start":{"line":72,"column":4},"end":{"line":72,"column":45}},"47":{"start":{"line":73,"column":4},"end":{"line":73,"column":45}},"48":{"start":{"line":74,"column":4},"end":{"line":74,"column":44}},"49":{"start":{"line":75,"column":4},"end":{"line":75,"column":49}},"50":{"start":{"line":76,"column":4},"end":{"line":76,"column":45}},"51":{"start":{"line":77,"column":4},"end":{"line":77,"column":45}},"52":{"start":{"line":78,"column":4},"end":{"line":78,"column":45}},"53":{"start":{"line":79,"column":4},"end":{"line":79,"column":65}},"54":{"start":{"line":80,"column":4},"end":{"line":80,"column":54}},"55":{"start":{"line":81,"column":4},"end":{"line":81,"column":45}},"56":{"start":{"line":82,"column":4},"end":{"line":82,"column":58}},"57":{"start":{"line":83,"column":4},"end":{"line":83,"column":58}},"58":{"start":{"line":84,"column":4},"end":{"line":84,"column":58}},"59":{"start":{"line":87,"column":13},"end":{"line":87,"column":54}},"60":{"start":{"line":88,"column":4},"end":{"line":88,"column":44}},"61":{"start":{"line":90,"column":14},"end":{"line":90,"column":76}},"62":{"start":{"line":91,"column":4},"end":{"line":91,"column":45}},"63":{"start":{"line":92,"column":4},"end":{"line":92,"column":54}},"64":{"start":{"line":94,"column":4},"end":{"line":94,"column":16}},"65":{"start":{"line":98,"column":4},"end":{"line":98,"column":75}},"66":{"start":{"line":102,"column":19},"end":{"line":102,"column":31}},"67":{"start":{"line":103,"column":4},"end":{"line":108,"column":7}},"68":{"start":{"line":104,"column":6},"end":{"line":107,"column":8}},"69":{"start":{"line":109,"column":4},"end":{"line":109,"column":20}},"70":{"start":{"line":117,"column":4},"end":{"line":119,"column":5}},"71":{"start":{"line":118,"column":6},"end":{"line":118,"column":16}},"72":{"start":{"line":120,"column":25},"end":{"line":120,"column":46}},"73":{"start":{"line":123,"column":25},"end":{"line":123,"column":57}},"74":{"start":{"line":126,"column":36},"end":{"line":126,"column":79}},"75":{"start":{"line":129,"column":16},"end":{"line":129,"column":54}},"76":{"start":{"line":132,"column":4},"end":{"line":134,"column":7}},"77":{"start":{"line":133,"column":6},"end":{"line":133,"column":68}},"78":{"start":{"line":137,"column":4},"end":{"line":139,"column":7}},"79":{"start":{"line":138,"column":6},"end":{"line":138,"column":29}},"80":{"start":{"line":142,"column":4},"end":{"line":142,"column":17}},"81":{"start":{"line":147,"column":4},"end":{"line":149,"column":5}},"82":{"start":{"line":148,"column":6},"end":{"line":148,"column":16}},"83":{"start":{"line":150,"column":4},"end":{"line":150,"column":62}},"84":{"start":{"line":154,"column":4},"end":{"line":158,"column":5}},"85":{"start":{"line":155,"column":6},"end":{"line":155,"column":45}},"86":{"start":{"line":157,"column":6},"end":{"line":157,"column":15}},"87":{"start":{"line":162,"column":23},"end":{"line":162,"column":25}},"88":{"start":{"line":163,"column":28},"end":{"line":163,"column":29}},"89":{"start":{"line":164,"column":4},"end":{"line":166,"column":5}},"90":{"start":{"line":165,"column":6},"end":{"line":165,"column":17}},"91":{"start":{"line":168,"column":4},"end":{"line":179,"column":5}},"92":{"start":{"line":169,"column":23},"end":{"line":169,"column":37}},"93":{"start":{"line":170,"column":29},"end":{"line":170,"column":70}},"94":{"start":{"line":171,"column":30},"end":{"line":171,"column":40}},"95":{"start":{"line":172,"column":33},"end":{"line":172,"column":62}},"96":{"start":{"line":174,"column":6},"end":{"line":178,"column":8}},"97":{"start":{"line":181,"column":4},"end":{"line":181,"column":15}},"98":{"start":{"line":185,"column":4},"end":{"line":187,"column":5}},"99":{"start":{"line":186,"column":6},"end":{"line":186,"column":17}},"100":{"start":{"line":189,"column":4},"end":{"line":191,"column":5}},"101":{"start":{"line":190,"column":6},"end":{"line":190,"column":51}},"102":{"start":{"line":193,"column":4},"end":{"line":193,"column":15}},"103":{"start":{"line":197,"column":4},"end":{"line":197,"column":45}},"104":{"start":{"line":201,"column":4},"end":{"line":201,"column":51}},"105":{"start":{"line":205,"column":4},"end":{"line":207,"column":5}},"106":{"start":{"line":206,"column":6},"end":{"line":206,"column":16}},"107":{"start":{"line":208,"column":20},"end":{"line":208,"column":24}},"108":{"start":{"line":209,"column":4},"end":{"line":209,"column":48}},"109":{"start":{"line":210,"column":4},"end":{"line":210,"column":33}},"110":{"start":{"line":214,"column":4},"end":{"line":216,"column":5}},"111":{"start":{"line":215,"column":6},"end":{"line":215,"column":16}},"112":{"start":{"line":217,"column":20},"end":{"line":217,"column":24}},"113":{"start":{"line":218,"column":4},"end":{"line":218,"column":35}},"114":{"start":{"line":222,"column":26},"end":{"line":222,"column":50}},"115":{"start":{"line":223,"column":38},"end":{"line":223,"column":40}},"116":{"start":{"line":224,"column":4},"end":{"line":230,"column":5}},"117":{"start":{"line":224,"column":17},"end":{"line":224,"column":18}},"118":{"start":{"line":225,"column":17},"end":{"line":225,"column":33}},"119":{"start":{"line":227,"column":6},"end":{"line":227,"column":70}},"120":{"start":{"line":228,"column":28},"end":{"line":228,"column":46}},"121":{"start":{"line":229,"column":6},"end":{"line":229,"column":63}},"122":{"start":{"line":232,"column":4},"end":{"line":232,"column":39}},"123":{"start":{"line":236,"column":4},"end":{"line":236,"column":38}},"124":{"start":{"line":240,"column":4},"end":{"line":240,"column":46}},"125":{"start":{"line":244,"column":4},"end":{"line":244,"column":45}},"126":{"start":{"line":248,"column":4},"end":{"line":248,"column":71}},"127":{"start":{"line":252,"column":4},"end":{"line":252,"column":41}},"128":{"start":{"line":256,"column":4},"end":{"line":256,"column":60}},"129":{"start":{"line":260,"column":4},"end":{"line":260,"column":74}},"130":{"start":{"line":264,"column":4},"end":{"line":264,"column":29}},"131":{"start":{"line":268,"column":4},"end":{"line":270,"column":5}},"132":{"start":{"line":269,"column":6},"end":{"line":269,"column":20}},"133":{"start":{"line":271,"column":4},"end":{"line":271,"column":41}},"134":{"start":{"line":275,"column":4},"end":{"line":277,"column":5}},"135":{"start":{"line":276,"column":6},"end":{"line":276,"column":20}},"136":{"start":{"line":278,"column":4},"end":{"line":278,"column":53}},"137":{"start":{"line":282,"column":4},"end":{"line":284,"column":5}},"138":{"start":{"line":283,"column":6},"end":{"line":283,"column":20}},"139":{"start":{"line":285,"column":4},"end":{"line":285,"column":53}},"140":{"start":{"line":289,"column":22},"end":{"line":289,"column":58}},"141":{"start":{"line":290,"column":4},"end":{"line":292,"column":27}},"142":{"start":{"line":296,"column":23},"end":{"line":296,"column":27}},"143":{"start":{"line":297,"column":22},"end":{"line":297,"column":29}},"144":{"start":{"line":298,"column":22},"end":{"line":298,"column":32}},"145":{"start":{"line":299,"column":31},"end":{"line":299,"column":44}},"146":{"start":{"line":300,"column":23},"end":{"line":300,"column":39}},"147":{"start":{"line":301,"column":26},"end":{"line":301,"column":45}},"148":{"start":{"line":303,"column":4},"end":{"line":305,"column":5}},"149":{"start":{"line":304,"column":6},"end":{"line":304,"column":17}},"150":{"start":{"line":306,"column":4},"end":{"line":320,"column":5}},"151":{"start":{"line":307,"column":6},"end":{"line":307,"column":38}},"152":{"start":{"line":308,"column":11},"end":{"line":320,"column":5}},"153":{"start":{"line":309,"column":6},"end":{"line":309,"column":67}},"154":{"start":{"line":310,"column":11},"end":{"line":320,"column":5}},"155":{"start":{"line":311,"column":6},"end":{"line":311,"column":66}},"156":{"start":{"line":312,"column":11},"end":{"line":320,"column":5}},"157":{"start":{"line":313,"column":6},"end":{"line":313,"column":66}},"158":{"start":{"line":314,"column":11},"end":{"line":320,"column":5}},"159":{"start":{"line":315,"column":6},"end":{"line":315,"column":75}},"160":{"start":{"line":316,"column":11},"end":{"line":320,"column":5}},"161":{"start":{"line":317,"column":6},"end":{"line":317,"column":67}},"162":{"start":{"line":319,"column":6},"end":{"line":319,"column":38}},"163":{"start":{"line":323,"column":28},"end":{"line":331,"column":3}},"164":{"start":{"line":324,"column":4},"end":{"line":326,"column":5}},"165":{"start":{"line":325,"column":6},"end":{"line":325,"column":22}},"166":{"start":{"line":328,"column":18},"end":{"line":328,"column":39}},"167":{"start":{"line":329,"column":16},"end":{"line":329,"column":35}},"168":{"start":{"line":330,"column":4},"end":{"line":330,"column":31}},"169":{"start":{"line":335,"column":20},"end":{"line":335,"column":60}},"170":{"start":{"line":337,"column":6},"end":{"line":337,"column":70}},"171":{"start":{"line":340,"column":4},"end":{"line":341,"column":75}},"172":{"start":{"line":342,"column":4},"end":{"line":343,"column":73}},"173":{"start":{"line":345,"column":4},"end":{"line":345,"column":38}},"174":{"start":{"line":349,"column":20},"end":{"line":349,"column":52}},"175":{"start":{"line":352,"column":4},"end":{"line":360,"column":6}},"176":{"start":{"line":353,"column":6},"end":{"line":359,"column":18}},"177":{"start":{"line":357,"column":12},"end":{"line":357,"column":76}},"178":{"start":{"line":363,"column":4},"end":{"line":363,"column":31}}},"fnMap":{"0":{"name":"(anonymous_0)","decl":{"start":{"line":2,"column":2},"end":{"line":2,"column":3}},"loc":{"start":{"line":2,"column":22},"end":{"line":4,"column":3}},"line":2},"1":{"name":"(anonymous_1)","decl":{"start":{"line":6,"column":2},"end":{"line":6,"column":3}},"loc":{"start":{"line":6,"column":27},"end":{"line":8,"column":3}},"line":6},"2":{"name":"(anonymous_2)","decl":{"start":{"line":10,"column":2},"end":{"line":10,"column":3}},"loc":{"start":{"line":10,"column":25},"end":{"line":12,"column":3}},"line":10},"3":{"name":"(anonymous_3)","decl":{"start":{"line":14,"column":2},"end":{"line":14,"column":3}},"loc":{"start":{"line":14,"column":31},"end":{"line":16,"column":3}},"line":14},"4":{"name":"(anonymous_4)","decl":{"start":{"line":18,"column":2},"end":{"line":18,"column":3}},"loc":{"start":{"line":18,"column":36},"end":{"line":25,"column":3}},"line":18},"5":{"name":"(anonymous_5)","decl":{"start":{"line":27,"column":2},"end":{"line":27,"column":3}},"loc":{"start":{"line":27,"column":29},"end":{"line":30,"column":3}},"line":27},"6":{"name":"(anonymous_6)","decl":{"start":{"line":32,"column":2},"end":{"line":32,"column":3}},"loc":{"start":{"line":32,"column":37},"end":{"line":36,"column":3}},"line":32},"7":{"name":"(anonymous_7)","decl":{"start":{"line":38,"column":2},"end":{"line":38,"column":3}},"loc":{"start":{"line":38,"column":29},"end":{"line":95,"column":3}},"line":38},"8":{"name":"(anonymous_8)","decl":{"start":{"line":97,"column":2},"end":{"line":97,"column":3}},"loc":{"start":{"line":97,"column":42},"end":{"line":99,"column":3}},"line":97},"9":{"name":"(anonymous_9)","decl":{"start":{"line":101,"column":2},"end":{"line":101,"column":3}},"loc":{"start":{"line":101,"column":57},"end":{"line":113,"column":3}},"line":101},"10":{"name":"(anonymous_10)","decl":{"start":{"line":103,"column":24},"end":{"line":103,"column":25}},"loc":{"start":{"line":103,"column":32},"end":{"line":108,"column":5}},"line":103},"11":{"name":"(anonymous_11)","decl":{"start":{"line":115,"column":2},"end":{"line":115,"column":3}},"loc":{"start":{"line":115,"column":24},"end":{"line":143,"column":3}},"line":115},"12":{"name":"(anonymous_12)","decl":{"start":{"line":132,"column":22},"end":{"line":132,"column":23}},"loc":{"start":{"line":132,"column":38},"end":{"line":134,"column":5}},"line":132},"13":{"name":"(anonymous_13)","decl":{"start":{"line":137,"column":25},"end":{"line":137,"column":26}},"loc":{"start":{"line":137,"column":41},"end":{"line":139,"column":5}},"line":137},"14":{"name":"(anonymous_14)","decl":{"start":{"line":145,"column":2},"end":{"line":145,"column":3}},"loc":{"start":{"line":145,"column":40},"end":{"line":151,"column":3}},"line":145},"15":{"name":"(anonymous_15)","decl":{"start":{"line":153,"column":2},"end":{"line":153,"column":3}},"loc":{"start":{"line":153,"column":50},"end":{"line":159,"column":3}},"line":153},"16":{"name":"(anonymous_16)","decl":{"start":{"line":161,"column":2},"end":{"line":161,"column":3}},"loc":{"start":{"line":161,"column":58},"end":{"line":182,"column":3}},"line":161},"17":{"name":"(anonymous_17)","decl":{"start":{"line":184,"column":2},"end":{"line":184,"column":3}},"loc":{"start":{"line":184,"column":51},"end":{"line":194,"column":3}},"line":184},"18":{"name":"(anonymous_18)","decl":{"start":{"line":196,"column":2},"end":{"line":196,"column":3}},"loc":{"start":{"line":196,"column":28},"end":{"line":198,"column":3}},"line":196},"19":{"name":"(anonymous_19)","decl":{"start":{"line":200,"column":2},"end":{"line":200,"column":3}},"loc":{"start":{"line":200,"column":39},"end":{"line":202,"column":3}},"line":200},"20":{"name":"(anonymous_20)","decl":{"start":{"line":204,"column":2},"end":{"line":204,"column":3}},"loc":{"start":{"line":204,"column":46},"end":{"line":211,"column":3}},"line":204},"21":{"name":"(anonymous_21)","decl":{"start":{"line":213,"column":2},"end":{"line":213,"column":3}},"loc":{"start":{"line":213,"column":47},"end":{"line":219,"column":3}},"line":213},"22":{"name":"(anonymous_22)","decl":{"start":{"line":221,"column":2},"end":{"line":221,"column":3}},"loc":{"start":{"line":221,"column":61},"end":{"line":233,"column":3}},"line":221},"23":{"name":"(anonymous_23)","decl":{"start":{"line":235,"column":2},"end":{"line":235,"column":3}},"loc":{"start":{"line":235,"column":39},"end":{"line":237,"column":3}},"line":235},"24":{"name":"(anonymous_24)","decl":{"start":{"line":239,"column":2},"end":{"line":239,"column":3}},"loc":{"start":{"line":239,"column":33},"end":{"line":241,"column":3}},"line":239},"25":{"name":"(anonymous_25)","decl":{"start":{"line":243,"column":2},"end":{"line":243,"column":3}},"loc":{"start":{"line":243,"column":34},"end":{"line":245,"column":3}},"line":243},"26":{"name":"(anonymous_26)","decl":{"start":{"line":247,"column":2},"end":{"line":247,"column":3}},"loc":{"start":{"line":247,"column":52},"end":{"line":249,"column":3}},"line":247},"27":{"name":"(anonymous_27)","decl":{"start":{"line":251,"column":2},"end":{"line":251,"column":3}},"loc":{"start":{"line":251,"column":30},"end":{"line":253,"column":3}},"line":251},"28":{"name":"(anonymous_28)","decl":{"start":{"line":255,"column":2},"end":{"line":255,"column":3}},"loc":{"start":{"line":255,"column":36},"end":{"line":257,"column":3}},"line":255},"29":{"name":"(anonymous_29)","decl":{"start":{"line":259,"column":2},"end":{"line":259,"column":3}},"loc":{"start":{"line":259,"column":49},"end":{"line":261,"column":3}},"line":259},"30":{"name":"(anonymous_30)","decl":{"start":{"line":263,"column":2},"end":{"line":263,"column":3}},"loc":{"start":{"line":263,"column":37},"end":{"line":265,"column":3}},"line":263},"31":{"name":"(anonymous_31)","decl":{"start":{"line":267,"column":2},"end":{"line":267,"column":3}},"loc":{"start":{"line":267,"column":44},"end":{"line":272,"column":3}},"line":267},"32":{"name":"(anonymous_32)","decl":{"start":{"line":274,"column":2},"end":{"line":274,"column":3}},"loc":{"start":{"line":274,"column":38},"end":{"line":279,"column":3}},"line":274},"33":{"name":"(anonymous_33)","decl":{"start":{"line":281,"column":2},"end":{"line":281,"column":3}},"loc":{"start":{"line":281,"column":32},"end":{"line":286,"column":3}},"line":281},"34":{"name":"(anonymous_34)","decl":{"start":{"line":288,"column":2},"end":{"line":288,"column":3}},"loc":{"start":{"line":288,"column":56},"end":{"line":293,"column":3}},"line":288},"35":{"name":"(anonymous_35)","decl":{"start":{"line":295,"column":2},"end":{"line":295,"column":3}},"loc":{"start":{"line":295,"column":48},"end":{"line":321,"column":3}},"line":295},"36":{"name":"(anonymous_36)","decl":{"start":{"line":323,"column":28},"end":{"line":323,"column":29}},"loc":{"start":{"line":323,"column":58},"end":{"line":331,"column":3}},"line":323},"37":{"name":"(anonymous_37)","decl":{"start":{"line":333,"column":2},"end":{"line":333,"column":3}},"loc":{"start":{"line":333,"column":28},"end":{"line":346,"column":3}},"line":333},"38":{"name":"(anonymous_38)","decl":{"start":{"line":347,"column":2},"end":{"line":347,"column":3}},"loc":{"start":{"line":347,"column":35},"end":{"line":364,"column":3}},"line":347},"39":{"name":"(anonymous_39)","decl":{"start":{"line":352,"column":30},"end":{"line":352,"column":31}},"loc":{"start":{"line":353,"column":6},"end":{"line":359,"column":18}},"line":353},"40":{"name":"(anonymous_40)","decl":{"start":{"line":356,"column":10},"end":{"line":356,"column":11}},"loc":{"start":{"line":357,"column":12},"end":{"line":357,"column":76}},"line":357}},"branchMap":{"0":{"loc":{"start":{"line":3,"column":11},"end":{"line":3,"column":35}},"type":"binary-expr","locations":[{"start":{"line":3,"column":11},"end":{"line":3,"column":15}},{"start":{"line":3,"column":19},"end":{"line":3,"column":35}}],"line":3},"1":{"loc":{"start":{"line":7,"column":11},"end":{"line":7,"column":63}},"type":"binary-expr","locations":[{"start":{"line":7,"column":11},"end":{"line":7,"column":31}},{"start":{"line":7,"column":35},"end":{"line":7,"column":63}}],"line":7},"2":{"loc":{"start":{"line":15,"column":11},"end":{"line":15,"column":39}},"type":"cond-expr","locations":[{"start":{"line":15,"column":31},"end":{"line":15,"column":33}},{"start":{"line":15,"column":36},"end":{"line":15,"column":39}}],"line":15},"3":{"loc":{"start":{"line":20,"column":4},"end":{"line":22,"column":5}},"type":"if","locations":[{"start":{"line":20,"column":4},"end":{"line":22,"column":5}},{"start":{},"end":{}}],"line":20},"4":{"loc":{"start":{"line":35,"column":11},"end":{"line":35,"column":49}},"type":"binary-expr","locations":[{"start":{"line":35,"column":11},"end":{"line":35,"column":26}},{"start":{"line":35,"column":30},"end":{"line":35,"column":43}},{"start":{"line":35,"column":47},"end":{"line":35,"column":49}}],"line":35},"5":{"loc":{"start":{"line":117,"column":4},"end":{"line":119,"column":5}},"type":"if","locations":[{"start":{"line":117,"column":4},"end":{"line":119,"column":5}},{"start":{},"end":{}}],"line":117},"6":{"loc":{"start":{"line":123,"column":25},"end":{"line":123,"column":57}},"type":"binary-expr","locations":[{"start":{"line":123,"column":25},"end":{"line":123,"column":51}},{"start":{"line":123,"column":55},"end":{"line":123,"column":57}}],"line":123},"7":{"loc":{"start":{"line":133,"column":13},"end":{"line":133,"column":67}},"type":"cond-expr","locations":[{"start":{"line":133,"column":38},"end":{"line":133,"column":60}},{"start":{"line":133,"column":63},"end":{"line":133,"column":67}}],"line":133},"8":{"loc":{"start":{"line":147,"column":4},"end":{"line":149,"column":5}},"type":"if","locations":[{"start":{"line":147,"column":4},"end":{"line":149,"column":5}},{"start":{},"end":{}}],"line":147},"9":{"loc":{"start":{"line":161,"column":41},"end":{"line":161,"column":56}},"type":"default-arg","locations":[{"start":{"line":161,"column":54},"end":{"line":161,"column":56}}],"line":161},"10":{"loc":{"start":{"line":164,"column":4},"end":{"line":166,"column":5}},"type":"if","locations":[{"start":{"line":164,"column":4},"end":{"line":166,"column":5}},{"start":{},"end":{}}],"line":164},"11":{"loc":{"start":{"line":168,"column":4},"end":{"line":179,"column":5}},"type":"if","locations":[{"start":{"line":168,"column":4},"end":{"line":179,"column":5}},{"start":{},"end":{}}],"line":168},"12":{"loc":{"start":{"line":168,"column":8},"end":{"line":168,"column":58}},"type":"binary-expr","locations":[{"start":{"line":168,"column":8},"end":{"line":168,"column":31}},{"start":{"line":168,"column":35},"end":{"line":168,"column":58}}],"line":168},"13":{"loc":{"start":{"line":185,"column":4},"end":{"line":187,"column":5}},"type":"if","locations":[{"start":{"line":185,"column":4},"end":{"line":187,"column":5}},{"start":{},"end":{}}],"line":185},"14":{"loc":{"start":{"line":189,"column":4},"end":{"line":191,"column":5}},"type":"if","locations":[{"start":{"line":189,"column":4},"end":{"line":191,"column":5}},{"start":{},"end":{}}],"line":189},"15":{"loc":{"start":{"line":197,"column":11},"end":{"line":197,"column":44}},"type":"binary-expr","locations":[{"start":{"line":197,"column":11},"end":{"line":197,"column":28}},{"start":{"line":197,"column":32},"end":{"line":197,"column":44}}],"line":197},"16":{"loc":{"start":{"line":205,"column":4},"end":{"line":207,"column":5}},"type":"if","locations":[{"start":{"line":205,"column":4},"end":{"line":207,"column":5}},{"start":{},"end":{}}],"line":205},"17":{"loc":{"start":{"line":205,"column":8},"end":{"line":205,"column":35}},"type":"binary-expr","locations":[{"start":{"line":205,"column":8},"end":{"line":205,"column":13}},{"start":{"line":205,"column":17},"end":{"line":205,"column":35}}],"line":205},"18":{"loc":{"start":{"line":214,"column":4},"end":{"line":216,"column":5}},"type":"if","locations":[{"start":{"line":214,"column":4},"end":{"line":216,"column":5}},{"start":{},"end":{}}],"line":214},"19":{"loc":{"start":{"line":214,"column":8},"end":{"line":214,"column":35}},"type":"binary-expr","locations":[{"start":{"line":214,"column":8},"end":{"line":214,"column":13}},{"start":{"line":214,"column":17},"end":{"line":214,"column":35}}],"line":214},"20":{"loc":{"start":{"line":229,"column":37},"end":{"line":229,"column":62}},"type":"cond-expr","locations":[{"start":{"line":229,"column":53},"end":{"line":229,"column":57}},{"start":{"line":229,"column":60},"end":{"line":229,"column":62}}],"line":229},"21":{"loc":{"start":{"line":268,"column":4},"end":{"line":270,"column":5}},"type":"if","locations":[{"start":{"line":268,"column":4},"end":{"line":270,"column":5}},{"start":{},"end":{}}],"line":268},"22":{"loc":{"start":{"line":275,"column":4},"end":{"line":277,"column":5}},"type":"if","locations":[{"start":{"line":275,"column":4},"end":{"line":277,"column":5}},{"start":{},"end":{}}],"line":275},"23":{"loc":{"start":{"line":282,"column":4},"end":{"line":284,"column":5}},"type":"if","locations":[{"start":{"line":282,"column":4},"end":{"line":284,"column":5}},{"start":{},"end":{}}],"line":282},"24":{"loc":{"start":{"line":290,"column":11},"end":{"line":292,"column":26}},"type":"cond-expr","locations":[{"start":{"line":291,"column":8},"end":{"line":291,"column":38}},{"start":{"line":292,"column":8},"end":{"line":292,"column":26}}],"line":290},"25":{"loc":{"start":{"line":303,"column":4},"end":{"line":305,"column":5}},"type":"if","locations":[{"start":{"line":303,"column":4},"end":{"line":305,"column":5}},{"start":{},"end":{}}],"line":303},"26":{"loc":{"start":{"line":303,"column":8},"end":{"line":303,"column":49}},"type":"binary-expr","locations":[{"start":{"line":303,"column":8},"end":{"line":303,"column":28}},{"start":{"line":303,"column":32},"end":{"line":303,"column":49}}],"line":303},"27":{"loc":{"start":{"line":306,"column":4},"end":{"line":320,"column":5}},"type":"if","locations":[{"start":{"line":306,"column":4},"end":{"line":320,"column":5}},{"start":{"line":308,"column":11},"end":{"line":320,"column":5}}],"line":306},"28":{"loc":{"start":{"line":308,"column":11},"end":{"line":320,"column":5}},"type":"if","locations":[{"start":{"line":308,"column":11},"end":{"line":320,"column":5}},{"start":{"line":310,"column":11},"end":{"line":320,"column":5}}],"line":308},"29":{"loc":{"start":{"line":310,"column":11},"end":{"line":320,"column":5}},"type":"if","locations":[{"start":{"line":310,"column":11},"end":{"line":320,"column":5}},{"start":{"line":312,"column":11},"end":{"line":320,"column":5}}],"line":310},"30":{"loc":{"start":{"line":312,"column":11},"end":{"line":320,"column":5}},"type":"if","locations":[{"start":{"line":312,"column":11},"end":{"line":320,"column":5}},{"start":{"line":314,"column":11},"end":{"line":320,"column":5}}],"line":312},"31":{"loc":{"start":{"line":314,"column":11},"end":{"line":320,"column":5}},"type":"if","locations":[{"start":{"line":314,"column":11},"end":{"line":320,"column":5}},{"start":{"line":316,"column":11},"end":{"line":320,"column":5}}],"line":314},"32":{"loc":{"start":{"line":316,"column":11},"end":{"line":320,"column":5}},"type":"if","locations":[{"start":{"line":316,"column":11},"end":{"line":320,"column":5}},{"start":{"line":318,"column":11},"end":{"line":320,"column":5}}],"line":316},"33":{"loc":{"start":{"line":323,"column":39},"end":{"line":323,"column":53}},"type":"default-arg","locations":[{"start":{"line":323,"column":51},"end":{"line":323,"column":53}}],"line":323},"34":{"loc":{"start":{"line":324,"column":4},"end":{"line":326,"column":5}},"type":"if","locations":[{"start":{"line":324,"column":4},"end":{"line":326,"column":5}},{"start":{},"end":{}}],"line":324},"35":{"loc":{"start":{"line":337,"column":6},"end":{"line":337,"column":70}},"type":"binary-expr","locations":[{"start":{"line":337,"column":6},"end":{"line":337,"column":46}},{"start":{"line":337,"column":50},"end":{"line":337,"column":70}}],"line":337}},"s":{"0":138,"1":3,"2":81,"3":4,"4":4,"5":4,"6":2,"7":2,"8":2,"9":2,"10":2,"11":2,"12":2,"13":1,"14":1,"15":1,"16":1,"17":1,"18":1,"19":1,"20":1,"21":1,"22":1,"23":1,"24":1,"25":1,"26":1,"27":1,"28":1,"29":1,"30":1,"31":1,"32":1,"33":1,"34":1,"35":1,"36":1,"37":1,"38":1,"39":1,"40":1,"41":1,"42":1,"43":1,"44":1,"45":1,"46":1,"47":1,"48":1,"49":1,"50":1,"51":1,"52":1,"53":1,"54":1,"55":1,"56":1,"57":1,"58":1,"59":1,"60":1,"61":1,"62":1,"63":1,"64":1,"65":1,"66":11,"67":11,"68":99,"69":11,"70":3,"71":2,"72":1,"73":1,"74":1,"75":1,"76":1,"77":2,"78":1,"79":2,"80":1,"81":3,"82":2,"83":1,"84":2,"85":2,"86":1,"87":4,"88":4,"89":4,"90":1,"91":3,"92":1,"93":1,"94":1,"95":1,"96":1,"97":2,"98":3,"99":1,"100":2,"101":1,"102":1,"103":7,"104":1,"105":2,"106":1,"107":1,"108":1,"109":1,"110":2,"111":1,"112":1,"113":1,"114":1,"115":1,"116":1,"117":1,"118":2,"119":2,"120":2,"121":2,"122":1,"123":4,"124":2,"125":4,"126":2,"127":2,"128":6,"129":135,"130":2,"131":9,"132":1,"133":8,"134":2,"135":1,"136":1,"137":5,"138":1,"139":4,"140":23,"141":23,"142":32,"143":32,"144":32,"145":32,"146":32,"147":32,"148":32,"149":5,"150":27,"151":8,"152":19,"153":13,"154":6,"155":3,"156":3,"157":1,"158":2,"159":1,"160":1,"161":1,"162":0,"163":47,"164":2,"165":1,"166":1,"167":1,"168":1,"169":2,"170":2,"171":2,"172":2,"173":2,"174":2,"175":2,"176":4,"177":4,"178":2},"f":{"0":138,"1":3,"2":81,"3":4,"4":4,"5":2,"6":2,"7":1,"8":1,"9":11,"10":99,"11":3,"12":2,"13":2,"14":3,"15":2,"16":4,"17":3,"18":7,"19":1,"20":2,"21":2,"22":1,"23":4,"24":2,"25":4,"26":2,"27":2,"28":6,"29":135,"30":2,"31":9,"32":2,"33":5,"34":23,"35":32,"36":2,"37":2,"38":2,"39":4,"40":4},"b":{"0":[138,55],"1":[3,2],"2":[1,3],"3":[2,2],"4":[2,1,1],"5":[2,1],"6":[1,1],"7":[0,2],"8":[2,1],"9":[0],"10":[1,3],"11":[1,2],"12":[3,1],"13":[1,2],"14":[1,1],"15":[7,6],"16":[1,1],"17":[2,1],"18":[1,1],"19":[2,1],"20":[1,1],"21":[1,8],"22":[1,1],"23":[1,4],"24":[18,5],"25":[5,27],"26":[32,29],"27":[8,19],"28":[13,6],"29":[3,3],"30":[1,2],"31":[1,1],"32":[1,0],"33":[0],"34":[1,1],"35":[2,2]},"_coverageSchema":"1a1c01bbd47fc00a2c39e90264f33305004495a9","hash":"fe2870f4a0ae15e27f1565699e4d70ffafc0558f"}
,"/Users/mehedihasan/Documents/project/cx_app/pearl-cx/CustomerExperience/app/Utils/ThreeDots.js": {"path":"/Users/mehedihasan/Documents/project/cx_app/pearl-cx/CustomerExperience/app/Utils/ThreeDots.js","statementMap":{"0":{"start":{"line":4,"column":17},"end":{"line":15,"column":1}},"1":{"start":{"line":5,"column":16},"end":{"line":5,"column":18}},"2":{"start":{"line":6,"column":2},"end":{"line":8,"column":3}},"3":{"start":{"line":6,"column":15},"end":{"line":6,"column":16}},"4":{"start":{"line":7,"column":4},"end":{"line":7,"column":57}},"5":{"start":{"line":10,"column":2},"end":{"line":14,"column":4}},"6":{"start":{"line":17,"column":15},"end":{"line":24,"column":1}},"7":{"start":{"line":18,"column":2},"end":{"line":23,"column":4}},"8":{"start":{"line":26,"column":15},"end":{"line":40,"column":2}}},"fnMap":{"0":{"name":"(anonymous_0)","decl":{"start":{"line":4,"column":17},"end":{"line":4,"column":18}},"loc":{"start":{"line":4,"column":26},"end":{"line":15,"column":1}},"line":4},"1":{"name":"(anonymous_1)","decl":{"start":{"line":17,"column":15},"end":{"line":17,"column":16}},"loc":{"start":{"line":17,"column":24},"end":{"line":24,"column":1}},"line":17}},"branchMap":{},"s":{"0":1,"1":3,"2":3,"3":3,"4":9,"5":3,"6":1,"7":9,"8":1},"f":{"0":3,"1":9},"b":{},"_coverageSchema":"1a1c01bbd47fc00a2c39e90264f33305004495a9","hash":"3467c015328f47673a6b7eb58887111d3252facc"}
,"/Users/mehedihasan/Documents/project/cx_app/pearl-cx/CustomerExperience/app/Utils/TicketUtils.js": {"path":"/Users/mehedihasan/Documents/project/cx_app/pearl-cx/CustomerExperience/app/Utils/TicketUtils.js","statementMap":{"0":{"start":{"line":5,"column":27},"end":{"line":15,"column":1}},"1":{"start":{"line":17,"column":28},"end":{"line":22,"column":1}},"2":{"start":{"line":24,"column":26},"end":{"line":30,"column":1}},"3":{"start":{"line":32,"column":51},"end":{"line":40,"column":1}},"4":{"start":{"line":42,"column":41},"end":{"line":48,"column":1}},"5":{"start":{"line":50,"column":30},"end":{"line":53,"column":1}},"6":{"start":{"line":55,"column":33},"end":{"line":63,"column":1}},"7":{"start":{"line":56,"column":14},"end":{"line":56,"column":37}},"8":{"start":{"line":57,"column":2},"end":{"line":61,"column":5}},"9":{"start":{"line":58,"column":4},"end":{"line":60,"column":5}},"10":{"start":{"line":59,"column":6},"end":{"line":59,"column":28}},"11":{"start":{"line":62,"column":2},"end":{"line":62,"column":15}},"12":{"start":{"line":65,"column":29},"end":{"line":87,"column":1}},"13":{"start":{"line":80,"column":14},"end":{"line":80,"column":33}},"14":{"start":{"line":81,"column":2},"end":{"line":85,"column":5}},"15":{"start":{"line":82,"column":4},"end":{"line":84,"column":5}},"16":{"start":{"line":83,"column":6},"end":{"line":83,"column":28}},"17":{"start":{"line":86,"column":2},"end":{"line":86,"column":15}},"18":{"start":{"line":89,"column":31},"end":{"line":110,"column":1}},"19":{"start":{"line":102,"column":14},"end":{"line":102,"column":35}},"20":{"start":{"line":103,"column":2},"end":{"line":108,"column":5}},"21":{"start":{"line":104,"column":4},"end":{"line":107,"column":5}},"22":{"start":{"line":105,"column":6},"end":{"line":105,"column":45}},"23":{"start":{"line":106,"column":6},"end":{"line":106,"column":28}},"24":{"start":{"line":109,"column":2},"end":{"line":109,"column":15}},"25":{"start":{"line":112,"column":34},"end":{"line":121,"column":1}},"26":{"start":{"line":113,"column":14},"end":{"line":113,"column":23}},"27":{"start":{"line":114,"column":2},"end":{"line":118,"column":5}},"28":{"start":{"line":115,"column":4},"end":{"line":117,"column":5}},"29":{"start":{"line":116,"column":6},"end":{"line":116,"column":34}},"30":{"start":{"line":120,"column":2},"end":{"line":120,"column":15}},"31":{"start":{"line":123,"column":32},"end":{"line":132,"column":1}},"32":{"start":{"line":124,"column":14},"end":{"line":124,"column":21}},"33":{"start":{"line":125,"column":2},"end":{"line":129,"column":5}},"34":{"start":{"line":126,"column":4},"end":{"line":128,"column":5}},"35":{"start":{"line":127,"column":6},"end":{"line":127,"column":32}},"36":{"start":{"line":131,"column":2},"end":{"line":131,"column":15}},"37":{"start":{"line":134,"column":34},"end":{"line":143,"column":1}},"38":{"start":{"line":135,"column":14},"end":{"line":135,"column":16}},"39":{"start":{"line":136,"column":2},"end":{"line":140,"column":5}},"40":{"start":{"line":137,"column":4},"end":{"line":139,"column":5}},"41":{"start":{"line":138,"column":6},"end":{"line":138,"column":16}},"42":{"start":{"line":142,"column":2},"end":{"line":142,"column":15}},"43":{"start":{"line":145,"column":36},"end":{"line":154,"column":1}},"44":{"start":{"line":146,"column":14},"end":{"line":146,"column":16}},"45":{"start":{"line":147,"column":2},"end":{"line":151,"column":5}},"46":{"start":{"line":148,"column":4},"end":{"line":150,"column":5}},"47":{"start":{"line":149,"column":6},"end":{"line":149,"column":16}},"48":{"start":{"line":153,"column":2},"end":{"line":153,"column":15}},"49":{"start":{"line":156,"column":31},"end":{"line":164,"column":1}},"50":{"start":{"line":157,"column":14},"end":{"line":157,"column":15}},"51":{"start":{"line":158,"column":2},"end":{"line":162,"column":5}},"52":{"start":{"line":159,"column":4},"end":{"line":161,"column":5}},"53":{"start":{"line":160,"column":6},"end":{"line":160,"column":21}},"54":{"start":{"line":163,"column":2},"end":{"line":163,"column":15}},"55":{"start":{"line":166,"column":37},"end":{"line":174,"column":1}},"56":{"start":{"line":167,"column":13},"end":{"line":167,"column":15}},"57":{"start":{"line":168,"column":2},"end":{"line":172,"column":5}},"58":{"start":{"line":169,"column":4},"end":{"line":171,"column":5}},"59":{"start":{"line":170,"column":6},"end":{"line":170,"column":21}},"60":{"start":{"line":173,"column":2},"end":{"line":173,"column":14}},"61":{"start":{"line":176,"column":29},"end":{"line":184,"column":1}},"62":{"start":{"line":177,"column":15},"end":{"line":177,"column":17}},"63":{"start":{"line":178,"column":2},"end":{"line":182,"column":5}},"64":{"start":{"line":179,"column":4},"end":{"line":181,"column":5}},"65":{"start":{"line":180,"column":6},"end":{"line":180,"column":21}},"66":{"start":{"line":183,"column":2},"end":{"line":183,"column":16}},"67":{"start":{"line":187,"column":17},"end":{"line":187,"column":47}},"68":{"start":{"line":189,"column":13},"end":{"line":189,"column":15}},"69":{"start":{"line":190,"column":2},"end":{"line":199,"column":5}},"70":{"start":{"line":191,"column":4},"end":{"line":198,"column":5}},"71":{"start":{"line":192,"column":6},"end":{"line":197,"column":9}},"72":{"start":{"line":196,"column":20},"end":{"line":196,"column":54}},"73":{"start":{"line":201,"column":2},"end":{"line":206,"column":5}},"74":{"start":{"line":205,"column":16},"end":{"line":205,"column":33}},"75":{"start":{"line":207,"column":2},"end":{"line":207,"column":14}},"76":{"start":{"line":211,"column":2},"end":{"line":213,"column":3}},"77":{"start":{"line":212,"column":4},"end":{"line":212,"column":14}},"78":{"start":{"line":214,"column":17},"end":{"line":214,"column":47}},"79":{"start":{"line":216,"column":13},"end":{"line":216,"column":15}},"80":{"start":{"line":218,"column":2},"end":{"line":225,"column":5}},"81":{"start":{"line":224,"column":16},"end":{"line":224,"column":33}},"82":{"start":{"line":227,"column":2},"end":{"line":238,"column":5}},"83":{"start":{"line":228,"column":4},"end":{"line":237,"column":5}},"84":{"start":{"line":229,"column":6},"end":{"line":236,"column":9}},"85":{"start":{"line":235,"column":20},"end":{"line":235,"column":54}},"86":{"start":{"line":240,"column":2},"end":{"line":240,"column":14}},"87":{"start":{"line":244,"column":21},"end":{"line":252,"column":4}},"88":{"start":{"line":245,"column":15},"end":{"line":245,"column":17}},"89":{"start":{"line":246,"column":4},"end":{"line":250,"column":7}},"90":{"start":{"line":247,"column":6},"end":{"line":249,"column":7}},"91":{"start":{"line":248,"column":8},"end":{"line":248,"column":59}},"92":{"start":{"line":251,"column":4},"end":{"line":251,"column":16}},"93":{"start":{"line":253,"column":2},"end":{"line":253,"column":20}},"94":{"start":{"line":283,"column":17},"end":{"line":283,"column":19}},"95":{"start":{"line":284,"column":33},"end":{"line":284,"column":35}},"96":{"start":{"line":285,"column":2},"end":{"line":292,"column":3}},"97":{"start":{"line":286,"column":4},"end":{"line":291,"column":5}},"98":{"start":{"line":286,"column":17},"end":{"line":286,"column":18}},"99":{"start":{"line":287,"column":6},"end":{"line":290,"column":7}},"100":{"start":{"line":288,"column":8},"end":{"line":288,"column":44}},"101":{"start":{"line":289,"column":8},"end":{"line":289,"column":32}},"102":{"start":{"line":294,"column":2},"end":{"line":294,"column":32}},"103":{"start":{"line":297,"column":31},"end":{"line":307,"column":1}},"104":{"start":{"line":298,"column":20},"end":{"line":298,"column":46}},"105":{"start":{"line":299,"column":2},"end":{"line":306,"column":19}},"106":{"start":{"line":301,"column":21},"end":{"line":301,"column":42}}},"fnMap":{"0":{"name":"(anonymous_0)","decl":{"start":{"line":55,"column":33},"end":{"line":55,"column":34}},"loc":{"start":{"line":55,"column":43},"end":{"line":63,"column":1}},"line":55},"1":{"name":"(anonymous_1)","decl":{"start":{"line":57,"column":25},"end":{"line":57,"column":26}},"loc":{"start":{"line":57,"column":36},"end":{"line":61,"column":3}},"line":57},"2":{"name":"(anonymous_2)","decl":{"start":{"line":65,"column":29},"end":{"line":65,"column":30}},"loc":{"start":{"line":65,"column":41},"end":{"line":87,"column":1}},"line":65},"3":{"name":"(anonymous_3)","decl":{"start":{"line":81,"column":21},"end":{"line":81,"column":22}},"loc":{"start":{"line":81,"column":32},"end":{"line":85,"column":3}},"line":81},"4":{"name":"(anonymous_4)","decl":{"start":{"line":89,"column":31},"end":{"line":89,"column":32}},"loc":{"start":{"line":89,"column":45},"end":{"line":110,"column":1}},"line":89},"5":{"name":"(anonymous_5)","decl":{"start":{"line":103,"column":23},"end":{"line":103,"column":24}},"loc":{"start":{"line":103,"column":34},"end":{"line":108,"column":3}},"line":103},"6":{"name":"(anonymous_6)","decl":{"start":{"line":112,"column":34},"end":{"line":112,"column":35}},"loc":{"start":{"line":112,"column":62},"end":{"line":121,"column":1}},"line":112},"7":{"name":"(anonymous_7)","decl":{"start":{"line":114,"column":22},"end":{"line":114,"column":23}},"loc":{"start":{"line":114,"column":33},"end":{"line":118,"column":3}},"line":114},"8":{"name":"(anonymous_8)","decl":{"start":{"line":123,"column":32},"end":{"line":123,"column":33}},"loc":{"start":{"line":123,"column":53},"end":{"line":132,"column":1}},"line":123},"9":{"name":"(anonymous_9)","decl":{"start":{"line":125,"column":17},"end":{"line":125,"column":18}},"loc":{"start":{"line":125,"column":28},"end":{"line":129,"column":3}},"line":125},"10":{"name":"(anonymous_10)","
[...]
,"/Users/mehedihasan/Documents/project/cx_app/pearl-cx/CustomerExperience/app/widgets/closedloopWidget/SortingToggleButton.js": {"path":"/Users/mehedihasan/Documents/project/cx_app/pearl-cx/CustomerExperience/app/widgets/closedloopWidget/SortingToggleButton.js","statementMap":{"0":{"start":{"line":9,"column":28},"end":{"line":39,"column":1}},"1":{"start":{"line":10,"column":2},"end":{"line":38,"column":4}}},"fnMap":{"0":{"name":"(anonymous_0)","decl":{"start":{"line":9,"column":28},"end":{"line":9,"column":29}},"loc":{"start":{"line":9,"column":49},"end":{"line":39,"column":1}},"line":9}},"branchMap":{},"s":{"0":3,"1":7},"f":{"0":7},"b":{},"_coverageSchema":"1a1c01bbd47fc00a2c39e90264f33305004495a9","hash":"78b25b3e37940190c5384e2e51849dd273396921"}
,"/Users/mehedihasan/Documents/project/cx_app/pearl-cx/CustomerExperience/app/widgets/dashboardWidget/CsatChart.js": {"path":"/Users/mehedihasan/Documents/project/cx_app/pearl-cx/CustomerExperience/app/widgets/dashboardWidget/CsatChart.js","statementMap":{"0":{"start":{"line":10,"column":2},"end":{"line":10,"column":76}},"1":{"start":{"line":12,"column":2},"end":{"line":28,"column":4}},"2":{"start":{"line":30,"column":18},"end":{"line":57,"column":1}},"3":{"start":{"line":31,"column":62},"end":{"line":33,"column":3}},"4":{"start":{"line":32,"column":13},"end":{"line":32,"column":52}},"5":{"start":{"line":35,"column":29},"end":{"line":39,"column":3}},"6":{"start":{"line":41,"column":2},"end":{"line":56,"column":4}}},"fnMap":{"0":{"name":"getCsatData","decl":{"start":{"line":9,"column":16},"end":{"line":9,"column":27}},"loc":{"start":{"line":9,"column":57},"end":{"line":29,"column":1}},"line":9},"1":{"name":"(anonymous_1)","decl":{"start":{"line":30,"column":18},"end":{"line":30,"column":19}},"loc":{"start":{"line":30,"column":24},"end":{"line":57,"column":1}},"line":30},"2":{"name":"(anonymous_2)","decl":{"start":{"line":32,"column":4},"end":{"line":32,"column":5}},"loc":{"start":{"line":32,"column":13},"end":{"line":32,"column":52}},"line":32}},"branchMap":{},"s":{"0":3,"1":3,"2":1,"3":2,"4":2,"5":2,"6":2},"f":{"0":3,"1":2,"2":2},"b":{},"_coverageSchema":"1a1c01bbd47fc00a2c39e90264f33305004495a9","hash":"7f96638cd83476c3c89ecb410ed6d78c9df2cfec"}
,"/Users/mehedihasan/Documents/project/cx_app/pearl-cx/CustomerExperience/app/widgets/dashboardWidget/CsatScoreLabel.js": {"path":"/Users/mehedihasan/Documents/project/cx_app/pearl-cx/CustomerExperience/app/widgets/dashboardWidget/CsatScoreLabel.js","statementMap":{"0":{"start":{"line":6,"column":23},"end":{"line":19,"column":1}},"1":{"start":{"line":7,"column":39},"end":{"line":9,"column":3}},"2":{"start":{"line":8,"column":13},"end":{"line":8,"column":52}},"3":{"start":{"line":10,"column":29},"end":{"line":10,"column":66}},"4":{"start":{"line":10,"column":50},"end":{"line":10,"column":65}},"5":{"start":{"line":12,"column":2},"end":{"line":18,"column":4}}},"fnMap":{"0":{"name":"(anonymous_0)","decl":{"start":{"line":6,"column":23},"end":{"line":6,"column":24}},"loc":{"start":{"line":6,"column":29},"end":{"line":19,"column":1}},"line":6},"1":{"name":"(anonymous_1)","decl":{"start":{"line":8,"column":4},"end":{"line":8,"column":5}},"loc":{"start":{"line":8,"column":13},"end":{"line":8,"column":52}},"line":8},"2":{"name":"(anonymous_2)","decl":{"start":{"line":10,"column":41},"end":{"line":10,"column":42}},"loc":{"start":{"line":10,"column":50},"end":{"line":10,"column":65}},"line":10}},"branchMap":{"0":{"loc":{"start":{"line":14,"column":7},"end":{"line":16,"column":65}},"type":"cond-expr","locations":[{"start":{"line":15,"column":10},"end":{"line":15,"column":70}},{"start":{"line":16,"column":10},"end":{"line":16,"column":65}}],"line":14}},"s":{"0":1,"1":4,"2":4,"3":4,"4":4,"5":4},"f":{"0":4,"1":4,"2":4},"b":{"0":[3,1]},"_coverageSchema":"1a1c01bbd47fc00a2c39e90264f33305004495a9","hash":"901710af678d88689b02706b17f9aff4689a4512"}
,"/Users/mehedihasan/Documents/project/cx_app/pearl-cx/CustomerExperience/app/widgets/dashboardWidget/CsatToggleButton.js": {"path":"/Users/mehedihasan/Documents/project/cx_app/pearl-cx/CustomerExperience/app/widgets/dashboardWidget/CsatToggleButton.js","statementMap":{"0":{"start":{"line":8,"column":25},"end":{"line":22,"column":1}},"1":{"start":{"line":9,"column":19},"end":{"line":9,"column":32}},"2":{"start":{"line":10,"column":29},"end":{"line":10,"column":66}},"3":{"start":{"line":10,"column":50},"end":{"line":10,"column":65}},"4":{"start":{"line":11,"column":16},"end":{"line":11,"column":58}},"5":{"start":{"line":12,"column":21},"end":{"line":14,"column":3}},"6":{"start":{"line":13,"column":4},"end":{"line":13,"column":48}},"7":{"start":{"line":16,"column":2},"end":{"line":21,"column":4}}},"fnMap":{"0":{"name":"(anonymous_0)","decl":{"start":{"line":8,"column":25},"end":{"line":8,"column":26}},"loc":{"start":{"line":8,"column":31},"end":{"line":22,"column":1}},"line":8},"1":{"name":"(anonymous_1)","decl":{"start":{"line":10,"column":41},"end":{"line":10,"column":42}},"loc":{"start":{"line":10,"column":50},"end":{"line":10,"column":65}},"line":10},"2":{"name":"(anonymous_2)","decl":{"start":{"line":12,"column":21},"end":{"line":12,"column":22}},"loc":{"start":{"line":12,"column":27},"end":{"line":14,"column":3}},"line":12}},"branchMap":{"0":{"loc":{"start":{"line":11,"column":16},"end":{"line":11,"column":58}},"type":"cond-expr","locations":[{"start":{"line":11,"column":35},"end":{"line":11,"column":46}},{"start":{"line":11,"column":49},"end":{"line":11,"column":58}}],"line":11}},"s":{"0":1,"1":5,"2":5,"3":5,"4":5,"5":5,"6":1,"7":5},"f":{"0":5,"1":5,"2":1},"b":{"0":[4,1]},"_coverageSchema":"1a1c01bbd47fc00a2c39e90264f33305004495a9","hash":"cb5bf5a51c92f799a714993d4bf6622fb44615b7"}
,"/Users/mehedihasan/Documents/project/cx_app/pearl-cx/CustomerExperience/app/widgets/dashboardWidget/DottedLine.js": {"path":"/Users/mehedihasan/Documents/project/cx_app/pearl-cx/CustomerExperience/app/widgets/dashboardWidget/DottedLine.js","statementMap":{"0":{"start":{"line":6,"column":19},"end":{"line":23,"column":1}},"1":{"start":{"line":12,"column":2},"end":{"line":22,"column":4}},"2":{"start":{"line":25,"column":15},"end":{"line":36,"column":2}}},"fnMap":{"0":{"name":"(anonymous_0)","decl":{"start":{"line":6,"column":19},"end":{"line":6,"column":20}},"loc":{"start":{"line":10,"column":6},"end":{"line":23,"column":1}},"line":10}},"branchMap":{"0":{"loc":{"start":{"line":7,"column":2},"end":{"line":7,"column":36}},"type":"default-arg","locations":[{"start":{"line":7,"column":10},"end":{"line":7,"column":36}}],"line":7},"1":{"loc":{"start":{"line":8,"column":2},"end":{"line":8,"column":31}},"type":"default-arg","locations":[{"start":{"line":8,"column":10},"end":{"line":8,"column":31}}],"line":8},"2":{"loc":{"start":{"line":9,"column":2},"end":{"line":9,"column":24}},"type":"default-arg","locations":[{"start":{"line":9,"column":16},"end":{"line":9,"column":24}}],"line":9}},"s":{"0":1,"1":1,"2":1},"f":{"0":1},"b":{"0":[1],"1":[1],"2":[1]},"_coverageSchema":"1a1c01bbd47fc00a2c39e90264f33305004495a9","hash":"c5d66d30de94cf31b256f179a3b9a26bd2d1a071"}
,"/Users/mehedihasan/Documents/project/cx_app/pearl-cx/CustomerExperience/app/widgets/dashboardWidget/LegendScoreView.js": {"path":"/Users/mehedihasan/Documents/project/cx_app/pearl-cx/CustomerExperience/app/widgets/dashboardWidget/LegendScoreView.js","statementMap":{"0":{"start":{"line":10,"column":24},"end":{"line":16,"column":1}},"1":{"start":{"line":11,"column":2},"end":{"line":15,"column":4}},"2":{"start":{"line":18,"column":24},"end":{"line":52,"column":1}},"3":{"start":{"line":19,"column":2},"end":{"line":51,"column":4}},"4":{"start":{"line":54,"column":15},"end":{"line":68,"column":2}}},"fnMap":{"0":{"name":"(anonymous_0)","decl":{"start":{"line":10,"column":24},"end":{"line":10,"column":25}},"loc":{"start":{"line":10,"column":71},"end":{"line":16,"column":1}},"line":10},"1":{"name":"(anonymous_1)","decl":{"start":{"line":18,"column":24},"end":{"line":18,"column":25}},"loc":{"start":{"line":18,"column":73},"end":{"line":52,"column":1}},"line":18}},"branchMap":{"0":{"loc":{"start":{"line":10,"column":26},"end":{"line":10,"column":55}},"type":"default-arg","locations":[{"start":{"line":10,"column":43},"end":{"line":10,"column":55}}],"line":10},"1":{"loc":{"start":{"line":30,"column":16},"end":{"line":30,"column":27}},"type":"binary-expr","locations":[{"start":{"line":30,"column":16},"end":{"line":30,"column":21}},{"start":{"line":30,"column":25},"end":{"line":30,"column":27}}],"line":30},"2":{"loc":{"start":{"line":38,"column":16},"end":{"line":38,"column":27}},"type":"binary-expr","locations":[{"start":{"line":38,"column":16},"end":{"line":38,"column":21}},{"start":{"line":38,"column":25},"end":{"line":38,"column":27}}],"line":38}},"s":{"0":1,"1":6,"2":1,"3":3,"4":1},"f":{"0":6,"1":3},"b":{"0":[3],"1":[3,0],"2":[3,0]},"_coverageSchema":"1a1c01bbd47fc00a2c39e90264f33305004495a9","hash":"958961cff6a8fb22c60f730cd89c67985d20bcb5"}
,"/Users/mehedihasan/Documents/project/cx_app/pearl-cx/CustomerExperience/app/widgets/dashboardWidget/NpsGaugeChart.js": {"path":"/Users/mehedihasan/Documents/project/cx_app/pearl-cx/CustomerExperience/app/widgets/dashboardWidget/NpsGaugeChart.js","statementMap":{"0":{"start":{"line":10,"column":29},"end":{"line":43,"column":1}},"1":{"start":{"line":11,"column":14},"end":{"line":11,"column":16}},"2":{"start":{"line":12,"column":2},"end":{"line":26,"column":3}},"3":{"start":{"line":13,"column":4},"end":{"line":25,"column":7}},"4":{"start":{"line":28,"column":2},"end":{"line":40,"column":5}},"5":{"start":{"line":42,"column":2},"end":{"line":42,"column":15}},"6":{"start":{"line":45,"column":22},"end":{"line":108,"column":1}},"7":{"start":{"line":53,"column":6},"end":{"line":53,"column":68}},"8":{"start":{"line":53,"column":27},"end":{"line":53,"column":67}},"9":{"start":{"line":55,"column":20},"end":{"line":55,"column":32}},"10":{"start":{"line":57,"column":21},"end":{"line":65,"column":3}},"11":{"start":{"line":67,"column":17},"end":{"line":98,"column":3}},"12":{"start":{"line":100,"column":2},"end":{"line":107,"column":4}},"13":{"start":{"line":110,"column":15},"end":{"line":117,"column":2}}},"fnMap":{"0":{"name":"(anonymous_0)","decl":{"start":{"line":10,"column":29},"end":{"line":10,"column":30}},"loc":{"start":{"line":10,"column":49},"end":{"line":43,"column":1}},"line":10},"1":{"name":"(anonymous_1)","decl":{"start":{"line":45,"column":22},"end":{"line":45,"column":23}},"loc":{"start":{"line":45,"column":28},"end":{"line":108,"column":1}},"line":45},"2":{"name":"(anonymous_2)","decl":{"start":{"line":53,"column":18},"end":{"line":53,"column":19}},"loc":{"start":{"line":53,"column":27},"end":{"line":53,"column":67}},"line":53}},"branchMap":{"0":{"loc":{"start":{"line":12,"column":2},"end":{"line":26,"column":3}},"type":"if","locations":[{"start":{"line":12,"column":2},"end":{"line":26,"column":3}},{"start":{},"end":{}}],"line":12},"1":{"loc":{"start":{"line":58,"column":4},"end":{"line":64,"column":48}},"type":"cond-expr","locations":[{"start":{"line":59,"column":8},"end":{"line":63,"column":9}},{"start":{"line":64,"column":8},"end":{"line":64,"column":48}}],"line":58},"2":{"loc":{"start":{"line":58,"column":5},"end":{"line":58,"column":24}},"type":"binary-expr","locations":[{"start":{"line":58,"column":5},"end":{"line":58,"column":19}},{"start":{"line":58,"column":23},"end":{"line":58,"column":24}}],"line":58}},"s":{"0":1,"1":1,"2":1,"3":1,"4":1,"5":1,"6":1,"7":1,"8":1,"9":1,"10":1,"11":1,"12":1,"13":1},"f":{"0":1,"1":1,"2":1},"b":{"0":[1,0],"1":[1,0],"2":[1,0]},"_coverageSchema":"1a1c01bbd47fc00a2c39e90264f33305004495a9","hash":"18064997c95e26426577ff72281b199d8f7eb490"}
,"/Users/mehedihasan/Documents/project/cx_app/pearl-cx/CustomerExperience/app/widgets/dashboardWidget/RenderInfo.js": {"path":"/Users/mehedihasan/Documents/project/cx_app/pearl-cx/CustomerExperience/app/widgets/dashboardWidget/RenderInfo.js","statementMap":{"0":{"start":{"line":5,"column":19},"end":{"line":24,"column":1}},"1":{"start":{"line":6,"column":15},"end":{"line":6,"column":17}},"2":{"start":{"line":7,"column":2},"end":{"line":23,"column":4}}},"fnMap":{"0":{"name":"(anonymous_0)","decl":{"start":{"line":5,"column":19},"end":{"line":5,"column":20}},"loc":{"start":{"line":5,"column":45},"end":{"line":24,"column":1}},"line":5}},"branchMap":{},"s":{"0":2,"1":4,"2":4},"f":{"0":4},"b":{},"_coverageSchema":"1a1c01bbd47fc00a2c39e90264f33305004495a9","hash":"8531ff83f2f19ebf60ecaf7fb7877cdb625f8b98"}
,"/Users/mehedihasan/Documents/project/cx_app/pearl-cx/CustomerExperience/app/widgets/dashboardWidget/RenderInfoContainer.js": {"path":"/Users/mehedihasan/Documents/project/cx_app/pearl-cx/CustomerExperience/app/widgets/dashboardWidget/RenderInfoContainer.js","statementMap":{"0":{"start":{"line":9,"column":28},"end":{"line":27,"column":1}},"1":{"start":{"line":11,"column":4},"end":{"line":13,"column":10}},"2":{"start":{"line":12,"column":15},"end":{"line":12,"column":71}},"3":{"start":{"line":15,"column":24},"end":{"line":15,"column":70}},"4":{"start":{"line":16,"column":23},"end":{"line":16,"column":83}},"5":{"start":{"line":18,"column":2},"end":{"line":26,"column":4}}},"fnMap":{"0":{"name":"(anonymous_0)","decl":{"start":{"line":9,"column":28},"end":{"line":9,"column":29}},"loc":{"start":{"line":9,"column":34},"end":{"line":27,"column":1}},"line":9},"1":{"name":"(anonymous_1)","decl":{"start":{"line":12,"column":6},"end":{"line":12,"column":7}},"loc":{"start":{"line":12,"column":15},"end":{"line":12,"column":71}},"line":12}},"branchMap":{"0":{"loc":{"start":{"line":11,"column":4},"end":{"line":13,"column":10}},"type":"binary-expr","locations":[{"start":{"line":11,"column":4},"end":{"line":13,"column":5}},{"start":{"line":13,"column":9},"end":{"line":13,"column":10}}],"line":11}},"s":{"0":1,"1":2,"2":1,"3":1,"4":1,"5":1},"f":{"0":2,"1":1},"b":{"0":[2,0]},"_coverageSchema":"1a1c01bbd47fc00a2c39e90264f33305004495a9","hash":"4bc6cd981af07eff83ae827d7188ccf614b15880"}
,"/Users/mehedihasan/Documents/project/cx_app/pearl-cx/CustomerExperience/app/widgets/dashboardWidget/RenderSegmentTitle.js": {"path":"/Users/mehedihasan/Documents/project/cx_app/pearl-cx/CustomerExperience/app/widgets/dashboardWidget/RenderSegmentTitle.js","statementMap":{"0":{"start":{"line":5,"column":29},"end":{"line":20,"column":1}},"1":{"start":{"line":6,"column":2},"end":{"line":19,"column":4}}},"fnMap":{"0":{"name":"(anonymous_0)","decl":{"start":{"line":5,"column":29},"end":{"line":5,"column":30}},"loc":{"start":{"line":5,"column":48},"end":{"line":20,"column":1}},"line":5}},"branchMap":{},"s":{"0":2,"1":3},"f":{"0":3},"b":{},"_coverageSchema":"1a1c01bbd47fc00a2c39e90264f33305004495a9","hash":"f304b2df1033b215dca2fd2eb6c87d284af687bb"}
,"/Users/mehedihasan/Documents/project/cx_app/pearl-cx/CustomerExperience/app/widgets/dashboardWidget/ResponsesButton.js": {"path":"/Users/mehedihasan/Documents/project/cx_app/pearl-cx/CustomerExperience/app/widgets/dashboardWidget/ResponsesButton.js","statementMap":{"0":{"start":{"line":7,"column":24},"end":{"line":22,"column":1}},"1":{"start":{"line":8,"column":19},"end":{"line":8,"column":34}},"2":{"start":{"line":9,"column":30},"end":{"line":11,"column":3}},"3":{"start":{"line":10,"column":4},"end":{"line":10,"column":50}},"4":{"start":{"line":13,"column":2},"end":{"line":21,"column":4}}},"fnMap":{"0":{"name":"(anonymous_0)","decl":{"start":{"line":7,"column":24},"end":{"line":7,"column":25}},"loc":{"start":{"line":7,"column":30},"end":{"line":22,"column":1}},"line":7},"1":{"name":"(anonymous_1)","decl":{"start":{"line":9,"column":30},"end":{"line":9,"column":31}},"loc":{"start":{"line":9,"column":36},"end":{"line":11,"column":3}},"line":9}},"branchMap":{},"s":{"0":1,"1":3,"2":3,"3":1,"4":3},"f":{"0":3,"1":1},"b":{},"_coverageSchema":"1a1c01bbd47fc00a2c39e90264f33305004495a9","hash":"d4782ff210a2e4a25a2dbabe89b4e72cfa02462f"}
,"/Users/mehedihasan/Documents/project/cx_app/pearl-cx/CustomerExperience/app/widgets/dashboardWidget/ScoreIndicatorIcon.js": {"path":"/Users/mehedihasan/Documents/project/cx_app/pearl-cx/CustomerExperience/app/widgets/dashboardWidget/ScoreIndicatorIcon.js","statementMap":{"0":{"start":{"line":5,"column":27},"end":{"line":14,"column":1}},"1":{"start":{"line":6,"column":2},"end":{"line":13,"column":4}}},"fnMap":{"0":{"name":"(anonymous_0)","decl":{"start":{"line":5,"column":27},"end":{"line":5,"column":28}},"loc":{"start":{"line":5,"column":39},"end":{"line":14,"column":1}},"line":5}},"branchMap":{"0":{"loc":{"start":{"line":6,"column":9},"end":{"line":13,"column":3}},"type":"cond-expr","locations":[{"start":{"line":7,"column":4},"end":{"line":7,"column":29}},{"start":{"line":9,"column":4},"end":{"line":12,"column":6}}],"line":6},"1":{"loc":{"start":{"line":10,"column":12},"end":{"line":10,"column":60}},"type":"cond-expr","locations":[{"start":{"line":10,"column":23},"end":{"line":10,"column":41}},{"start":{"line":10,"column":44},"end":{"line":10,"column":60}}],"line":10},"2":{"loc":{"start":{"line":11,"column":13},"end":{"line":11,"column":60}},"type":"cond-expr","locations":[{"start":{"line":11,"column":24},"end":{"line":11,"column":41}},{"start":{"line":11,"column":44},"end":{"line":11,"column":60}}],"line":11}},"s":{"0":1,"1":3},"f":{"0":3},"b":{"0":[1,2],"1":[1,1],"2":[1,1]},"_coverageSchema":"1a1c01bbd47fc00a2c39e90264f33305004495a9","hash":"ea103898a8289ab195c93d1f0096434b2c0da4fb"}
,"/Users/mehedihasan/Documents/project/cx_app/pearl-cx/CustomerExperience/app/widgets/dashboardWidget/SimpleTest.js": {"path":"/Users/mehedihasan/Documents/project/cx_app/pearl-cx/CustomerExperience/app/widgets/dashboardWidget/SimpleTest.js","statementMap":{"0":{"start":{"line":4,"column":19},"end":{"line":6,"column":1}},"1":{"start":{"line":5,"column":2},"end":{"line":5,"column":58}},"2":{"start":{"line":8,"column":14},"end":{"line":8,"column":61}}},"fnMap":{"0":{"name":"(anonymous_0)","decl":{"start":{"line":4,"column":19},"end":{"line":4,"column":20}},"loc":{"start":{"line":4,"column":35},"end":{"line":6,"column":1}},"line":4}},"branchMap":{},"s":{"0":1,"1":1,"2":1},"f":{"0":1},"b":{},"_coverageSchema":"1a1c01bbd47fc00a2c39e90264f33305004495a9","hash":"14cb6167234f13117f8208eac40c3e04a4b1308d"}
,"/Users/mehedihasan/Documents/project/cx_app/pearl-cx/CustomerExperience/app/widgets/dashboardWidget/SmileyImageLabel.js": {"path":"/Users/mehedihasan/Documents/project/cx_app/pearl-cx/CustomerExperience/app/widgets/dashboardWidget/SmileyImageLabel.js","statementMap":{"0":{"start":{"line":4,"column":25},"end":{"line":36,"column":1}},"1":{"start":{"line":5,"column":31},"end":{"line":5,"column":36}},"2":{"start":{"line":6,"column":2},"end":{"line":6,"column":52}},"3":{"start":{"line":8,"column":17},"end":{"line":23,"column":4}},"4":{"start":{"line":25,"column":2},"end":{"line":35,"column":4}}},"fnMap":{"0":{"name":"(anonymous_0)","decl":{"start":{"line":4,"column":25},"end":{"line":4,"column":26}},"loc":{"start":{"line":4,"column":34},"end":{"line":36,"column":1}},"line":4}},"branchMap":{"0":{"loc":{"start":{"line":25,"column":9},"end":{"line":35,"column":3}},"type":"cond-expr","locations":[{"start":{"line":26,"column":4},"end":{"line":26,"column":29}},{"start":{"line":28,"column":4},"end":{"line":34,"column":11}}],"line":25}},"s":{"0":2,"1":3,"2":2,"3":2,"4":2},"f":{"0":3},"b":{"0":[1,1]},"_coverageSchema":"1a1c01bbd47fc00a2c39e90264f33305004495a9","hash":"f142fed6d687c10409a643a0840dcfb905cae7da"}
}
