TN:
SF:app/Utils/ApiCallUtils.js
FN:1,getBearerToken
FN:5,getClfUrl
FN:9,getBearerTokenStatic
FNF:3
FNH:0
FNDA:0,getBearerToken
FNDA:0,getClfUrl
FNDA:0,getBearerTokenStatic
DA:2,0
DA:6,0
DA:10,0
LF:3
LH:0
BRF:0
BRH:0
end_of_record
TN:
SF:app/Utils/AppConstants.js
FNF:0
FNH:0
DA:1,0
DA:2,0
DA:3,0
DA:4,0
DA:5,0
DA:6,0
DA:7,0
DA:8,0
DA:9,0
DA:10,0
LF:10
LH:0
BRF:0
BRH:0
end_of_record
TN:
SF:app/Utils/ArrayUtils.js
FN:2,(anonymous_0)
FN:12,(anonymous_1)
FN:16,(anonymous_2)
FN:20,(anonymous_3)
FN:24,(anonymous_4)
FN:34,(anonymous_5)
FN:45,(anonymous_6)
FN:56,(anonymous_7)
FN:68,(anonymous_8)
FN:70,(anonymous_9)
FNF:10
FNH:0
FNDA:0,(anonymous_0)
FNDA:0,(anonymous_1)
FNDA:0,(anonymous_2)
FNDA:0,(anonymous_3)
FNDA:0,(anonymous_4)
FNDA:0,(anonymous_5)
FNDA:0,(anonymous_6)
FNDA:0,(anonymous_7)
FNDA:0,(anonymous_8)
FNDA:0,(anonymous_9)
DA:3,0
DA:4,0
DA:5,0
DA:6,0
DA:10,0
DA:13,0
DA:17,0
DA:21,0
DA:25,0
DA:26,0
DA:27,0
DA:28,0
DA:31,0
DA:35,0
DA:36,0
DA:37,0
DA:38,0
DA:42,0
DA:46,0
DA:47,0
DA:48,0
DA:49,0
DA:50,0
DA:54,0
DA:57,0
DA:58,0
DA:59,0
DA:60,0
DA:61,0
DA:65,0
DA:69,0
DA:70,0
DA:71,0
DA:73,0
LF:34
LH:0
BRDA:3,0,0,0
BRDA:3,0,1,0
BRDA:5,1,0,0
BRDA:5,1,1,0
BRDA:13,2,0,0
BRDA:13,2,1,0
BRDA:26,3,0,0
BRDA:26,3,1,0
BRDA:35,4,0,0
BRDA:35,4,1,0
BRDA:37,5,0,0
BRDA:37,5,1,0
BRDA:46,6,0,0
BRDA:46,6,1,0
BRDA:48,7,0,0
BRDA:48,7,1,0
BRDA:57,8,0,0
BRDA:57,8,1,0
BRDA:59,9,0,0
BRDA:59,9,1,0
BRDA:61,10,0,0
BRDA:61,10,1,0
BRF:22
BRH:0
end_of_record
TN:
SF:app/Utils/AsyncUtil.js
FN:4,(anonymous_0)
FN:8,(anonymous_1)
FN:16,(anonymous_2)
FN:24,(anonymous_3)
FN:33,(anonymous_4)
FNF:5
FNH:0
FNDA:0,(anonymous_0)
FNDA:0,(anonymous_1)
FNDA:0,(anonymous_2)
FNDA:0,(anonymous_3)
FNDA:0,(anonymous_4)
DA:5,0
DA:9,0
DA:10,0
DA:12,0
DA:17,0
DA:18,0
DA:20,0
DA:25,0
DA:26,0
DA:28,0
DA:29,0
DA:34,0
DA:35,0
DA:37,0
LF:14
LH:0
BRF:0
BRH:0
end_of_record
TN:
SF:app/Utils/DateFilterUtility.js
FN:4,(anonymous_0)
FNF:1
FNH:0
FNDA:0,(anonymous_0)
DA:4,0
DA:5,0
DA:6,0
DA:7,0
DA:8,0
DA:11,0
DA:14,0
DA:17,0
DA:18,0
DA:19,0
DA:22,0
DA:23,0
DA:24,0
DA:25,0
DA:26,0
DA:28,0
DA:29,0
DA:32,0
DA:35,0
DA:38,0
DA:41,0
DA:44,0
LF:22
LH:0
BRDA:8,0,0,0
BRDA:8,0,1,0
BRDA:8,0,2,0
BRDA:8,0,3,0
BRDA:8,0,4,0
BRDA:8,0,5,0
BRF:6
BRH:0
end_of_record
TN:
SF:app/Utils/DeepLinkingUtils.js
FN:8,(anonymous_0)
FN:18,(anonymous_1)
FNF:2
FNH:0
FNDA:0,(anonymous_0)
FNDA:0,(anonymous_1)
DA:8,0
DA:9,0
DA:10,0
DA:11,0
DA:12,0
DA:13,0
DA:14,0
DA:15,0
DA:18,0
DA:24,0
DA:25,0
DA:30,0
DA:31,0
DA:32,0
DA:37,0
DA:39,0
LF:16
LH:0
BRDA:24,0,0,0
BRDA:24,0,1,0
BRDA:25,1,0,0
BRDA:25,1,1,0
BRDA:31,2,0,0
BRDA:31,2,1,0
BRF:6
BRH:0
end_of_record
TN:
SF:app/Utils/DeviceUtil.js
FN:8,(anonymous_0)
FN:15,(anonymous_1)
FN:23,(anonymous_2)
FN:32,(anonymous_3)
FN:43,(anonymous_4)
FNF:5
FNH:0
FNDA:0,(anonymous_0)
FNDA:0,(anonymous_1)
FNDA:0,(anonymous_2)
FNDA:0,(anonymous_3)
FNDA:0,(anonymous_4)
DA:8,0
DA:9,0
DA:15,0
DA:16,0
DA:17,0
DA:23,0
DA:24,0
DA:25,0
DA:32,0
DA:33,0
DA:34,0
DA:43,0
DA:44,0
LF:13
LH:0
BRDA:9,0,0,0
BRDA:9,0,1,0
BRDA:35,1,0,0
BRDA:35,1,1,0
BRDA:35,1,2,0
BRDA:35,1,3,0
BRF:6
BRH:0
end_of_record
TN:
SF:app/Utils/DimentionUtils.js
FN:6,(anonymous_0)
FNF:1
FNH:0
FNDA:0,(anonymous_0)
DA:4,0
DA:6,0
DA:7,0
LF:3
LH:0
BRF:0
BRH:0
end_of_record
TN:
SF:app/Utils/DownloadUtils.js
FN:4,(anonymous_0)
FNF:1
FNH:0
FNDA:0,(anonymous_0)
DA:4,0
DA:6,0
DA:7,0
DA:11,0
DA:13,0
DA:15,0
DA:35,0
DA:38,0
DA:40,0
DA:41,0
LF:10
LH:0
BRF:0
BRH:0
end_of_record
TN:
SF:app/Utils/IconUtils.js
FN:8,(anonymous_0)
FN:20,(anonymous_1)
FN:32,(anonymous_2)
FN:44,(anonymous_3)
FN:56,getMimeIconName
FN:139,(anonymous_5)
FNF:6
FNH:0
FNDA:0,(anonymous_0)
FNDA:0,(anonymous_1)
FNDA:0,(anonymous_2)
FNDA:0,(anonymous_3)
FNDA:0,getMimeIconName
FNDA:0,(anonymous_5)
DA:8,0
DA:9,0
DA:20,0
DA:21,0
DA:32,0
DA:33,0
DA:44,0
DA:45,0
DA:57,0
DA:59,0
DA:60,0
DA:61,0
DA:62,0
DA:63,0
DA:64,0
DA:65,0
DA:66,0
DA:67,0
DA:68,0
DA:69,0
DA:72,0
DA:73,0
DA:74,0
DA:75,0
DA:76,0
DA:77,0
DA:78,0
DA:79,0
DA:80,0
DA:83,0
DA:84,0
DA:85,0
DA:86,0
DA:87,0
DA:88,0
DA:89,0
DA:90,0
DA:91,0
DA:92,0
DA:93,0
DA:96,0
DA:97,0
DA:98,0
DA:101,0
DA:102,0
DA:103,0
DA:104,0
DA:107,0
DA:108,0
DA:109,0
DA:111,0
DA:114,0
DA:115,0
DA:116,0
DA:121,0
DA:122,0
DA:123,0
DA:126,0
DA:127,0
DA:130,0
DA:131,0
DA:134,0
DA:136,0
DA:139,0
DA:140,0
DA:141,0
DA:142,0
LF:67
LH:0
BRDA:12,0,0,0
BRDA:12,0,1,0
BRDA:13,1,0,0
BRDA:13,1,1,0
BRDA:24,2,0,0
BRDA:24,2,1,0
BRDA:25,3,0,0
BRDA:25,3,1,0
BRDA:36,4,0,0
BRDA:36,4,1,0
BRDA:37,5,0,0
BRDA:37,5,1,0
BRDA:48,6,0,0
BRDA:48,6,1,0
BRDA:49,7,0,0
BRDA:49,7,1,0
BRDA:136,8,0,0
BRDA:136,8,1,0
BRF:18
BRH:0
end_of_record
TN:
SF:app/Utils/MultilinguaUtils.js
FN:13,(anonymous_0)
FN:14,(anonymous_1)
FN:15,(anonymous_2)
FN:16,(anonymous_3)
FN:17,(anonymous_4)
FN:21,(anonymous_5)
FN:22,(anonymous_6)
FN:25,(anonymous_7)
FNF:8
FNH:0
FNDA:0,(anonymous_0)
FNDA:0,(anonymous_1)
FNDA:0,(anonymous_2)
FNDA:0,(anonymous_3)
FNDA:0,(anonymous_4)
FNDA:0,(anonymous_5)
FNDA:0,(anonymous_6)
FNDA:0,(anonymous_7)
DA:11,0
DA:13,0
DA:14,0
DA:15,0
DA:16,0
DA:17,0
DA:20,0
DA:21,0
DA:22,0
DA:25,0
DA:29,0
DA:30,0
DA:37,0
DA:39,0
DA:41,0
DA:42,0
LF:16
LH:0
BRDA:22,0,0,0
BRDA:22,0,1,0
BRDA:25,1,0,0
BRDA:29,2,0,0
BRDA:29,2,1,0
BRF:5
BRH:0
end_of_record
TN:
SF:app/Utils/NPSChartUtils.js
FN:1,(anonymous_0)
FN:5,(anonymous_1)
FN:23,(anonymous_2)
FNF:3
FNH:0
FNDA:0,(anonymous_0)
FNDA:0,(anonymous_1)
FNDA:0,(anonymous_2)
DA:1,0
DA:2,0
DA:5,0
DA:6,0
DA:7,0
DA:9,0
DA:10,0
DA:23,0
DA:24,0
DA:25,0
DA:26,0
DA:28,0
DA:37,0
DA:40,0
LF:14
LH:0
BRDA:9,0,0,0
BRDA:9,0,1,0
BRDA:24,1,0,0
BRDA:24,1,1,0
BRF:4
BRH:0
end_of_record
TN:
SF:app/Utils/NotificationUtils.js
FN:10,requestUserPermission
FN:19,(anonymous_1)
FN:20,(anonymous_2)
FN:25,(anonymous_3)
FN:33,checkNotificationPermission
FN:42,addNotificationListeners
FN:43,(anonymous_6)
FN:51,(anonymous_7)
FN:62,(anonymous_8)
FN:73,(anonymous_9)
FN:82,(anonymous_10)
FN:94,actionOnNotification
FN:95,(anonymous_12)
FNF:13
FNH:0
FNDA:0,requestUserPermission
FNDA:0,(anonymous_1)
FNDA:0,(anonymous_2)
FNDA:0,(anonymous_3)
FNDA:0,checkNotificationPermission
FNDA:0,addNotificationListeners
FNDA:0,(anonymous_6)
FNDA:0,(anonymous_7)
FNDA:0,(anonymous_8)
FNDA:0,(anonymous_9)
FNDA:0,(anonymous_10)
FNDA:0,actionOnNotification
FNDA:0,(anonymous_12)
DA:11,0
DA:12,0
DA:13,0
DA:15,0
DA:19,0
DA:20,0
DA:21,0
DA:22,0
DA:23,0
DA:26,0
DA:27,0
DA:34,0
DA:35,0
DA:36,0
DA:38,0
DA:43,0
DA:44,0
DA:51,0
DA:52,0
DA:56,0
DA:60,0
DA:63,0
DA:64,0
DA:68,0
DA:72,0
DA:74,0
DA:77,0
DA:81,0
DA:83,0
DA:86,0
DA:87,0
DA:89,0
DA:95,0
DA:96,0
LF:34
LH:0
BRDA:22,0,0,0
BRDA:22,0,1,0
BRDA:35,1,0,0
BRDA:35,1,1,0
BRDA:63,2,0,0
BRDA:63,2,1,0
BRDA:86,3,0,0
BRDA:86,3,1,0
BRF:8
BRH:0
end_of_record
TN:
SF:app/Utils/PermissionUtils.js
FN:4,(anonymous_0)
FNF:1
FNH:0
FNDA:0,(anonymous_0)
DA:4,0
DA:5,0
DA:6,0
DA:15,0
DA:17,0
LF:5
LH:0
BRDA:15,0,0,0
BRDA:15,0,1,0
BRF:2
BRH:0
end_of_record
TN:
SF:app/Utils/StringUtils.js
FN:2,(anonymous_0)
FN:6,(anonymous_1)
FN:10,(anonymous_2)
FN:14,(anonymous_3)
FN:18,(anonymous_4)
FN:27,(anonymous_5)
FN:32,(anonymous_6)
FN:38,(anonymous_7)
FN:97,(anonymous_8)
FN:101,(anonymous_9)
FN:103,(anonymous_10)
FN:115,(anonymous_11)
FN:128,(anonymous_12)
FN:133,(anonymous_13)
FN:140,(anonymous_14)
FN:144,(anonymous_15)
FN:152,(anonymous_16)
FN:175,(anonymous_17)
FN:187,(anonymous_18)
FN:191,(anonymous_19)
FN:195,(anonymous_20)
FN:201,(anonymous_21)
FN:206,(anonymous_22)
FN:220,(anonymous_23)
FN:224,(anonymous_24)
FN:228,(anonymous_25)
FN:232,(anonymous_26)
FN:236,(anonymous_27)
FN:240,(anonymous_28)
FN:244,(anonymous_29)
FN:248,(anonymous_30)
FN:252,(anonymous_31)
FN:259,(anonymous_32)
FN:266,(anonymous_33)
FN:273,(anonymous_34)
FN:280,(anonymous_35)
FN:300,(anonymous_36)
FNF:37
FNH:0
FNDA:0,(anonymous_0)
FNDA:0,(anonymous_1)
FNDA:0,(anonymous_2)
FNDA:0,(anonymous_3)
FNDA:0,(anonymous_4)
FNDA:0,(anonymous_5)
FNDA:0,(anonymous_6)
FNDA:0,(anonymous_7)
FNDA:0,(anonymous_8)
FNDA:0,(anonymous_9)
FNDA:0,(anonymous_10)
FNDA:0,(anonymous_11)
FNDA:0,(anonymous_12)
FNDA:0,(anonymous_13)
FNDA:0,(anonymous_14)
FNDA:0,(anonymous_15)
FNDA:0,(anonymous_16)
FNDA:0,(anonymous_17)
FNDA:0,(anonymous_18)
FNDA:0,(anonymous_19)
FNDA:0,(anonymous_20)
FNDA:0,(anonymous_21)
FNDA:0,(anonymous_22)
FNDA:0,(anonymous_23)
FNDA:0,(anonymous_24)
FNDA:0,(anonymous_25)
FNDA:0,(anonymous_26)
FNDA:0,(anonymous_27)
FNDA:0,(anonymous_28)
FNDA:0,(anonymous_29)
FNDA:0,(anonymous_30)
FNDA:0,(anonymous_31)
FNDA:0,(anonymous_32)
FNDA:0,(anonymous_33)
FNDA:0,(anonymous_34)
FNDA:0,(anonymous_35)
FNDA:0,(anonymous_36)
DA:3,0
DA:7,0
DA:11,0
DA:15,0
DA:19,0
DA:20,0
DA:21,0
DA:24,0
DA:28,0
DA:29,0
DA:33,0
DA:34,0
DA:35,0
DA:39,0
DA:40,0
DA:41,0
DA:42,0
DA:43,0
DA:44,0
DA:45,0
DA:46,0
DA:47,0
DA:48,0
DA:49,0
DA:50,0
DA:51,0
DA:52,0
DA:53,0
DA:54,0
DA:55,0
DA:56,0
DA:57,0
DA:58,0
DA:59,0
DA:60,0
DA:61,0
DA:62,0
DA:63,0
DA:64,0
DA:65,0
DA:66,0
DA:67,0
DA:68,0
DA:69,0
DA:70,0
DA:71,0
DA:72,0
DA:73,0
DA:74,0
DA:75,0
DA:76,0
DA:77,0
DA:78,0
DA:79,0
DA:80,0
DA:81,0
DA:82,0
DA:83,0
DA:84,0
DA:87,0
DA:88,0
DA:90,0
DA:91,0
DA:92,0
DA:94,0
DA:98,0
DA:102,0
DA:103,0
DA:104,0
DA:109,0
DA:116,0
DA:119,0
DA:122,0
DA:125,0
DA:128,0
DA:129,0
DA:133,0
DA:134,0
DA:138,0
DA:141,0
DA:145,0
DA:146,0
DA:148,0
DA:153,0
DA:154,0
DA:155,0
DA:156,0
DA:159,0
DA:160,0
DA:161,0
DA:162,0
DA:163,0
DA:165,0
DA:172,0
DA:176,0
DA:177,0
DA:180,0
DA:181,0
DA:184,0
DA:188,0
DA:192,0
DA:196,0
DA:197,0
DA:198,0
DA:202,0
DA:203,0
DA:207,0
DA:208,0
DA:209,0
DA:210,0
DA:212,0
DA:213,0
DA:214,0
DA:217,0
DA:221,0
DA:225,0
DA:229,0
DA:233,0
DA:237,0
DA:241,0
DA:245,0
DA:249,0
DA:253,0
DA:254,0
DA:256,0
DA:260,0
DA:261,0
DA:263,0
DA:267,0
DA:268,0
DA:270,0
DA:274,0
DA:275,0
DA:281,0
DA:282,0
DA:283,0
DA:284,0
DA:286,0
DA:287,0
DA:288,0
DA:289,0
DA:290,0
DA:291,0
DA:292,0
DA:293,0
DA:294,0
DA:296,0
DA:300,0
DA:301,0
DA:302,0
DA:305,0
DA:306,0
DA:307,0
LF:153
LH:0
BRDA:3,0,0,0
BRDA:3,0,1,0
BRDA:7,1,0,0
BRDA:7,1,1,0
BRDA:15,2,0,0
BRDA:15,2,1,0
BRDA:20,3,0,0
BRDA:20,3,1,0
BRDA:35,4,0,0
BRDA:35,4,1,0
BRDA:35,4,2,0
BRDA:119,5,0,0
BRDA:119,5,1,0
BRDA:129,6,0,0
BRDA:129,6,1,0
BRDA:152,7,0,0
BRDA:155,8,0,0
BRDA:155,8,1,0
BRDA:159,9,0,0
BRDA:159,9,1,0
BRDA:159,10,0,0
BRDA:159,10,1,0
BRDA:176,11,0,0
BRDA:176,11,1,0
BRDA:180,12,0,0
BRDA:180,12,1,0
BRDA:188,13,0,0
BRDA:188,13,1,0
BRDA:196,14,0,0
BRDA:196,14,1,0
BRDA:202,15,0,0
BRDA:202,15,1,0
BRDA:214,16,0,0
BRDA:214,16,1,0
BRDA:253,17,0,0
BRDA:253,17,1,0
BRDA:260,18,0,0
BRDA:260,18,1,0
BRDA:267,19,0,0
BRDA:267,19,1,0
BRDA:275,20,0,0
BRDA:275,20,1,0
BRDA:286,21,0,0
BRDA:286,21,1,0
BRDA:286,22,0,0
BRDA:286,22,1,0
BRDA:287,23,0,0
BRDA:287,23,1,0
BRDA:289,24,0,0
BRDA:289,24,1,0
BRDA:291,25,0,0
BRDA:291,25,1,0
BRDA:293,26,0,0
BRDA:293,26,1,0
BRDA:300,27,0,0
BRDA:301,28,0,0
BRDA:301,28,1,0
BRF:57
BRH:0
end_of_record
TN:
SF:app/Utils/ThreeDots.js
FN:4,(anonymous_0)
FN:17,(anonymous_1)
FNF:2
FNH:0
FNDA:0,(anonymous_0)
FNDA:0,(anonymous_1)
DA:4,0
DA:5,0
DA:6,0
DA:7,0
DA:10,0
DA:17,0
DA:18,0
DA:26,0
LF:8
LH:0
BRF:0
BRH:0
end_of_record
TN:
SF:app/Utils/TicketUtils.js
FN:55,(anonymous_0)
FN:57,(anonymous_1)
FN:65,(anonymous_2)
FN:81,(anonymous_3)
FN:89,(anonymous_4)
FN:103,(anonymous_5)
FN:112,(anonymous_6)
FN:114,(anonymous_7)
FN:123,(anonymous_8)
FN:125,(anonymous_9)
FN:134,(anonymous_10)
FN:136,(anonymous_11)
FN:145,(anonymous_12)
FN:147,(anonymous_13)
FN:156,(anonymous_14)
FN:158,(anonymous_15)
FN:166,(anonymous_16)
FN:168,(anonymous_17)
FN:176,(anonymous_18)
FN:178,(anonymous_19)
FN:186,getDashboardStatusList
FN:190,(anonymous_21)
FN:196,(anonymous_22)
FN:205,(anonymous_23)
FN:210,getDashboardStatusListForBottomList
FN:224,(anonymous_25)
FN:227,(anonymous_26)
FN:235,(anonymous_27)
FN:243,getAllTicketCount
FN:244,(anonymous_29)
FN:246,(anonymous_30)
FN:282,getUniqueValues
FN:297,(anonymous_32)
FN:301,(anonymous_33)
FNF:34
FNH:0
FNDA:0,(anonymous_0)
FNDA:0,(anonymous_1)
FNDA:0,(anonymous_2)
FNDA:0,(anonymous_3)
FNDA:0,(anonymous_4)
FNDA:0,(anonymous_5)
FNDA:0,(anonymous_6)
FNDA:0,(anonymous_7)
FNDA:0,(anonymous_8)
FNDA:0,(anonymous_9)
FNDA:0,(anonymous_10)
FNDA:0,(anonymous_11)
FNDA:0,(anonymous_12)
FNDA:0,(anonymous_13)
FNDA:0,(anonymous_14)
FNDA:0,(anonymous_15)
FNDA:0,(anonymous_16)
FNDA:0,(anonymous_17)
FNDA:0,(anonymous_18)
FNDA:0,(anonymous_19)
FNDA:0,getDashboardStatusList
FNDA:0,(anonymous_21)
FNDA:0,(anonymous_22)
FNDA:0,(anonymous_23)
FNDA:0,getDashboardStatusListForBottomList
FNDA:0,(anonymous_25)
FNDA:0,(anonymous_26)
FNDA:0,(anonymous_27)
FNDA:0,getAllTicketCount
FNDA:0,(anonymous_29)
FNDA:0,(anonymous_30)
FNDA:0,getUniqueValues
FNDA:0,(anonymous_32)
FNDA:0,(anonymous_33)
DA:5,0
DA:17,0
DA:24,0
DA:32,0
DA:42,0
DA:50,0
DA:55,0
DA:56,0
DA:57,0
DA:58,0
DA:59,0
DA:62,0
DA:65,0
DA:80,0
DA:81,0
DA:82,0
DA:83,0
DA:86,0
DA:89,0
DA:102,0
DA:103,0
DA:104,0
DA:105,0
DA:106,0
DA:109,0
DA:112,0
DA:113,0
DA:114,0
DA:115,0
DA:116,0
DA:120,0
DA:123,0
DA:124,0
DA:125,0
DA:126,0
DA:127,0
DA:131,0
DA:134,0
DA:135,0
DA:136,0
DA:137,0
DA:138,0
DA:142,0
DA:145,0
DA:146,0
DA:147,0
DA:148,0
DA:149,0
DA:153,0
DA:156,0
DA:157,0
DA:158,0
DA:159,0
DA:160,0
DA:163,0
DA:166,0
DA:167,0
DA:168,0
DA:169,0
DA:170,0
DA:173,0
DA:176,0
DA:177,0
DA:178,0
DA:179,0
DA:180,0
DA:183,0
DA:187,0
DA:189,0
DA:190,0
DA:191,0
DA:192,0
DA:196,0
DA:201,0
DA:205,0
DA:207,0
DA:211,0
DA:212,0
DA:214,0
DA:216,0
DA:218,0
DA:224,0
DA:227,0
DA:228,0
DA:229,0
DA:235,0
DA:240,0
DA:244,0
DA:245,0
DA:246,0
DA:247,0
DA:248,0
DA:251,0
DA:253,0
DA:283,0
DA:284,0
DA:285,0
DA:286,0
DA:287,0
DA:288,0
DA:289,0
DA:294,0
DA:297,0
DA:298,0
DA:299,0
DA:301,0
LF:106
LH:0
BRDA:58,0,0,0
BRDA:58,0,1,0
BRDA:82,1,0,0
BRDA:82,1,1,0
BRDA:104,2,0,0
BRDA:104,2,1,0
BRDA:115,3,0,0
BRDA:115,3,1,0
BRDA:126,4,0,0
BRDA:126,4,1,0
BRDA:137,5,0,0
BRDA:137,5,1,0
BRDA:148,6,0,0
BRDA:148,6,1,0
BRDA:159,7,0,0
BRDA:159,7,1,0
BRDA:169,8,0,0
BRDA:169,8,1,0
BRDA:179,9,0,0
BRDA:179,9,1,0
BRDA:191,10,0,0
BRDA:191,10,1,0
BRDA:211,11,0,0
BRDA:211,11,1,0
BRDA:228,12,0,0
BRDA:228,12,1,0
BRDA:247,13,0,0
BRDA:247,13,1,0
BRDA:285,14,0,0
BRDA:285,14,1,0
BRDA:287,15,0,0
BRDA:287,15,1,0
BRDA:299,16,0,0
BRDA:299,16,1,0
BRDA:304,17,0,0
BRDA:304,17,1,0
BRF:36
BRH:0
end_of_record
TN:
SF:app/Utils/TimeUtils.js
FN:6,convertToDateTime
FN:11,convertDateTimeAgo
FN:18,(anonymous_2)
FN:41,getExpireDate
FNF:4
FNH:0
FNDA:0,convertToDateTime
FNDA:0,convertDateTimeAgo
FNDA:0,(anonymous_2)
FNDA:0,getExpireDate
DA:8,0
DA:12,0
DA:13,0
DA:15,0
DA:18,0
DA:19,0
DA:20,0
DA:21,0
DA:23,0
DA:24,0
DA:26,0
DA:27,0
DA:28,0
DA:29,0
DA:30,0
DA:31,0
DA:32,0
DA:33,0
DA:34,0
DA:35,0
DA:37,0
DA:42,0
DA:43,0
DA:44,0
DA:45,0
DA:50,0
LF:26
LH:0
BRDA:12,0,0,0
BRDA:12,0,1,0
BRDA:26,1,0,0
BRDA:26,1,1,0
BRDA:28,2,0,0
BRDA:28,2,1,0
BRDA:30,3,0,0
BRDA:30,3,1,0
BRDA:31,4,0,0
BRDA:31,4,1,0
BRDA:33,5,0,0
BRDA:33,5,1,0
BRDA:34,6,0,0
BRDA:34,6,1,0
BRF:14
BRH:0
end_of_record
TN:
SF:app/Utils/Utility.js
FN:7,(anonymous_0)
FN:14,(anonymous_1)
FN:22,(anonymous_2)
FN:26,usePrevious
FN:28,(anonymous_4)
FN:34,(anonymous_5)
FN:61,(anonymous_6)
FN:68,(anonymous_7)
FN:87,(anonymous_8)
FNF:9
FNH:0
FNDA:0,(anonymous_0)
FNDA:0,(anonymous_1)
FNDA:0,(anonymous_2)
FNDA:0,usePrevious
FNDA:0,(anonymous_4)
FNDA:0,(anonymous_5)
FNDA:0,(anonymous_6)
FNDA:0,(anonymous_7)
FNDA:0,(anonymous_8)
DA:7,0
DA:8,0
DA:9,0
DA:11,0
DA:14,0
DA:18,0
DA:19,0
DA:22,0
DA:23,0
DA:27,0
DA:28,0
DA:29,0
DA:31,0
DA:34,0
DA:49,0
DA:61,0
DA:68,0
DA:75,0
DA:87,0
LF:19
LH:0
BRDA:8,0,0,0
BRDA:8,0,1,0
BRDA:9,1,0,0
BRDA:9,1,1,0
BRDA:23,2,0,0
BRDA:23,2,1,0
BRDA:53,3,0,0
BRDA:53,3,1,0
BRDA:79,4,0,0
BRDA:79,4,1,0
BRF:10
BRH:0
end_of_record
TN:
SF:app/api/ApiHandler.js
FN:11,(anonymous_0)
FN:13,(anonymous_1)
FN:16,(anonymous_2)
FN:21,(anonymous_3)
FN:25,(anonymous_4)
FN:36,(anonymous_5)
FN:40,(anonymous_6)
FN:51,(anonymous_7)
FN:51,(anonymous_8)
FN:61,(anonymous_9)
FN:61,(anonymous_10)
FN:63,(anonymous_11)
FN:68,(anonymous_12)
FN:73,(anonymous_13)
FN:77,(anonymous_14)
FN:84,(anonymous_15)
FN:89,(anonymous_16)
FNF:17
FNH:0
FNDA:0,(anonymous_0)
FNDA:0,(anonymous_1)
FNDA:0,(anonymous_2)
FNDA:0,(anonymous_3)
FNDA:0,(anonymous_4)
FNDA:0,(anonymous_5)
FNDA:0,(anonymous_6)
FNDA:0,(anonymous_7)
FNDA:0,(anonymous_8)
FNDA:0,(anonymous_9)
FNDA:0,(anonymous_10)
FNDA:0,(anonymous_11)
FNDA:0,(anonymous_12)
FNDA:0,(anonymous_13)
FNDA:0,(anonymous_14)
FNDA:0,(anonymous_15)
FNDA:0,(anonymous_16)
DA:12,0
DA:14,0
DA:17,0
DA:27,0
DA:42,0
DA:52,0
DA:62,0
DA:64,0
DA:65,0
DA:69,0
DA:79,0
DA:85,0
DA:86,0
DA:90,0
DA:95,0
LF:15
LH:0
BRDA:23,0,0,0
BRDA:25,1,0,0
BRDA:38,2,0,0
BRDA:40,3,0,0
BRDA:51,4,0,0
BRDA:51,5,0,0
BRDA:61,6,0,0
BRDA:64,7,0,0
BRDA:64,7,1,0
BRDA:64,8,0,0
BRDA:64,8,1,0
BRDA:77,9,0,0
BRDA:85,10,0,0
BRDA:85,10,1,0
BRDA:85,11,0,0
BRDA:85,11,1,0
BRF:16
BRH:0
end_of_record
TN:
SF:app/api/Constant.js
FN:91,(anonymous_0)
FN:98,getClfTicketListUrl
FNF:2
FNH:0
FNDA:0,(anonymous_0)
FNDA:0,getClfTicketListUrl
DA:1,0
DA:2,0
DA:4,0
DA:5,0
DA:6,0
DA:7,0
DA:8,0
DA:9,0
DA:10,0
DA:11,0
DA:12,0
DA:13,0
DA:14,0
DA:15,0
DA:16,0
DA:18,0
DA:19,0
DA:20,0
DA:22,0
DA:29,0
DA:35,0
DA:39,0
DA:41,0
DA:43,0
DA:45,0
DA:46,0
DA:47,0
DA:49,0
DA:50,0
DA:51,0
DA:53,0
DA:54,0
DA:55,0
DA:57,0
DA:58,0
DA:59,0
DA:61,0
DA:66,0
DA:70,0
DA:72,0
DA:74,0
DA:75,0
DA:76,0
DA:78,0
DA:79,0
DA:80,0
DA:84,0
DA:87,0
DA:90,0
DA:91,0
DA:92,0
DA:97,0
DA:99,0
DA:102,0
DA:105,0
DA:109,0
DA:110,0
DA:113,0
DA:114,0
DA:115,0
DA:116,0
DA:118,0
DA:120,0
DA:121,0
DA:123,0
DA:124,0
DA:129,0
DA:134,0
DA:137,0
DA:138,0
DA:141,0
DA:142,0
DA:145,0
DA:147,0
DA:149,0
DA:150,0
DA:151,0
DA:153,0
DA:154,0
DA:156,0
DA:157,0
DA:158,0
DA:159,0
DA:160,0
DA:161,0
DA:163,0
DA:164,0
DA:165,0
DA:166,0
DA:167,0
DA:168,0
DA:169,0
DA:170,0
DA:171,0
DA:172,0
DA:174,0
DA:176,0
DA:178,0
LF:98
LH:0
BRDA:36,0,0,0
BRDA:36,0,1,0
BRF:2
BRH:0
end_of_record
TN:
SF:app/api/WebServiceHandler.js
FN:7,(anonymous_0)
FN:11,(anonymous_1)
FN:16,(anonymous_2)
FN:19,(anonymous_3)
FN:26,(anonymous_4)
FN:31,(anonymous_5)
FN:39,(anonymous_6)
FN:40,(anonymous_7)
FN:48,(anonymous_8)
FN:55,(anonymous_9)
FN:67,(anonymous_10)
FN:74,(anonymous_11)
FN:82,(anonymous_12)
FN:100,(anonymous_13)
FN:106,(anonymous_14)
FN:112,(anonymous_15)
FN:113,(anonymous_16)
FN:126,(anonymous_17)
FN:131,(anonymous_18)
FN:141,(anonymous_19)
FN:147,(anonymous_20)
FN:148,(anonymous_21)
FN:161,(anonymous_22)
FN:168,(anonymous_23)
FN:174,(anonymous_24)
FN:180,(anonymous_25)
FN:181,(anonymous_26)
FN:194,(anonymous_27)
FNF:28
FNH:0
FNDA:0,(anonymous_0)
FNDA:0,(anonymous_1)
FNDA:0,(anonymous_2)
FNDA:0,(anonymous_3)
FNDA:0,(anonymous_4)
FNDA:0,(anonymous_5)
FNDA:0,(anonymous_6)
FNDA:0,(anonymous_7)
FNDA:0,(anonymous_8)
FNDA:0,(anonymous_9)
FNDA:0,(anonymous_10)
FNDA:0,(anonymous_11)
FNDA:0,(anonymous_12)
FNDA:0,(anonymous_13)
FNDA:0,(anonymous_14)
FNDA:0,(anonymous_15)
FNDA:0,(anonymous_16)
FNDA:0,(anonymous_17)
FNDA:0,(anonymous_18)
FNDA:0,(anonymous_19)
FNDA:0,(anonymous_20)
FNDA:0,(anonymous_21)
FNDA:0,(anonymous_22)
FNDA:0,(anonymous_23)
FNDA:0,(anonymous_24)
FNDA:0,(anonymous_25)
FNDA:0,(anonymous_26)
FNDA:0,(anonymous_27)
DA:4,0
DA:8,0
DA:9,0
DA:10,0
DA:11,0
DA:12,0
DA:14,0
DA:17,0
DA:18,0
DA:19,0
DA:20,0
DA:22,0
DA:27,0
DA:28,0
DA:30,0
DA:31,0
DA:32,0
DA:33,0
DA:35,0
DA:36,0
DA:40,0
DA:42,0
DA:43,0
DA:49,0
DA:50,0
DA:51,0
DA:53,0
DA:56,0
DA:60,0
DA:61,0
DA:63,0
DA:64,0
DA:68,0
DA:75,0
DA:76,0
DA:77,0
DA:78,0
DA:79,0
DA:83,0
DA:87,0
DA:88,0
DA:89,0
DA:91,0
DA:101,0
DA:102,0
DA:103,0
DA:104,0
DA:106,0
DA:107,0
DA:112,0
DA:114,0
DA:118,0
DA:119,0
DA:121,0
DA:123,0
DA:132,0
DA:133,0
DA:134,0
DA:137,0
DA:138,0
DA:139,0
DA:141,0
DA:142,0
DA:147,0
DA:149,0
DA:153,0
DA:154,0
DA:156,0
DA:158,0
DA:164,0
DA:169,0
DA:170,0
DA:171,0
DA:172,0
DA:174,0
DA:175,0
DA:180,0
DA:182,0
DA:186,0
DA:187,0
DA:189,0
DA:191,0
LF:82
LH:0
BRDA:27,0,0,0
BRDA:27,0,1,0
BRDA:42,1,0,0
BRDA:42,1,1,0
BRDA:45,2,0,0
BRDA:45,2,1,0
BRDA:49,3,0,0
BRDA:49,3,1,0
BRDA:60,4,0,0
BRDA:60,4,1,0
BRDA:60,5,0,0
BRDA:60,5,1,0
BRDA:75,6,0,0
BRDA:75,6,1,0
BRDA:83,7,0,0
BRDA:83,7,1,0
BRDA:101,8,0,0
BRDA:101,8,1,0
BRDA:118,9,0,0
BRDA:118,9,1,0
BRDA:118,10,0,0
BRDA:118,10,1,0
BRDA:132,11,0,0
BRDA:132,11,1,0
BRDA:134,12,0,0
BRDA:134,12,1,0
BRDA:153,13,0,0
BRDA:153,13,1,0
BRDA:153,14,0,0
BRDA:153,14,1,0
BRDA:169,15,0,0
BRDA:169,15,1,0
BRDA:186,16,0,0
BRDA:186,16,1,0
BRDA:186,17,0,0
BRDA:186,17,1,0
BRF:36
BRH:0
end_of_record
TN:
SF:app/components/FilterHeader.js
FN:18,(anonymous_0)
FN:26,(anonymous_1)
FN:31,(anonymous_2)
FN:39,(anonymous_3)
FN:60,(anonymous_4)
FN:123,(anonymous_5)
FN:129,(anonymous_6)
FN:130,(anonymous_7)
FNF:8
FNH:0
FNDA:0,(anonymous_0)
FNDA:0,(anonymous_1)
FNDA:0,(anonymous_2)
FNDA:0,(anonymous_3)
FNDA:0,(anonymous_4)
FNDA:0,(anonymous_5)
FNDA:0,(anonymous_6)
FNDA:0,(anonymous_7)
DA:18,0
DA:19,0
DA:22,0
DA:26,0
DA:27,0
DA:28,0
DA:31,0
DA:32,0
DA:36,0
DA:39,0
DA:40,0
DA:41,0
DA:42,0
DA:43,0
DA:44,0
DA:45,0
DA:50,0
DA:51,0
DA:52,0
DA:53,0
DA:54,0
DA:55,0
DA:56,0
DA:57,0
DA:60,0
DA:61,0
DA:62,0
DA:63,0
DA:64,0
DA:65,0
DA:66,0
DA:71,0
DA:72,0
DA:73,0
DA:74,0
DA:77,0
DA:80,0
DA:81,0
DA:82,0
DA:85,0
DA:123,0
DA:124,0
DA:129,0
DA:131,0
DA:137,0
LF:45
LH:0
BRDA:141,0,0,0
BRDA:141,0,1,0
BRF:2
BRH:0
end_of_record
TN:
SF:app/components/RenderDatePickerModal.js
FN:6,(anonymous_0)
FN:31,(anonymous_1)
FN:37,(anonymous_2)
FNF:3
FNH:0
FNDA:0,(anonymous_0)
FNDA:0,(anonymous_1)
FNDA:0,(anonymous_2)
DA:6,0
DA:14,0
DA:15,0
DA:19,0
DA:23,0
DA:32,0
DA:33,0
DA:38,0
LF:8
LH:0
BRDA:11,0,0,0
BRDA:12,1,0,0
BRDA:29,2,0,0
BRDA:29,2,1,0
BRF:4
BRH:0
end_of_record
TN:
SF:app/components/SegmentSelector.js
FN:17,(anonymous_0)
FN:20,(anonymous_1)
FN:23,(anonymous_2)
FN:25,(anonymous_3)
FN:27,(anonymous_4)
FN:39,(anonymous_5)
FN:48,(anonymous_6)
FNF:7
FNH:0
FNDA:0,(anonymous_0)
FNDA:0,(anonymous_1)
FNDA:0,(anonymous_2)
FNDA:0,(anonymous_3)
FNDA:0,(anonymous_4)
FNDA:0,(anonymous_5)
FNDA:0,(anonymous_6)
DA:17,0
DA:18,0
DA:19,0
DA:20,0
DA:22,0
DA:23,0
DA:25,0
DA:27,0
DA:28,0
DA:30,0
DA:31,0
DA:39,0
DA:40,0
DA:45,0
DA:48,0
DA:49,0
DA:52,0
DA:69,0
LF:18
LH:0
BRDA:30,0,0,0
BRDA:30,0,1,0
BRDA:52,1,0,0
BRDA:52,1,1,0
BRDA:52,2,0,0
BRDA:52,2,1,0
BRDA:56,3,0,0
BRDA:56,3,1,0
BRDA:74,4,0,0
BRDA:74,4,1,0
BRF:10
BRH:0
end_of_record
TN:
SF:app/components/SegmentText.js
FN:7,(anonymous_0)
FNF:1
FNH:0
FNDA:0,(anonymous_0)
DA:7,0
DA:8,0
DA:23,0
LF:3
LH:0
BRF:0
BRH:0
end_of_record
TN:
SF:app/components/SelectSegmentScreen.js
FN:25,(anonymous_0)
FN:31,(anonymous_1)
FN:32,(anonymous_2)
FN:33,(anonymous_3)
FN:44,(anonymous_4)
FN:53,(anonymous_5)
FN:57,(anonymous_6)
FN:59,(anonymous_7)
FN:65,(anonymous_8)
FN:77,(anonymous_9)
FN:80,(anonymous_10)
FN:98,(anonymous_11)
FN:107,(anonymous_12)
FN:112,(anonymous_13)
FN:140,(anonymous_14)
FN:178,(anonymous_15)
FN:184,(anonymous_16)
FNF:17
FNH:0
FNDA:0,(anonymous_0)
FNDA:0,(anonymous_1)
FNDA:0,(anonymous_2)
FNDA:0,(anonymous_3)
FNDA:0,(anonymous_4)
FNDA:0,(anonymous_5)
FNDA:0,(anonymous_6)
FNDA:0,(anonymous_7)
FNDA:0,(anonymous_8)
FNDA:0,(anonymous_9)
FNDA:0,(anonymous_10)
FNDA:0,(anonymous_11)
FNDA:0,(anonymous_12)
FNDA:0,(anonymous_13)
FNDA:0,(anonymous_14)
FNDA:0,(anonymous_15)
FNDA:0,(anonymous_16)
DA:25,0
DA:26,0
DA:27,0
DA:28,0
DA:29,0
DA:30,0
DA:31,0
DA:32,0
DA:33,0
DA:34,0
DA:35,0
DA:42,0
DA:43,0
DA:44,0
DA:46,0
DA:47,0
DA:48,0
DA:49,0
DA:53,0
DA:54,0
DA:57,0
DA:59,0
DA:65,0
DA:67,0
DA:77,0
DA:78,0
DA:80,0
DA:98,0
DA:99,0
DA:101,0
DA:107,0
DA:108,0
DA:109,0
DA:112,0
DA:113,0
DA:141,0
DA:142,0
DA:178,0
DA:179,0
DA:184,0
DA:198,0
DA:214,0
LF:42
LH:0
BRDA:48,0,0,0
BRDA:48,0,1,0
BRDA:83,1,0,0
BRDA:83,1,1,0
BRDA:103,2,0,0
BRDA:103,2,1,0
BRDA:147,3,0,0
BRDA:147,3,1,0
BRDA:223,4,0,0
BRDA:223,4,1,0
BRF:10
BRH:0
end_of_record
TN:
SF:app/components/TicketSync.js
FN:7,(anonymous_0)
FN:8,(anonymous_1)
FN:11,(anonymous_2)
FN:14,(anonymous_3)
FNF:4
FNH:0
FNDA:0,(anonymous_0)
FNDA:0,(anonymous_1)
FNDA:0,(anonymous_2)
FNDA:0,(anonymous_3)
DA:7,0
DA:8,0
DA:10,0
DA:11,0
DA:13,0
DA:14,0
DA:15,0
DA:20,0
DA:22,0
DA:31,0
LF:10
LH:0
BRDA:15,0,0,0
BRDA:15,0,1,0
BRDA:16,1,0,0
BRDA:16,1,1,0
BRDA:16,1,2,0
BRF:5
BRH:0
end_of_record
TN:
SF:app/components/closedloop/ClosedLoop.js
FN:58,(anonymous_0)
FN:61,(anonymous_1)
FN:78,(anonymous_2)
FN:86,ClosedLoop
FN:90,(anonymous_4)
FN:95,(anonymous_5)
FN:100,(anonymous_6)
FN:122,convertDateToYMDFORMAT
FN:126,(anonymous_8)
FN:131,(anonymous_9)
FN:133,(anonymous_10)
FN:134,(anonymous_11)
FN:137,(anonymous_12)
FN:140,(anonymous_13)
FN:141,(anonymous_14)
FN:154,(anonymous_15)
FN:171,(anonymous_16)
FN:172,(anonymous_17)
FN:176,(anonymous_18)
FN:177,(anonymous_19)
FN:196,(anonymous_20)
FN:199,(anonymous_21)
FN:207,(anonymous_22)
FN:214,setStatusToFilter
FN:216,(anonymous_24)
FN:223,(anonymous_25)
FN:226,(anonymous_26)
FN:234,(anonymous_27)
FN:238,(anonymous_28)
FN:244,(anonymous_29)
FN:250,(anonymous_30)
FN:254,(anonymous_31)
FN:258,(anonymous_32)
FN:278,(anonymous_33)
FN:279,(anonymous_34)
FN:283,(anonymous_35)
FN:290,(anonymous_36)
FN:305,(anonymous_37)
FN:309,(anonymous_38)
FN:311,(anonymous_39)
FN:313,(anonymous_40)
FN:315,(anonymous_41)
FN:321,(anonymous_42)
FN:341,(anonymous_43)
FN:344,(anonymous_44)
FN:350,(anonymous_45)
FN:358,(anonymous_46)
FN:377,(anonymous_47)
FN:378,(anonymous_48)
FN:385,(anonymous_49)
FN:394,(anonymous_50)
FN:397,(anonymous_51)
FN:404,(anonymous_52)
FN:408,(anonymous_53)
FN:410,(anonymous_54)
FN:423,(anonymous_55)
FN:431,(anonymous_56)
FN:438,(anonymous_57)
FN:442,(anonymous_58)
FN:447,(anonymous_59)
FN:453,(anonymous_60)
FN:455,(anonymous_61)
FN:456,(anonymous_62)
FN:459,(anonymous_63)
FN:461,(anonymous_64)
FN:462,(anonymous_65)
FN:465,(anonymous_66)
FN:474,(anonymous_67)
FN:477,(anonymous_68)
FN:481,(anonymous_69)
FN:486,(anonymous_70)
FN:500,(anonymous_71)
FN:504,(anonymous_72)
FN:516,(anonymous_73)
FN:517,(anonymous_74)
FN:521,(anonymous_75)
FN:522,(anonymous_76)
FN:527,(anonymous_77)
FN:533,(anonymous_78)
FN:539,(anonymous_79)
FN:549,(anonymous_80)
FN:551,(anonymous_81)
FN:555,(anonymous_82)
FN:556,(anonymous_83)
FN:559,(anonymous_84)
FN:573,(anonymous_85)
FNF:86
FNH:0
FNDA:0,(anonymous_0)
FNDA:0,(anonymous_1)
FNDA:0,(anonymous_2)
FNDA:0,ClosedLoop
FNDA:0,(anonymous_4)
FNDA:0,(anonymous_5)
FNDA:0,(anonymous_6)
FNDA:0,convertDateToYMDFORMAT
FNDA:0,(anonymous_8)
FNDA:0,(anonymous_9)
FNDA:0,(anonymous_10)
FNDA:0,(anonymous_11)
FNDA:0,(anonymous_12)
FNDA:0,(anonymous_13)
FNDA:0,(anonymous_14)
FNDA:0,(anonymous_15)
FNDA:0,(anonymous_16)
FNDA:0,(anonymous_17)
FNDA:0,(anonymous_18)
FNDA:0,(anonymous_19)
FNDA:0,(anonymous_20)
FNDA:0,(anonymous_21)
FNDA:0,(anonymous_22)
FNDA:0,setStatusToFilter
FNDA:0,(anonymous_24)
FNDA:0,(anonymous_25)
FNDA:0,(anonymous_26)
FNDA:0,(anonymous_27)
FNDA:0,(anonymous_28)
FNDA:0,(anonymous_29)
FNDA:0,(anonymous_30)
FNDA:0,(anonymous_31)
FNDA:0,(anonymous_32)
FNDA:0,(anonymous_33)
FNDA:0,(anonymous_34)
FNDA:0,(anonymous_35)
FNDA:0,(anonymous_36)
FNDA:0,(anonymous_37)
FNDA:0,(anonymous_38)
FNDA:0,(anonymous_39)
FNDA:0,(anonymous_40)
FNDA:0,(anonymous_41)
FNDA:0,(anonymous_42)
FNDA:0,(anonymous_43)
FNDA:0,(anonymous_44)
FNDA:0,(anonymous_45)
FNDA:0,(anonymous_46)
FNDA:0,(anonymous_47)
FNDA:0,(anonymous_48)
FNDA:0,(anonymous_49)
FNDA:0,(anonymous_50)
FNDA:0,(anonymous_51)
FNDA:0,(anonymous_52)
FNDA:0,(anonymous_53)
FNDA:0,(anonymous_54)
FNDA:0,(anonymous_55)
FNDA:0,(anonymous_56)
FNDA:0,(anonymous_57)
FNDA:0,(anonymous_58)
FNDA:0,(anonymous_59)
FNDA:0,(anonymous_60)
FNDA:0,(anonymous_61)
FNDA:0,(anonymous_62)
FNDA:0,(anonymous_63)
FNDA:0,(anonymous_64)
FNDA:0,(anonymous_65)
FNDA:0,(anonymous_66)
FNDA:0,(anonymous_67)
FNDA:0,(anonymous_68)
FNDA:0,(anonymous_69)
FNDA:0,(anonymous_70)
FNDA:0,(anonymous_71)
FNDA:0,(anonymous_72)
FNDA:0,(anonymous_73)
FNDA:0,(anonymous_74)
FNDA:0,(anonymous_75)
FNDA:0,(anonymous_76)
FNDA:0,(anonymous_77)
FNDA:0,(anonymous_78)
FNDA:0,(anonymous_79)
FNDA:0,(anonymous_80)
FNDA:0,(anonymous_81)
FNDA:0,(anonymous_82)
FNDA:0,(anonymous_83)
FNDA:0,(anonymous_84)
FNDA:0,(anonymous_85)
DA:58,0
DA:59,0
DA:61,0
DA:66,0
DA:79,0
DA:87,0
DA:88,0
DA:89,0
DA:90,0
DA:91,0
DA:93,0
DA:94,0
DA:95,0
DA:98,0
DA:99,0
DA:100,0
DA:102,0
DA:103,0
DA:105,0
DA:123,0
DA:126,0
DA:127,0
DA:128,0
DA:130,0
DA:131,0
DA:133,0
DA:134,0
DA:137,0
DA:139,0
DA:140,0
DA:141,0
DA:143,0
DA:144,0
DA:154,0
DA:155,0
DA:159,0
DA:160,0
DA:171,0
DA:172,0
DA:176,0
DA:177,0
DA:180,0
DA:181,0
DA:182,0
DA:193,0
DA:196,0
DA:198,0
DA:199,0
DA:207,0
DA:208,0
DA:211,0
DA:215,0
DA:216,0
DA:218,0
DA:220,0
DA:223,0
DA:224,0
DA:226,0
DA:228,0
DA:234,0
DA:238,0
DA:244,0
DA:245,0
DA:246,0
DA:250,0
DA:251,0
DA:254,0
DA:255,0
DA:258,0
DA:264,0
DA:270,0
DA:271,0
DA:278,0
DA:279,0
DA:280,0
DA:283,0
DA:286,0
DA:287,0
DA:289,0
DA:290,0
DA:305,0
DA:306,0
DA:309,0
DA:310,0
DA:311,0
DA:313,0
DA:315,0
DA:321,0
DA:325,0
DA:341,0
DA:342,0
DA:343,0
DA:344,0
DA:350,0
DA:351,0
DA:358,0
DA:359,0
DA:377,0
DA:379,0
DA:385,0
DA:394,0
DA:395,0
DA:396,0
DA:397,0
DA:400,0
DA:404,0
DA:406,0
DA:407,0
DA:408,0
DA:410,0
DA:415,0
DA:418,0
DA:423,0
DA:425,0
DA:426,0
DA:427,0
DA:428,0
DA:430,0
DA:431,0
DA:433,0
DA:435,0
DA:438,0
DA:439,0
DA:442,0
DA:443,0
DA:447,0
DA:453,0
DA:454,0
DA:455,0
DA:456,0
DA:459,0
DA:460,0
DA:461,0
DA:462,0
DA:465,0
DA:466,0
DA:468,0
DA:469,0
DA:471,0
DA:474,0
DA:475,0
DA:477,0
DA:478,0
DA:481,0
DA:482,0
DA:486,0
DA:497,0
DA:500,0
DA:501,0
DA:504,0
DA:510,0
DA:511,0
DA:513,0
DA:514,0
DA:516,0
DA:517,0
DA:521,0
DA:522,0
DA:525,0
DA:527,0
DA:533,0
DA:539,0
DA:545,0
DA:549,0
DA:550,0
DA:551,0
DA:555,0
DA:556,0
DA:559,0
DA:560,0
DA:561,0
DA:562,0
DA:564,0
DA:565,0
DA:570,0
DA:573,0
DA:574,0
DA:613,0
DA:620,0
LF:179
LH:0
BRDA:143,0,0,0
BRDA:143,0,1,0
BRDA:155,1,0,0
BRDA:155,1,1,0
BRDA:156,2,0,0
BRDA:156,2,1,0
BRDA:245,3,0,0
BRDA:245,3,1,0
BRDA:310,4,0,0
BRDA:310,4,1,0
BRDA:310,5,0,0
BRDA:310,5,1,0
BRDA:342,6,0,0
BRDA:342,6,1,0
BRDA:368,7,0,0
BRDA:368,7,1,0
BRDA:371,8,0,0
BRDA:371,8,1,0
BRDA:371,9,0,0
BRDA:371,9,1,0
BRDA:395,10,0,0
BRDA:395,10,1,0
BRDA:406,11,0,0
BRDA:406,11,1,0
BRDA:407,12,0,0
BRDA:407,12,1,0
BRDA:425,13,0,0
BRDA:425,13,1,0
BRDA:430,14,0,0
BRDA:430,14,1,0
BRDA:466,15,0,0
BRDA:466,15,1,0
BRDA:489,16,0,0
BRDA:489,16,1,0
BRDA:490,17,0,0
BRDA:490,17,1,0
BRDA:492,18,0,0
BRDA:492,18,1,0
BRDA:525,19,0,0
BRDA:525,19,1,0
BRDA:525,19,2,0
BRDA:525,19,3,0
BRDA:562,20,0,0
BRDA:562,20,1,0
BRDA:562,21,0,0
BRDA:562,21,1,0
BRDA:564,22,0,0
BRDA:564,22,1,0
BRDA:589,23,0,0
BRDA:589,23,1,0
BRDA:613,24,0,0
BRDA:613,24,1,0
BRDA:613,25,0,0
BRDA:613,25,1,0
BRDA:644,26,0,0
BRDA:644,26,1,0
BRF:56
BRH:0
end_of_record
TN:
SF:app/components/closedloop/ClosedloopCell.js
FN:35,(anonymous_0)
FN:57,(anonymous_1)
FN:70,(anonymous_2)
FN:81,(anonymous_3)
FN:95,(anonymous_4)
FN:99,(anonymous_5)
FN:104,(anonymous_6)
FN:114,(anonymous_7)
FN:124,(anonymous_8)
FN:139,(anonymous_9)
FN:149,(anonymous_10)
FN:170,ClosedLoopCell
FN:188,(anonymous_12)
FN:191,(anonymous_13)
FN:203,(anonymous_14)
FNF:15
FNH:0
FNDA:0,(anonymous_0)
FNDA:0,(anonymous_1)
FNDA:0,(anonymous_2)
FNDA:0,(anonymous_3)
FNDA:0,(anonymous_4)
FNDA:0,(anonymous_5)
FNDA:0,(anonymous_6)
FNDA:0,(anonymous_7)
FNDA:0,(anonymous_8)
FNDA:0,(anonymous_9)
FNDA:0,(anonymous_10)
FNDA:0,ClosedLoopCell
FNDA:0,(anonymous_12)
FNDA:0,(anonymous_13)
FNDA:0,(anonymous_14)
DA:35,0
DA:36,0
DA:57,0
DA:58,0
DA:70,0
DA:71,0
DA:72,0
DA:81,0
DA:83,0
DA:95,0
DA:96,0
DA:99,0
DA:100,0
DA:101,0
DA:104,0
DA:105,0
DA:106,0
DA:114,0
DA:115,0
DA:124,0
DA:125,0
DA:126,0
DA:139,0
DA:140,0
DA:149,0
DA:150,0
DA:152,0
DA:158,0
DA:179,0
DA:185,0
DA:189,0
DA:192,0
DA:204,0
DA:237,0
LF:34
LH:0
BRDA:76,0,0,0
BRDA:76,0,1,0
BRDA:115,1,0,0
BRDA:115,1,1,0
BRDA:155,2,0,0
BRDA:155,2,1,0
BRDA:179,3,0,0
BRDA:179,3,1,0
BRDA:179,4,0,0
BRDA:179,4,1,0
BRDA:194,5,0,0
BRDA:194,5,1,0
BRDA:196,6,0,0
BRDA:196,6,1,0
BRDA:209,7,0,0
BRDA:209,7,1,0
BRF:16
BRH:0
end_of_record
TN:
SF:app/components/closedloop/DeleteTicketModal.js
FN:6,DeleteTicketModal
FN:12,(anonymous_1)
FNF:2
FNH:0
FNDA:0,DeleteTicketModal
FNDA:0,(anonymous_1)
DA:7,0
DA:13,0
DA:24,0
LF:3
LH:0
BRDA:32,0,0,0
BRDA:32,0,1,0
BRF:2
BRH:0
end_of_record
TN:
SF:app/components/closedloop/NoDataFound.js
FN:17,(anonymous_0)
FNF:1
FNH:0
FNDA:0,(anonymous_0)
DA:9,0
DA:17,0
DA:18,0
LF:3
LH:0
BRF:0
BRH:0
end_of_record
TN:
SF:app/components/closedloop/RenderRootCauseItem.js
FN:11,(anonymous_0)
FN:18,(anonymous_1)
FN:21,(anonymous_2)
FN:26,(anonymous_3)
FNF:4
FNH:0
FNDA:0,(anonymous_0)
FNDA:0,(anonymous_1)
FNDA:0,(anonymous_2)
FNDA:0,(anonymous_3)
DA:11,0
DA:12,0
DA:18,0
DA:22,0
DA:26,0
DA:34,0
LF:6
LH:0
BRF:0
BRH:0
end_of_record
TN:
SF:app/components/closedloop/RenderSegmentItem.js
FN:13,(anonymous_0)
FN:20,(anonymous_1)
FN:23,(anonymous_2)
FN:41,(anonymous_3)
FN:44,(anonymous_4)
FN:49,(anonymous_5)
FN:50,(anonymous_6)
FNF:7
FNH:0
FNDA:0,(anonymous_0)
FNDA:0,(anonymous_1)
FNDA:0,(anonymous_2)
FNDA:0,(anonymous_3)
FNDA:0,(anonymous_4)
FNDA:0,(anonymous_5)
FNDA:0,(anonymous_6)
DA:13,0
DA:19,0
DA:20,0
DA:23,0
DA:29,0
DA:32,0
DA:41,0
DA:45,0
DA:50,0
DA:57,0
LF:10
LH:0
BRDA:17,0,0,0
BRDA:37,1,0,0
BRDA:37,1,1,0
BRDA:50,2,0,0
BRDA:50,2,1,0
BRF:5
BRH:0
end_of_record
TN:
SF:app/components/closedloop/ResponseTicketCell.js
FN:11,ResponseTicketCell
FN:14,(anonymous_1)
FN:18,(anonymous_2)
FN:22,(anonymous_3)
FN:38,(anonymous_4)
FN:48,(anonymous_5)
FN:62,(anonymous_6)
FNF:7
FNH:0
FNDA:0,ResponseTicketCell
FNDA:0,(anonymous_1)
FNDA:0,(anonymous_2)
FNDA:0,(anonymous_3)
FNDA:0,(anonymous_4)
FNDA:0,(anonymous_5)
FNDA:0,(anonymous_6)
DA:12,0
DA:14,0
DA:15,0
DA:18,0
DA:19,0
DA:22,0
DA:23,0
DA:24,0
DA:25,0
DA:38,0
DA:39,0
DA:48,0
DA:49,0
DA:59,0
DA:63,0
DA:78,0
LF:16
LH:0
BRDA:28,0,0,0
BRDA:28,0,1,0
BRDA:30,1,0,0
BRDA:30,1,1,0
BRF:4
BRH:0
end_of_record
TN:
SF:app/components/closedloop/TakeActionScreen.js
FN:11,TakeActionScreen
FN:12,(anonymous_1)
FNF:2
FNH:0
FNDA:0,TakeActionScreen
FNDA:0,(anonymous_1)
DA:12,0
DA:13,0
DA:21,0
DA:41,0
LF:4
LH:0
BRF:0
BRH:0
end_of_record
TN:
SF:app/components/closedloop/TicketActivity.js
FN:23,(anonymous_0)
FN:44,TicketActivity
FN:52,(anonymous_2)
FN:53,(anonymous_3)
FN:56,(anonymous_4)
FN:59,getTicketActivityList
FN:74,(anonymous_6)
FN:77,(anonymous_7)
FN:81,(anonymous_8)
FN:90,(anonymous_9)
FN:96,(anonymous_10)
FN:105,(anonymous_11)
FN:111,(anonymous_12)
FN:112,(anonymous_13)
FN:116,(anonymous_14)
FN:119,(anonymous_15)
FN:150,(anonymous_16)
FN:182,(anonymous_17)
FNF:18
FNH:0
FNDA:0,(anonymous_0)
FNDA:0,TicketActivity
FNDA:0,(anonymous_2)
FNDA:0,(anonymous_3)
FNDA:0,(anonymous_4)
FNDA:0,getTicketActivityList
FNDA:0,(anonymous_6)
FNDA:0,(anonymous_7)
FNDA:0,(anonymous_8)
FNDA:0,(anonymous_9)
FNDA:0,(anonymous_10)
FNDA:0,(anonymous_11)
FNDA:0,(anonymous_12)
FNDA:0,(anonymous_13)
FNDA:0,(anonymous_14)
FNDA:0,(anonymous_15)
FNDA:0,(anonymous_16)
FNDA:0,(anonymous_17)
DA:23,0
DA:24,0
DA:25,0
DA:45,0
DA:49,0
DA:50,0
DA:51,0
DA:52,0
DA:53,0
DA:55,0
DA:56,0
DA:61,0
DA:63,0
DA:65,0
DA:70,0
DA:71,0
DA:72,0
DA:74,0
DA:75,0
DA:77,0
DA:78,0
DA:81,0
DA:82,0
DA:90,0
DA:91,0
DA:97,0
DA:98,0
DA:105,0
DA:106,0
DA:111,0
DA:112,0
DA:113,0
DA:116,0
DA:117,0
DA:118,0
DA:119,0
DA:122,0
DA:130,0
DA:138,0
DA:150,0
DA:152,0
DA:154,0
DA:182,0
DA:198,0
LF:44
LH:0
BRDA:30,0,0,0
BRDA:30,0,1,0
BRDA:61,1,0,0
BRDA:61,1,1,0
BRF:4
BRH:0
end_of_record
TN:
SF:app/components/closedloop/TicketComments.js
FN:39,getFoldedText
FN:49,(anonymous_1)
FN:64,(anonymous_2)
FN:96,(anonymous_3)
FN:107,(anonymous_4)
FN:126,(anonymous_5)
FN:142,(anonymous_6)
FN:176,(anonymous_7)
FN:184,(anonymous_8)
FN:194,(anonymous_9)
FN:207,(anonymous_10)
FN:216,(anonymous_11)
FN:217,(anonymous_12)
FN:239,(anonymous_13)
FN:253,(anonymous_14)
FN:257,(anonymous_15)
FN:262,(anonymous_16)
FN:264,(anonymous_17)
FN:267,(anonymous_18)
FN:300,(anonymous_19)
FN:301,(anonymous_20)
FN:302,(anonymous_21)
FN:305,(anonymous_22)
FN:307,(anonymous_23)
FN:317,(anonymous_24)
FN:333,(anonymous_25)
FN:337,(anonymous_26)
FN:381,(anonymous_27)
FN:382,(anonymous_28)
FN:392,(anonymous_29)
FN:393,(anonymous_30)
FN:400,TicketComments
FN:401,(anonymous_32)
FN:403,(anonymous_33)
FN:408,(anonymous_34)
FN:412,(anonymous_35)
FN:413,(anonymous_36)
FN:417,(anonymous_37)
FN:420,(anonymous_38)
FNF:39
FNH:0
FNDA:0,getFoldedText
FNDA:0,(anonymous_1)
FNDA:0,(anonymous_2)
FNDA:0,(anonymous_3)
FNDA:0,(anonymous_4)
FNDA:0,(anonymous_5)
FNDA:0,(anonymous_6)
FNDA:0,(anonymous_7)
FNDA:0,(anonymous_8)
FNDA:0,(anonymous_9)
FNDA:0,(anonymous_10)
FNDA:0,(anonymous_11)
FNDA:0,(anonymous_12)
FNDA:0,(anonymous_13)
FNDA:0,(anonymous_14)
FNDA:0,(anonymous_15)
FNDA:0,(anonymous_16)
FNDA:0,(anonymous_17)
FNDA:0,(anonymous_18)
FNDA:0,(anonymous_19)
FNDA:0,(anonymous_20)
FNDA:0,(anonymous_21)
FNDA:0,(anonymous_22)
FNDA:0,(anonymous_23)
FNDA:0,(anonymous_24)
FNDA:0,(anonymous_25)
FNDA:0,(anonymous_26)
FNDA:0,(anonymous_27)
FNDA:0,(anonymous_28)
FNDA:0,(anonymous_29)
FNDA:0,(anonymous_30)
FNDA:0,TicketComments
FNDA:0,(anonymous_32)
FNDA:0,(anonymous_33)
FNDA:0,(anonymous_34)
FNDA:0,(anonymous_35)
FNDA:0,(anonymous_36)
FNDA:0,(anonymous_37)
FNDA:0,(anonymous_38)
DA:41,0
DA:42,0
DA:43,0
DA:46,0
DA:49,0
DA:50,0
DA:64,0
DA:65,0
DA:66,0
DA:68,0
DA:69,0
DA:74,0
DA:96,0
DA:97,0
DA:107,0
DA:112,0
DA:126,0
DA:127,0
DA:141,0
DA:154,0
DA:158,0
DA:177,0
DA:181,0
DA:185,0
DA:186,0
DA:194,0
DA:195,0
DA:207,0
DA:208,0
DA:210,0
DA:217,0
DA:239,0
DA:240,0
DA:242,0
DA:254,0
DA:257,0
DA:262,0
DA:264,0
DA:265,0
DA:266,0
DA:267,0
DA:269,0
DA:278,0
DA:300,0
DA:301,0
DA:302,0
DA:303,0
DA:304,0
DA:305,0
DA:306,0
DA:307,0
DA:309,0
DA:310,0
DA:312,0
DA:317,0
DA:318,0
DA:319,0
DA:323,0
DA:333,0
DA:334,0
DA:337,0
DA:338,0
DA:339,0
DA:341,0
DA:345,0
DA:352,0
DA:353,0
DA:356,0
DA:381,0
DA:382,0
DA:384,0
DA:386,0
DA:392,0
DA:393,0
DA:401,0
DA:403,0
DA:404,0
DA:406,0
DA:408,0
DA:409,0
DA:412,0
DA:413,0
DA:414,0
DA:417,0
DA:418,0
DA:419,0
DA:420,0
DA:423,0
DA:439,0
LF:89
LH:0
BRDA:42,0,0,0
BRDA:42,0,1,0
BRDA:58,1,0,0
BRDA:58,1,1,0
BRDA:101,2,0,0
BRDA:101,2,1,0
BRDA:154,3,0,0
BRDA:154,3,1,0
BRDA:195,4,0,0
BRDA:195,4,1,0
BRDA:198,5,0,0
BRDA:198,5,1,0
BRDA:207,6,0,0
BRDA:224,7,0,0
BRDA:224,7,1,0
BRDA:228,8,0,0
BRDA:228,8,1,0
BRDA:271,9,0,0
BRDA:271,9,1,0
BRDA:281,10,0,0
BRDA:281,10,1,0
BRDA:312,11,0,0
BRDA:312,11,1,0
BRDA:318,12,0,0
BRDA:318,12,1,0
BRDA:338,13,0,0
BRDA:338,13,1,0
BRDA:338,14,0,0
BRDA:338,14,1,0
BRDA:429,15,0,0
BRDA:429,15,1,0
BRDA:431,16,0,0
BRDA:431,16,1,0
BRDA:468,17,0,0
BRDA:468,17,1,0
BRF:35
BRH:0
end_of_record
TN:
SF:app/components/closedloop/TicketDetails.js
FN:24,TicketDetails
FN:25,(anonymous_1)
FN:26,(anonymous_2)
FN:29,(anonymous_3)
FN:39,(anonymous_4)
FN:43,(anonymous_5)
FN:55,(anonymous_6)
FN:61,(anonymous_7)
FNF:8
FNH:0
FNDA:0,TicketDetails
FNDA:0,(anonymous_1)
FNDA:0,(anonymous_2)
FNDA:0,(anonymous_3)
FNDA:0,(anonymous_4)
FNDA:0,(anonymous_5)
FNDA:0,(anonymous_6)
FNDA:0,(anonymous_7)
DA:25,0
DA:26,0
DA:28,0
DA:29,0
DA:31,0
DA:32,0
DA:34,0
DA:35,0
DA:37,0
DA:38,0
DA:39,0
DA:40,0
DA:43,0
DA:44,0
DA:45,0
DA:46,0
DA:47,0
DA:55,0
DA:56,0
DA:61,0
DA:62,0
DA:63,0
DA:64,0
DA:69,0
LF:24
LH:0
BRDA:46,0,0,0
BRDA:46,0,1,0
BRDA:62,1,0,0
BRDA:62,1,1,0
BRDA:69,2,0,0
BRDA:69,2,1,0
BRF:6
BRH:0
end_of_record
TN:
SF:app/components/closedloop/TicketOverview.js
FN:66,(anonymous_0)
FN:67,(anonymous_1)
FN:81,(anonymous_2)
FN:98,(anonymous_3)
FN:109,(anonymous_4)
FN:120,(anonymous_5)
FN:136,(anonymous_6)
FN:153,(anonymous_7)
FN:197,(anonymous_8)
FN:251,(anonymous_9)
FN:266,(anonymous_10)
FN:297,(anonymous_11)
FN:306,(anonymous_12)
FN:308,(anonymous_13)
FN:310,(anonymous_14)
FN:312,(anonymous_15)
FN:343,hasPanelMemberObj
FN:347,TicketOverview
FN:362,(anonymous_18)
FN:364,(anonymous_19)
FN:365,(anonymous_20)
FN:366,(anonymous_21)
FN:367,(anonymous_22)
FN:370,(anonymous_23)
FN:385,(anonymous_24)
FN:390,(anonymous_25)
FN:398,(anonymous_26)
FN:409,(anonymous_27)
FN:417,(anonymous_28)
FN:429,(anonymous_29)
FN:466,(anonymous_30)
FN:475,(anonymous_31)
FN:480,(anonymous_32)
FN:485,(anonymous_33)
FN:493,(anonymous_34)
FN:499,(anonymous_35)
FN:504,(anonymous_36)
FN:513,(anonymous_37)
FN:519,(anonymous_38)
FN:535,(anonymous_39)
FN:563,(anonymous_40)
FN:572,(anonymous_41)
FN:578,(anonymous_42)
FN:587,(anonymous_43)
FN:596,(anonymous_44)
FN:602,(anonymous_45)
FN:612,(anonymous_46)
FN:621,(anonymous_47)
FN:637,(anonymous_48)
FN:650,(anonymous_49)
FN:654,(anonymous_50)
FN:665,(anonymous_51)
FN:673,(anonymous_52)
FN:722,(anonymous_53)
FN:730,(anonymous_54)
FN:738,(anonymous_55)
FN:742,(anonymous_56)
FN:746,(anonymous_57)
FN:750,(anonymous_58)
FN:767,(anonymous_59)
FN:780,(anonymous_60)
FN:786,(anonymous_61)
FN:793,(anonymous_62)
FN:801,(anonymous_63)
FN:810,(anonymous_64)
FN:814,(anonymous_65)
FN:823,(anonymous_66)
FNF:67
FNH:0
FNDA:0,(anonymous_0)
FNDA:0,(anonymous_1)
FNDA:0,(anonymous_2)
FNDA:0,(anonymous_3)
FNDA:0,(anonymous_4)
FNDA:0,(anonymous_5)
FNDA:0,(anonymous_6)
FNDA:0,(anonymous_7)
FNDA:0,(anonymous_8)
FNDA:0,(anonymous_9)
FNDA:0,(anonymous_10)
FNDA:0,(anonymous_11)
FNDA:0,(anonymous_12)
FNDA:0,(anonymous_13)
FNDA:0,(anonymous_14)
FNDA:0,(anonymous_15)
FNDA:0,hasPanelMemberObj
FNDA:0,TicketOverview
FNDA:0,(anonymous_18)
FNDA:0,(anonymous_19)
FNDA:0,(anonymous_20)
FNDA:0,(anonymous_21)
FNDA:0,(anonymous_22)
FNDA:0,(anonymous_23)
FNDA:0,(anonymous_24)
FNDA:0,(anonymous_25)
FNDA:0,(anonymous_26)
FNDA:0,(anonymous_27)
FNDA:0,(anonymous_28)
FNDA:0,(anonymous_29)
FNDA:0,(anonymous_30)
FNDA:0,(anonymous_31)
FNDA:0,(anonymous_32)
FNDA:0,(anonymous_33)
FNDA:0,(anonymous_34)
FNDA:0,(anonymous_35)
FNDA:0,(anonymous_36)
FNDA:0,(anonymous_37)
FNDA:0,(anonymous_38)
FNDA:0,(anonymous_39)
FNDA:0,(anonymous_40)
FNDA:0,(anonymous_41)
FNDA:0,(anonymous_42)
FNDA:0,(anonymous_43)
FNDA:0,(anonymous_44)
FNDA:0,(anonymous_45)
FNDA:0,(anonymous_46)
FNDA:0,(anonymous_47)
FNDA:0,(anonymous_48)
FNDA:0,(anonymous_49)
FNDA:0,(anonymous_50)
FNDA:0,(anonymous_51)
FNDA:0,(anonymous_52)
FNDA:0,(anonymous_53)
FNDA:0,(anonymous_54)
FNDA:0,(anonymous_55)
FNDA:0,(anonymous_56)
FNDA:0,(anonymous_57)
FNDA:0,(anonymous_58)
FNDA:0,(anonymous_59)
FNDA:0,(anonymous_60)
FNDA:0,(anonymous_61)
FNDA:0,(anonymous_62)
FNDA:0,(anonymous_63)
FNDA:0,(anonymous_64)
FNDA:0,(anonymous_65)
FNDA:0,(anonymous_66)
DA:66,0
DA:67,0
DA:68,0
DA:69,0
DA:72,0
DA:81,0
DA:82,0
DA:98,0
DA:99,0
DA:109,0
DA:110,0
DA:120,0
DA:121,0
DA:136,0
DA:137,0
DA:153,0
DA:155,0
DA:158,0
DA:197,0
DA:203,0
DA:251,0
DA:252,0
DA:266,0
DA:267,0
DA:297,0
DA:298,0
DA:306,0
DA:307,0
DA:308,0
DA:310,0
DA:311,0
DA:312,0
DA:313,0
DA:321,0
DA:344,0
DA:348,0
DA:355,0
DA:357,0
DA:358,0
DA:360,0
DA:361,0
DA:362,0
DA:363,0
DA:364,0
DA:365,0
DA:366,0
DA:367,0
DA:368,0
DA:370,0
DA:373,0
DA:376,0
DA:383,0
DA:384,0
DA:385,0
DA:386,0
DA:387,0
DA:390,0
DA:391,0
DA:394,0
DA:398,0
DA:399,0
DA:404,0
DA:405,0
DA:409,0
DA:410,0
DA:417,0
DA:418,0
DA:425,0
DA:429,0
DA:430,0
DA:437,0
DA:449,0
DA:450,0
DA:451,0
DA:452,0
DA:454,0
DA:456,0
DA:461,0
DA:466,0
DA:467,0
DA:468,0
DA:475,0
DA:476,0
DA:477,0
DA:480,0
DA:481,0
DA:482,0
DA:485,0
DA:486,0
DA:490,0
DA:493,0
DA:494,0
DA:495,0
DA:496,0
DA:499,0
DA:500,0
DA:501,0
DA:504,0
DA:505,0
DA:513,0
DA:514,0
DA:520,0
DA:522,0
DA:524,0
DA:526,0
DA:535,0
DA:536,0
DA:537,0
DA:539,0
DA:541,0
DA:542,0
DA:543,0
DA:546,0
DA:547,0
DA:548,0
DA:550,0
DA:551,0
DA:563,0
DA:564,0
DA:572,0
DA:573,0
DA:579,0
DA:580,0
DA:587,0
DA:588,0
DA:596,0
DA:597,0
DA:603,0
DA:604,0
DA:605,0
DA:612,0
DA:613,0
DA:621,0
DA:638,0
DA:639,0
DA:641,0
DA:650,0
DA:651,0
DA:654,0
DA:655,0
DA:657,0
DA:659,0
DA:661,0
DA:665,0
DA:666,0
DA:673,0
DA:674,0
DA:675,0
DA:677,0
DA:682,0
DA:686,0
DA:691,0
DA:730,0
DA:731,0
DA:732,0
DA:738,0
DA:739,0
DA:742,0
DA:743,0
DA:746,0
DA:747,0
DA:750,0
DA:751,0
DA:753,0
DA:754,0
DA:756,0
DA:757,0
DA:759,0
DA:760,0
DA:762,0
DA:763,0
DA:767,0
DA:768,0
DA:776,0
DA:780,0
DA:786,0
DA:787,0
DA:795,0
DA:796,0
DA:802,0
DA:810,0
DA:811,0
DA:815,0
DA:823,0
DA:824,0
DA:873,0
DA:879,0
LF:187
LH:0
BRDA:87,0,0,0
BRDA:87,0,1,0
BRDA:120,1,0,0
BRDA:128,2,0,0
BRDA:128,2,1,0
BRDA:145,3,0,0
BRDA:145,3,1,0
BRDA:155,4,0,0
BRDA:155,4,1,0
BRDA:167,5,0,0
BRDA:167,5,1,0
BRDA:171,6,0,0
BRDA:171,6,1,0
BRDA:178,7,0,0
BRDA:178,7,1,0
BRDA:188,8,0,0
BRDA:188,8,1,0
BRDA:188,9,0,0
BRDA:188,9,1,0
BRDA:210,10,0,0
BRDA:210,10,1,0
BRDA:215,11,0,0
BRDA:215,11,1,0
BRDA:224,12,0,0
BRDA:224,12,1,0
BRDA:233,13,0,0
BRDA:233,13,1,0
BRDA:241,14,0,0
BRDA:241,14,1,0
BRDA:344,15,0,0
BRDA:344,15,1,0
BRDA:344,15,2,0
BRDA:364,16,0,0
BRDA:364,16,1,0
BRDA:374,17,0,0
BRDA:374,17,1,0
BRDA:377,18,0,0
BRDA:377,18,1,0
BRDA:383,19,0,0
BRDA:383,19,1,0
BRDA:395,20,0,0
BRDA:395,20,1,0
BRDA:399,21,0,0
BRDA:399,21,1,0
BRDA:400,22,0,0
BRDA:400,22,1,0
BRDA:467,23,0,0
BRDA:467,23,1,0
BRDA:520,24,0,0
BRDA:520,24,1,0
BRDA:539,25,0,0
BRDA:539,25,1,0
BRDA:629,26,0,0
BRDA:629,26,1,0
BRDA:655,27,0,0
BRDA:655,27,1,0
BRDA:655,27,2,0
BRDA:675,28,0,0
BRDA:675,28,1,0
BRDA:677,29,0,0
BRDA:677,29,1,0
BRDA:682,30,0,0
BRDA:682,30,1,0
BRDA:686,31,0,0
BRDA:686,31,1,0
BRDA:722,32,0,0
BRDA:722,32,1,0
BRDA:733,33,0,0
BRDA:733,33,1,0
BRDA:751,34,0,0
BRDA:751,34,1,0
BRDA:751,34,2,0
BRDA:751,34,3,0
BRDA:839,35,0,0
BRDA:839,35,1,0
BRDA:855,36,0,0
BRDA:855,36,1,0
BRDA:873,37,0,0
BRDA:873,37,1,0
BRF:79
BRH:0
end_of_record
TN:
SF:app/components/closedloop/TicketRootCause.js
FN:19,(anonymous_0)
FN:26,(anonymous_1)
FN:27,(anonymous_2)
FN:29,(anonymous_3)
FN:34,(anonymous_4)
FN:43,(anonymous_5)
FN:45,(anonymous_6)
FN:52,(anonymous_7)
FN:54,(anonymous_8)
FN:74,(anonymous_9)
FN:75,(anonymous_10)
FN:82,(anonymous_11)
FN:83,(anonymous_12)
FN:90,(anonymous_13)
FN:98,(anonymous_14)
FN:105,(anonymous_15)
FN:112,(anonymous_16)
FNF:17
FNH:0
FNDA:0,(anonymous_0)
FNDA:0,(anonymous_1)
FNDA:0,(anonymous_2)
FNDA:0,(anonymous_3)
FNDA:0,(anonymous_4)
FNDA:0,(anonymous_5)
FNDA:0,(anonymous_6)
FNDA:0,(anonymous_7)
FNDA:0,(anonymous_8)
FNDA:0,(anonymous_9)
FNDA:0,(anonymous_10)
FNDA:0,(anonymous_11)
FNDA:0,(anonymous_12)
FNDA:0,(anonymous_13)
FNDA:0,(anonymous_14)
FNDA:0,(anonymous_15)
FNDA:0,(anonymous_16)
DA:19,0
DA:20,0
DA:21,0
DA:22,0
DA:23,0
DA:25,0
DA:26,0
DA:27,0
DA:28,0
DA:29,0
DA:32,0
DA:33,0
DA:34,0
DA:35,0
DA:36,0
DA:37,0
DA:40,0
DA:43,0
DA:44,0
DA:45,0
DA:52,0
DA:53,0
DA:54,0
DA:61,0
DA:62,0
DA:63,0
DA:66,0
DA:70,0
DA:71,0
DA:72,0
DA:74,0
DA:75,0
DA:76,0
DA:77,0
DA:78,0
DA:82,0
DA:83,0
DA:84,0
DA:85,0
DA:86,0
DA:90,0
DA:91,0
DA:92,0
DA:94,0
DA:98,0
DA:100,0
DA:105,0
DA:106,0
DA:107,0
DA:108,0
DA:109,0
DA:112,0
DA:113,0
DA:114,0
DA:115,0
DA:116,0
DA:120,0
DA:121,0
DA:122,0
DA:123,0
DA:127,0
DA:142,0
DA:196,0
LF:63
LH:0
BRDA:34,0,0,0
BRDA:36,1,0,0
BRDA:36,1,1,0
BRDA:44,2,0,0
BRDA:44,2,1,0
BRDA:53,3,0,0
BRDA:53,3,1,0
BRDA:91,4,0,0
BRDA:91,4,1,0
BRDA:100,5,0,0
BRDA:100,5,1,0
BRDA:115,6,0,0
BRDA:115,6,1,0
BRDA:122,7,0,0
BRDA:122,7,1,0
BRDA:353,8,0,0
BRDA:353,8,1,0
BRDA:355,9,0,0
BRDA:355,9,1,0
BRF:19
BRH:0
end_of_record
TN:
SF:app/components/closedloop/closeloop.style.js
FNF:0
FNH:0
DA:11,0
LF:1
LH:0
BRF:0
BRH:0
end_of_record
TN:
SF:app/components/closedloop/takeaction/ActionEmailHistory.js
FN:29,(anonymous_0)
FN:38,(anonymous_1)
FN:59,(anonymous_2)
FN:65,(anonymous_3)
FN:66,(anonymous_4)
FN:74,(anonymous_5)
FN:75,(anonymous_6)
FN:84,(anonymous_7)
FN:86,(anonymous_8)
FN:92,(anonymous_9)
FN:129,(anonymous_10)
FN:142,ActionEmailHistory
FN:144,(anonymous_12)
FN:158,(anonymous_13)
FN:159,(anonymous_14)
FNF:15
FNH:0
FNDA:0,(anonymous_0)
FNDA:0,(anonymous_1)
FNDA:0,(anonymous_2)
FNDA:0,(anonymous_3)
FNDA:0,(anonymous_4)
FNDA:0,(anonymous_5)
FNDA:0,(anonymous_6)
FNDA:0,(anonymous_7)
FNDA:0,(anonymous_8)
FNDA:0,(anonymous_9)
FNDA:0,(anonymous_10)
FNDA:0,ActionEmailHistory
FNDA:0,(anonymous_12)
FNDA:0,(anonymous_13)
FNDA:0,(anonymous_14)
DA:29,0
DA:30,0
DA:38,0
DA:39,0
DA:40,0
DA:42,0
DA:43,0
DA:59,0
DA:60,0
DA:65,0
DA:67,0
DA:74,0
DA:75,0
DA:78,0
DA:84,0
DA:85,0
DA:86,0
DA:87,0
DA:88,0
DA:92,0
DA:93,0
DA:98,0
DA:129,0
DA:130,0
DA:131,0
DA:136,0
DA:143,0
DA:144,0
DA:147,0
DA:148,0
DA:151,0
DA:153,0
DA:158,0
DA:160,0
DA:168,0
LF:35
LH:0
BRDA:39,0,0,0
BRDA:39,0,1,0
BRDA:40,1,0,0
BRDA:40,1,1,0
BRDA:54,2,0,0
BRDA:54,2,1,0
BRDA:85,3,0,0
BRDA:85,3,1,0
BRDA:87,4,0,0
BRDA:87,4,1,0
BRDA:147,5,0,0
BRDA:147,5,1,0
BRDA:151,6,0,0
BRDA:151,6,1,0
BRF:14
BRH:0
end_of_record
TN:
SF:app/components/closedloop/takeaction/FilterTickets.js
FN:28,(anonymous_0)
FN:43,(anonymous_1)
FN:44,(anonymous_2)
FN:45,(anonymous_3)
FN:57,(anonymous_4)
FN:59,(anonymous_5)
FN:72,(anonymous_6)
FN:73,(anonymous_7)
FN:74,(anonymous_8)
FN:85,(anonymous_9)
FN:87,(anonymous_10)
FN:100,(anonymous_11)
FN:101,(anonymous_12)
FN:102,(anonymous_13)
FN:103,(anonymous_14)
FN:114,(anonymous_15)
FN:116,(anonymous_16)
FN:128,(anonymous_17)
FN:129,(anonymous_18)
FN:130,(anonymous_19)
FN:189,(anonymous_20)
FN:202,(anonymous_21)
FN:207,(anonymous_22)
FN:242,(anonymous_23)
FNF:24
FNH:0
FNDA:0,(anonymous_0)
FNDA:0,(anonymous_1)
FNDA:0,(anonymous_2)
FNDA:0,(anonymous_3)
FNDA:0,(anonymous_4)
FNDA:0,(anonymous_5)
FNDA:0,(anonymous_6)
FNDA:0,(anonymous_7)
FNDA:0,(anonymous_8)
FNDA:0,(anonymous_9)
FNDA:0,(anonymous_10)
FNDA:0,(anonymous_11)
FNDA:0,(anonymous_12)
FNDA:0,(anonymous_13)
FNDA:0,(anonymous_14)
FNDA:0,(anonymous_15)
FNDA:0,(anonymous_16)
FNDA:0,(anonymous_17)
FNDA:0,(anonymous_18)
FNDA:0,(anonymous_19)
FNDA:0,(anonymous_20)
FNDA:0,(anonymous_21)
FNDA:0,(anonymous_22)
FNDA:0,(anonymous_23)
DA:28,0
DA:29,0
DA:30,0
DA:31,0
DA:35,0
DA:36,0
DA:39,0
DA:43,0
DA:44,0
DA:45,0
DA:46,0
DA:47,0
DA:48,0
DA:51,0
DA:57,0
DA:60,0
DA:72,0
DA:73,0
DA:74,0
DA:75,0
DA:76,0
DA:77,0
DA:80,0
DA:85,0
DA:88,0
DA:100,0
DA:101,0
DA:102,0
DA:103,0
DA:104,0
DA:105,0
DA:109,0
DA:114,0
DA:117,0
DA:128,0
DA:129,0
DA:130,0
DA:132,0
DA:189,0
DA:190,0
DA:202,0
DA:204,0
DA:207,0
DA:211,0
DA:212,0
DA:213,0
DA:215,0
DA:216,0
DA:218,0
DA:242,0
DA:243,0
DA:309,0
DA:332,0
LF:53
LH:0
BRDA:40,0,0,0
BRDA:40,0,1,0
BRDA:130,1,0,0
BRDA:130,1,1,0
BRDA:194,2,0,0
BRDA:194,2,1,0
BRDA:413,3,0,0
BRDA:413,3,1,0
BRDA:415,4,0,0
BRDA:415,4,1,0
BRF:10
BRH:0
end_of_record
TN:
SF:app/components/closedloop/takeaction/SelectEmailTemplate.js
FN:15,(anonymous_0)
FN:16,(anonymous_1)
FN:18,(anonymous_2)
FN:26,(anonymous_3)
FN:39,(anonymous_4)
FNF:5
FNH:0
FNDA:0,(anonymous_0)
FNDA:0,(anonymous_1)
FNDA:0,(anonymous_2)
FNDA:0,(anonymous_3)
FNDA:0,(anonymous_4)
DA:15,0
DA:16,0
DA:17,0
DA:18,0
DA:26,0
DA:27,0
DA:30,0
DA:39,0
DA:49,0
LF:9
LH:0
BRF:0
BRH:0
end_of_record
TN:
SF:app/components/closedloop/takeaction/SelectPriority.js
FN:22,(anonymous_0)
FN:27,(anonymous_1)
FN:30,(anonymous_2)
FN:38,(anonymous_3)
FN:74,(anonymous_4)
FNF:5
FNH:0
FNDA:0,(anonymous_0)
FNDA:0,(anonymous_1)
FNDA:0,(anonymous_2)
FNDA:0,(anonymous_3)
FNDA:0,(anonymous_4)
DA:22,0
DA:23,0
DA:24,0
DA:27,0
DA:28,0
DA:30,0
DA:31,0
DA:32,0
DA:34,0
DA:39,0
DA:40,0
DA:70,0
DA:74,0
DA:85,0
LF:14
LH:0
BRDA:54,0,0,0
BRDA:54,0,1,0
BRF:2
BRH:0
end_of_record
TN:
SF:app/components/closedloop/takeaction/SelectSegment.js
FN:15,(anonymous_0)
FN:19,(anonymous_1)
FN:24,(anonymous_2)
FN:53,(anonymous_3)
FNF:4
FNH:0
FNDA:0,(anonymous_0)
FNDA:0,(anonymous_1)
FNDA:0,(anonymous_2)
FNDA:0,(anonymous_3)
DA:15,0
DA:16,0
DA:17,0
DA:19,0
DA:20,0
DA:25,0
DA:26,0
DA:48,0
DA:53,0
DA:62,0
LF:10
LH:0
BRDA:32,0,0,0
BRDA:32,0,1,0
BRF:2
BRH:0
end_of_record
TN:
SF:app/components/closedloop/takeaction/SelectSorting.js
FN:10,(anonymous_0)
FN:12,(anonymous_1)
FN:15,(anonymous_2)
FN:25,(anonymous_3)
FN:38,(anonymous_4)
FN:49,(anonymous_5)
FNF:6
FNH:0
FNDA:0,(anonymous_0)
FNDA:0,(anonymous_1)
FNDA:0,(anonymous_2)
FNDA:0,(anonymous_3)
FNDA:0,(anonymous_4)
FNDA:0,(anonymous_5)
DA:10,0
DA:12,0
DA:13,0
DA:14,0
DA:15,0
DA:16,0
DA:26,0
DA:27,0
DA:33,0
DA:38,0
DA:49,0
DA:59,0
LF:12
LH:0
BRF:0
BRH:0
end_of_record
TN:
SF:app/components/closedloop/takeaction/SelectStatus.js
FN:11,(anonymous_0)
FN:15,(anonymous_1)
FN:19,(anonymous_2)
FN:23,(anonymous_3)
FN:29,(anonymous_4)
FN:43,(anonymous_5)
FNF:6
FNH:0
FNDA:0,(anonymous_0)
FNDA:0,(anonymous_1)
FNDA:0,(anonymous_2)
FNDA:0,(anonymous_3)
FNDA:0,(anonymous_4)
FNDA:0,(anonymous_5)
DA:11,0
DA:12,0
DA:15,0
DA:16,0
DA:17,0
DA:19,0
DA:20,0
DA:23,0
DA:24,0
DA:31,0
DA:32,0
DA:38,0
DA:43,0
DA:54,0
LF:14
LH:0
BRF:0
BRH:0
end_of_record
TN:
SF:app/components/closedloop/takeaction/SelectTicketOwner.js
FN:22,(anonymous_0)
FN:30,filterOwnerList
FN:34,(anonymous_2)
FN:35,(anonymous_3)
FN:39,(anonymous_4)
FN:43,(anonymous_5)
FN:78,(anonymous_6)
FN:89,(anonymous_7)
FNF:8
FNH:0
FNDA:0,(anonymous_0)
FNDA:0,filterOwnerList
FNDA:0,(anonymous_2)
FNDA:0,(anonymous_3)
FNDA:0,(anonymous_4)
FNDA:0,(anonymous_5)
FNDA:0,(anonymous_6)
FNDA:0,(anonymous_7)
DA:22,0
DA:23,0
DA:24,0
DA:25,0
DA:28,0
DA:31,0
DA:32,0
DA:34,0
DA:35,0
DA:39,0
DA:40,0
DA:45,0
DA:46,0
DA:67,0
DA:78,0
DA:89,0
DA:99,0
LF:17
LH:0
BRDA:31,0,0,0
BRDA:31,0,1,0
BRDA:52,1,0,0
BRDA:52,1,1,0
BRF:4
BRH:0
end_of_record
TN:
SF:app/components/closedloop/takeaction/SendEmail.js
FN:45,(anonymous_0)
FN:54,(anonymous_1)
FN:64,(anonymous_2)
FN:77,(anonymous_3)
FN:89,(anonymous_4)
FN:111,(anonymous_5)
FN:122,(anonymous_6)
FN:124,(anonymous_7)
FN:130,(anonymous_8)
FN:164,(anonymous_9)
FN:179,(anonymous_10)
FN:181,(anonymous_11)
FN:214,(anonymous_12)
FN:222,(anonymous_13)
FN:231,(anonymous_14)
FN:232,(anonymous_15)
FN:242,(anonymous_16)
FN:243,(anonymous_17)
FN:251,(anonymous_18)
FN:286,(anonymous_19)
FN:296,(anonymous_20)
FN:297,(anonymous_21)
FN:333,(anonymous_22)
FN:336,(anonymous_23)
FN:338,(anonymous_24)
FN:350,(anonymous_25)
FN:356,(anonymous_26)
FN:365,(anonymous_27)
FN:379,(anonymous_28)
FN:381,(anonymous_29)
FN:390,(anonymous_30)
FN:396,(anonymous_31)
FN:410,(anonymous_32)
FN:417,(anonymous_33)
FN:423,(anonymous_34)
FN:424,(anonymous_35)
FN:427,(anonymous_36)
FN:428,(anonymous_37)
FN:430,(anonymous_38)
FN:432,(anonymous_39)
FN:442,(anonymous_40)
FN:447,(anonymous_41)
FN:453,(anonymous_42)
FNF:43
FNH:0
FNDA:0,(anonymous_0)
FNDA:0,(anonymous_1)
FNDA:0,(anonymous_2)
FNDA:0,(anonymous_3)
FNDA:0,(anonymous_4)
FNDA:0,(anonymous_5)
FNDA:0,(anonymous_6)
FNDA:0,(anonymous_7)
FNDA:0,(anonymous_8)
FNDA:0,(anonymous_9)
FNDA:0,(anonymous_10)
FNDA:0,(anonymous_11)
FNDA:0,(anonymous_12)
FNDA:0,(anonymous_13)
FNDA:0,(anonymous_14)
FNDA:0,(anonymous_15)
FNDA:0,(anonymous_16)
FNDA:0,(anonymous_17)
FNDA:0,(anonymous_18)
FNDA:0,(anonymous_19)
FNDA:0,(anonymous_20)
FNDA:0,(anonymous_21)
FNDA:0,(anonymous_22)
FNDA:0,(anonymous_23)
FNDA:0,(anonymous_24)
FNDA:0,(anonymous_25)
FNDA:0,(anonymous_26)
FNDA:0,(anonymous_27)
FNDA:0,(anonymous_28)
FNDA:0,(anonymous_29)
FNDA:0,(anonymous_30)
FNDA:0,(anonymous_31)
FNDA:0,(anonymous_32)
FNDA:0,(anonymous_33)
FNDA:0,(anonymous_34)
FNDA:0,(anonymous_35)
FNDA:0,(anonymous_36)
FNDA:0,(anonymous_37)
FNDA:0,(anonymous_38)
FNDA:0,(anonymous_39)
FNDA:0,(anonymous_40)
FNDA:0,(anonymous_41)
FNDA:0,(anonymous_42)
DA:45,0
DA:46,0
DA:54,0
DA:55,0
DA:64,0
DA:65,0
DA:67,0
DA:77,0
DA:78,0
DA:89,0
DA:90,0
DA:111,0
DA:112,0
DA:122,0
DA:124,0
DA:125,0
DA:127,0
DA:128,0
DA:130,0
DA:131,0
DA:136,0
DA:137,0
DA:138,0
DA:141,0
DA:142,0
DA:143,0
DA:145,0
DA:146,0
DA:147,0
DA:149,0
DA:150,0
DA:152,0
DA:164,0
DA:165,0
DA:168,0
DA:179,0
DA:180,0
DA:181,0
DA:182,0
DA:184,0
DA:185,0
DA:190,0
DA:194,0
DA:195,0
DA:196,0
DA:201,0
DA:203,0
DA:207,0
DA:214,0
DA:215,0
DA:222,0
DA:223,0
DA:231,0
DA:232,0
DA:233,0
DA:237,0
DA:242,0
DA:244,0
DA:251,0
DA:275,0
DA:286,0
DA:287,0
DA:296,0
DA:297,0
DA:298,0
DA:299,0
DA:305,0
DA:306,0
DA:308,0
DA:309,0
DA:310,0
DA:311,0
DA:312,0
DA:333,0
DA:335,0
DA:336,0
DA:338,0
DA:339,0
DA:340,0
DA:348,0
DA:349,0
DA:350,0
DA:351,0
DA:352,0
DA:355,0
DA:356,0
DA:359,0
DA:360,0
DA:361,0
DA:362,0
DA:363,0
DA:365,0
DA:366,0
DA:379,0
DA:380,0
DA:381,0
DA:386,0
DA:390,0
DA:391,0
DA:394,0
DA:396,0
DA:397,0
DA:398,0
DA:399,0
DA:400,0
DA:410,0
DA:411,0
DA:412,0
DA:417,0
DA:418,0
DA:419,0
DA:420,0
DA:423,0
DA:424,0
DA:427,0
DA:428,0
DA:430,0
DA:432,0
DA:438,0
DA:439,0
DA:442,0
DA:443,0
DA:447,0
DA:453,0
DA:454,0
DA:462,0
DA:538,0
LF:127
LH:0
BRDA:70,0,0,0
BRDA:70,0,1,0
BRDA:71,1,0,0
BRDA:71,1,1,0
BRDA:100,2,0,0
BRDA:100,2,1,0
BRDA:136,3,0,0
BRDA:136,3,1,0
BRDA:141,4,0,0
BRDA:141,4,1,0
BRDA:145,5,0,0
BRDA:145,5,1,0
BRDA:298,6,0,0
BRDA:298,6,1,0
BRDA:305,7,0,0
BRDA:305,7,1,0
BRDA:308,8,0,0
BRDA:308,8,1,0
BRDA:309,9,0,0
BRDA:309,9,1,0
BRDA:310,10,0,0
BRDA:310,10,1,0
BRDA:343,11,0,0
BRDA:343,11,1,0
BRDA:380,12,0,0
BRDA:380,12,1,0
BRDA:383,13,0,0
BRDA:383,13,1,0
BRDA:386,14,0,0
BRDA:386,14,1,0
BRF:30
BRH:0
end_of_record
TN:
SF:app/components/closedloop/takeaction/StatusItem.js
FN:23,(anonymous_0)
FNF:1
FNH:0
FNDA:0,(anonymous_0)
DA:23,0
DA:24,0
DA:26,0
DA:46,0
LF:4
LH:0
BRF:0
BRH:0
end_of_record
TN:
SF:app/components/closedloop/takeaction/TIcketTakeAction.js
FN:14,(anonymous_0)
FN:15,(anonymous_1)
FN:19,(anonymous_2)
FN:40,(anonymous_3)
FNF:4
FNH:0
FNDA:0,(anonymous_0)
FNDA:0,(anonymous_1)
FNDA:0,(anonymous_2)
FNDA:0,(anonymous_3)
DA:14,0
DA:15,0
DA:16,0
DA:19,0
DA:35,0
DA:40,0
DA:49,0
LF:7
LH:0
BRF:0
BRH:0
end_of_record
TN:
SF:app/components/closedloop/takeaction/closedLoopCell/AssigneeUI.js
FN:8,(anonymous_0)
FN:9,(anonymous_1)
FN:12,getAssigneeName
FN:13,(anonymous_3)
FNF:4
FNH:0
FNDA:0,(anonymous_0)
FNDA:0,(anonymous_1)
FNDA:0,getAssigneeName
FNDA:0,(anonymous_3)
DA:8,0
DA:9,0
DA:13,0
DA:14,0
DA:17,0
LF:5
LH:0
BRDA:14,0,0,0
BRDA:14,0,1,0
BRF:2
BRH:0
end_of_record
TN:
SF:app/components/closedloop/takeaction/closedLoopCell/OverdueBar.js
FN:10,(anonymous_0)
FNF:1
FNH:0
FNDA:0,(anonymous_0)
DA:10,0
DA:11,0
DA:12,0
DA:31,0
LF:4
LH:0
BRF:0
BRH:0
end_of_record
TN:
SF:app/components/closedloop/ui/ArrowDown.js
FN:5,(anonymous_0)
FNF:1
FNH:0
FNDA:0,(anonymous_0)
DA:5,0
DA:6,0
LF:2
LH:0
BRF:0
BRH:0
end_of_record
TN:
SF:app/components/closedloop/ui/IconAndTitleText.js
FN:6,(anonymous_0)
FNF:1
FNH:0
FNDA:0,(anonymous_0)
DA:6,0
DA:7,0
DA:18,0
LF:3
LH:0
BRF:0
BRH:0
end_of_record
TN:
SF:app/components/closedloop/ui/RenderDropDownButton.js
FN:10,(anonymous_0)
FNF:1
FNH:0
FNDA:0,(anonymous_0)
DA:10,0
DA:17,0
DA:38,0
LF:3
LH:0
BRDA:14,0,0,0
BRDA:15,1,0,0
BRDA:18,2,0,0
BRDA:18,2,1,0
BRDA:27,3,0,0
BRDA:27,3,1,0
BRF:6
BRH:0
end_of_record
TN:
SF:app/components/closedloop/ui/RenderPhoneInput.js
FN:12,(anonymous_0)
FN:15,(anonymous_1)
FN:17,(anonymous_2)
FN:41,(anonymous_3)
FN:53,(anonymous_4)
FNF:5
FNH:0
FNDA:0,(anonymous_0)
FNDA:0,(anonymous_1)
FNDA:0,(anonymous_2)
FNDA:0,(anonymous_3)
FNDA:0,(anonymous_4)
DA:12,0
DA:13,0
DA:14,0
DA:15,0
DA:16,0
DA:17,0
DA:22,0
DA:42,0
DA:55,0
DA:56,0
DA:67,0
LF:11
LH:0
BRF:0
BRH:0
end_of_record
TN:
SF:app/components/closedloop/ui/ShowTitleAndDropdown.js
FN:8,(anonymous_0)
FNF:1
FNH:0
FNDA:0,(anonymous_0)
DA:8,0
DA:17,0
DA:34,0
LF:3
LH:0
BRDA:13,0,0,0
BRDA:15,1,0,0
BRF:2
BRH:0
end_of_record
TN:
SF:app/components/closedloop/ui/ShowTitleAndText.js
FN:8,(anonymous_0)
FNF:1
FNH:0
FNDA:0,(anonymous_0)
DA:8,0
DA:9,0
DA:25,0
LF:3
LH:0
BRDA:17,0,0,0
BRDA:17,0,1,0
BRF:2
BRH:0
end_of_record
TN:
SF:app/components/feedback/Feedback.js
FN:52,Feedback
FN:55,(anonymous_1)
FN:57,(anonymous_2)
FN:82,(anonymous_3)
FN:93,(anonymous_4)
FN:96,(anonymous_5)
FN:100,(anonymous_6)
FN:109,(anonymous_7)
FN:115,(anonymous_8)
FN:124,(anonymous_9)
FN:128,(anonymous_10)
FN:134,(anonymous_11)
FN:158,(anonymous_12)
FN:162,(anonymous_13)
FN:170,(anonymous_14)
FN:174,(anonymous_15)
FN:186,(anonymous_16)
FN:193,(anonymous_17)
FN:197,(anonymous_18)
FN:198,(anonymous_19)
FN:202,(anonymous_20)
FN:211,(anonymous_21)
FN:215,(anonymous_22)
FN:223,(anonymous_23)
FN:231,(anonymous_24)
FN:294,(anonymous_25)
FN:303,(anonymous_26)
FN:304,(anonymous_27)
FN:307,(anonymous_28)
FN:310,(anonymous_29)
FNF:30
FNH:0
FNDA:0,Feedback
FNDA:0,(anonymous_1)
FNDA:0,(anonymous_2)
FNDA:0,(anonymous_3)
FNDA:0,(anonymous_4)
FNDA:0,(anonymous_5)
FNDA:0,(anonymous_6)
FNDA:0,(anonymous_7)
FNDA:0,(anonymous_8)
FNDA:0,(anonymous_9)
FNDA:0,(anonymous_10)
FNDA:0,(anonymous_11)
FNDA:0,(anonymous_12)
FNDA:0,(anonymous_13)
FNDA:0,(anonymous_14)
FNDA:0,(anonymous_15)
FNDA:0,(anonymous_16)
FNDA:0,(anonymous_17)
FNDA:0,(anonymous_18)
FNDA:0,(anonymous_19)
FNDA:0,(anonymous_20)
FNDA:0,(anonymous_21)
FNDA:0,(anonymous_22)
FNDA:0,(anonymous_23)
FNDA:0,(anonymous_24)
FNDA:0,(anonymous_25)
FNDA:0,(anonymous_26)
FNDA:0,(anonymous_27)
FNDA:0,(anonymous_28)
FNDA:0,(anonymous_29)
DA:49,0
DA:50,0
DA:53,0
DA:54,0
DA:55,0
DA:57,0
DA:58,0
DA:59,0
DA:60,0
DA:61,0
DA:62,0
DA:64,0
DA:66,0
DA:67,0
DA:69,0
DA:75,0
DA:78,0
DA:79,0
DA:80,0
DA:82,0
DA:83,0
DA:84,0
DA:85,0
DA:87,0
DA:89,0
DA:93,0
DA:94,0
DA:96,0
DA:97,0
DA:100,0
DA:101,0
DA:109,0
DA:110,0
DA:116,0
DA:117,0
DA:124,0
DA:125,0
DA:126,0
DA:128,0
DA:129,0
DA:130,0
DA:132,0
DA:134,0
DA:138,0
DA:139,0
DA:140,0
DA:148,0
DA:154,0
DA:158,0
DA:159,0
DA:162,0
DA:163,0
DA:164,0
DA:166,0
DA:170,0
DA:171,0
DA:174,0
DA:175,0
DA:176,0
DA:177,0
DA:178,0
DA:179,0
DA:181,0
DA:186,0
DA:187,0
DA:189,0
DA:190,0
DA:193,0
DA:194,0
DA:197,0
DA:198,0
DA:199,0
DA:202,0
DA:203,0
DA:204,0
DA:205,0
DA:207,0
DA:211,0
DA:212,0
DA:215,0
DA:216,0
DA:223,0
DA:224,0
DA:226,0
DA:227,0
DA:228,0
DA:231,0
DA:232,0
DA:235,0
DA:294,0
DA:295,0
DA:303,0
DA:305,0
DA:308,0
DA:311,0
DA:317,0
LF:96
LH:0
BRDA:87,0,0,0
BRDA:87,0,1,0
BRDA:139,1,0,0
BRDA:139,1,1,0
BRDA:139,2,0,0
BRDA:139,2,1,0
BRDA:163,3,0,0
BRDA:163,3,1,0
BRDA:164,4,0,0
BRDA:164,4,1,0
BRDA:171,5,0,0
BRDA:171,5,1,0
BRDA:177,6,0,0
BRDA:177,6,1,0
BRDA:177,7,0,0
BRDA:177,7,1,0
BRDA:178,8,0,0
BRDA:178,8,1,0
BRDA:204,9,0,0
BRDA:204,9,1,0
BRDA:278,10,0,0
BRDA:278,10,1,0
BRF:22
BRH:0
end_of_record
TN:
SF:app/components/feedback/FeedbackDetails.js
FN:30,(anonymous_0)
FN:39,(anonymous_1)
FN:41,(anonymous_2)
FN:46,(anonymous_3)
FN:53,(anonymous_4)
FN:66,(anonymous_5)
FN:67,(anonymous_6)
FN:73,(anonymous_7)
FN:74,(anonymous_8)
FN:84,FeedbackDetails
FN:86,(anonymous_10)
FN:88,(anonymous_11)
FN:90,(anonymous_12)
FN:98,(anonymous_13)
FN:105,(anonymous_14)
FN:124,(anonymous_15)
FN:136,(anonymous_16)
FN:157,(anonymous_17)
FNF:18
FNH:0
FNDA:0,(anonymous_0)
FNDA:0,(anonymous_1)
FNDA:0,(anonymous_2)
FNDA:0,(anonymous_3)
FNDA:0,(anonymous_4)
FNDA:0,(anonymous_5)
FNDA:0,(anonymous_6)
FNDA:0,(anonymous_7)
FNDA:0,(anonymous_8)
FNDA:0,FeedbackDetails
FNDA:0,(anonymous_10)
FNDA:0,(anonymous_11)
FNDA:0,(anonymous_12)
FNDA:0,(anonymous_13)
FNDA:0,(anonymous_14)
FNDA:0,(anonymous_15)
FNDA:0,(anonymous_16)
FNDA:0,(anonymous_17)
DA:30,0
DA:31,0
DA:39,0
DA:40,0
DA:41,0
DA:44,0
DA:46,0
DA:47,0
DA:53,0
DA:54,0
DA:60,0
DA:66,0
DA:68,0
DA:73,0
DA:74,0
DA:85,0
DA:86,0
DA:88,0
DA:89,0
DA:90,0
DA:92,0
DA:93,0
DA:94,0
DA:95,0
DA:97,0
DA:98,0
DA:99,0
DA:105,0
DA:106,0
DA:107,0
DA:108,0
DA:114,0
DA:115,0
DA:121,0
DA:124,0
DA:125,0
DA:126,0
DA:130,0
DA:136,0
DA:137,0
DA:142,0
DA:143,0
DA:144,0
DA:148,0
DA:155,0
DA:157,0
DA:158,0
DA:208,0
LF:48
LH:0
BRDA:44,0,0,0
BRDA:44,0,1,0
BRDA:44,0,2,0
BRDA:60,1,0,0
BRDA:60,1,1,0
BRDA:114,2,0,0
BRDA:114,2,1,0
BRDA:118,3,0,0
BRDA:118,3,1,0
BRDA:142,4,0,0
BRDA:142,4,1,0
BRDA:142,5,0,0
BRDA:142,5,1,0
BRF:13
BRH:0
end_of_record
TN:
SF:app/components/feedback/FeedbackSorter.js
FN:10,FeedbackSorter
FN:19,(anonymous_1)
FN:37,(anonymous_2)
FNF:3
FNH:0
FNDA:0,FeedbackSorter
FNDA:0,(anonymous_1)
FNDA:0,(anonymous_2)
DA:11,0
DA:18,0
DA:19,0
DA:21,0
DA:38,0
DA:39,0
DA:53,0
LF:7
LH:0
BRDA:18,0,0,0
BRDA:18,0,1,0
BRF:2
BRH:0
end_of_record
TN:
SF:app/components/feedback/NoResponsesFound.js
FN:6,(anonymous_0)
FNF:1
FNH:0
FNDA:0,(anonymous_0)
DA:6,0
DA:7,0
DA:17,0
LF:3
LH:0
BRF:0
BRH:0
end_of_record
TN:
SF:app/components/feedback/Responses.js
FN:12,(anonymous_0)
FN:14,(anonymous_1)
FN:15,(anonymous_2)
FN:16,(anonymous_3)
FN:24,(anonymous_4)
FN:29,(anonymous_5)
FN:43,(anonymous_6)
FN:55,(anonymous_7)
FNF:8
FNH:0
FNDA:0,(anonymous_0)
FNDA:0,(anonymous_1)
FNDA:0,(anonymous_2)
FNDA:0,(anonymous_3)
FNDA:0,(anonymous_4)
FNDA:0,(anonymous_5)
FNDA:0,(anonymous_6)
FNDA:0,(anonymous_7)
DA:12,0
DA:13,0
DA:14,0
DA:15,0
DA:16,0
DA:17,0
DA:24,0
DA:25,0
DA:29,0
DA:35,0
DA:43,0
DA:56,0
DA:66,0
LF:13
LH:0
BRDA:37,0,0,0
BRDA:37,0,1,0
BRDA:49,1,0,0
BRDA:49,1,1,0
BRF:4
BRH:0
end_of_record
TN:
SF:app/components/feedback/feedbackCell/FeedbackCells.js
FN:25,showName
FN:37,(anonymous_1)
FN:60,(anonymous_2)
FN:64,(anonymous_3)
FN:75,(anonymous_4)
FN:89,(anonymous_5)
FN:109,(anonymous_6)
FN:171,(anonymous_7)
FN:179,(anonymous_8)
FN:181,(anonymous_9)
FN:201,(anonymous_10)
FN:211,FeedbackCell
FN:216,(anonymous_12)
FN:253,isSurveyTakenAfterJuneFirst
FNF:14
FNH:0
FNDA:0,showName
FNDA:0,(anonymous_1)
FNDA:0,(anonymous_2)
FNDA:0,(anonymous_3)
FNDA:0,(anonymous_4)
FNDA:0,(anonymous_5)
FNDA:0,(anonymous_6)
FNDA:0,(anonymous_7)
FNDA:0,(anonymous_8)
FNDA:0,(anonymous_9)
FNDA:0,(anonymous_10)
FNDA:0,FeedbackCell
FNDA:0,(anonymous_12)
FNDA:0,isSurveyTakenAfterJuneFirst
DA:26,0
DA:27,0
DA:28,0
DA:29,0
DA:30,0
DA:31,0
DA:33,0
DA:37,0
DA:38,0
DA:40,0
DA:43,0
DA:60,0
DA:61,0
DA:64,0
DA:65,0
DA:75,0
DA:76,0
DA:89,0
DA:97,0
DA:98,0
DA:107,0
DA:109,0
DA:110,0
DA:118,0
DA:171,0
DA:178,0
DA:179,0
DA:181,0
DA:182,0
DA:187,0
DA:191,0
DA:192,0
DA:198,0
DA:202,0
DA:203,0
DA:212,0
DA:213,0
DA:214,0
DA:216,0
DA:217,0
DA:218,0
DA:219,0
DA:225,0
DA:227,0
DA:254,0
DA:258,0
DA:259,0
DA:261,0
LF:48
LH:0
BRDA:26,0,0,0
BRDA:26,0,1,0
BRDA:26,1,0,0
BRDA:26,1,1,0
BRDA:27,2,0,0
BRDA:27,2,1,0
BRDA:28,3,0,0
BRDA:28,3,1,0
BRDA:30,4,0,0
BRDA:30,4,1,0
BRDA:40,5,0,0
BRDA:40,5,1,0
BRDA:40,6,0,0
BRDA:40,6,1,0
BRDA:45,7,0,0
BRDA:45,7,1,0
BRDA:49,8,0,0
BRDA:49,8,1,0
BRDA:52,9,0,0
BRDA:52,9,1,0
BRDA:53,10,0,0
BRDA:53,10,1,0
BRDA:76,11,0,0
BRDA:76,11,1,0
BRDA:112,12,0,0
BRDA:112,12,1,0
BRDA:113,13,0,0
BRDA:113,13,1,0
BRDA:114,14,0,0
BRDA:114,14,1,0
BRDA:161,15,0,0
BRDA:161,15,1,0
BRDA:161,15,2,0
BRDA:187,16,0,0
BRDA:187,16,1,0
BRDA:188,17,0,0
BRDA:188,17,1,0
BRDA:217,18,0,0
BRDA:217,18,1,0
BRDA:225,19,0,0
BRDA:225,19,1,0
BRF:41
BRH:0
end_of_record
TN:
SF:app/components/feedback/feedbackCell/NewResponse.js
FN:7,(anonymous_0)
FNF:1
FNH:0
FNDA:0,(anonymous_0)
DA:7,0
DA:8,0
LF:2
LH:0
BRF:0
BRH:0
end_of_record
TN:
SF:app/components/feedback/feedbackCell/NewResponseDot.js
FN:7,(anonymous_0)
FNF:1
FNH:0
FNDA:0,(anonymous_0)
DA:7,0
DA:8,0
DA:23,0
LF:3
LH:0
BRDA:7,0,0,0
BRDA:15,1,0,0
BRDA:15,1,1,0
BRF:3
BRH:0
end_of_record
TN:
SF:app/components/feedback/feedbackdetails/ResponseActivity.js
FN:20,(anonymous_0)
FN:23,(anonymous_1)
FN:26,(anonymous_2)
FN:49,(anonymous_3)
FN:92,(anonymous_4)
FN:104,(anonymous_5)
FN:135,(anonymous_6)
FN:150,(anonymous_7)
FNF:8
FNH:0
FNDA:0,(anonymous_0)
FNDA:0,(anonymous_1)
FNDA:0,(anonymous_2)
FNDA:0,(anonymous_3)
FNDA:0,(anonymous_4)
FNDA:0,(anonymous_5)
FNDA:0,(anonymous_6)
FNDA:0,(anonymous_7)
DA:20,0
DA:21,0
DA:22,0
DA:23,0
DA:26,0
DA:27,0
DA:49,0
DA:50,0
DA:51,0
DA:53,0
DA:55,0
DA:56,0
DA:57,0
DA:59,0
DA:60,0
DA:61,0
DA:63,0
DA:64,0
DA:65,0
DA:67,0
DA:68,0
DA:69,0
DA:71,0
DA:72,0
DA:73,0
DA:75,0
DA:78,0
DA:92,0
DA:93,0
DA:104,0
DA:105,0
DA:135,0
DA:136,0
DA:150,0
DA:166,0
DA:177,0
LF:36
LH:0
BRDA:53,0,0,0
BRDA:53,0,1,0
BRDA:53,0,2,0
BRDA:53,0,3,0
BRDA:53,0,4,0
BRDA:53,0,5,0
BRDA:110,1,0,0
BRDA:110,1,1,0
BRDA:127,2,0,0
BRDA:127,2,1,0
BRDA:139,3,0,0
BRDA:139,3,1,0
BRDA:140,4,0,0
BRDA:140,4,1,0
BRDA:140,5,0,0
BRDA:140,5,1,0
BRF:16
BRH:0
end_of_record
TN:
SF:app/components/feedback/feedbackdetails/ResponseProfile.js
FN:23,(anonymous_0)
FN:24,(anonymous_1)
FN:26,(anonymous_2)
FN:30,(anonymous_3)
FN:44,(anonymous_4)
FN:59,(anonymous_5)
FN:72,(anonymous_6)
FN:76,(anonymous_7)
FN:88,(anonymous_8)
FN:92,(anonymous_9)
FN:104,(anonymous_10)
FN:119,(anonymous_11)
FN:130,(anonymous_12)
FN:143,(anonymous_13)
FNF:14
FNH:0
FNDA:0,(anonymous_0)
FNDA:0,(anonymous_1)
FNDA:0,(anonymous_2)
FNDA:0,(anonymous_3)
FNDA:0,(anonymous_4)
FNDA:0,(anonymous_5)
FNDA:0,(anonymous_6)
FNDA:0,(anonymous_7)
FNDA:0,(anonymous_8)
FNDA:0,(anonymous_9)
FNDA:0,(anonymous_10)
FNDA:0,(anonymous_11)
FNDA:0,(anonymous_12)
FNDA:0,(anonymous_13)
DA:23,0
DA:24,0
DA:25,0
DA:26,0
DA:27,0
DA:28,0
DA:30,0
DA:31,0
DA:32,0
DA:44,0
DA:45,0
DA:46,0
DA:59,0
DA:60,0
DA:72,0
DA:73,0
DA:77,0
DA:88,0
DA:89,0
DA:93,0
DA:104,0
DA:105,0
DA:119,0
DA:120,0
DA:130,0
DA:131,0
DA:143,0
DA:144,0
DA:160,0
DA:173,0
LF:30
LH:0
BRDA:63,0,0,0
BRDA:63,0,1,0
BRDA:66,1,0,0
BRDA:66,1,1,0
BRDA:82,2,0,0
BRDA:82,2,1,0
BRDA:98,3,0,0
BRDA:98,3,1,0
BRDA:113,4,0,0
BRDA:113,4,1,0
BRDA:137,5,0,0
BRDA:137,5,1,0
BRF:12
BRH:0
end_of_record
TN:
SF:app/components/settings/AccountDetails.js
FN:14,AccountDetails
FN:17,(anonymous_1)
FN:18,(anonymous_2)
FN:23,(anonymous_3)
FN:32,(anonymous_4)
FNF:5
FNH:0
FNDA:0,AccountDetails
FNDA:0,(anonymous_1)
FNDA:0,(anonymous_2)
FNDA:0,(anonymous_3)
FNDA:0,(anonymous_4)
DA:15,0
DA:17,0
DA:18,0
DA:19,0
DA:23,0
DA:24,0
DA:32,0
DA:33,0
DA:50,0
DA:57,0
LF:10
LH:0
BRF:0
BRH:0
end_of_record
TN:
SF:app/components/settings/AppSettings.js
FN:14,AppSettings
FN:15,(anonymous_1)
FN:40,(anonymous_2)
FN:61,(anonymous_3)
FN:67,(anonymous_4)
FNF:5
FNH:0
FNDA:0,AppSettings
FNDA:0,(anonymous_1)
FNDA:0,(anonymous_2)
FNDA:0,(anonymous_3)
FNDA:0,(anonymous_4)
DA:15,0
DA:16,0
DA:40,0
DA:41,0
DA:46,0
DA:61,0
DA:62,0
DA:67,0
DA:71,0
LF:9
LH:0
BRF:0
BRH:0
end_of_record
TN:
SF:app/components/view/NPSScoreView.js
FN:11,(anonymous_0)
FNF:1
FNH:0
FNDA:0,(anonymous_0)
DA:11,0
DA:12,0
DA:26,0
LF:3
LH:0
BRF:0
BRH:0
end_of_record
TN:
SF:app/components/view/ShowFilterTag.js
FN:24,(anonymous_0)
FN:27,(anonymous_1)
FN:33,(anonymous_2)
FN:46,(anonymous_3)
FN:50,(anonymous_4)
FN:51,(anonymous_5)
FN:52,(anonymous_6)
FN:67,(anonymous_7)
FN:84,(anonymous_8)
FN:85,(anonymous_9)
FN:89,(anonymous_10)
FNF:11
FNH:0
FNDA:0,(anonymous_0)
FNDA:0,(anonymous_1)
FNDA:0,(anonymous_2)
FNDA:0,(anonymous_3)
FNDA:0,(anonymous_4)
FNDA:0,(anonymous_5)
FNDA:0,(anonymous_6)
FNDA:0,(anonymous_7)
FNDA:0,(anonymous_8)
FNDA:0,(anonymous_9)
FNDA:0,(anonymous_10)
DA:16,0
DA:24,0
DA:25,0
DA:27,0
DA:28,0
DA:30,0
DA:31,0
DA:32,0
DA:33,0
DA:46,0
DA:47,0
DA:50,0
DA:51,0
DA:52,0
DA:54,0
DA:67,0
DA:68,0
DA:69,0
DA:71,0
DA:72,0
DA:74,0
DA:78,0
DA:84,0
DA:86,0
DA:89,0
DA:107,0
LF:26
LH:0
BRDA:31,0,0,0
BRDA:31,0,1,0
BRDA:31,1,0,0
BRDA:31,1,1,0
BRDA:68,2,0,0
BRDA:68,2,1,0
BRDA:80,3,0,0
BRDA:80,3,1,0
BRF:8
BRH:0
end_of_record
TN:
SF:app/components/view/calendarScreen.js
FN:10,(anonymous_0)
FN:15,(anonymous_1)
FN:18,(anonymous_2)
FN:46,(anonymous_3)
FN:53,(anonymous_4)
FNF:5
FNH:0
FNDA:0,(anonymous_0)
FNDA:0,(anonymous_1)
FNDA:0,(anonymous_2)
FNDA:0,(anonymous_3)
FNDA:0,(anonymous_4)
DA:10,0
DA:11,0
DA:15,0
DA:16,0
DA:19,0
DA:46,0
DA:47,0
DA:54,0
DA:87,0
LF:9
LH:0
BRDA:19,0,0,0
BRDA:19,0,1,0
BRDA:54,1,0,0
BRDA:54,1,1,0
BRF:4
BRH:0
end_of_record
TN:
SF:app/config/toastConfig.js
FN:11,(anonymous_0)
FN:24,(anonymous_1)
FN:34,(anonymous_2)
FN:52,(anonymous_3)
FN:71,(anonymous_4)
FN:72,(anonymous_5)
FNF:6
FNH:0
FNDA:0,(anonymous_0)
FNDA:0,(anonymous_1)
FNDA:0,(anonymous_2)
FNDA:0,(anonymous_3)
FNDA:0,(anonymous_4)
FNDA:0,(anonymous_5)
DA:11,0
DA:12,0
DA:24,0
DA:25,0
DA:34,0
DA:35,0
DA:52,0
DA:53,0
DA:71,0
DA:72,0
DA:75,0
LF:11
LH:0
BRDA:41,0,0,0
BRDA:41,0,1,0
BRDA:41,0,2,0
BRDA:59,1,0,0
BRDA:59,1,1,0
BRDA:59,1,2,0
BRF:6
BRH:0
end_of_record
TN:
SF:app/config/Icons/icon-native.js
FNF:0
FNH:0
LF:0
LH:0
BRF:0
BRH:0
end_of_record
TN:
SF:app/redux/actions/closedloop.actions.js
FN:50,(anonymous_0)
FN:57,(anonymous_1)
FN:61,(anonymous_2)
FN:67,(anonymous_3)
FN:73,(anonymous_4)
FN:81,(anonymous_5)
FN:89,(anonymous_6)
FN:95,(anonymous_7)
FN:101,(anonymous_8)
FN:107,(anonymous_9)
FN:115,(anonymous_10)
FN:120,(anonymous_11)
FN:125,(anonymous_12)
FN:138,(anonymous_13)
FN:144,(anonymous_14)
FN:148,(anonymous_15)
FN:154,(anonymous_16)
FN:160,(anonymous_17)
FN:165,(anonymous_18)
FNF:19
FNH:0
FNDA:0,(anonymous_0)
FNDA:0,(anonymous_1)
FNDA:0,(anonymous_2)
FNDA:0,(anonymous_3)
FNDA:0,(anonymous_4)
FNDA:0,(anonymous_5)
FNDA:0,(anonymous_6)
FNDA:0,(anonymous_7)
FNDA:0,(anonymous_8)
FNDA:0,(anonymous_9)
FNDA:0,(anonymous_10)
FNDA:0,(anonymous_11)
FNDA:0,(anonymous_12)
FNDA:0,(anonymous_13)
FNDA:0,(anonymous_14)
FNDA:0,(anonymous_15)
FNDA:0,(anonymous_16)
FNDA:0,(anonymous_17)
FNDA:0,(anonymous_18)
DA:1,0
DA:2,0
DA:3,0
DA:4,0
DA:6,0
DA:8,0
DA:9,0
DA:11,0
DA:12,0
DA:14,0
DA:15,0
DA:17,0
DA:19,0
DA:21,0
DA:23,0
DA:24,0
DA:25,0
DA:26,0
DA:28,0
DA:29,0
DA:31,0
DA:32,0
DA:34,0
DA:35,0
DA:36,0
DA:38,0
DA:40,0
DA:42,0
DA:44,0
DA:46,0
DA:47,0
DA:48,0
DA:50,0
DA:57,0
DA:61,0
DA:67,0
DA:73,0
DA:81,0
DA:89,0
DA:95,0
DA:101,0
DA:107,0
DA:115,0
DA:120,0
DA:125,0
DA:130,0
DA:138,0
DA:144,0
DA:148,0
DA:154,0
DA:160,0
DA:165,0
LF:52
LH:0
BRF:0
BRH:0
end_of_record
TN:
SF:app/redux/actions/dashboard.actions.js
FN:84,(anonymous_0)
FN:91,(anonymous_1)
FN:97,(anonymous_2)
FN:101,(anonymous_3)
FN:107,(anonymous_4)
FN:113,(anonymous_5)
FN:119,(anonymous_6)
FN:125,(anonymous_7)
FN:129,(anonymous_8)
FN:135,(anonymous_9)
FN:148,(anonymous_10)
FN:155,(anonymous_11)
FN:161,(anonymous_12)
FN:167,(anonymous_13)
FN:173,(anonymous_14)
FN:180,(anonymous_15)
FN:185,(anonymous_16)
FN:189,(anonymous_17)
FN:196,(anonymous_18)
FN:204,(anonymous_19)
FN:209,(anonymous_20)
FN:214,(anonymous_21)
FN:219,(anonymous_22)
FN:223,(anonymous_23)
FN:229,(anonymous_24)
FN:235,(anonymous_25)
FN:240,(anonymous_26)
FN:245,(anonymous_27)
FN:250,(anonymous_28)
FN:255,(anonymous_29)
FNF:30
FNH:0
FNDA:0,(anonymous_0)
FNDA:0,(anonymous_1)
FNDA:0,(anonymous_2)
FNDA:0,(anonymous_3)
FNDA:0,(anonymous_4)
FNDA:0,(anonymous_5)
FNDA:0,(anonymous_6)
FNDA:0,(anonymous_7)
FNDA:0,(anonymous_8)
FNDA:0,(anonymous_9)
FNDA:0,(anonymous_10)
FNDA:0,(anonymous_11)
FNDA:0,(anonymous_12)
FNDA:0,(anonymous_13)
FNDA:0,(anonymous_14)
FNDA:0,(anonymous_15)
FNDA:0,(anonymous_16)
FNDA:0,(anonymous_17)
FNDA:0,(anonymous_18)
FNDA:0,(anonymous_19)
FNDA:0,(anonymous_20)
FNDA:0,(anonymous_21)
FNDA:0,(anonymous_22)
FNDA:0,(anonymous_23)
FNDA:0,(anonymous_24)
FNDA:0,(anonymous_25)
FNDA:0,(anonymous_26)
FNDA:0,(anonymous_27)
FNDA:0,(anonymous_28)
FNDA:0,(anonymous_29)
DA:1,0
DA:2,0
DA:3,0
DA:4,0
DA:5,0
DA:7,0
DA:9,0
DA:11,0
DA:14,0
DA:16,0
DA:18,0
DA:20,0
DA:23,0
DA:26,0
DA:29,0
DA:30,0
DA:31,0
DA:33,0
DA:34,0
DA:36,0
DA:38,0
DA:40,0
DA:42,0
DA:44,0
DA:46,0
DA:48,0
DA:51,0
DA:53,0
DA:56,0
DA:58,0
DA:60,0
DA:61,0
DA:63,0
DA:64,0
DA:66,0
DA:67,0
DA:68,0
DA:70,0
DA:72,0
DA:73,0
DA:75,0
DA:76,0
DA:77,0
DA:79,0
DA:80,0
DA:81,0
DA:82,0
DA:83,0
DA:84,0
DA:91,0
DA:97,0
DA:101,0
DA:107,0
DA:113,0
DA:119,0
DA:125,0
DA:129,0
DA:135,0
DA:140,0
DA:148,0
DA:155,0
DA:161,0
DA:167,0
DA:173,0
DA:180,0
DA:185,0
DA:189,0
DA:196,0
DA:204,0
DA:209,0
DA:214,0
DA:219,0
DA:223,0
DA:229,0
DA:235,0
DA:240,0
DA:245,0
DA:250,0
DA:255,0
LF:79
LH:0
BRF:0
BRH:0
end_of_record
TN:
SF:app/redux/actions/feedback.actions.js
FN:23,(anonymous_0)
FN:29,(anonymous_1)
FN:35,(anonymous_2)
FN:43,(anonymous_3)
FN:47,(anonymous_4)
FN:53,(anonymous_5)
FN:58,(anonymous_6)
FN:63,(anonymous_7)
FN:70,(anonymous_8)
FN:75,(anonymous_9)
FN:79,(anonymous_10)
FNF:11
FNH:0
FNDA:0,(anonymous_0)
FNDA:0,(anonymous_1)
FNDA:0,(anonymous_2)
FNDA:0,(anonymous_3)
FNDA:0,(anonymous_4)
FNDA:0,(anonymous_5)
FNDA:0,(anonymous_6)
FNDA:0,(anonymous_7)
FNDA:0,(anonymous_8)
FNDA:0,(anonymous_9)
FNDA:0,(anonymous_10)
DA:1,0
DA:2,0
DA:3,0
DA:5,0
DA:7,0
DA:9,0
DA:10,0
DA:11,0
DA:12,0
DA:13,0
DA:15,0
DA:16,0
DA:18,0
DA:19,0
DA:20,0
DA:21,0
DA:23,0
DA:29,0
DA:35,0
DA:43,0
DA:47,0
DA:53,0
DA:58,0
DA:63,0
DA:70,0
DA:75,0
DA:79,0
LF:27
LH:0
BRF:0
BRH:0
end_of_record
TN:
SF:app/redux/actions/index.js
FN:22,(anonymous_0)
FN:27,(anonymous_1)
FN:32,(anonymous_2)
FN:37,(anonymous_3)
FN:42,(anonymous_4)
FN:47,(anonymous_5)
FN:52,(anonymous_6)
FN:57,(anonymous_7)
FN:62,(anonymous_8)
FN:67,(anonymous_9)
FN:72,(anonymous_10)
FN:77,(anonymous_11)
FN:82,(anonymous_12)
FNF:13
FNH:0
FNDA:0,(anonymous_0)
FNDA:0,(anonymous_1)
FNDA:0,(anonymous_2)
FNDA:0,(anonymous_3)
FNDA:0,(anonymous_4)
FNDA:0,(anonymous_5)
FNDA:0,(anonymous_6)
FNDA:0,(anonymous_7)
FNDA:0,(anonymous_8)
FNDA:0,(anonymous_9)
FNDA:0,(anonymous_10)
FNDA:0,(anonymous_11)
FNDA:0,(anonymous_12)
DA:1,0
DA:2,0
DA:3,0
DA:4,0
DA:5,0
DA:6,0
DA:7,0
DA:8,0
DA:9,0
DA:10,0
DA:11,0
DA:12,0
DA:13,0
DA:14,0
DA:16,0
DA:17,0
DA:18,0
DA:19,0
DA:20,0
DA:22,0
DA:27,0
DA:32,0
DA:37,0
DA:42,0
DA:47,0
DA:52,0
DA:57,0
DA:62,0
DA:67,0
DA:72,0
DA:77,0
DA:82,0
LF:32
LH:0
BRDA:22,0,0,0
BRDA:47,1,0,0
BRF:2
BRH:0
end_of_record
TN:
SF:app/redux/actions/login.actions.js
FN:21,(anonymous_0)
FN:26,(anonymous_1)
FN:31,(anonymous_2)
FN:35,(anonymous_3)
FN:40,(anonymous_4)
FN:45,(anonymous_5)
FN:50,(anonymous_6)
FN:55,(anonymous_7)
FN:60,(anonymous_8)
FN:65,(anonymous_9)
FN:70,(anonymous_10)
FNF:11
FNH:0
FNDA:0,(anonymous_0)
FNDA:0,(anonymous_1)
FNDA:0,(anonymous_2)
FNDA:0,(anonymous_3)
FNDA:0,(anonymous_4)
FNDA:0,(anonymous_5)
FNDA:0,(anonymous_6)
FNDA:0,(anonymous_7)
FNDA:0,(anonymous_8)
FNDA:0,(anonymous_9)
FNDA:0,(anonymous_10)
DA:1,0
DA:2,0
DA:3,0
DA:4,0
DA:5,0
DA:6,0
DA:7,0
DA:8,0
DA:9,0
DA:10,0
DA:11,0
DA:12,0
DA:13,0
DA:15,0
DA:17,0
DA:18,0
DA:19,0
DA:21,0
DA:26,0
DA:31,0
DA:35,0
DA:40,0
DA:45,0
DA:50,0
DA:55,0
DA:60,0
DA:65,0
DA:70,0
LF:28
LH:0
BRF:0
BRH:0
end_of_record
TN:
SF:app/redux/actions/notification.actions.js
FN:5,(anonymous_0)
FN:11,(anonymous_1)
FNF:2
FNH:0
FNDA:0,(anonymous_0)
FNDA:0,(anonymous_1)
DA:1,0
DA:2,0
DA:3,0
DA:5,0
DA:11,0
DA:12,0
LF:6
LH:0
BRF:0
BRH:0
end_of_record
TN:
SF:app/redux/reducer/DashboardReducer.js
FN:106,(anonymous_0)
FN:416,(anonymous_1)
FN:428,(anonymous_2)
FN:441,(anonymous_3)
FN:443,(anonymous_4)
FNF:5
FNH:0
FNDA:0,(anonymous_0)
FNDA:0,(anonymous_1)
FNDA:0,(anonymous_2)
FNDA:0,(anonymous_3)
FNDA:0,(anonymous_4)
DA:47,0
DA:106,0
DA:107,0
DA:109,0
DA:117,0
DA:124,0
DA:132,0
DA:149,0
DA:158,0
DA:165,0
DA:171,0
DA:184,0
DA:191,0
DA:195,0
DA:199,0
DA:204,0
DA:213,0
DA:222,0
DA:229,0
DA:230,0
DA:234,0
DA:243,0
DA:250,0
DA:260,0
DA:270,0
DA:277,0
DA:283,0
DA:290,0
DA:297,0
DA:304,0
DA:311,0
DA:318,0
DA:325,0
DA:337,0
DA:341,0
DA:345,0
DA:355,0
DA:364,0
DA:370,0
DA:377,0
DA:384,0
DA:391,0
DA:398,0
DA:404,0
DA:411,0
DA:416,0
DA:417,0
DA:418,0
DA:420,0
DA:428,0
DA:429,0
DA:433,0
DA:434,0
DA:436,0
DA:441,0
DA:442,0
DA:443,0
DA:445,0
LF:58
LH:0
BRDA:106,0,0,0
BRDA:107,1,0,0
BRDA:107,1,1,0
BRDA:107,1,2,0
BRDA:107,1,3,0
BRDA:107,1,4,0
BRDA:107,1,5,0
BRDA:107,1,6,0
BRDA:107,1,7,0
BRDA:107,1,8,0
BRDA:107,1,9,0
BRDA:107,1,10,0
BRDA:107,1,11,0
BRDA:107,1,12,0
BRDA:107,1,13,0
BRDA:107,1,14,0
BRDA:107,1,15,0
BRDA:107,1,16,0
BRDA:107,1,17,0
BRDA:107,1,18,0
BRDA:107,1,19,0
BRDA:107,1,20,0
BRDA:107,1,21,0
BRDA:107,1,22,0
BRDA:107,1,23,0
BRDA:107,1,24,0
BRDA:107,1,25,0
BRDA:107,1,26,0
BRDA:107,1,27,0
BRDA:107,1,28,0
BRDA:107,1,29,0
BRDA:107,1,30,0
BRDA:107,1,31,0
BRDA:107,1,32,0
BRDA:107,1,33,0
BRDA:107,1,34,0
BRDA:107,1,35,0
BRDA:107,1,36,0
BRDA:107,1,37,0
BRDA:107,1,38,0
BRDA:107,1,39,0
BRDA:107,1,40,0
BRDA:417,2,0,0
BRDA:417,2,1,0
BRDA:433,3,0,0
BRDA:433,3,1,0
BRDA:445,4,0,0
BRDA:445,4,1,0
BRF:48
BRH:0
end_of_record
TN:
SF:app/redux/reducer/FeedbackReducer.js
FN:31,(anonymous_0)
FN:138,getAllResponses
FN:141,(anonymous_2)
FNF:3
FNH:0
FNDA:0,(anonymous_0)
FNDA:0,getAllResponses
FNDA:0,(anonymous_2)
DA:20,0
DA:31,0
DA:32,0
DA:34,0
DA:40,0
DA:47,0
DA:54,0
DA:66,0
DA:72,0
DA:78,0
DA:84,0
DA:94,0
DA:97,0
DA:104,0
DA:114,0
DA:120,0
DA:127,0
DA:133,0
DA:139,0
DA:140,0
DA:141,0
DA:142,0
DA:149,0
LF:23
LH:0
BRDA:31,0,0,0
BRDA:32,1,0,0
BRDA:32,1,1,0
BRDA:32,1,2,0
BRDA:32,1,3,0
BRDA:32,1,4,0
BRDA:32,1,5,0
BRDA:32,1,6,0
BRDA:32,1,7,0
BRDA:32,1,8,0
BRDA:32,1,9,0
BRDA:32,1,10,0
BRDA:32,1,11,0
BRDA:32,1,12,0
BRDA:36,2,0,0
BRDA:36,2,1,0
BRDA:114,3,0,0
BRDA:114,3,1,0
BRDA:140,4,0,0
BRDA:140,4,1,0
BRF:20
BRH:0
end_of_record
TN:
SF:app/redux/reducer/GlobalReducer.js
FN:75,(anonymous_0)
FNF:1
FNH:0
FNDA:0,(anonymous_0)
DA:42,0
DA:75,0
DA:76,0
DA:78,0
DA:89,0
DA:90,0
DA:96,0
DA:97,0
DA:98,0
DA:105,0
DA:106,0
DA:112,0
DA:119,0
DA:125,0
DA:130,0
DA:142,0
DA:148,0
DA:154,0
DA:160,0
DA:167,0
DA:176,0
DA:183,0
DA:190,0
DA:197,0
DA:204,0
DA:211,0
DA:217,0
DA:223,0
DA:229,0
DA:235,0
DA:243,0
DA:251,0
DA:258,0
DA:264,0
DA:270,0
DA:282,0
DA:288,0
DA:294,0
LF:38
LH:0
BRDA:75,0,0,0
BRDA:76,1,0,0
BRDA:76,1,1,0
BRDA:76,1,2,0
BRDA:76,1,3,0
BRDA:76,1,4,0
BRDA:76,1,5,0
BRDA:76,1,6,0
BRDA:76,1,7,0
BRDA:76,1,8,0
BRDA:76,1,9,0
BRDA:76,1,10,0
BRDA:76,1,11,0
BRDA:76,1,12,0
BRDA:76,1,13,0
BRDA:76,1,14,0
BRDA:76,1,15,0
BRDA:76,1,16,0
BRDA:76,1,17,0
BRDA:76,1,18,0
BRDA:76,1,19,0
BRDA:76,1,20,0
BRDA:76,1,21,0
BRDA:76,1,22,0
BRDA:76,1,23,0
BRDA:76,1,24,0
BRDA:76,1,25,0
BRDA:76,1,26,0
BRDA:76,1,27,0
BRDA:76,1,28,0
BRDA:76,1,29,0
BRDA:80,2,0,0
BRDA:80,2,1,0
BRDA:136,3,0,0
BRDA:136,3,1,0
BRF:35
BRH:0
end_of_record
TN:
SF:app/redux/reducer/NotificationReducer.js
FN:10,(anonymous_0)
FN:23,(anonymous_1)
FNF:2
FNH:0
FNDA:0,(anonymous_0)
FNDA:0,(anonymous_1)
DA:6,0
DA:10,0
DA:11,0
DA:13,0
DA:20,0
DA:21,0
DA:22,0
DA:23,0
DA:24,0
DA:27,0
DA:34,0
LF:11
LH:0
BRDA:10,0,0,0
BRDA:11,1,0,0
BRDA:11,1,1,0
BRDA:11,1,2,0
BRDA:22,2,0,0
BRDA:22,2,1,0
BRF:6
BRH:0
end_of_record
TN:
SF:app/redux/reducer/index.reducer.js
FN:9,(anonymous_0)
FNF:1
FNH:0
FNDA:0,(anonymous_0)
DA:9,0
DA:10,0
DA:11,0
DA:12,0
DA:14,0
DA:17,0
LF:6
LH:0
BRDA:10,0,0,0
BRDA:10,0,1,0
BRF:2
BRH:0
end_of_record
TN:
SF:app/redux/sagas/ClosedLoopSaga.js
FN:105,fetchDetractorTicketDetails
FN:127,watchGetDetractorTicketDetail
FN:131,fetchFirstTimeClosedLoopSegmentDetails
[...]
FN:569,(anonymous_36)
FN:606,(anonymous_37)
FNF:38
FNH:0
FNDA:0,(anonymous_0)
FNDA:0,(anonymous_1)
FNDA:0,(anonymous_2)
FNDA:0,(anonymous_3)
FNDA:0,(anonymous_4)
FNDA:0,(anonymous_5)
FNDA:0,(anonymous_6)
FNDA:0,(anonymous_7)
FNDA:0,(anonymous_8)
FNDA:0,(anonymous_9)
FNDA:0,(anonymous_10)
FNDA:0,(anonymous_11)
FNDA:0,(anonymous_12)
FNDA:0,(anonymous_13)
FNDA:0,(anonymous_14)
FNDA:0,(anonymous_15)
FNDA:0,(anonymous_16)
FNDA:0,(anonymous_17)
FNDA:0,(anonymous_18)
FNDA:0,(anonymous_19)
FNDA:0,(anonymous_20)
FNDA:0,(anonymous_21)
FNDA:0,(anonymous_22)
FNDA:0,(anonymous_23)
FNDA:0,(anonymous_24)
FNDA:0,(anonymous_25)
FNDA:0,(anonymous_26)
FNDA:0,(anonymous_27)
FNDA:0,(anonymous_28)
FNDA:0,(anonymous_29)
FNDA:0,(anonymous_30)
FNDA:0,(anonymous_31)
FNDA:0,(anonymous_32)
FNDA:0,(anonymous_33)
FNDA:0,(anonymous_34)
FNDA:0,(anonymous_35)
FNDA:0,(anonymous_36)
FNDA:0,(anonymous_37)
DA:53,0
DA:60,0
DA:61,0
DA:62,0
DA:63,0
DA:79,0
DA:80,0
DA:88,0
DA:92,0
DA:99,0
DA:103,0
DA:109,0
DA:110,0
DA:120,0
DA:121,0
DA:123,0
DA:126,0
DA:127,0
DA:136,0
DA:137,0
DA:162,0
DA:163,0
DA:164,0
DA:165,0
DA:172,0
DA:173,0
DA:174,0
DA:175,0
DA:184,0
DA:197,0
DA:198,0
DA:206,0
DA:217,0
DA:218,0
DA:219,0
DA:232,0
DA:240,0
DA:241,0
DA:248,0
DA:255,0
DA:256,0
DA:258,0
DA:276,0
DA:289,0
DA:290,0
DA:310,0
DA:311,0
DA:320,0
DA:321,0
DA:327,0
DA:328,0
DA:329,0
DA:330,0
DA:348,0
DA:349,0
DA:364,0
DA:371,0
DA:382,0
DA:389,0
DA:390,0
DA:391,0
DA:418,0
DA:419,0
DA:430,0
DA:431,0
DA:434,0
DA:437,0
DA:448,0
DA:449,0
DA:451,0
DA:452,0
DA:456,0
DA:459,0
DA:462,0
DA:471,0
DA:472,0
DA:481,0
DA:488,0
DA:512,0
DA:519,0
DA:534,0
DA:535,0
DA:541,0
DA:542,0
DA:554,0
DA:555,0
DA:569,0
DA:579,0
DA:606,0
DA:607,0
DA:617,0
DA:659,0
LF:92
LH:0
BRDA:60,0,0,0
BRDA:60,0,1,0
BRDA:61,1,0,0
BRDA:61,1,1,0
BRDA:62,2,0,0
BRDA:62,2,1,0
BRDA:79,3,0,0
BRDA:79,4,0,0
BRDA:89,5,0,0
BRDA:90,6,0,0
BRDA:100,7,0,0
BRDA:101,8,0,0
BRDA:116,9,0,0
BRDA:116,9,1,0
BRDA:117,10,0,0
BRDA:117,10,1,0
BRDA:120,11,0,0
BRDA:120,11,1,0
BRDA:174,12,0,0
BRDA:174,12,1,0
BRDA:209,13,0,0
BRDA:209,13,1,0
BRDA:210,14,0,0
BRDA:210,14,1,0
BRDA:256,15,0,0
BRDA:256,15,1,0
BRDA:265,16,0,0
BRDA:265,16,1,0
BRDA:265,17,0,0
BRDA:265,17,1,0
BRDA:266,18,0,0
BRDA:266,18,1,0
BRDA:266,19,0,0
BRDA:266,19,1,0
BRDA:276,20,0,0
BRDA:276,20,1,0
BRDA:276,21,0,0
BRDA:276,21,1,0
BRDA:304,22,0,0
BRDA:304,22,1,0
BRDA:328,23,0,0
BRDA:328,23,1,0
BRDA:342,24,0,0
BRDA:342,24,1,0
BRDA:352,25,0,0
BRDA:352,25,1,0
BRDA:355,26,0,0
BRDA:355,26,1,0
BRDA:356,27,0,0
BRDA:356,27,1,0
BRDA:357,28,0,0
BRDA:357,28,1,0
BRDA:365,29,0,0
BRDA:366,30,0,0
BRDA:367,31,0,0
BRDA:374,32,0,0
BRDA:374,32,1,0
BRDA:375,33,0,0
BRDA:375,33,1,0
BRDA:376,34,0,0
BRDA:376,34,1,0
BRDA:389,35,0,0
BRDA:389,35,1,0
BRDA:392,36,0,0
BRDA:392,36,1,0
BRDA:475,37,0,0
BRDA:475,37,1,0
BRDA:502,38,0,0
BRDA:502,38,1,0
BRDA:503,39,0,0
BRDA:503,39,1,0
BRDA:504,40,0,0
BRDA:504,40,1,0
BRDA:525,41,0,0
BRDA:525,41,1,0
BRDA:526,42,0,0
BRDA:526,42,1,0
BRDA:527,43,0,0
BRDA:527,43,1,0
BRDA:537,44,0,0
BRDA:537,44,1,0
BRDA:547,45,0,0
BRDA:547,45,1,0
BRDA:550,46,0,0
BRDA:550,46,1,0
BRDA:560,47,0,0
BRDA:560,47,1,0
BRDA:570,48,0,0
BRDA:571,49,0,0
BRDA:581,50,0,0
BRDA:581,50,1,0
BRDA:592,51,0,0
BRDA:592,51,1,0
BRDA:617,52,0,0
BRDA:617,52,1,0
BRDA:617,53,0,0
BRDA:617,53,1,0
BRF:97
BRH:0
end_of_record
TN:
SF:app/routes/commonUI/DismissKeyboard.js
FN:4,(anonymous_0)
FN:5,(anonymous_1)
FNF:2
FNH:0
FNDA:0,(anonymous_0)
FNDA:0,(anonymous_1)
DA:4,0
DA:5,0
LF:2
LH:0
BRF:0
BRH:0
end_of_record
TN:
SF:app/routes/commonUI/FabAddButton.js
FN:5,(anonymous_0)
FNF:1
FNH:0
FNDA:0,(anonymous_0)
DA:5,0
DA:6,0
DA:8,0
DA:9,0
DA:23,0
LF:5
LH:0
BRDA:12,0,0,0
BRDA:12,0,1,0
BRF:2
BRH:0
end_of_record
TN:
SF:app/routes/commonUI/GestureHandleBar.js
FN:6,(anonymous_0)
FNF:1
FNH:0
FNDA:0,(anonymous_0)
DA:6,0
DA:7,0
DA:17,0
LF:3
LH:0
BRF:0
BRH:0
end_of_record
TN:
SF:app/routes/commonUI/HeaderBackLeft.js
FN:8,(anonymous_0)
FN:15,(anonymous_1)
FNF:2
FNH:0
FNDA:0,(anonymous_0)
FNDA:0,(anonymous_1)
DA:8,0
DA:9,0
DA:10,0
DA:16,0
DA:22,0
DA:23,0
DA:25,0
DA:34,0
LF:8
LH:0
BRDA:16,0,0,0
BRDA:16,0,1,0
BRDA:17,1,0,0
BRDA:17,1,1,0
BRDA:17,1,2,0
BRDA:17,1,3,0
BRF:6
BRH:0
end_of_record
TN:
SF:app/routes/commonUI/IconButton.js
FN:4,(anonymous_0)
FNF:1
FNH:0
FNDA:0,(anonymous_0)
DA:4,0
DA:12,0
LF:2
LH:0
BRF:0
BRH:0
end_of_record
TN:
SF:app/routes/commonUI/IndicatorIcon.js
FN:4,(anonymous_0)
FNF:1
FNH:0
FNDA:0,(anonymous_0)
DA:4,0
DA:5,0
LF:2
LH:0
BRDA:4,0,0,0
BRF:1
BRH:0
end_of_record
TN:
SF:app/routes/commonUI/ListItemSeparator.js
FN:5,(anonymous_0)
FNF:1
FNH:0
FNDA:0,(anonymous_0)
DA:5,0
DA:6,0
LF:2
LH:0
BRF:0
BRH:0
end_of_record
TN:
SF:app/routes/commonUI/MenuIcon.js
FN:12,(anonymous_0)
FN:19,(anonymous_1)
FNF:2
FNH:0
FNDA:0,(anonymous_0)
FNDA:0,(anonymous_1)
DA:12,0
DA:13,0
DA:14,0
DA:20,0
DA:27,0
LF:5
LH:0
BRF:0
BRH:0
end_of_record
TN:
SF:app/routes/commonUI/PageHeaderText.js
FN:9,(anonymous_0)
FNF:1
FNH:0
FNDA:0,(anonymous_0)
DA:9,0
DA:10,0
DA:23,0
LF:3
LH:0
BRDA:9,0,0,0
BRDA:13,1,0,0
BRDA:13,1,1,0
BRF:3
BRH:0
end_of_record
TN:
SF:app/styles/Size.constant.js
FNF:0
FNH:0
DA:4,0
LF:1
LH:0
BRDA:5,0,0,0
BRDA:5,0,1,0
BRDA:6,1,0,0
BRDA:6,1,1,0
BRDA:7,2,0,0
BRDA:7,2,1,0
BRF:6
BRH:0
end_of_record
TN:
SF:app/styles/button.styles.js
FNF:0
FNH:0
DA:7,0
DA:8,0
DA:9,0
LF:3
LH:0
BRDA:109,0,0,0
BRDA:109,0,1,0
BRF:2
BRH:0
end_of_record
TN:
SF:app/styles/color.constants.js
FN:84,(anonymous_0)
FN:101,(anonymous_1)
FN:118,(anonymous_2)
FN:134,(anonymous_3)
FN:153,(anonymous_4)
FN:168,(anonymous_5)
FN:183,(anonymous_6)
FN:198,(anonymous_7)
FN:260,getNPSColor
FNF:9
FNH:0
FNDA:0,(anonymous_0)
FNDA:0,(anonymous_1)
FNDA:0,(anonymous_2)
FNDA:0,(anonymous_3)
FNDA:0,(anonymous_4)
FNDA:0,(anonymous_5)
FNDA:0,(anonymous_6)
FNDA:0,(anonymous_7)
FNDA:0,getNPSColor
DA:1,0
DA:72,0
DA:78,0
DA:84,0
DA:85,0
DA:87,0
DA:89,0
DA:91,0
DA:93,0
DA:95,0
DA:97,0
DA:101,0
DA:102,0
DA:104,0
DA:106,0
DA:108,0
DA:110,0
DA:112,0
DA:114,0
DA:118,0
DA:119,0
DA:121,0
DA:123,0
DA:125,0
DA:127,0
DA:129,0
DA:131,0
DA:134,0
DA:135,0
DA:137,0
DA:139,0
DA:141,0
DA:143,0
DA:145,0
DA:149,0
DA:153,0
DA:154,0
DA:156,0
DA:158,0
DA:160,0
DA:162,0
DA:164,0
DA:168,0
DA:169,0
DA:171,0
DA:173,0
DA:175,0
DA:177,0
DA:179,0
DA:183,0
DA:184,0
DA:186,0
DA:188,0
DA:190,0
DA:192,0
DA:194,0
DA:198,0
DA:199,0
DA:201,0
DA:203,0
DA:205,0
DA:207,0
DA:209,0
DA:213,0
DA:233,0
DA:261,0
DA:263,0
DA:265,0
DA:267,0
DA:271,0
DA:272,0
LF:71
LH:0
BRDA:85,0,0,0
BRDA:85,0,1,0
BRDA:85,0,2,0
BRDA:85,0,3,0
BRDA:85,0,4,0
BRDA:85,0,5,0
BRDA:102,1,0,0
BRDA:102,1,1,0
BRDA:102,1,2,0
BRDA:102,1,3,0
BRDA:102,1,4,0
BRDA:102,1,5,0
BRDA:119,2,0,0
BRDA:119,2,1,0
BRDA:119,2,2,0
BRDA:119,2,3,0
BRDA:119,2,4,0
BRDA:119,2,5,0
BRDA:135,3,0,0
BRDA:135,3,1,0
BRDA:135,3,2,0
BRDA:135,3,3,0
BRDA:135,3,4,0
BRDA:135,3,5,0
BRDA:154,4,0,0
BRDA:154,4,1,0
BRDA:154,4,2,0
BRDA:154,4,3,0
BRDA:154,4,4,0
BRDA:169,5,0,0
BRDA:169,5,1,0
BRDA:169,5,2,0
BRDA:169,5,3,0
BRDA:169,5,4,0
BRDA:184,6,0,0
BRDA:184,6,1,0
BRDA:184,6,2,0
BRDA:184,6,3,0
BRDA:184,6,4,0
BRDA:199,7,0,0
BRDA:199,7,1,0
BRDA:199,7,2,0
BRDA:199,7,3,0
BRDA:199,7,4,0
BRDA:261,8,0,0
BRDA:261,8,1,0
BRDA:261,8,2,0
BRF:47
BRH:0
end_of_record
TN:
SF:app/styles/font.constants.js
FNF:0
FNH:0
DA:1,0
DA:9,0
LF:2
LH:0
BRF:0
BRH:0
end_of_record
TN:
SF:app/styles/globalStyleVariables.js
FNF:0
FNH:0
DA:39,0
DA:41,0
DA:43,0
DA:45,0
DA:49,0
DA:50,0
DA:51,0
DA:52,0
DA:53,0
DA:54,0
DA:55,0
DA:58,0
LF:12
LH:0
BRDA:41,0,0,0
BRDA:41,0,1,0
BRDA:43,1,0,0
BRDA:43,1,1,0
BRDA:45,2,0,0
BRDA:45,2,1,0
BRDA:49,3,0,0
BRDA:49,3,1,0
BRDA:50,4,0,0
BRDA:50,4,1,0
BRDA:52,5,0,0
BRDA:52,5,1,0
BRDA:54,6,0,0
BRDA:54,6,1,0
BRF:14
BRH:0
end_of_record
TN:
SF:app/styles/margin.constants.js
FNF:0
FNH:0
DA:3,0
DA:5,0
DA:26,0
LF:3
LH:0
BRDA:27,0,0,0
BRDA:27,0,1,0
BRDA:28,1,0,0
BRDA:28,1,1,0
BRDA:29,2,0,0
BRDA:29,2,1,0
BRDA:30,3,0,0
BRDA:30,3,1,0
BRDA:31,4,0,0
BRDA:31,4,1,0
BRF:10
BRH:0
end_of_record
TN:
SF:app/styles/padding.constants.js
FNF:0
FNH:0
DA:3,0
DA:5,0
LF:2
LH:0
BRF:0
BRH:0
end_of_record
TN:
SF:app/styles/text.styles.js
FNF:0
FNH:0
DA:7,0
DA:8,0
DA:10,0
DA:154,0
LF:4
LH:0
BRF:0
BRH:0
end_of_record
TN:
SF:app/styles/textsize.constants.js
FNF:0
FNH:0
DA:3,0
DA:4,0
LF:2
LH:0
BRDA:3,0,0,0
BRDA:3,0,1,0
BRF:2
BRH:0
end_of_record
TN:
SF:app/testcases/globalReducer._test.js
FNF:0
FNH:0
LF:0
LH:0
BRF:0
BRH:0
end_of_record
TN:
SF:app/widgets/AMChart.js
FN:5,(anonymous_0)
FNF:1
FNH:0
FNDA:0,(anonymous_0)
DA:5,0
DA:6,0
DA:54,0
DA:55,0
DA:62,0
DA:82,0
LF:6
LH:0
BRDA:10,0,0,0
BRDA:10,0,1,0
BRDA:54,1,0,0
BRDA:54,1,1,0
BRF:4
BRH:0
end_of_record
TN:
SF:app/widgets/Button.js
FN:9,(anonymous_0)
FN:13,(anonymous_1)
FNF:2
FNH:0
FNDA:0,(anonymous_0)
FNDA:0,(anonymous_1)
DA:8,0
DA:9,0
DA:10,0
DA:11,0
DA:13,0
DA:14,0
DA:17,0
DA:36,0
LF:8
LH:0
BRDA:10,0,0,0
BRDA:10,0,1,0
BRDA:11,1,0,0
BRDA:11,1,1,0
BRDA:14,2,0,0
BRDA:14,2,1,0
BRDA:19,3,0,0
BRDA:19,3,1,0
BRDA:24,4,0,0
BRDA:24,4,1,0
BRDA:24,4,2,0
BRDA:48,5,0,0
BRDA:48,5,1,0
BRF:13
BRH:0
end_of_record
TN:
SF:app/widgets/HorizontalScaleBar.js
FN:8,(anonymous_0)
FN:9,(anonymous_1)
FN:13,(anonymous_2)
FN:17,(anonymous_3)
FN:27,(anonymous_4)
FN:44,(anonymous_5)
FN:78,(anonymous_6)
FNF:7
FNH:0
FNDA:0,(anonymous_0)
FNDA:0,(anonymous_1)
FNDA:0,(anonymous_2)
FNDA:0,(anonymous_3)
FNDA:0,(anonymous_4)
FNDA:0,(anonymous_5)
FNDA:0,(anonymous_6)
DA:8,0
DA:9,0
DA:10,0
DA:13,0
DA:14,0
DA:17,0
DA:18,0
DA:27,0
DA:28,0
DA:44,0
DA:45,0
DA:78,0
DA:79,0
DA:93,0
DA:107,0
LF:15
LH:0
BRDA:10,0,0,0
BRDA:10,0,1,0
BRDA:14,1,0,0
BRDA:14,1,1,0
BRF:4
BRH:0
end_of_record
TN:
SF:app/widgets/NPSAnswerText.js
FN:10,(anonymous_0)
FNF:1
FNH:0
FNDA:0,(anonymous_0)
DA:10,0
DA:11,0
LF:2
LH:0
BRF:0
BRH:0
end_of_record
TN:
SF:app/widgets/NPSIcon.js
FN:3,(anonymous_0)
FN:5,getIcon
FNF:2
FNH:0
FNDA:0,(anonymous_0)
FNDA:0,getIcon
DA:3,0
DA:4,0
DA:6,0
DA:8,0
DA:10,0
DA:12,0
DA:16,0
LF:7
LH:0
BRDA:4,0,0,0
BRDA:4,0,1,0
BRDA:6,1,0,0
BRDA:6,1,1,0
BRDA:6,1,2,0
BRF:5
BRH:0
end_of_record
TN:
SF:app/widgets/ParentContainer.js
FN:7,(anonymous_0)
FN:17,(anonymous_1)
FNF:2
FNH:0
FNDA:0,(anonymous_0)
FNDA:0,(anonymous_1)
DA:7,0
DA:8,0
DA:17,0
DA:18,0
DA:25,0
LF:5
LH:0
BRF:0
BRH:0
end_of_record
TN:
SF:app/widgets/QPCalendar.js
FN:15,(anonymous_0)
FN:19,(anonymous_1)
FN:43,(anonymous_2)
FN:55,(anonymous_3)
FN:56,(anonymous_4)
FN:69,(anonymous_5)
FN:80,(anonymous_6)
FN:91,(anonymous_7)
FN:114,(anonymous_8)
FN:159,(anonymous_9)
FN:186,dropdownRenderRow
FNF:11
FNH:0
FNDA:0,(anonymous_0)
FNDA:0,(anonymous_1)
FNDA:0,(anonymous_2)
FNDA:0,(anonymous_3)
FNDA:0,(anonymous_4)
FNDA:0,(anonymous_5)
FNDA:0,(anonymous_6)
FNDA:0,(anonymous_7)
FNDA:0,(anonymous_8)
FNDA:0,(anonymous_9)
FNDA:0,dropdownRenderRow
DA:15,0
DA:16,0
DA:17,0
DA:19,0
DA:20,0
DA:43,0
DA:44,0
DA:45,0
DA:46,0
DA:47,0
DA:48,0
DA:50,0
DA:53,0
DA:55,0
DA:56,0
DA:57,0
DA:70,0
DA:71,0
DA:72,0
DA:73,0
DA:80,0
DA:81,0
DA:84,0
DA:85,0
DA:86,0
DA:87,0
DA:91,0
DA:92,0
DA:95,0
DA:96,0
DA:97,0
DA:98,0
DA:99,0
DA:100,0
DA:101,0
DA:102,0
DA:103,0
DA:104,0
DA:105,0
DA:107,0
DA:108,0
DA:114,0
DA:115,0
DA:116,0
DA:117,0
DA:154,0
DA:160,0
DA:161,0
DA:187,0
DA:200,0
LF:50
LH:0
BRDA:85,0,0,0
BRDA:85,0,1,0
BRDA:98,1,0,0
BRDA:98,1,1,0
BRDA:99,2,0,0
BRDA:99,2,1,0
BRDA:102,3,0,0
BRDA:102,3,1,0
BRDA:103,4,0,0
BRDA:103,4,1,0
BRDA:191,5,0,0
BRDA:191,5,1,0
BRDA:234,6,0,0
BRDA:234,6,1,0
BRDA:236,7,0,0
BRDA:236,7,1,0
BRF:16
BRH:0
end_of_record
TN:
SF:app/widgets/QPSpinner.js
FN:7,QPSpinner
FNF:1
FNH:0
FNDA:0,QPSpinner
DA:14,0
DA:16,0
DA:33,0
LF:3
LH:0
BRDA:21,0,0,0
BRDA:21,0,1,0
BRDA:24,1,0,0
BRDA:24,1,1,0
BRDA:25,2,0,0
BRDA:25,2,1,0
BRDA:26,3,0,0
BRDA:26,3,1,0
BRF:8
BRH:0
end_of_record
TN:
SF:app/widgets/QPWebView.js
FN:6,(anonymous_0)
FN:18,(anonymous_1)
FNF:2
FNH:0
FNDA:0,(anonymous_0)
FNDA:0,(anonymous_1)
DA:6,0
DA:7,0
DA:19,0
LF:3
LH:0
BRF:0
BRH:0
end_of_record
TN:
SF:app/widgets/RangeCalendar.js
FN:28,RangeCalendar
FN:36,(anonymous_1)
FN:40,(anonymous_2)
FN:49,(anonymous_3)
FN:62,(anonymous_4)
FN:68,(anonymous_5)
FN:83,(anonymous_6)
FN:97,(anonymous_7)
FN:119,(anonymous_8)
FN:129,(anonymous_9)
FN:145,(anonymous_10)
FN:159,(anonymous_11)
FN:165,(anonymous_12)
FN:172,(anonymous_13)
FN:178,(anonymous_14)
FN:185,(anonymous_15)
FN:189,(anonymous_16)
FN:197,(anonymous_17)
FN:231,DateCell
FNF:19
FNH:0
FNDA:0,RangeCalendar
FNDA:0,(anonymous_1)
FNDA:0,(anonymous_2)
FNDA:0,(anonymous_3)
FNDA:0,(anonymous_4)
FNDA:0,(anonymous_5)
FNDA:0,(anonymous_6)
FNDA:0,(anonymous_7)
FNDA:0,(anonymous_8)
FNDA:0,(anonymous_9)
FNDA:0,(anonymous_10)
FNDA:0,(anonymous_11)
FNDA:0,(anonymous_12)
FNDA:0,(anonymous_13)
FNDA:0,(anonymous_14)
FNDA:0,(anonymous_15)
FNDA:0,(anonymous_16)
FNDA:0,(anonymous_17)
FNDA:0,DateCell
DA:29,0
DA:30,0
DA:31,0
DA:32,0
DA:33,0
DA:34,0
DA:36,0
DA:37,0
DA:41,0
DA:49,0
DA:50,0
DA:52,0
DA:54,0
DA:56,0
DA:58,0
DA:62,0
DA:63,0
DA:64,0
DA:69,0
DA:70,0
DA:72,0
DA:73,0
DA:74,0
DA:83,0
DA:84,0
DA:85,0
DA:86,0
DA:87,0
DA:97,0
DA:98,0
DA:99,0
DA:100,0
DA:101,0
DA:102,0
DA:104,0
DA:105,0
DA:106,0
DA:107,0
DA:108,0
DA:109,0
DA:111,0
DA:115,0
DA:119,0
DA:120,0
DA:129,0
DA:130,0
DA:131,0
DA:132,0
DA:134,0
DA:135,0
DA:137,0
DA:138,0
DA:139,0
DA:141,0
DA:145,0
DA:146,0
DA:159,0
DA:160,0
DA:166,0
DA:172,0
DA:173,0
DA:179,0
DA:185,0
DA:186,0
DA:189,0
DA:190,0
DA:193,0
DA:198,0
DA:232,0
DA:235,0
DA:255,0
LF:71
LH:0
BRDA:41,0,0,0
BRDA:41,0,1,0
BRDA:50,1,0,0
BRDA:50,1,1,0
BRDA:50,1,2,0
BRDA:50,1,3,0
BRDA:66,2,0,0
BRDA:66,2,1,0
BRDA:69,3,0,0
BRDA:69,3,1,0
BRDA:98,4,0,0
BRDA:98,4,1,0
BRDA:98,5,0,0
BRDA:98,5,1,0
BRDA:99,6,0,0
BRDA:99,6,1,0
BRDA:101,7,0,0
BRDA:101,7,1,0
BRDA:106,8,0,0
BRDA:106,8,1,0
BRDA:131,9,0,0
BRDA:131,9,1,0
BRDA:134,10,0,0
BRDA:134,10,1,0
BRDA:138,11,0,0
BRDA:138,11,1,0
BRDA:208,12,0,0
BRDA:208,12,1,0
BRDA:214,13,0,0
BRDA:214,13,1,0
BRDA:244,14,0,0
BRDA:244,14,1,0
BRF:32
BRH:0
end_of_record
TN:
SF:app/widgets/SendButton.js
FN:5,(anonymous_0)
FNF:1
FNH:0
FNDA:0,(anonymous_0)
DA:5,0
DA:6,0
DA:7,0
DA:8,0
DA:9,0
DA:10,0
LF:6
LH:0
BRDA:6,0,0,0
BRDA:6,0,1,0
BRDA:7,1,0,0
BRDA:7,1,1,0
BRDA:9,2,0,0
BRDA:9,2,1,0
BRF:6
BRH:0
end_of_record
TN:
SF:app/widgets/SpaceBox.js
FN:5,(anonymous_0)
FN:13,(anonymous_1)
FNF:2
FNH:0
FNDA:0,(anonymous_0)
FNDA:0,(anonymous_1)
DA:5,0
DA:6,0
DA:9,0
DA:10,0
DA:13,0
DA:18,0
DA:21,0
DA:22,0
LF:8
LH:0
BRDA:5,0,0,0
BRDA:6,1,0,0
BRDA:6,1,1,0
BRDA:16,2,0,0
BRDA:18,3,0,0
BRDA:18,3,1,0
BRF:6
BRH:0
end_of_record
TN:
SF:app/widgets/TextField.js
FN:9,(anonymous_0)
FN:12,(anonymous_1)
FN:17,(anonymous_2)
FN:22,(anonymous_3)
FN:27,(anonymous_4)
FN:38,(anonymous_5)
FNF:6
FNH:0
FNDA:0,(anonymous_0)
FNDA:0,(anonymous_1)
FNDA:0,(anonymous_2)
FNDA:0,(anonymous_3)
FNDA:0,(anonymous_4)
FNDA:0,(anonymous_5)
DA:9,0
DA:10,0
DA:11,0
DA:12,0
DA:13,0
DA:14,0
DA:17,0
DA:18,0
DA:19,0
DA:22,0
DA:24,0
DA:27,0
DA:28,0
DA:31,0
DA:32,0
DA:33,0
DA:34,0
DA:35,0
DA:36,0
DA:38,0
DA:39,0
DA:56,0
LF:22
LH:0
BRDA:14,0,0,0
BRDA:14,0,1,0
BRDA:19,1,0,0
BRDA:19,1,1,0
BRDA:24,2,0,0
BRDA:24,2,1,0
BRDA:31,3,0,0
BRDA:31,3,1,0
BRDA:32,4,0,0
BRDA:32,4,1,0
BRDA:33,5,0,0
BRDA:33,5,1,0
BRDA:34,6,0,0
BRDA:34,6,1,0
BRDA:36,7,0,0
BRDA:36,7,1,0
BRDA:40,8,0,0
BRDA:40,8,1,0
BRDA:63,9,0,0
BRDA:63,9,1,0
BRDA:64,10,0,0
BRDA:64,10,1,0
BRDA:65,11,0,0
BRDA:65,11,1,0
BRDA:80,12,0,0
BRDA:80,12,1,0
BRF:26
BRH:0
end_of_record
TN:
SF:app/widgets/TimeAgo.js
FN:6,(anonymous_0)
FN:10,(anonymous_1)
FN:13,(anonymous_2)
FN:16,(anonymous_3)
FN:23,(anonymous_4)
FN:26,(anonymous_5)
FNF:6
FNH:0
FNDA:0,(anonymous_0)
FNDA:0,(anonymous_1)
FNDA:0,(anonymous_2)
FNDA:0,(anonymous_3)
FNDA:0,(anonymous_4)
FNDA:0,(anonymous_5)
DA:7,0
DA:8,0
DA:11,0
DA:14,0
DA:17,0
DA:24,0
DA:27,0
DA:31,0
LF:8
LH:0
BRF:0
BRH:0
end_of_record
TN:
SF:app/widgets/IconWidget/CaretDownIcon.js
FN:4,(anonymous_0)
FNF:1
FNH:0
FNDA:0,(anonymous_0)
DA:4,0
DA:5,0
DA:7,0
LF:3
LH:0
BRDA:4,0,0,0
BRDA:4,1,0,0
BRF:2
BRH:0
end_of_record
TN:
SF:app/widgets/IconWidget/DateFilterIcon.js
FN:4,(anonymous_0)
FNF:1
FNH:0
FNDA:0,(anonymous_0)
DA:4,0
DA:5,0
DA:6,0
LF:3
LH:0
BRDA:4,0,0,0
BRF:1
BRH:0
end_of_record
TN:
SF:app/widgets/IconWidget/PersonIcon.js
FN:4,(anonymous_0)
FNF:1
FNH:0
FNDA:0,(anonymous_0)
DA:4,0
DA:5,0
DA:6,0
LF:3
LH:0
BRDA:4,0,0,0
BRF:1
BRH:0
end_of_record
TN:
SF:app/widgets/IconWidget/StatusIcon.js
FN:4,(anonymous_0)
FNF:1
FNH:0
FNDA:0,(anonymous_0)
DA:4,0
DA:5,0
DA:6,0
LF:3
LH:0
BRDA:4,0,0,0
BRF:1
BRH:0
end_of_record
TN:
SF:app/widgets/TextLabel/TextLabel.js
FN:7,(anonymous_0)
FNF:1
FNH:0
FNDA:0,(anonymous_0)
DA:7,0
DA:18,0
DA:19,0
DA:20,0
DA:21,0
LF:5
LH:0
BRDA:15,0,0,0
BRDA:18,1,0,0
BRDA:18,1,1,0
BRDA:18,2,0,0
BRDA:18,2,1,0
BRDA:19,3,0,0
BRDA:19,3,1,0
BRDA:20,4,0,0
BRDA:20,4,1,0
BRDA:31,5,0,0
BRDA:31,5,1,0
BRF:11
BRH:0
end_of_record
TN:
SF:app/widgets/closedloopWidget/ActivityText.js
FN:11,(anonymous_0)
FNF:1
FNH:0
FNDA:0,(anonymous_0)
DA:11,0
DA:12,0
DA:18,0
DA:25,0
LF:4
LH:0
BRF:0
BRH:0
end_of_record
TN:
SF:app/widgets/closedloopWidget/SortingToggleButton.js
FN:9,(anonymous_0)
FNF:1
FNH:0
FNDA:0,(anonymous_0)
DA:9,0
DA:10,0
LF:2
LH:0
BRF:0
BRH:0
end_of_record
TN:
SF:app/widgets/dashboardWidget/CsatChart.js
FN:9,(anonymous_0)
FN:11,(anonymous_1)
FN:14,getCsatData
FNF:3
FNH:0
FNDA:0,(anonymous_0)
FNDA:0,(anonymous_1)
FNDA:0,getCsatData
DA:9,0
DA:10,0
DA:11,0
DA:15,0
DA:17,0
DA:36,0
DA:42,0
LF:7
LH:0
BRF:0
BRH:0
end_of_record
TN:
SF:app/widgets/dashboardWidget/CsatScoreLabel.js
FN:6,(anonymous_0)
FN:8,(anonymous_1)
FN:10,(anonymous_2)
FNF:3
FNH:0
FNDA:0,(anonymous_0)
FNDA:0,(anonymous_1)
FNDA:0,(anonymous_2)
DA:6,0
DA:7,0
DA:8,0
DA:10,0
DA:12,0
LF:5
LH:0
BRDA:14,0,0,0
BRDA:14,0,1,0
BRF:2
BRH:0
end_of_record
TN:
SF:app/widgets/dashboardWidget/CsatToggleButton.js
FN:9,(anonymous_0)
FN:11,(anonymous_1)
FN:13,(anonymous_2)
FNF:3
FNH:0
FNDA:0,(anonymous_0)
FNDA:0,(anonymous_1)
FNDA:0,(anonymous_2)
DA:9,0
DA:10,0
DA:11,0
DA:12,0
DA:13,0
DA:14,0
DA:17,0
LF:7
LH:0
BRDA:12,0,0,0
BRDA:12,0,1,0
BRF:2
BRH:0
end_of_record
TN:
SF:app/widgets/dashboardWidget/DottedLine.js
FN:6,(anonymous_0)
FNF:1
FNH:0
FNDA:0,(anonymous_0)
DA:6,0
DA:12,0
DA:25,0
LF:3
LH:0
BRDA:7,0,0,0
BRDA:8,1,0,0
BRDA:9,2,0,0
BRF:3
BRH:0
end_of_record
TN:
SF:app/widgets/dashboardWidget/LegendScoreView.js
FN:10,(anonymous_0)
FN:18,(anonymous_1)
FNF:2
FNH:0
FNDA:0,(anonymous_0)
FNDA:0,(anonymous_1)
DA:10,0
DA:11,0
DA:18,0
DA:19,0
DA:51,0
LF:5
LH:0
BRDA:10,0,0,0
BRDA:29,1,0,0
BRDA:29,1,1,0
BRDA:36,2,0,0
BRDA:36,2,1,0
BRF:5
BRH:0
end_of_record
TN:
SF:app/widgets/dashboardWidget/NpsGaugeChart.js
FN:10,(anonymous_0)
FN:18,(anonymous_1)
FN:31,(anonymous_2)
FNF:3
FNH:0
FNDA:0,(anonymous_0)
FNDA:0,(anonymous_1)
FNDA:0,(anonymous_2)
DA:10,0
DA:18,0
DA:20,0
DA:22,0
DA:31,0
DA:32,0
DA:33,0
DA:34,0
DA:49,0
DA:63,0
DA:66,0
DA:99,0
DA:109,0
LF:13
LH:0
BRDA:23,0,0,0
BRDA:23,0,1,0
BRDA:23,1,0,0
BRDA:23,1,1,0
BRDA:33,2,0,0
BRDA:33,2,1,0
BRF:6
BRH:0
end_of_record
TN:
SF:app/widgets/dashboardWidget/RenderInfo.js
FN:5,(anonymous_0)
FNF:1
FNH:0
FNDA:0,(anonymous_0)
DA:5,0
DA:6,0
DA:7,0
LF:3
LH:0
BRF:0
BRH:0
end_of_record
TN:
SF:app/widgets/dashboardWidget/RenderInfoContainer.js
FN:9,(anonymous_0)
FN:12,(anonymous_1)
FN:15,(anonymous_2)
FNF:3
FNH:0
FNDA:0,(anonymous_0)
FNDA:0,(anonymous_1)
FNDA:0,(anonymous_2)
DA:9,0
DA:11,0
DA:12,0
DA:14,0
DA:15,0
DA:17,0
DA:18,0
DA:19,0
DA:21,0
LF:9
LH:0
BRDA:11,0,0,0
BRDA:11,0,1,0
BRF:2
BRH:0
end_of_record
TN:
SF:app/widgets/dashboardWidget/RenderSegmentTitle.js
FN:5,(anonymous_0)
FNF:1
FNH:0
FNDA:0,(anonymous_0)
DA:5,0
DA:6,0
LF:2
LH:0
BRF:0
BRH:0
end_of_record
TN:
SF:app/widgets/dashboardWidget/ResponsesButton.js
FN:7,(anonymous_0)
FN:9,(anonymous_1)
FNF:2
FNH:0
FNDA:0,(anonymous_0)
FNDA:0,(anonymous_1)
DA:7,0
DA:8,0
DA:9,0
DA:10,0
DA:13,0
LF:5
LH:0
BRF:0
BRH:0
end_of_record
TN:
SF:app/widgets/dashboardWidget/ScoreIndicatorIcon.js
FN:5,(anonymous_0)
FNF:1
FNH:0
FNDA:0,(anonymous_0)
DA:5,0
DA:6,0
LF:2
LH:0
BRDA:6,0,0,0
BRDA:6,0,1,0
BRDA:10,1,0,0
BRDA:10,1,1,0
BRDA:11,2,0,0
BRDA:11,2,1,0
BRF:6
BRH:0
end_of_record
TN:
SF:app/widgets/dashboardWidget/SimpleTest.js
FN:4,(anonymous_0)
FNF:1
FNH:0
FNDA:0,(anonymous_0)
DA:4,0
DA:5,0
DA:8,0
LF:3
LH:0
BRF:0
BRH:0
end_of_record
TN:
SF:app/widgets/dashboardWidget/SmileyImageLabel.js
FN:4,(anonymous_0)
FNF:1
FNH:0
FNDA:0,(anonymous_0)
DA:4,0
DA:5,0
DA:6,0
DA:8,0
DA:25,0
LF:5
LH:0
BRDA:25,0,0,0
BRDA:25,0,1,0
BRF:2
BRH:0
end_of_record
