TN:
SF:app/Utils/ApiCallUtils.js
FN:1,getBearerToken
FN:5,getClfUrl
FN:9,getBearerTokenStatic
FNF:3
FNH:3
FNDA:1,getBearerToken
FNDA:2,getClfUrl
FNDA:1,getBearerTokenStatic
DA:2,1
DA:6,2
DA:10,1
LF:3
LH:3
BRF:0
BRH:0
end_of_record
TN:
SF:app/Utils/AppConstants.js
FNF:0
FNH:0
DA:1,22
DA:2,22
DA:3,22
DA:4,22
DA:5,22
DA:6,22
DA:7,22
DA:8,22
DA:9,22
DA:10,22
LF:10
LH:10
BRF:0
BRH:0
end_of_record
TN:
SF:app/Utils/ArrayUtils.js
FN:2,(anonymous_0)
FN:12,(anonymous_1)
FN:16,(anonymous_2)
FN:20,(anonymous_3)
FN:24,(anonymous_4)
FN:34,(anonymous_5)
FN:45,(anonymous_6)
FN:56,(anonymous_7)
FN:68,(anonymous_8)
FN:70,(anonymous_9)
FNF:10
FNH:10
FNDA:9,(anonymous_0)
FNDA:6,(anonymous_1)
FNDA:3,(anonymous_2)
FNDA:2,(anonymous_3)
FNDA:2,(anonymous_4)
FNDA:3,(anonymous_5)
FNDA:3,(anonymous_6)
FNDA:3,(anonymous_7)
FNDA:2,(anonymous_8)
FNDA:2,(anonymous_9)
DA:3,9
DA:4,7
DA:5,14
DA:6,4
DA:10,5
DA:13,6
DA:17,3
DA:21,2
DA:25,2
DA:26,2
DA:27,1
DA:28,3
DA:31,2
DA:35,3
DA:36,2
DA:37,5
DA:38,1
DA:42,2
DA:46,3
DA:47,2
DA:48,5
DA:49,1
DA:50,1
DA:54,2
DA:57,3
DA:58,2
DA:59,5
DA:60,1
DA:61,1
DA:65,2
DA:69,2
DA:70,2
DA:71,2
DA:73,2
LF:34
LH:34
BRDA:3,0,0,7
BRDA:3,0,1,2
BRDA:5,1,0,4
BRDA:5,1,1,10
BRDA:13,2,0,6
BRDA:13,2,1,4
BRDA:26,3,0,1
BRDA:26,3,1,1
BRDA:35,4,0,2
BRDA:35,4,1,1
BRDA:37,5,0,1
BRDA:37,5,1,4
BRDA:46,6,0,2
BRDA:46,6,1,1
BRDA:48,7,0,1
BRDA:48,7,1,4
BRDA:57,8,0,2
BRDA:57,8,1,1
BRDA:59,9,0,1
BRDA:59,9,1,4
BRDA:61,10,0,1
BRDA:61,10,1,0
BRF:22
BRH:21
end_of_record
TN:
SF:app/Utils/AsyncUtil.js
FN:4,(anonymous_0)
FN:8,(anonymous_1)
FN:16,(anonymous_2)
FN:24,(anonymous_3)
FN:33,(anonymous_4)
FNF:5
FNH:5
FNDA:1,(anonymous_0)
FNDA:1,(anonymous_1)
FNDA:1,(anonymous_2)
FNDA:3,(anonymous_3)
FNDA:1,(anonymous_4)
DA:5,1
DA:9,1
DA:10,1
DA:12,0
DA:17,1
DA:18,1
DA:20,0
DA:25,3
DA:26,3
DA:28,1
DA:29,1
DA:34,1
DA:35,1
DA:37,0
LF:14
LH:11
BRF:0
BRH:0
end_of_record
TN:
SF:app/Utils/DateFilterUtility.js
FN:4,(anonymous_0)
FNF:1
FNH:1
FNDA:6,(anonymous_0)
DA:4,1
DA:5,6
DA:6,6
DA:7,6
DA:8,6
DA:11,1
DA:14,1
DA:17,1
DA:18,1
DA:19,1
DA:22,1
DA:23,1
DA:24,1
DA:25,1
DA:26,1
DA:28,1
DA:29,1
DA:32,1
DA:35,1
DA:38,1
DA:41,1
DA:44,1
LF:22
LH:22
BRDA:8,0,0,1
BRDA:8,0,1,1
BRDA:8,0,2,1
BRDA:8,0,3,1
BRDA:8,0,4,1
BRDA:8,0,5,1
BRF:6
BRH:6
end_of_record
TN:
SF:app/Utils/DeepLinkingUtils.js
FN:8,(anonymous_0)
FN:18,(anonymous_1)
FNF:2
FNH:2
FNDA:4,(anonymous_0)
FNDA:3,(anonymous_1)
DA:8,1
DA:9,4
DA:10,4
DA:11,3
DA:12,3
DA:13,3
DA:14,3
DA:15,3
DA:18,1
DA:24,3
DA:25,2
DA:30,2
DA:31,2
DA:32,1
DA:37,1
DA:39,1
LF:16
LH:16
BRDA:24,0,0,2
BRDA:24,0,1,1
BRDA:25,1,0,2
BRDA:25,1,1,0
BRDA:31,2,0,1
BRDA:31,2,1,1
BRF:6
BRH:5
end_of_record
TN:
SF:app/Utils/DeviceUtil.js
FN:8,(anonymous_0)
FN:15,(anonymous_1)
FN:23,(anonymous_2)
FN:32,(anonymous_3)
FN:43,(anonymous_4)
FNF:5
FNH:5
FNDA:8,(anonymous_0)
FNDA:2,(anonymous_1)
FNDA:2,(anonymous_2)
FNDA:5,(anonymous_3)
FNDA:2,(anonymous_4)
DA:8,1
DA:9,8
DA:15,1
DA:16,2
DA:17,2
DA:23,1
DA:24,2
DA:25,2
DA:32,1
DA:33,5
DA:34,5
DA:43,1
DA:44,2
LF:13
LH:13
BRDA:9,0,0,8
BRDA:9,0,1,4
BRDA:35,1,0,5
BRDA:35,1,1,3
BRDA:35,1,2,4
BRDA:35,1,3,2
BRF:6
BRH:6
end_of_record
TN:
SF:app/Utils/DimentionUtils.js
FN:6,(anonymous_0)
FNF:1
FNH:1
FNDA:3,(anonymous_0)
DA:4,1
DA:6,1
DA:7,3
LF:3
LH:3
BRF:0
BRH:0
end_of_record
TN:
SF:app/Utils/DownloadUtils.js
FN:4,(anonymous_0)
FNF:1
FNH:1
FNDA:4,(anonymous_0)
DA:4,1
DA:6,4
DA:7,4
DA:11,4
DA:13,4
DA:15,4
DA:35,4
DA:38,3
DA:40,1
DA:41,1
LF:10
LH:10
BRF:0
BRH:0
end_of_record
TN:
SF:app/Utils/IconUtils.js
FN:8,(anonymous_0)
FN:20,(anonymous_1)
FN:32,(anonymous_2)
FN:44,(anonymous_3)
FN:56,getMimeIconName
FN:139,(anonymous_5)
FNF:6
FNH:6
FNDA:1,(anonymous_0)
FNDA:1,(anonymous_1)
FNDA:1,(anonymous_2)
FNDA:1,(anonymous_3)
FNDA:14,getMimeIconName
FNDA:3,(anonymous_5)
DA:8,3
DA:9,1
DA:20,3
DA:21,1
DA:32,3
DA:33,1
DA:44,3
DA:45,1
DA:57,14
DA:59,14
DA:60,14
DA:61,14
DA:62,14
DA:63,14
DA:64,14
DA:65,14
DA:66,14
DA:67,14
DA:68,14
DA:69,14
DA:72,14
DA:73,14
DA:74,14
DA:75,14
DA:76,14
DA:77,14
DA:78,14
DA:79,14
DA:80,14
DA:83,14
DA:84,14
DA:85,14
DA:86,14
DA:87,14
DA:88,14
DA:89,14
DA:90,14
DA:91,14
DA:92,14
DA:93,14
DA:96,14
DA:97,14
DA:98,14
DA:101,14
DA:102,14
DA:103,14
DA:104,14
DA:107,14
DA:108,14
DA:109,14
DA:111,14
DA:114,14
DA:115,14
DA:116,14
DA:121,14
DA:122,14
DA:123,14
DA:126,14
DA:127,14
DA:130,14
DA:131,14
DA:134,14
DA:136,14
DA:139,3
DA:140,3
DA:141,3
DA:142,3
LF:67
LH:67
BRDA:12,0,0,1
BRDA:12,0,1,0
BRDA:13,1,0,1
BRDA:13,1,1,0
BRDA:24,2,0,1
BRDA:24,2,1,0
BRDA:25,3,0,1
BRDA:25,3,1,0
BRDA:36,4,0,1
BRDA:36,4,1,0
BRDA:37,5,0,1
BRDA:37,5,1,0
BRDA:48,6,0,1
BRDA:48,6,1,0
BRDA:49,7,0,1
BRDA:49,7,1,0
BRDA:136,8,0,14
BRDA:136,8,1,1
BRF:18
BRH:10
end_of_record
TN:
SF:app/Utils/MultilinguaUtils.js
FN:13,(anonymous_0)
FN:14,(anonymous_1)
FN:15,(anonymous_2)
FN:16,(anonymous_3)
FN:17,(anonymous_4)
FN:21,(anonymous_5)
FN:22,(anonymous_6)
FN:25,(anonymous_7)
FNF:8
FNH:5
FNDA:3,(anonymous_0)
FNDA:1,(anonymous_1)
FNDA:0,(anonymous_2)
FNDA:0,(anonymous_3)
FNDA:0,(anonymous_4)
FNDA:38,(anonymous_5)
FNDA:172,(anonymous_6)
FNDA:4,(anonymous_7)
DA:11,20
DA:13,3
DA:14,1
DA:15,0
DA:16,0
DA:17,0
DA:20,20
DA:21,38
DA:22,172
DA:25,20
DA:29,4
DA:30,2
DA:37,4
DA:39,4
DA:41,4
DA:42,4
LF:16
LH:13
BRDA:22,0,0,2
BRDA:22,0,1,170
BRDA:25,1,0,3
BRDA:29,2,0,2
BRDA:29,2,1,2
BRF:5
BRH:5
end_of_record
TN:
SF:app/Utils/NPSChartUtils.js
FN:1,(anonymous_0)
FN:5,(anonymous_1)
FN:23,(anonymous_2)
FNF:3
FNH:3
FNDA:1,(anonymous_0)
FNDA:4,(anonymous_1)
FNDA:5,(anonymous_2)
DA:1,1
DA:2,1
DA:5,1
DA:6,4
DA:7,4
DA:9,4
DA:10,1
DA:23,3
DA:24,5
DA:25,3
DA:26,3
DA:28,3
DA:37,3
DA:40,3
LF:14
LH:14
BRDA:9,0,0,1
BRDA:9,0,1,3
BRDA:24,1,0,3
BRDA:24,1,1,2
BRF:4
BRH:4
end_of_record
TN:
SF:app/Utils/NotificationUtils.js
FN:10,requestUserPermission
FN:19,(anonymous_1)
FN:20,(anonymous_2)
FN:25,(anonymous_3)
FN:33,checkNotificationPermission
FN:42,addNotificationListeners
FN:43,(anonymous_6)
FN:51,(anonymous_7)
FN:62,(anonymous_8)
FN:73,(anonymous_9)
FN:82,(anonymous_10)
FN:94,actionOnNotification
FN:95,(anonymous_12)
FNF:13
FNH:2
FNDA:0,requestUserPermission
FNDA:0,(anonymous_1)
FNDA:0,(anonymous_2)
FNDA:0,(anonymous_3)
FNDA:0,checkNotificationPermission
FNDA:0,addNotificationListeners
FNDA:0,(anonymous_6)
FNDA:0,(anonymous_7)
FNDA:0,(anonymous_8)
FNDA:0,(anonymous_9)
FNDA:0,(anonymous_10)
FNDA:1,actionOnNotification
FNDA:1,(anonymous_12)
DA:11,0
DA:12,0
DA:13,0
DA:15,0
DA:19,1
DA:20,0
DA:21,0
DA:22,0
DA:23,0
DA:26,0
DA:27,0
DA:34,0
DA:35,0
DA:36,0
DA:38,0
DA:43,0
DA:44,0
DA:51,0
DA:52,0
DA:56,0
DA:60,0
DA:63,0
DA:64,0
DA:68,0
DA:72,0
DA:74,0
DA:77,0
DA:81,0
DA:83,0
DA:86,0
DA:87,0
DA:89,0
DA:95,1
DA:96,1
LF:34
LH:3
BRDA:22,0,0,0
BRDA:22,0,1,0
BRDA:35,1,0,0
BRDA:35,1,1,0
BRDA:63,2,0,0
BRDA:63,2,1,0
BRDA:86,3,0,0
BRDA:86,3,1,0
BRF:8
BRH:0
end_of_record
TN:
SF:app/Utils/PermissionUtils.js
FN:4,(anonymous_0)
FNF:1
FNH:1
FNDA:3,(anonymous_0)
DA:4,1
DA:5,3
DA:6,3
DA:15,2
DA:17,1
LF:5
LH:5
BRDA:15,0,0,1
BRDA:15,0,1,1
BRF:2
BRH:2
end_of_record
TN:
SF:app/Utils/StringUtils.js
FN:2,(anonymous_0)
FN:6,(anonymous_1)
FN:10,(anonymous_2)
FN:14,(anonymous_3)
FN:18,(anonymous_4)
FN:27,(anonymous_5)
FN:32,(anonymous_6)
FN:38,(anonymous_7)
FN:97,(anonymous_8)
FN:101,(anonymous_9)
FN:103,(anonymous_10)
FN:115,(anonymous_11)
FN:128,(anonymous_12)
FN:133,(anonymous_13)
FN:140,(anonymous_14)
FN:144,(anonymous_15)
FN:152,(anonymous_16)
FN:175,(anonymous_17)
FN:187,(anonymous_18)
FN:191,(anonymous_19)
FN:195,(anonymous_20)
FN:201,(anonymous_21)
FN:206,(anonymous_22)
FN:220,(anonymous_23)
FN:224,(anonymous_24)
FN:228,(anonymous_25)
FN:232,(anonymous_26)
FN:236,(anonymous_27)
FN:240,(anonymous_28)
FN:244,(anonymous_29)
FN:248,(anonymous_30)
FN:252,(anonymous_31)
FN:259,(anonymous_32)
FN:266,(anonymous_33)
FN:273,(anonymous_34)
FN:280,(anonymous_35)
FNF:36
FNH:32
FNDA:25,(anonymous_0)
FNDA:3,(anonymous_1)
FNDA:6,(anonymous_2)
FNDA:4,(anonymous_3)
FNDA:4,(anonymous_4)
FNDA:2,(anonymous_5)
FNDA:2,(anonymous_6)
FNDA:1,(anonymous_7)
FNDA:1,(anonymous_8)
FNDA:17,(anonymous_9)
FNDA:153,(anonymous_10)
FNDA:0,(anonymous_11)
FNDA:0,(anonymous_12)
FNDA:0,(anonymous_13)
FNDA:0,(anonymous_14)
FNDA:2,(anonymous_15)
FNDA:2,(anonymous_16)
FNDA:2,(anonymous_17)
FNDA:8,(anonymous_18)
FNDA:1,(anonymous_19)
FNDA:1,(anonymous_20)
FNDA:1,(anonymous_21)
FNDA:1,(anonymous_22)
FNDA:4,(anonymous_23)
FNDA:2,(anonymous_24)
FNDA:4,(anonymous_25)
FNDA:2,(anonymous_26)
FNDA:2,(anonymous_27)
FNDA:2,(anonymous_28)
FNDA:80,(anonymous_29)
FNDA:2,(anonymous_30)
FNDA:2,(anonymous_31)
FNDA:2,(anonymous_32)
FNDA:2,(anonymous_33)
FNDA:21,(anonymous_34)
FNDA:24,(anonymous_35)
DA:3,25
DA:7,3
DA:11,6
DA:15,4
DA:19,4
DA:20,4
DA:21,2
DA:24,2
DA:28,2
DA:29,2
DA:33,2
DA:34,2
DA:35,2
DA:39,1
DA:40,1
DA:41,1
DA:42,1
DA:43,1
DA:44,1
DA:45,1
DA:46,1
DA:47,1
DA:48,1
DA:49,1
DA:50,1
DA:51,1
DA:52,1
DA:53,1
DA:54,1
DA:55,1
DA:56,1
DA:57,1
DA:58,1
DA:59,1
DA:60,1
DA:61,1
DA:62,1
DA:63,1
DA:64,1
DA:65,1
DA:66,1
DA:67,1
DA:68,1
DA:69,1
DA:70,1
DA:71,1
DA:72,1
DA:73,1
DA:74,1
DA:75,1
DA:76,1
DA:77,1
DA:78,1
DA:79,1
DA:80,1
DA:81,1
DA:82,1
DA:83,1
DA:84,1
DA:87,1
DA:88,1
DA:90,1
DA:91,1
DA:92,1
DA:94,1
DA:98,1
DA:102,17
DA:103,17
DA:104,153
DA:109,17
DA:116,0
DA:119,0
DA:122,0
DA:125,0
DA:128,0
DA:129,0
DA:133,0
DA:134,0
DA:138,0
DA:141,0
DA:145,2
DA:146,2
DA:148,1
DA:153,2
DA:154,2
DA:155,2
DA:156,0
DA:159,2
DA:160,1
DA:161,1
DA:162,1
DA:163,1
DA:165,1
DA:172,1
DA:176,2
DA:177,0
DA:180,2
DA:181,1
DA:184,1
DA:188,8
DA:192,1
DA:196,1
DA:197,1
DA:198,1
DA:202,1
DA:203,1
DA:207,1
DA:208,1
DA:209,1
DA:210,2
DA:212,2
DA:213,2
DA:214,2
DA:217,1
DA:221,4
DA:225,2
DA:229,4
DA:233,2
DA:237,2
DA:241,2
DA:245,80
DA:249,2
DA:253,2
DA:254,1
DA:256,1
DA:260,2
DA:261,1
DA:263,1
DA:267,2
DA:268,1
DA:270,1
DA:274,21
DA:275,21
DA:281,24
DA:282,24
DA:283,24
DA:284,24
DA:286,24
DA:287,21
DA:288,4
DA:289,17
DA:290,13
DA:291,4
DA:292,3
DA:293,1
DA:294,1
DA:296,0
LF:147
LH:134
BRDA:3,0,0,25
BRDA:3,0,1,18
BRDA:7,1,0,3
BRDA:7,1,1,2
BRDA:15,2,0,1
BRDA:15,2,1,3
BRDA:20,3,0,2
BRDA:20,3,1,2
BRDA:35,4,0,2
BRDA:35,4,1,1
BRDA:35,4,2,1
BRDA:119,5,0,0
BRDA:119,5,1,0
BRDA:129,6,0,0
BRDA:129,6,1,0
BRDA:152,7,0,0
BRDA:155,8,0,0
BRDA:155,8,1,2
BRDA:159,9,0,1
BRDA:159,9,1,1
BRDA:159,10,0,2
BRDA:159,10,1,1
BRDA:176,11,0,0
BRDA:176,11,1,2
BRDA:180,12,0,1
BRDA:180,12,1,1
BRDA:188,13,0,8
BRDA:188,13,1,5
BRDA:196,14,0,1
BRDA:196,14,1,0
BRDA:202,15,0,1
BRDA:202,15,1,0
BRDA:214,16,0,1
BRDA:214,16,1,1
BRDA:253,17,0,1
BRDA:253,17,1,1
BRDA:260,18,0,1
BRDA:260,18,1,1
BRDA:267,19,0,1
BRDA:267,19,1,1
BRDA:275,20,0,16
BRDA:275,20,1,5
BRDA:286,21,0,3
BRDA:286,21,1,21
BRDA:286,22,0,24
BRDA:286,22,1,22
BRDA:287,23,0,4
BRDA:287,23,1,17
BRDA:289,24,0,13
BRDA:289,24,1,4
BRDA:291,25,0,3
BRDA:291,25,1,1
BRDA:293,26,0,1
BRDA:293,26,1,0
BRF:54
BRH:44
end_of_record
TN:
SF:app/Utils/ThreeDots.js
FN:4,(anonymous_0)
FN:17,(anonymous_1)
FNF:2
FNH:2
FNDA:3,(anonymous_0)
FNDA:9,(anonymous_1)
DA:4,1
DA:5,3
DA:6,3
DA:7,9
DA:10,3
DA:17,1
DA:18,9
DA:26,1
LF:8
LH:8
BRF:0
BRH:0
end_of_record
TN:
SF:app/Utils/TicketUtils.js
FN:55,(anonymous_0)
FN:57,(anonymous_1)
FN:65,(anonymous_2)
FN:81,(anonymous_3)
FN:89,(anonymous_4)
FN:103,(anonymous_5)
FN:112,(anonymous_6)
FN:114,(anonymous_7)
FN:123,(anonymous_8)
FN:125,(anonymous_9)
FN:134,(anonymous_10)
FN:136,(anonymous_11)
FN:145,(anonymous_12)
FN:147,(anonymous_13)
FN:156,(anonymous_14)
FN:158,(anonymous_15)
FN:166,(anonymous_16)
FN:168,(anonymous_17)
FN:176,(anonymous_18)
FN:178,(anonymous_19)
FN:186,getDashboardStatusList
FN:190,(anonymous_21)
FN:196,(anonymous_22)
FN:205,(anonymous_23)
FN:210,getDashboardStatusListForBottomList
FN:224,(anonymous_25)
FN:227,(anonymous_26)
FN:235,(anonymous_27)
FN:243,getAllTicketCount
FN:244,(anonymous_29)
FN:246,(anonymous_30)
FN:282,getUniqueValues
FN:296,(anonymous_32)
FN:300,(anonymous_33)
FNF:34
FNH:30
FNDA:3,(anonymous_0)
FNDA:6,(anonymous_1)
FNDA:14,(anonymous_2)
FNDA:56,(anonymous_3)
FNDA:6,(anonymous_4)
FNDA:24,(anonymous_5)
FNDA:3,(anonymous_6)
FNDA:6,(anonymous_7)
FNDA:5,(anonymous_8)
FNDA:8,(anonymous_9)
FNDA:5,(anonymous_10)
FNDA:20,(anonymous_11)
FNDA:12,(anonymous_12)
FNDA:48,(anonymous_13)
FNDA:3,(anonymous_14)
FNDA:6,(anonymous_15)
FNDA:3,(anonymous_16)
FNDA:6,(anonymous_17)
FNDA:5,(anonymous_18)
FNDA:8,(anonymous_19)
FNDA:1,getDashboardStatusList
FNDA:2,(anonymous_21)
FNDA:0,(anonymous_22)
FNDA:0,(anonymous_23)
FNDA:1,getDashboardStatusListForBottomList
FNDA:0,(anonymous_25)
FNDA:2,(anonymous_26)
FNDA:0,(anonymous_27)
FNDA:3,getAllTicketCount
FNDA:3,(anonymous_29)
FNDA:2,(anonymous_30)
FNDA:1,getUniqueValues
FNDA:11,(anonymous_32)
FNDA:18,(anonymous_33)
DA:5,19
DA:17,19
DA:24,19
DA:32,19
DA:42,19
DA:50,19
DA:55,19
DA:56,3
DA:57,3
DA:58,6
DA:59,2
DA:62,3
DA:65,19
DA:80,14
DA:81,14
DA:82,56
DA:83,13
DA:86,14
DA:89,19
DA:102,6
DA:103,6
DA:104,24
DA:105,6
DA:106,6
DA:109,6
DA:112,19
DA:113,3
DA:114,3
DA:115,6
DA:116,2
DA:120,3
DA:123,19
DA:124,5
DA:125,5
DA:126,8
DA:127,4
DA:131,5
DA:134,19
DA:135,5
DA:136,5
DA:137,20
DA:138,4
DA:142,5
DA:145,19
DA:146,12
DA:147,12
DA:148,48
DA:149,10
DA:153,12
DA:156,19
DA:157,3
DA:158,3
DA:159,6
DA:160,2
DA:163,3
DA:166,19
DA:167,3
DA:168,3
DA:169,6
DA:170,2
DA:173,3
DA:176,19
DA:177,5
DA:178,5
DA:179,8
DA:180,4
DA:183,5
DA:187,1
DA:189,1
DA:190,1
DA:191,2
DA:192,2
DA:196,0
DA:201,1
DA:205,0
DA:207,1
DA:211,1
DA:212,0
DA:214,1
DA:216,1
DA:218,1
DA:224,0
DA:227,1
DA:228,2
DA:229,2
DA:235,0
DA:240,1
DA:244,3
DA:245,3
DA:246,3
DA:247,2
DA:248,2
DA:251,3
DA:253,3
DA:283,1
DA:284,1
DA:286,1
DA:287,3
DA:288,2
DA:289,2
DA:293,1
DA:296,19
DA:297,11
DA:298,11
DA:300,18
LF:105
LH:100
BRDA:58,0,0,2
BRDA:58,0,1,4
BRDA:82,1,0,13
BRDA:82,1,1,43
BRDA:104,2,0,6
BRDA:104,2,1,18
BRDA:115,3,0,2
BRDA:115,3,1,4
BRDA:126,4,0,4
BRDA:126,4,1,4
BRDA:137,5,0,4
BRDA:137,5,1,16
BRDA:148,6,0,10
BRDA:148,6,1,38
BRDA:159,7,0,2
BRDA:159,7,1,4
BRDA:169,8,0,2
BRDA:169,8,1,4
BRDA:179,9,0,4
BRDA:179,9,1,4
BRDA:191,10,0,2
BRDA:191,10,1,0
BRDA:211,11,0,0
BRDA:211,11,1,1
BRDA:228,12,0,2
BRDA:228,12,1,0
BRDA:247,13,0,2
BRDA:247,13,1,0
BRDA:287,14,0,2
BRDA:287,14,1,1
BRDA:298,15,0,9
BRDA:298,15,1,2
BRDA:303,16,0,1
BRDA:303,16,1,1
BRF:34
BRH:30
end_of_record
TN:
SF:app/Utils/TimeUtils.js
FN:6,convertToDateTime
FN:11,convertDateTimeAgo
FN:18,(anonymous_2)
FN:41,getExpireDate
FNF:4
FNH:4
FNDA:2,convertToDateTime
FNDA:6,convertDateTimeAgo
FNDA:9,(anonymous_2)
FNDA:1,getExpireDate
DA:8,2
DA:12,6
DA:13,2
DA:15,4
DA:18,5
DA:19,9
DA:20,9
DA:21,9
DA:23,9
DA:24,9
DA:26,9
DA:27,1
DA:28,8
DA:29,2
DA:30,2
DA:31,6
DA:32,2
DA:33,2
DA:34,4
DA:35,2
DA:37,2
DA:42,1
DA:43,1
DA:44,1
DA:45,1
DA:50,1
LF:26
LH:26
BRDA:12,0,0,2
BRDA:12,0,1,4
BRDA:26,1,0,1
BRDA:26,1,1,8
BRDA:28,2,0,2
BRDA:28,2,1,6
BRDA:30,3,0,0
BRDA:30,3,1,2
BRDA:31,4,0,2
BRDA:31,4,1,4
BRDA:33,5,0,0
BRDA:33,5,1,2
BRDA:34,6,0,2
BRDA:34,6,1,2
BRF:14
BRH:12
end_of_record
TN:
SF:app/Utils/Utility.js
FN:6,(anonymous_0)
FN:13,(anonymous_1)
FN:21,(anonymous_2)
FN:25,usePrevious
FN:27,(anonymous_4)
FN:33,(anonymous_5)
FN:42,(anonymous_6)
FN:51,(anonymous_7)
FNF:8
FNH:8
FNDA:10,(anonymous_0)
FNDA:5,(anonymous_1)
FNDA:7,(anonymous_2)
FNDA:2,usePrevious
FNDA:2,(anonymous_4)
FNDA:2,(anonymous_5)
FNDA:1,(anonymous_6)
FNDA:1,(anonymous_7)
DA:6,10
DA:7,10
DA:8,6
DA:10,4
DA:13,10
DA:17,5
DA:18,5
DA:21,10
DA:22,7
DA:26,2
DA:27,2
DA:28,2
DA:30,2
DA:33,10
DA:34,2
DA:42,10
DA:43,1
DA:51,10
DA:56,1
LF:19
LH:19
BRDA:7,0,0,6
BRDA:7,0,1,4
BRDA:8,1,0,6
BRDA:8,1,1,5
BRDA:22,2,0,7
BRDA:22,2,1,7
BRDA:35,3,0,2
BRDA:35,3,1,1
BRF:8
BRH:8
end_of_record
TN:
SF:app/api/ApiHandler.js
FN:11,(anonymous_0)
FN:13,(anonymous_1)
FN:16,(anonymous_2)
FN:21,(anonymous_3)
FN:25,(anonymous_4)
FN:36,(anonymous_5)
FN:40,(anonymous_6)
FN:51,(anonymous_7)
FN:51,(anonymous_8)
FN:61,(anonymous_9)
FN:61,(anonymous_10)
FN:63,(anonymous_11)
FN:68,(anonymous_12)
FN:73,(anonymous_13)
FN:77,(anonymous_14)
FN:84,(anonymous_15)
FN:89,(anonymous_16)
FNF:17
FNH:12
FNDA:6,(anonymous_0)
FNDA:3,(anonymous_1)
FNDA:3,(anonymous_2)
FNDA:2,(anonymous_3)
FNDA:0,(anonymous_4)
FNDA:2,(anonymous_5)
FNDA:0,(anonymous_6)
FNDA:2,(anonymous_7)
FNDA:0,(anonymous_8)
FNDA:2,(anonymous_9)
FNDA:0,(anonymous_10)
FNDA:1,(anonymous_11)
FNDA:1,(anonymous_12)
FNDA:2,(anonymous_13)
FNDA:0,(anonymous_14)
FNDA:1,(anonymous_15)
FNDA:1,(anonymous_16)
DA:12,6
DA:14,3
DA:17,3
DA:27,2
DA:42,2
DA:52,2
DA:62,2
DA:64,1
DA:65,1
DA:69,1
DA:79,2
DA:85,1
DA:86,1
DA:90,1
DA:95,1
LF:15
LH:15
BRDA:23,0,0,0
BRDA:25,1,0,0
BRDA:38,2,0,0
BRDA:40,3,0,0
BRDA:51,4,0,0
BRDA:51,5,0,0
BRDA:61,6,0,0
BRDA:64,7,0,1
BRDA:64,7,1,0
BRDA:64,8,0,1
BRDA:64,8,1,1
BRDA:77,9,0,0
BRDA:85,10,0,1
BRDA:85,10,1,0
BRDA:85,11,0,1
BRDA:85,11,1,1
BRF:16
BRH:6
end_of_record
TN:
SF:app/api/Constant.js
FN:91,(anonymous_0)
FN:98,getClfTicketListUrl
FNF:2
FNH:0
FNDA:0,(anonymous_0)
FNDA:0,getClfTicketListUrl
DA:1,18
DA:2,18
DA:4,18
DA:5,18
DA:6,18
DA:7,18
DA:8,18
DA:9,18
DA:10,18
DA:11,18
DA:12,18
DA:13,18
DA:14,18
DA:15,18
DA:16,18
DA:18,18
DA:19,18
DA:20,18
DA:22,18
DA:29,18
DA:35,18
DA:39,18
DA:41,18
DA:43,18
DA:45,18
DA:46,18
DA:47,18
DA:49,18
DA:50,18
DA:51,18
DA:53,18
DA:54,18
DA:55,18
DA:57,18
DA:58,18
DA:59,18
DA:61,18
DA:66,18
DA:70,18
DA:72,18
DA:74,18
DA:75,18
DA:76,18
DA:78,18
DA:79,18
DA:80,18
DA:84,18
DA:87,18
DA:90,18
DA:91,18
DA:92,0
DA:97,18
DA:99,0
DA:102,18
DA:105,18
DA:109,18
DA:110,18
DA:113,18
DA:114,18
DA:115,18
DA:116,18
DA:118,18
DA:120,18
DA:121,18
DA:123,18
DA:124,18
DA:129,18
DA:134,18
DA:137,18
DA:138,18
DA:141,18
DA:142,18
DA:145,18
DA:147,18
DA:149,18
DA:150,18
DA:151,18
DA:153,18
DA:154,18
DA:156,18
DA:157,18
DA:158,18
DA:159,18
DA:160,18
DA:161,18
DA:163,18
DA:164,18
DA:165,18
DA:166,18
DA:167,18
DA:168,18
DA:169,18
DA:170,18
DA:171,18
DA:172,18
DA:174,18
DA:176,18
DA:178,18
LF:98
LH:96
BRDA:36,0,0,0
BRDA:36,0,1,18
BRF:2
BRH:1
end_of_record
TN:
SF:app/api/WebServiceHandler.js
FN:7,(anonymous_0)
FN:11,(anonymous_1)
FN:16,(anonymous_2)
FN:19,(anonymous_3)
FN:26,(anonymous_4)
FN:31,(anonymous_5)
FN:39,(anonymous_6)
FN:40,(anonymous_7)
FN:48,(anonymous_8)
FN:55,(anonymous_9)
FN:67,(anonymous_10)
FN:74,(anonymous_11)
FN:106,(anonymous_12)
FN:150,(anonymous_13)
FN:156,(anonymous_14)
FN:162,(anonymous_15)
FN:163,(anonymous_16)
FN:176,(anonymous_17)
FN:181,(anonymous_18)
FN:191,(anonymous_19)
FN:197,(anonymous_20)
FN:198,(anonymous_21)
FN:211,(anonymous_22)
FN:218,(anonymous_23)
FN:224,(anonymous_24)
FN:230,(anonymous_25)
FN:231,(anonymous_26)
FN:244,(anonymous_27)
FNF:28
FNH:0
FNDA:0,(anonymous_0)
FNDA:0,(anonymous_1)
FNDA:0,(anonymous_2)
FNDA:0,(anonymous_3)
FNDA:0,(anonymous_4)
FNDA:0,(anonymous_5)
FNDA:0,(anonymous_6)
FNDA:0,(anonymous_7)
FNDA:0,(anonymous_8)
FNDA:0,(anonymous_9)
FNDA:0,(anonymous_10)
FNDA:0,(anonymous_11)
FNDA:0,(anonymous_12)
FNDA:0,(anonymous_13)
FNDA:0,(anonymous_14)
FNDA:0,(anonymous_15)
FNDA:0,(anonymous_16)
FNDA:0,(anonymous_17)
FNDA:0,(anonymous_18)
FNDA:0,(anonymous_19)
FNDA:0,(anonymous_20)
FNDA:0,(anonymous_21)
FNDA:0,(anonymous_22)
FNDA:0,(anonymous_23)
FNDA:0,(anonymous_24)
FNDA:0,(anonymous_25)
FNDA:0,(anonymous_26)
FNDA:0,(anonymous_27)
DA:4,4
DA:8,0
DA:9,0
DA:10,0
DA:11,0
DA:12,0
DA:14,0
DA:17,0
DA:18,0
DA:19,0
DA:20,0
DA:22,0
DA:27,0
DA:28,0
DA:30,0
DA:31,0
DA:32,0
DA:33,0
DA:35,0
DA:36,0
DA:40,0
DA:42,0
DA:43,0
DA:49,0
DA:50,0
DA:51,0
DA:53,0
DA:56,0
DA:60,0
DA:61,0
DA:63,0
DA:64,0
DA:68,0
DA:75,0
DA:76,0
DA:77,0
DA:78,0
DA:79,0
DA:107,0
DA:111,0
DA:112,0
DA:113,0
DA:115,0
DA:151,0
DA:152,0
DA:153,0
DA:154,0
DA:156,0
DA:157,0
DA:162,0
DA:164,0
DA:168,0
DA:169,0
DA:171,0
DA:173,0
DA:182,0
DA:183,0
DA:184,0
DA:187,0
DA:188,0
DA:189,0
DA:191,0
DA:192,0
DA:197,0
DA:199,0
DA:203,0
DA:204,0
DA:206,0
DA:208,0
DA:214,0
DA:219,0
DA:220,0
DA:221,0
DA:222,0
DA:224,0
DA:225,0
DA:230,0
DA:232,0
DA:236,0
DA:237,0
DA:239,0
DA:241,0
LF:82
LH:1
BRDA:27,0,0,0
BRDA:27,0,1,0
BRDA:42,1,0,0
BRDA:42,1,1,0
BRDA:45,2,0,0
BRDA:45,2,1,0
BRDA:49,3,0,0
BRDA:49,3,1,0
BRDA:60,4,0,0
BRDA:60,4,1,0
BRDA:60,5,0,0
BRDA:60,5,1,0
BRDA:75,6,0,0
BRDA:75,6,1,0
BRDA:107,7,0,0
BRDA:107,7,1,0
BRDA:151,8,0,0
BRDA:151,8,1,0
BRDA:168,9,0,0
BRDA:168,9,1,0
BRDA:168,10,0,0
BRDA:168,10,1,0
BRDA:182,11,0,0
BRDA:182,11,1,0
BRDA:184,12,0,0
BRDA:184,12,1,0
BRDA:203,13,0,0
BRDA:203,13,1,0
BRDA:203,14,0,0
BRDA:203,14,1,0
BRDA:219,15,0,0
BRDA:219,15,1,0
BRDA:236,16,0,0
BRDA:236,16,1,0
BRDA:236,17,0,0
BRDA:236,17,1,0
BRF:36
BRH:0
end_of_record
TN:
SF:app/components/FilterHeader.js
FN:18,(anonymous_0)
FN:26,(anonymous_1)
FN:31,(anonymous_2)
FN:39,(anonymous_3)
FN:60,(anonymous_4)
FN:121,(anonymous_5)
FN:127,(anonymous_6)
FN:128,(anonymous_7)
FNF:8
FNH:0
FNDA:0,(anonymous_0)
FNDA:0,(anonymous_1)
FNDA:0,(anonymous_2)
FNDA:0,(anonymous_3)
FNDA:0,(anonymous_4)
FNDA:0,(anonymous_5)
FNDA:0,(anonymous_6)
FNDA:0,(anonymous_7)
DA:18,0
DA:19,0
DA:22,0
DA:26,0
DA:27,0
DA:28,0
DA:31,0
DA:32,0
DA:36,0
DA:39,0
DA:40,0
DA:41,0
DA:42,0
DA:43,0
DA:44,0
DA:45,0
DA:50,0
DA:51,0
DA:52,0
DA:53,0
DA:54,0
DA:55,0
DA:56,0
DA:57,0
DA:60,0
DA:61,0
DA:62,0
DA:63,0
DA:64,0
DA:65,0
DA:66,0
DA:71,0
DA:72,0
DA:73,0
DA:74,0
DA:77,0
DA:80,0
DA:81,0
DA:82,0
DA:85,0
DA:121,0
DA:122,0
DA:127,0
DA:129,0
DA:135,0
LF:45
LH:0
BRDA:139,0,0,0
BRDA:139,0,1,0
BRF:2
BRH:0
end_of_record
TN:
SF:app/components/Notification.js
FN:31,(anonymous_0)
FN:36,(anonymous_1)
FN:37,(anonymous_2)
FN:40,(anonymous_3)
FN:45,(anonymous_4)
FN:49,(anonymous_5)
FN:56,(anonymous_6)
FN:62,(anonymous_7)
FN:63,(anonymous_8)
FN:71,(anonymous_9)
FN:80,(anonymous_10)
FN:89,(anonymous_11)
FN:90,(anonymous_12)
FN:96,(anonymous_13)
FN:103,(anonymous_14)
FN:111,(anonymous_15)
FN:121,(anonymous_16)
FN:131,(anonymous_17)
FN:146,(anonymous_18)
FN:157,(anonymous_19)
FN:161,(anonymous_20)
FN:164,(anonymous_21)
FN:166,(anonymous_22)
FN:192,(anonymous_23)
FN:200,(anonymous_24)
FN:208,(anonymous_25)
FN:221,(anonymous_26)
FN:223,(anonymous_27)
FN:239,(anonymous_28)
FN:245,(anonymous_29)
FN:246,(anonymous_30)
FNF:31
FNH:0
FNDA:0,(anonymous_0)
FNDA:0,(anonymous_1)
FNDA:0,(anonymous_2)
FNDA:0,(anonymous_3)
FNDA:0,(anonymous_4)
FNDA:0,(anonymous_5)
FNDA:0,(anonymous_6)
FNDA:0,(anonymous_7)
FNDA:0,(anonymous_8)
FNDA:0,(anonymous_9)
FNDA:0,(anonymous_10)
FNDA:0,(anonymous_11)
FNDA:0,(anonymous_12)
FNDA:0,(anonymous_13)
FNDA:0,(anonymous_14)
FNDA:0,(anonymous_15)
FNDA:0,(anonymous_16)
FNDA:0,(anonymous_17)
FNDA:0,(anonymous_18)
FNDA:0,(anonymous_19)
FNDA:0,(anonymous_20)
FNDA:0,(anonymous_21)
FNDA:0,(anonymous_22)
FNDA:0,(anonymous_23)
FNDA:0,(anonymous_24)
FNDA:0,(anonymous_25)
FNDA:0,(anonymous_26)
FNDA:0,(anonymous_27)
FNDA:0,(anonymous_28)
FNDA:0,(anonymous_29)
FNDA:0,(anonymous_30)
DA:31,0
DA:32,0
DA:35,0
DA:36,0
DA:37,0
DA:38,0
DA:40,0
DA:41,0
DA:42,0
DA:45,0
DA:46,0
DA:49,0
DA:50,0
DA:57,0
DA:58,0
DA:59,0
DA:64,0
DA:72,0
DA:80,0
DA:81,0
DA:82,0
DA:83,0
DA:86,0
DA:91,0
DA:96,0
DA:97,0
DA:103,0
DA:104,0
DA:110,0
DA:111,0
DA:121,0
DA:122,0
DA:123,0
DA:131,0
DA:132,0
DA:134,0
DA:136,0
DA:138,0
DA:140,0
DA:142,0
DA:146,0
DA:149,0
DA:152,0
DA:153,0
DA:154,0
DA:155,0
DA:157,0
DA:162,0
DA:164,0
DA:167,0
DA:168,0
DA:192,0
DA:194,0
DA:195,0
DA:197,0
DA:200,0
DA:201,0
DA:208,0
DA:209,0
DA:210,0
DA:218,0
DA:221,0
DA:224,0
DA:231,0
DA:239,0
DA:240,0
DA:245,0
DA:247,0
DA:253,0
LF:69
LH:0
BRDA:82,0,0,0
BRDA:82,0,1,0
BRDA:132,1,0,0
BRDA:132,1,1,0
BRDA:132,1,2,0
BRDA:132,1,3,0
BRDA:132,1,4,0
BRDA:149,2,0,0
BRDA:149,2,1,0
BRDA:194,3,0,0
BRDA:194,3,1,0
BRDA:194,4,0,0
BRDA:194,4,1,0
BRDA:209,5,0,0
BRDA:209,5,1,0
BRDA:233,6,0,0
BRDA:233,6,1,0
BRDA:234,7,0,0
BRDA:234,7,1,0
BRF:19
BRH:0
end_of_record
TN:
SF:app/components/SegmentSelector.js
FN:17,(anonymous_0)
FN:20,(anonymous_1)
FN:23,(anonymous_2)
FN:25,(anonymous_3)
FN:27,(anonymous_4)
FN:39,(anonymous_5)
FN:48,(anonymous_6)
FNF:7
FNH:6
FNDA:4,(anonymous_0)
FNDA:4,(anonymous_1)
FNDA:4,(anonymous_2)
FNDA:4,(anonymous_3)
FNDA:4,(anonymous_4)
FNDA:1,(anonymous_5)
FNDA:0,(anonymous_6)
DA:17,1
DA:18,4
DA:19,4
DA:20,4
DA:22,4
DA:23,4
DA:25,4
DA:27,4
DA:28,4
DA:30,4
DA:31,4
DA:39,4
DA:40,1
DA:45,1
DA:48,4
DA:49,0
DA:52,4
DA:69,1
LF:18
LH:17
BRDA:30,0,0,4
BRDA:30,0,1,0
BRDA:52,1,0,4
BRDA:52,1,1,0
BRDA:52,2,0,4
BRDA:52,2,1,4
BRDA:56,3,0,4
BRDA:56,3,1,0
BRDA:74,4,0,1
BRDA:74,4,1,0
BRF:10
BRH:6
end_of_record
TN:
SF:app/components/SegmentText.js
FN:7,(anonymous_0)
FNF:1
FNH:1
FNDA:4,(anonymous_0)
DA:7,1
DA:8,4
DA:23,1
LF:3
LH:3
BRF:0
BRH:0
end_of_record
TN:
SF:app/components/SelectSegmentScreen.js
FN:25,(anonymous_0)
FN:31,(anonymous_1)
FN:32,(anonymous_2)
FN:33,(anonymous_3)
FN:44,(anonymous_4)
FN:53,(anonymous_5)
FN:57,(anonymous_6)
FN:59,(anonymous_7)
FN:65,(anonymous_8)
FN:77,(anonymous_9)
FN:80,(anonymous_10)
FN:98,(anonymous_11)
FN:107,(anonymous_12)
FN:112,(anonymous_13)
FN:140,(anonymous_14)
FN:178,(anonymous_15)
FN:184,(anonymous_16)
FNF:17
FNH:0
FNDA:0,(anonymous_0)
FNDA:0,(anonymous_1)
FNDA:0,(anonymous_2)
FNDA:0,(anonymous_3)
FNDA:0,(anonymous_4)
FNDA:0,(anonymous_5)
FNDA:0,(anonymous_6)
FNDA:0,(anonymous_7)
FNDA:0,(anonymous_8)
FNDA:0,(anonymous_9)
FNDA:0,(anonymous_10)
FNDA:0,(anonymous_11)
FNDA:0,(anonymous_12)
FNDA:0,(anonymous_13)
FNDA:0,(anonymous_14)
FNDA:0,(anonymous_15)
FNDA:0,(anonymous_16)
DA:25,0
DA:26,0
DA:27,0
DA:28,0
DA:29,0
DA:30,0
DA:31,0
DA:32,0
DA:33,0
DA:34,0
DA:35,0
DA:42,0
DA:43,0
DA:44,0
DA:46,0
DA:47,0
DA:48,0
DA:49,0
DA:53,0
DA:54,0
DA:57,0
DA:59,0
DA:65,0
DA:67,0
DA:77,0
DA:78,0
DA:80,0
DA:98,0
DA:99,0
DA:101,0
DA:107,0
DA:108,0
DA:109,0
DA:112,0
DA:113,0
DA:141,0
DA:142,0
DA:178,0
DA:179,0
DA:184,0
DA:198,0
DA:214,0
LF:42
LH:0
BRDA:48,0,0,0
BRDA:48,0,1,0
BRDA:83,1,0,0
BRDA:83,1,1,0
BRDA:103,2,0,0
BRDA:103,2,1,0
BRDA:147,3,0,0
BRDA:147,3,1,0
BRDA:223,4,0,0
BRDA:223,4,1,0
BRF:10
BRH:0
end_of_record
TN:
SF:app/components/closedloop/ClosedLoop.js
FN:58,(anonymous_0)
FN:61,(anonymous_1)
FN:78,(anonymous_2)
FN:87,(anonymous_3)
FN:99,ClosedLoop
FN:103,(anonymous_5)
FN:108,(anonymous_6)
FN:113,(anonymous_7)
FN:135,convertDateToYMDFORMAT
FN:139,(anonymous_9)
FN:144,(anonymous_10)
FN:146,(anonymous_11)
FN:147,(anonymous_12)
FN:150,(anonymous_13)
FN:151,(anonymous_14)
FN:153,(anonymous_15)
FN:154,(anonymous_16)
FN:167,(anonymous_17)
FN:177,(anonymous_18)
FN:184,(anonymous_19)
FN:185,(anonymous_20)
FN:189,(anonymous_21)
FN:190,(anonymous_22)
FN:209,(anonymous_23)
FN:212,(anonymous_24)
FN:220,(anonymous_25)
FN:227,setStatusToFilter
FN:229,(anonymous_27)
FN:236,(anonymous_28)
FN:239,(anonymous_29)
FN:247,(anonymous_30)
FN:251,(anonymous_31)
FN:257,(anonymous_32)
FN:263,(anonymous_33)
FN:267,(anonymous_34)
FN:271,(anonymous_35)
FN:288,(anonymous_36)
FN:291,(anonymous_37)
FN:292,(anonymous_38)
FN:296,(anonymous_39)
FN:303,(anonymous_40)
FN:318,(anonymous_41)
FN:322,(anonymous_42)
FN:324,(anonymous_43)
FN:326,(anonymous_44)
FN:328,(anonymous_45)
FN:334,(anonymous_46)
FN:354,(anonymous_47)
FN:357,(anonymous_48)
FN:363,(anonymous_49)
FN:371,(anonymous_50)
FN:390,(anonymous_51)
FN:391,(anonymous_52)
FN:398,(anonymous_53)
FN:407,(anonymous_54)
FN:410,(anonymous_55)
FN:417,(anonymous_56)
FN:421,(anonymous_57)
FN:423,(anonymous_58)
FN:436,(anonymous_59)
FN:444,(anonymous_60)
FN:451,(anonymous_61)
FN:455,(anonymous_62)
FN:460,(anonymous_63)
FN:466,(anonymous_64)
FN:468,(anonymous_65)
FN:469,(anonymous_66)
FN:472,(anonymous_67)
FN:474,(anonymous_68)
FN:475,(anonymous_69)
FN:478,(anonymous_70)
FN:487,(anonymous_71)
FN:490,(anonymous_72)
FN:494,(anonymous_73)
FN:499,(anonymous_74)
FN:513,(anonymous_75)
FN:517,(anonymous_76)
FN:529,(anonymous_77)
FN:530,(anonymous_78)
FN:534,(anonymous_79)
FN:535,(anonymous_80)
FN:540,(anonymous_81)
FN:546,(anonymous_82)
FN:552,(anonymous_83)
FN:562,(anonymous_84)
FN:564,(anonymous_85)
FN:568,(anonymous_86)
FN:569,(anonymous_87)
FN:572,(anonymous_88)
FN:586,(anonymous_89)
FNF:90
FNH:0
FNDA:0,(anonymous_0)
FNDA:0,(anonymous_1)
FNDA:0,(anonymous_2)
FNDA:0,(anonymous_3)
FNDA:0,ClosedLoop
FNDA:0,(anonymous_5)
FNDA:0,(anonymous_6)
FNDA:0,(anonymous_7)
FNDA:0,convertDateToYMDFORMAT
FNDA:0,(anonymous_9)
FNDA:0,(anonymous_10)
FNDA:0,(anonymous_11)
FNDA:0,(anonymous_12)
FNDA:0,(anonymous_13)
FNDA:0,(anonymous_14)
FNDA:0,(anonymous_15)
FNDA:0,(anonymous_16)
FNDA:0,(anonymous_17)
FNDA:0,(anonymous_18)
FNDA:0,(anonymous_19)
FNDA:0,(anonymous_20)
FNDA:0,(anonymous_21)
FNDA:0,(anonymous_22)
FNDA:0,(anonymous_23)
FNDA:0,(anonymous_24)
FNDA:0,(anonymous_25)
FNDA:0,setStatusToFilter
FNDA:0,(anonymous_27)
FNDA:0,(anonymous_28)
FNDA:0,(anonymous_29)
FNDA:0,(anonymous_30)
FNDA:0,(anonymous_31)
FNDA:0,(anonymous_32)
FNDA:0,(anonymous_33)
FNDA:0,(anonymous_34)
FNDA:0,(anonymous_35)
FNDA:0,(anonymous_36)
FNDA:0,(anonymous_37)
FNDA:0,(anonymous_38)
FNDA:0,(anonymous_39)
FNDA:0,(anonymous_40)
FNDA:0,(anonymous_41)
FNDA:0,(anonymous_42)
FNDA:0,(anonymous_43)
FNDA:0,(anonymous_44)
FNDA:0,(anonymous_45)
FNDA:0,(anonymous_46)
FNDA:0,(anonymous_47)
FNDA:0,(anonymous_48)
FNDA:0,(anonymous_49)
FNDA:0,(anonymous_50)
FNDA:0,(anonymous_51)
FNDA:0,(anonymous_52)
FNDA:0,(anonymous_53)
FNDA:0,(anonymous_54)
FNDA:0,(anonymous_55)
FNDA:0,(anonymous_56)
FNDA:0,(anonymous_57)
FNDA:0,(anonymous_58)
FNDA:0,(anonymous_59)
FNDA:0,(anonymous_60)
FNDA:0,(anonymous_61)
FNDA:0,(anonymous_62)
FNDA:0,(anonymous_63)
FNDA:0,(anonymous_64)
FNDA:0,(anonymous_65)
FNDA:0,(anonymous_66)
FNDA:0,(anonymous_67)
FNDA:0,(anonymous_68)
FNDA:0,(anonymous_69)
FNDA:0,(anonymous_70)
FNDA:0,(anonymous_71)
FNDA:0,(anonymous_72)
FNDA:0,(anonymous_73)
FNDA:0,(anonymous_74)
FNDA:0,(anonymous_75)
FNDA:0,(anonymous_76)
FNDA:0,(anonymous_77)
FNDA:0,(anonymous_78)
FNDA:0,(anonymous_79)
FNDA:0,(anonymous_80)
FNDA:0,(anonymous_81)
FNDA:0,(anonymous_82)
FNDA:0,(anonymous_83)
FNDA:0,(anonymous_84)
FNDA:0,(anonymous_85)
FNDA:0,(anonymous_86)
FNDA:0,(anonymous_87)
FNDA:0,(anonymous_88)
FNDA:0,(anonymous_89)
DA:58,0
DA:59,0
DA:61,0
DA:66,0
DA:79,0
DA:87,0
DA:88,0
DA:100,0
DA:101,0
DA:102,0
DA:103,0
DA:104,0
DA:106,0
DA:107,0
DA:108,0
DA:111,0
DA:112,0
DA:113,0
DA:115,0
DA:116,0
DA:118,0
DA:136,0
DA:139,0
DA:140,0
DA:141,0
DA:143,0
DA:144,0
DA:146,0
DA:147,0
DA:150,0
DA:151,0
DA:152,0
DA:153,0
DA:154,0
DA:156,0
DA:157,0
DA:167,0
DA:168,0
DA:172,0
DA:173,0
DA:177,0
DA:178,0
DA:181,0
DA:184,0
DA:185,0
DA:189,0
DA:190,0
DA:193,0
DA:194,0
DA:195,0
DA:206,0
DA:209,0
DA:211,0
DA:212,0
DA:220,0
DA:221,0
DA:224,0
DA:228,0
DA:229,0
DA:231,0
DA:233,0
DA:236,0
DA:237,0
DA:239,0
DA:241,0
DA:247,0
DA:251,0
DA:257,0
DA:258,0
DA:259,0
DA:263,0
DA:264,0
DA:267,0
DA:268,0
DA:271,0
DA:273,0
DA:274,0
DA:277,0
DA:283,0
DA:284,0
DA:288,0
DA:289,0
DA:291,0
DA:292,0
DA:293,0
DA:296,0
DA:299,0
DA:300,0
DA:301,0
DA:302,0
DA:303,0
DA:318,0
DA:319,0
DA:322,0
DA:323,0
DA:324,0
DA:326,0
DA:328,0
DA:334,0
DA:338,0
DA:354,0
DA:355,0
DA:356,0
DA:357,0
DA:363,0
DA:364,0
DA:371,0
DA:372,0
DA:390,0
DA:392,0
DA:398,0
DA:407,0
DA:408,0
DA:409,0
DA:410,0
DA:413,0
DA:417,0
DA:419,0
DA:420,0
DA:421,0
DA:423,0
DA:428,0
DA:431,0
DA:436,0
DA:438,0
DA:439,0
DA:440,0
DA:441,0
DA:443,0
DA:444,0
DA:446,0
DA:448,0
DA:451,0
DA:452,0
DA:455,0
DA:456,0
DA:460,0
DA:466,0
DA:467,0
DA:468,0
DA:469,0
DA:472,0
DA:473,0
DA:474,0
DA:475,0
DA:478,0
DA:479,0
DA:481,0
DA:482,0
DA:484,0
DA:487,0
DA:488,0
DA:490,0
DA:491,0
DA:494,0
DA:495,0
DA:499,0
DA:510,0
DA:513,0
DA:514,0
DA:517,0
DA:523,0
DA:524,0
DA:526,0
DA:527,0
DA:529,0
DA:530,0
DA:534,0
DA:535,0
DA:538,0
DA:540,0
DA:546,0
DA:552,0
DA:558,0
DA:562,0
DA:563,0
DA:564,0
DA:568,0
DA:569,0
DA:572,0
DA:573,0
DA:574,0
DA:575,0
DA:577,0
DA:578,0
DA:583,0
DA:586,0
DA:587,0
DA:647,0
DA:654,0
LF:190
LH:0
BRDA:156,0,0,0
BRDA:156,0,1,0
BRDA:168,1,0,0
BRDA:168,1,1,0
BRDA:169,2,0,0
BRDA:169,2,1,0
BRDA:178,3,0,0
BRDA:178,3,1,0
BRDA:258,4,0,0
BRDA:258,4,1,0
BRDA:273,5,0,0
BRDA:273,5,1,0
BRDA:273,6,0,0
BRDA:273,6,1,0
BRDA:323,7,0,0
BRDA:323,7,1,0
BRDA:323,8,0,0
BRDA:323,8,1,0
BRDA:355,9,0,0
BRDA:355,9,1,0
BRDA:381,10,0,0
BRDA:381,10,1,0
BRDA:384,11,0,0
BRDA:384,11,1,0
BRDA:384,12,0,0
BRDA:384,12,1,0
BRDA:408,13,0,0
BRDA:408,13,1,0
BRDA:419,14,0,0
BRDA:419,14,1,0
BRDA:420,15,0,0
BRDA:420,15,1,0
BRDA:438,16,0,0
BRDA:438,16,1,0
BRDA:443,17,0,0
BRDA:443,17,1,0
BRDA:479,18,0,0
BRDA:479,18,1,0
BRDA:502,19,0,0
BRDA:502,19,1,0
BRDA:503,20,0,0
BRDA:503,20,1,0
BRDA:505,21,0,0
BRDA:505,21,1,0
BRDA:538,22,0,0
BRDA:538,22,1,0
BRDA:538,22,2,0
BRDA:538,22,3,0
BRDA:575,23,0,0
BRDA:575,23,1,0
BRDA:575,24,0,0
BRDA:575,24,1,0
BRDA:577,25,0,0
BRDA:577,25,1,0
BRDA:623,26,0,0
BRDA:623,26,1,0
BRDA:647,27,0,0
BRDA:647,27,1,0
BRDA:647,28,0,0
BRDA:647,28,1,0
BRDA:678,29,0,0
BRDA:678,29,1,0
BRF:62
BRH:0
end_of_record
TN:
SF:app/components/closedloop/ClosedloopCell.js
FN:35,(anonymous_0)
FN:57,(anonymous_1)
FN:70,(anonymous_2)
FN:81,(anonymous_3)
FN:95,(anonymous_4)
FN:99,(anonymous_5)
FN:104,(anonymous_6)
FN:114,(anonymous_7)
FN:124,(anonymous_8)
FN:139,(anonymous_9)
FN:149,(anonymous_10)
FN:170,ClosedLoopCell
FN:188,(anonymous_12)
FN:191,(anonymous_13)
FN:203,(anonymous_14)
FNF:15
FNH:12
FNDA:0,(anonymous_0)
FNDA:0,(anonymous_1)
FNDA:5,(anonymous_2)
FNDA:5,(anonymous_3)
FNDA:5,(anonymous_4)
FNDA:6,(anonymous_5)
FNDA:5,(anonymous_6)
FNDA:5,(anonymous_7)
FNDA:5,(anonymous_8)
FNDA:5,(anonymous_9)
FNDA:5,(anonymous_10)
FNDA:5,ClosedLoopCell
FNDA:1,(anonymous_12)
FNDA:1,(anonymous_13)
FNDA:0,(anonymous_14)
DA:35,1
DA:36,0
DA:57,1
DA:58,0
DA:70,1
DA:71,5
DA:72,5
DA:81,1
DA:83,5
DA:95,1
DA:96,5
DA:99,1
DA:100,6
DA:101,6
DA:104,1
DA:105,5
DA:106,5
DA:114,1
DA:115,5
DA:124,1
DA:125,5
DA:126,5
DA:139,1
DA:140,5
DA:149,1
DA:150,5
DA:152,5
DA:158,5
DA:179,5
DA:185,5
DA:189,1
DA:192,1
DA:204,0
DA:237,1
LF:34
LH:31
BRDA:76,0,0,5
BRDA:76,0,1,0
BRDA:115,1,0,0
BRDA:115,1,1,5
BRDA:155,2,0,5
BRDA:155,2,1,0
BRDA:179,3,0,5
BRDA:179,3,1,0
BRDA:179,4,0,5
BRDA:179,4,1,0
BRDA:194,5,0,1
BRDA:194,5,1,4
BRDA:196,6,0,5
BRDA:196,6,1,4
BRDA:209,7,0,1
BRDA:209,7,1,4
BRF:16
BRH:11
end_of_record
TN:
SF:app/components/closedloop/DeleteTicketModal.js
FN:6,DeleteTicketModal
FN:12,(anonymous_1)
FNF:2
FNH:2
FNDA:3,DeleteTicketModal
FNDA:1,(anonymous_1)
DA:7,3
DA:13,1
DA:24,1
LF:3
LH:3
BRDA:32,0,0,1
BRDA:32,0,1,0
BRF:2
BRH:1
end_of_record
TN:
SF:app/components/closedloop/NoDataFound.js
FN:17,(anonymous_0)
FNF:1
FNH:1
FNDA:3,(anonymous_0)
DA:9,5
DA:17,5
DA:18,3
LF:3
LH:3
BRF:0
BRH:0
end_of_record
TN:
SF:app/components/closedloop/RenderRootCauseItem.js
FN:11,(anonymous_0)
FN:18,(anonymous_1)
FN:21,(anonymous_2)
FN:26,(anonymous_3)
FNF:4
FNH:3
FNDA:16,(anonymous_0)
FNDA:0,(anonymous_1)
FNDA:30,(anonymous_2)
FNDA:2,(anonymous_3)
DA:11,3
DA:12,16
DA:18,0
DA:22,30
DA:26,2
DA:34,3
LF:6
LH:5
BRF:0
BRH:0
end_of_record
TN:
SF:app/components/closedloop/RenderSegmentItem.js
FN:13,(anonymous_0)
FN:20,(anonymous_1)
FN:23,(anonymous_2)
FN:41,(anonymous_3)
FN:44,(anonymous_4)
FN:49,(anonymous_5)
FN:50,(anonymous_6)
FNF:7
FNH:5
FNDA:17,(anonymous_0)
FNDA:17,(anonymous_1)
FNDA:36,(anonymous_2)
FNDA:0,(anonymous_3)
FNDA:36,(anonymous_4)
FNDA:2,(anonymous_5)
FNDA:0,(anonymous_6)
DA:13,3
DA:19,17
DA:20,17
DA:23,36
DA:29,17
DA:32,17
DA:41,0
DA:45,36
DA:50,2
DA:57,3
LF:10
LH:9
BRDA:17,0,0,10
BRDA:37,1,0,10
BRDA:37,1,1,7
BRDA:50,2,0,1
BRDA:50,2,1,1
BRF:5
BRH:5
end_of_record
TN:
SF:app/components/closedloop/ResponseTicketCell.js
FN:11,ResponseTicketCell
FN:14,(anonymous_1)
FN:18,(anonymous_2)
FN:22,(anonymous_3)
FN:38,(anonymous_4)
FN:48,(anonymous_5)
FN:62,(anonymous_6)
FNF:7
FNH:7
FNDA:3,ResponseTicketCell
FNDA:3,(anonymous_1)
FNDA:3,(anonymous_2)
FNDA:3,(anonymous_3)
FNDA:3,(anonymous_4)
FNDA:3,(anonymous_5)
FNDA:1,(anonymous_6)
DA:12,3
DA:14,3
DA:15,3
DA:18,3
DA:19,3
DA:22,3
DA:23,3
DA:24,3
DA:25,3
DA:38,3
DA:39,3
DA:48,3
DA:49,3
DA:59,3
DA:63,1
DA:78,1
LF:16
LH:16
BRDA:28,0,0,3
BRDA:28,0,1,0
BRDA:30,1,0,3
BRDA:30,1,1,0
BRF:4
BRH:2
end_of_record
TN:
SF:app/components/closedloop/TakeActionScreen.js
FN:11,TakeActionScreen
FN:12,(anonymous_1)
FNF:2
FNH:2
FNDA:3,TakeActionScreen
FNDA:3,(anonymous_1)
DA:12,3
DA:13,3
DA:21,3
DA:41,1
LF:4
LH:4
BRF:0
BRH:0
end_of_record
TN:
SF:app/components/closedloop/TicketActivity.js
FN:23,(anonymous_0)
FN:44,TicketActivity
FN:52,(anonymous_2)
FN:53,(anonymous_3)
FN:56,(anonymous_4)
FN:59,getTicketActivityList
FN:74,(anonymous_6)
FN:77,(anonymous_7)
FN:81,(anonymous_8)
FN:90,(anonymous_9)
FN:96,(anonymous_10)
FN:105,(anonymous_11)
FN:111,(anonymous_12)
FN:112,(anonymous_13)
FN:116,(anonymous_14)
FN:119,(anonymous_15)
FN:150,(anonymous_16)
FN:182,(anonymous_17)
FNF:18
FNH:9
FNDA:17,(anonymous_0)
FNDA:11,TicketActivity
FNDA:10,(anonymous_2)
FNDA:10,(anonymous_3)
FNDA:10,(anonymous_4)
FNDA:10,getTicketActivityList
FNDA:2,(anonymous_6)
FNDA:0,(anonymous_7)
FNDA:0,(anonymous_8)
FNDA:0,(anonymous_9)
FNDA:0,(anonymous_10)
FNDA:0,(anonymous_11)
FNDA:0,(anonymous_12)
FNDA:0,(anonymous_13)
FNDA:0,(anonymous_14)
FNDA:0,(anonymous_15)
FNDA:17,(anonymous_16)
FNDA:17,(anonymous_17)
DA:23,2
DA:24,17
DA:25,17
DA:45,11
DA:49,11
DA:50,10
DA:51,10
DA:52,10
DA:53,10
DA:55,10
DA:56,10
DA:61,10
DA:63,0
DA:65,10
DA:70,10
DA:71,10
DA:72,10
DA:74,10
DA:75,2
DA:77,10
DA:78,0
DA:81,10
DA:82,0
DA:90,10
DA:91,0
DA:97,0
DA:98,0
DA:105,10
DA:106,0
DA:111,10
DA:112,0
DA:113,0
DA:116,10
DA:117,0
DA:118,0
DA:119,0
DA:122,10
DA:130,10
DA:138,10
DA:150,10
DA:152,17
DA:154,10
DA:182,17
DA:198,2
LF:44
LH:32
BRDA:30,0,0,17
BRDA:30,0,1,1
BRDA:61,1,0,0
BRDA:61,1,1,10
BRF:4
BRH:3
end_of_record
TN:
SF:app/components/closedloop/TicketComments.js
FN:39,getFoldedText
FN:49,(anonymous_1)
FN:64,(anonymous_2)
FN:96,(anonymous_3)
FN:107,(anonymous_4)
FN:126,(anonymous_5)
FN:142,(anonymous_6)
FN:176,(anonymous_7)
FN:184,(anonymous_8)
FN:194,(anonymous_9)
FN:207,(anonymous_10)
FN:216,(anonymous_11)
FN:217,(anonymous_12)
FN:239,(anonymous_13)
FN:253,(anonymous_14)
FN:257,(anonymous_15)
FN:262,(anonymous_16)
FN:264,(anonymous_17)
FN:267,(anonymous_18)
FN:300,(anonymous_19)
FN:301,(anonymous_20)
FN:302,(anonymous_21)
FN:305,(anonymous_22)
FN:307,(anonymous_23)
FN:317,(anonymous_24)
FN:333,(anonymous_25)
FN:337,(anonymous_26)
FN:381,(anonymous_27)
FN:382,(anonymous_28)
FN:392,(anonymous_29)
FN:393,(anonymous_30)
FN:400,TicketComments
FN:401,(anonymous_32)
FN:403,(anonymous_33)
FN:408,(anonymous_34)
FN:412,(anonymous_35)
FN:413,(anonymous_36)
FN:417,(anonymous_37)
FN:420,(anonymous_38)
FNF:39
FNH:15
FNDA:0,getFoldedText
FNDA:0,(anonymous_1)
FNDA:0,(anonymous_2)
FNDA:0,(anonymous_3)
FNDA:1,(anonymous_4)
FNDA:1,(anonymous_5)
FNDA:1,(anonymous_6)
FNDA:0,(anonymous_7)
FNDA:0,(anonymous_8)
FNDA:1,(anonymous_9)
FNDA:0,(anonymous_10)
FNDA:0,(anonymous_11)
FNDA:0,(anonymous_12)
FNDA:0,(anonymous_13)
FNDA:0,(anonymous_14)
FNDA:0,(anonymous_15)
FNDA:0,(anonymous_16)
FNDA:0,(anonymous_17)
FNDA:0,(anonymous_18)
FNDA:2,(anonymous_19)
FNDA:1,(anonymous_20)
FNDA:1,(anonymous_21)
FNDA:1,(anonymous_22)
FNDA:1,(anonymous_23)
FNDA:1,(anonymous_24)
FNDA:0,(anonymous_25)
FNDA:0,(anonymous_26)
FNDA:1,(anonymous_27)
FNDA:1,(anonymous_28)
FNDA:0,(anonymous_29)
FNDA:0,(anonymous_30)
FNDA:2,TicketComments
FNDA:1,(anonymous_32)
FNDA:1,(anonymous_33)
FNDA:0,(anonymous_34)
FNDA:0,(anonymous_35)
FNDA:0,(anonymous_36)
FNDA:0,(anonymous_37)
FNDA:0,(anonymous_38)
DA:41,0
DA:42,0
DA:43,0
DA:46,0
DA:49,2
DA:50,0
DA:64,2
DA:65,0
DA:66,0
DA:68,0
DA:69,0
DA:74,0
DA:96,2
DA:97,0
DA:107,2
DA:112,1
DA:126,2
DA:127,1
DA:141,2
DA:154,1
DA:158,1
DA:177,0
DA:181,0
DA:185,0
DA:186,0
DA:194,2
DA:195,1
DA:207,2
DA:208,0
DA:210,0
DA:217,0
DA:239,2
DA:240,0
DA:242,0
DA:254,0
DA:257,0
DA:262,2
DA:264,0
DA:265,0
DA:266,0
DA:267,0
DA:269,0
DA:278,0
DA:300,2
DA:301,2
DA:302,1
DA:303,1
DA:304,1
DA:305,1
DA:306,1
DA:307,1
DA:309,1
DA:310,1
DA:312,1
DA:317,1
DA:318,1
DA:319,0
DA:323,1
DA:333,1
DA:334,0
DA:337,1
DA:338,0
DA:339,0
DA:341,0
DA:345,0
DA:352,0
DA:353,0
DA:356,1
DA:381,2
DA:382,1
DA:384,1
DA:386,1
DA:392,0
DA:393,0
DA:401,2
DA:403,1
DA:404,1
DA:406,1
DA:408,1
DA:409,0
DA:412,1
DA:413,0
DA:414,0
DA:417,1
DA:418,0
DA:419,0
DA:420,0
DA:423,1
DA:439,2
LF:89
LH:45
BRDA:42,0,0,0
BRDA:42,0,1,0
BRDA:58,1,0,0
BRDA:58,1,1,0
BRDA:101,2,0,0
BRDA:101,2,1,0
BRDA:154,3,0,0
BRDA:154,3,1,1
BRDA:195,4,0,0
BRDA:195,4,1,1
BRDA:198,5,0,0
BRDA:198,5,1,0
BRDA:207,6,0,0
BRDA:224,7,0,0
BRDA:224,7,1,0
BRDA:228,8,0,0
BRDA:228,8,1,0
BRDA:271,9,0,0
BRDA:271,9,1,0
BRDA:281,10,0,0
BRDA:281,10,1,0
BRDA:312,11,0,1
BRDA:312,11,1,0
BRDA:318,12,0,0
BRDA:318,12,1,1
BRDA:338,13,0,0
BRDA:338,13,1,0
BRDA:338,14,0,0
BRDA:338,14,1,0
BRDA:429,15,0,1
BRDA:429,15,1,0
BRDA:431,16,0,1
BRDA:431,16,1,0
BRDA:468,17,0,2
BRDA:468,17,1,0
BRF:35
BRH:7
end_of_record
TN:
SF:app/components/closedloop/TicketDetails.js
FN:24,TicketDetails
FN:25,(anonymous_1)
FN:26,(anonymous_2)
FN:29,(anonymous_3)
FN:39,(anonymous_4)
FN:43,(anonymous_5)
FN:55,(anonymous_6)
FN:61,(anonymous_7)
FNF:8
FNH:8
FNDA:3,TicketDetails
FNDA:3,(anonymous_1)
FNDA:3,(anonymous_2)
FNDA:3,(anonymous_3)
FNDA:3,(anonymous_4)
FNDA:3,(anonymous_5)
FNDA:3,(anonymous_6)
FNDA:3,(anonymous_7)
DA:25,3
DA:26,3
DA:28,3
DA:29,3
DA:31,3
DA:32,3
DA:34,3
DA:35,3
DA:37,3
DA:38,3
DA:39,3
DA:40,3
DA:43,3
DA:44,3
DA:45,3
DA:46,3
DA:47,3
DA:55,3
DA:56,3
DA:61,3
DA:62,3
DA:63,3
DA:64,3
DA:69,3
LF:24
LH:24
BRDA:46,0,0,3
BRDA:46,0,1,0
BRDA:62,1,0,3
BRDA:62,1,1,0
BRDA:69,2,0,1
BRDA:69,2,1,2
BRF:6
BRH:4
end_of_record
TN:
SF:app/components/closedloop/TicketOverview.js
FN:69,(anonymous_0)
FN:70,(anonymous_1)
FN:88,(anonymous_2)
FN:105,(anonymous_3)
FN:116,(anonymous_4)
FN:127,(anonymous_5)
FN:143,(anonymous_6)
FN:160,(anonymous_7)
FN:204,(anonymous_8)
FN:258,(anonymous_9)
FN:273,(anonymous_10)
FN:304,(anonymous_11)
FN:313,(anonymous_12)
FN:315,(anonymous_13)
FN:317,(anonymous_14)
FN:319,(anonymous_15)
FN:350,hasPanelMemberObj
FN:354,TicketOverview
FN:369,(anonymous_18)
FN:371,(anonymous_19)
FN:372,(anonymous_20)
FN:373,(anonymous_21)
FN:374,(anonymous_22)
FN:377,(anonymous_23)
FN:392,(anonymous_24)
FN:397,(anonymous_25)
FN:405,(anonymous_26)
FN:416,(anonymous_27)
FN:424,(anonymous_28)
FN:436,(anonymous_29)
FN:473,(anonymous_30)
FN:482,(anonymous_31)
FN:487,(anonymous_32)
FN:492,(anonymous_33)
FN:500,(anonymous_34)
FN:506,(anonymous_35)
FN:511,(anonymous_36)
FN:520,(anonymous_37)
FN:526,(anonymous_38)
FN:542,(anonymous_39)
FN:570,(anonymous_40)
FN:579,(anonymous_41)
FN:585,(anonymous_42)
FN:594,(anonymous_43)
FN:603,(anonymous_44)
FN:609,(anonymous_45)
FN:619,(anonymous_46)
FN:628,(anonymous_47)
FN:644,(anonymous_48)
FN:657,(anonymous_49)
FN:661,(anonymous_50)
FN:672,(anonymous_51)
FN:680,(anonymous_52)
FN:729,(anonymous_53)
FN:737,(anonymous_54)
FN:745,(anonymous_55)
FN:749,(anonymous_56)
FN:753,(anonymous_57)
FN:757,(anonymous_58)
FN:774,(anonymous_59)
FN:787,(anonymous_60)
FN:793,(anonymous_61)
FN:800,(anonymous_62)
FN:808,(anonymous_63)
FN:817,(anonymous_64)
FN:821,(anonymous_65)
FN:830,(anonymous_66)
FNF:67
FNH:19
FNDA:2,(anonymous_0)
FNDA:0,(anonymous_1)
FNDA:2,(anonymous_2)
FNDA:4,(anonymous_3)
FNDA:0,(anonymous_4)
FNDA:0,(anonymous_5)
FNDA:14,(anonymous_6)
FNDA:2,(anonymous_7)
FNDA:2,(anonymous_8)
FNDA:2,(anonymous_9)
FNDA:0,(anonymous_10)
FNDA:0,(anonymous_11)
FNDA:0,(anonymous_12)
FNDA:0,(anonymous_13)
FNDA:0,(anonymous_14)
FNDA:0,(anonymous_15)
FNDA:2,hasPanelMemberObj
FNDA:3,TicketOverview
FNDA:2,(anonymous_18)
FNDA:2,(anonymous_19)
FNDA:2,(anonymous_20)
FNDA:2,(anonymous_21)
FNDA:2,(anonymous_22)
FNDA:2,(anonymous_23)
FNDA:0,(anonymous_24)
FNDA:0,(anonymous_25)
FNDA:0,(anonymous_26)
FNDA:0,(anonymous_27)
FNDA:0,(anonymous_28)
FNDA:0,(anonymous_29)
FNDA:0,(anonymous_30)
FNDA:0,(anonymous_31)
FNDA:0,(anonymous_32)
FNDA:0,(anonymous_33)
FNDA:0,(anonymous_34)
FNDA:0,(anonymous_35)
FNDA:0,(anonymous_36)
FNDA:0,(anonymous_37)
FNDA:0,(anonymous_38)
FNDA:2,(anonymous_39)
FNDA:0,(anonymous_40)
FNDA:0,(anonymous_41)
FNDA:0,(anonymous_42)
FNDA:0,(anonymous_43)
FNDA:0,(anonymous_44)
FNDA:0,(anonymous_45)
FNDA:2,(anonymous_46)
FNDA:0,(anonymous_47)
FNDA:0,(anonymous_48)
FNDA:0,(anonymous_49)
FNDA:0,(anonymous_50)
FNDA:0,(anonymous_51)
FNDA:2,(anonymous_52)
FNDA:0,(anonymous_53)
FNDA:0,(anonymous_54)
FNDA:0,(anonymous_55)
FNDA:0,(anonymous_56)
FNDA:0,(anonymous_57)
FNDA:0,(anonymous_58)
FNDA:0,(anonymous_59)
FNDA:0,(anonymous_60)
FNDA:0,(anonymous_61)
FNDA:0,(anonymous_62)
FNDA:0,(anonymous_63)
FNDA:0,(anonymous_64)
FNDA:0,(anonymous_65)
FNDA:4,(anonymous_66)
DA:69,2
DA:70,2
DA:71,0
DA:72,0
DA:79,2
DA:88,2
DA:89,2
DA:105,2
DA:106,4
DA:116,2
DA:117,0
DA:127,2
DA:128,0
DA:143,2
DA:144,14
DA:160,2
DA:162,2
DA:165,2
DA:204,2
DA:210,2
DA:258,2
DA:259,2
DA:273,2
DA:274,0
DA:304,2
DA:305,0
DA:313,2
DA:314,0
DA:315,0
DA:317,0
DA:318,0
DA:319,0
DA:320,0
DA:328,0
DA:351,2
DA:355,3
DA:362,3
DA:364,2
DA:365,2
DA:367,2
DA:368,2
DA:369,2
DA:370,2
DA:371,2
DA:372,2
DA:373,2
DA:374,2
DA:375,2
DA:377,2
DA:380,2
DA:383,2
DA:390,2
DA:391,2
DA:392,2
DA:393,0
DA:394,0
DA:397,2
DA:398,0
DA:401,2
DA:405,2
DA:406,0
DA:411,0
DA:412,0
DA:416,2
DA:417,0
DA:424,2
DA:425,0
DA:432,0
DA:436,2
DA:437,0
DA:444,0
DA:456,2
DA:457,2
DA:458,2
DA:459,2
DA:461,2
DA:463,2
DA:468,2
DA:473,2
DA:474,0
DA:475,0
DA:482,2
DA:483,0
DA:484,0
DA:487,2
DA:488,0
DA:489,0
DA:492,2
DA:493,0
DA:497,0
DA:500,2
DA:501,0
DA:502,0
DA:503,0
DA:506,2
DA:507,0
DA:508,0
DA:511,2
DA:512,0
DA:520,2
DA:521,0
DA:527,0
DA:529,0
DA:531,0
DA:533,0
DA:542,2
DA:543,2
DA:544,2
DA:546,2
DA:548,0
DA:549,0
DA:550,0
DA:553,0
DA:554,0
DA:555,0
DA:557,2
DA:558,2
DA:570,2
DA:571,0
DA:579,2
DA:580,0
DA:586,0
DA:587,0
DA:594,2
DA:595,0
DA:603,2
DA:604,0
DA:610,0
DA:611,0
DA:612,0
DA:619,2
DA:620,2
DA:628,0
DA:645,0
DA:646,0
DA:648,0
DA:657,2
DA:658,0
DA:661,2
DA:662,0
DA:664,0
DA:666,0
DA:668,0
DA:672,2
DA:673,0
DA:680,2
DA:681,2
DA:682,2
DA:684,2
DA:689,2
DA:693,2
DA:698,2
DA:737,2
DA:738,0
DA:739,0
DA:745,2
DA:746,0
DA:749,2
DA:750,0
DA:753,2
DA:754,0
DA:757,2
DA:758,0
DA:760,0
DA:761,0
DA:763,0
DA:764,0
DA:766,0
DA:767,0
DA:769,0
DA:770,0
DA:774,2
DA:775,0
DA:783,0
DA:787,0
DA:793,2
DA:794,0
DA:802,0
DA:803,0
DA:809,0
DA:817,2
DA:818,0
DA:822,0
DA:830,2
DA:831,4
DA:880,2
DA:886,2
LF:187
LH:96
BRDA:94,0,0,2
BRDA:94,0,1,0
BRDA:127,1,0,0
BRDA:135,2,0,0
BRDA:135,2,1,0
BRDA:152,3,0,4
BRDA:152,3,1,10
BRDA:162,4,0,2
BRDA:162,4,1,0
BRDA:174,5,0,2
BRDA:174,5,1,2
BRDA:178,6,0,2
BRDA:178,6,1,0
BRDA:185,7,0,0
BRDA:185,7,1,2
BRDA:195,8,0,0
BRDA:195,8,1,2
BRDA:195,9,0,2
BRDA:195,9,1,0
BRDA:217,10,0,2
BRDA:217,10,1,0
BRDA:222,11,0,2
BRDA:222,11,1,0
BRDA:231,12,0,2
BRDA:231,12,1,0
BRDA:240,13,0,2
BRDA:240,13,1,0
BRDA:248,14,0,2
BRDA:248,14,1,0
BRDA:351,15,0,2
BRDA:351,15,1,2
BRDA:351,15,2,2
BRDA:371,16,0,2
BRDA:371,16,1,0
BRDA:381,17,0,2
BRDA:381,17,1,0
BRDA:384,18,0,2
BRDA:384,18,1,0
BRDA:390,19,0,2
BRDA:390,19,1,0
BRDA:402,20,0,2
BRDA:402,20,1,0
BRDA:406,21,0,0
BRDA:406,21,1,0
BRDA:407,22,0,0
BRDA:407,22,1,0
BRDA:474,23,0,0
BRDA:474,23,1,0
BRDA:527,24,0,0
BRDA:527,24,1,0
BRDA:546,25,0,0
BRDA:546,25,1,0
BRDA:636,26,0,2
BRDA:636,26,1,0
BRDA:662,27,0,0
BRDA:662,27,1,0
BRDA:662,27,2,0
BRDA:682,28,0,2
BRDA:682,28,1,0
BRDA:684,29,0,2
BRDA:684,29,1,0
BRDA:689,30,0,2
BRDA:689,30,1,0
BRDA:693,31,0,2
BRDA:693,31,1,0
BRDA:729,32,0,0
BRDA:729,32,1,2
BRDA:740,33,0,0
BRDA:740,33,1,0
BRDA:758,34,0,0
BRDA:758,34,1,0
BRDA:758,34,2,0
BRDA:758,34,3,0
BRDA:846,35,0,4
BRDA:846,35,1,0
BRDA:862,36,0,0
BRDA:862,36,1,4
BRDA:880,37,0,0
BRDA:880,37,1,2
BRF:79
BRH:32
end_of_record
TN:
SF:app/components/closedloop/TicketRootCause.js
FN:19,(anonymous_0)
FN:26,(anonymous_1)
FN:27,(anonymous_2)
FN:29,(anonymous_3)
FN:34,(anonymous_4)
FN:43,(anonymous_5)
FN:45,(anonymous_6)
FN:52,(anonymous_7)
FN:54,(anonymous_8)
FN:74,(anonymous_9)
FN:75,(anonymous_10)
FN:82,(anonymous_11)
FN:83,(anonymous_12)
FN:90,(anonymous_13)
FN:98,(anonymous_14)
FN:105,(anonymous_15)
FN:112,(anonymous_16)
FNF:17
FNH:11
FNDA:7,(anonymous_0)
FNDA:7,(anonymous_1)
FNDA:7,(anonymous_2)
FNDA:7,(anonymous_3)
FNDA:30,(anonymous_4)
FNDA:8,(anonymous_5)
FNDA:16,(anonymous_6)
FNDA:7,(anonymous_7)
FNDA:14,(anonymous_8)
FNDA:0,(anonymous_9)
FNDA:0,(anonymous_10)
FNDA:0,(anonymous_11)
FNDA:0,(anonymous_12)
FNDA:0,(anonymous_13)
FNDA:0,(anonymous_14)
FNDA:1,(anonymous_15)
FNDA:1,(anonymous_16)
DA:19,2
DA:20,7
DA:21,7
DA:22,7
DA:23,7
DA:25,7
DA:26,7
DA:27,7
DA:28,7
DA:29,7
DA:32,7
DA:33,7
DA:34,7
DA:35,30
DA:36,0
DA:37,0
DA:40,30
DA:43,7
DA:44,8
DA:45,16
DA:52,7
DA:53,7
DA:54,14
DA:61,7
DA:62,6
DA:63,6
DA:66,6
DA:70,6
DA:71,6
DA:72,6
DA:74,6
DA:75,0
DA:76,0
DA:77,0
DA:78,0
DA:82,6
DA:83,0
DA:84,0
DA:85,0
DA:86,0
DA:90,6
DA:91,0
DA:92,0
DA:94,0
DA:98,6
DA:100,0
DA:105,6
DA:106,1
DA:107,1
DA:108,1
DA:109,1
DA:112,6
DA:113,1
DA:114,1
DA:115,2
DA:116,0
DA:120,1
DA:121,1
DA:122,2
DA:123,0
DA:127,1
DA:142,6
DA:196,2
LF:63
LH:47
BRDA:34,0,0,0
BRDA:36,1,0,0
BRDA:36,1,1,0
BRDA:44,2,0,8
BRDA:44,2,1,0
BRDA:53,3,0,7
BRDA:53,3,1,0
BRDA:91,4,0,0
BRDA:91,4,1,0
BRDA:100,5,0,0
BRDA:100,5,1,0
BRDA:115,6,0,0
BRDA:115,6,1,2
BRDA:122,7,0,0
BRDA:122,7,1,2
BRDA:353,8,0,0
BRDA:353,8,1,2
BRDA:355,9,0,0
BRDA:355,9,1,2
BRF:19
BRH:6
end_of_record
TN:
SF:app/components/closedloop/closeloop.style.js
FNF:0
FNH:0
DA:11,1
LF:1
LH:1
BRF:0
BRH:0
end_of_record
TN:
SF:app/components/closedloop/takeaction/ActionEmailHistory.js
FN:29,(anonymous_0)
FN:38,(anonymous_1)
FN:59,(anonymous_2)
FN:65,(anonymous_3)
FN:66,(anonymous_4)
FN:74,(anonymous_5)
FN:75,(anonymous_6)
FN:84,(anonymous_7)
FN:86,(anonymous_8)
FN:92,(anonymous_9)
FN:129,(anonymous_10)
FN:142,ActionEmailHistory
FN:144,(anonymous_12)
FN:158,(anonymous_13)
FN:159,(anonymous_14)
FNF:15
FNH:13
FNDA:2,(anonymous_0)
FNDA:2,(anonymous_1)
FNDA:2,(anonymous_2)
FNDA:2,(anonymous_3)
FNDA:2,(anonymous_4)
FNDA:2,(anonymous_5)
FNDA:0,(anonymous_6)
FNDA:1,(anonymous_7)
FNDA:1,(anonymous_8)
FNDA:0,(anonymous_9)
FNDA:2,(anonymous_10)
FNDA:3,ActionEmailHistory
FNDA:3,(anonymous_12)
FNDA:2,(anonymous_13)
FNDA:2,(anonymous_14)
DA:29,1
DA:30,2
DA:38,1
DA:39,2
DA:40,2
DA:42,2
DA:43,2
DA:59,1
DA:60,2
DA:65,2
DA:67,2
DA:74,1
DA:75,2
DA:78,0
DA:84,2
DA:85,1
DA:86,1
DA:87,1
DA:88,1
DA:92,0
DA:93,0
DA:98,2
DA:129,1
DA:130,2
DA:131,2
DA:136,2
DA:143,3
DA:144,3
DA:147,3
DA:148,1
DA:151,2
DA:153,2
DA:158,2
DA:160,2
DA:168,1
LF:35
LH:32
BRDA:39,0,0,2
BRDA:39,0,1,0
BRDA:40,1,0,2
BRDA:40,1,1,0
BRDA:54,2,0,2
BRDA:54,2,1,2
BRDA:85,3,0,1
BRDA:85,3,1,0
BRDA:87,4,0,1
BRDA:87,4,1,0
BRDA:147,5,0,1
BRDA:147,5,1,2
BRDA:151,6,0,2
BRDA:151,6,1,0
BRF:14
BRH:9
end_of_record
TN:
SF:app/components/closedloop/takeaction/FilterTickets.js
FN:28,(anonymous_0)
FN:43,(anonymous_1)
FN:44,(anonymous_2)
FN:45,(anonymous_3)
FN:57,(anonymous_4)
FN:59,(anonymous_5)
FN:72,(anonymous_6)
FN:73,(anonymous_7)
FN:74,(anonymous_8)
FN:85,(anonymous_9)
FN:87,(anonymous_10)
FN:100,(anonymous_11)
FN:101,(anonymous_12)
FN:102,(anonymous_13)
FN:103,(anonymous_14)
FN:114,(anonymous_15)
FN:116,(anonymous_16)
FN:128,(anonymous_17)
FN:129,(anonymous_18)
FN:130,(anonymous_19)
FN:189,(anonymous_20)
FN:202,(anonymous_21)
FN:207,(anonymous_22)
FN:242,(anonymous_23)
FNF:24
FNH:22
FNDA:10,(anonymous_0)
FNDA:10,(anonymous_1)
FNDA:1,(anonymous_2)
FNDA:1,(anonymous_3)
FNDA:20,(anonymous_4)
FNDA:20,(anonymous_5)
FNDA:10,(anonymous_6)
FNDA:1,(anonymous_7)
FNDA:1,(anonymous_8)
FNDA:20,(anonymous_9)
FNDA:20,(anonymous_10)
FNDA:10,(anonymous_11)
FNDA:1,(anonymous_12)
FNDA:1,(anonymous_13)
FNDA:2,(anonymous_14)
FNDA:20,(anonymous_15)
FNDA:20,(anonymous_16)
FNDA:10,(anonymous_17)
FNDA:1,(anonymous_18)
FNDA:1,(anonymous_19)
FNDA:0,(anonymous_20)
FNDA:0,(anonymous_21)
FNDA:1,(anonymous_22)
FNDA:10,(anonymous_23)
DA:28,1
DA:29,10
DA:30,10
DA:31,10
DA:35,10
DA:36,10
DA:39,10
DA:43,10
DA:44,10
DA:45,1
DA:46,1
DA:47,1
DA:48,1
DA:51,10
DA:57,20
DA:60,20
DA:72,10
DA:73,10
DA:74,1
DA:75,1
DA:76,1
DA:77,1
DA:80,10
DA:85,20
DA:88,20
DA:100,10
DA:101,10
DA:102,1
DA:103,1
DA:104,2
DA:105,2
DA:109,10
DA:114,20
DA:117,20
DA:128,10
DA:129,10
DA:130,1
DA:132,10
DA:189,10
DA:190,0
DA:202,10
DA:204,0
DA:207,10
DA:211,1
DA:212,1
DA:213,1
DA:215,1
DA:216,1
DA:218,1
DA:242,10
DA:243,10
DA:309,10
DA:332,1
LF:53
LH:51
BRDA:40,0,0,10
BRDA:40,0,1,0
BRDA:130,1,0,0
BRDA:130,1,1,1
BRDA:194,2,0,0
BRDA:194,2,1,0
BRDA:413,3,0,0
BRDA:413,3,1,1
BRDA:415,4,0,0
BRDA:415,4,1,1
BRF:10
BRH:4
end_of_record
TN:
SF:app/components/closedloop/takeaction/SelectEmailTemplate.js
FN:15,(anonymous_0)
FN:16,(anonymous_1)
FN:18,(anonymous_2)
FN:26,(anonymous_3)
FN:39,(anonymous_4)
FNF:5
FNH:5
FNDA:4,(anonymous_0)
FNDA:12,(anonymous_1)
FNDA:1,(anonymous_2)
FNDA:1,(anonymous_3)
FNDA:12,(anonymous_4)
DA:15,2
DA:16,4
DA:17,12
DA:18,1
DA:26,4
DA:27,1
DA:30,4
DA:39,12
DA:49,2
LF:9
LH:9
BRF:0
BRH:0
end_of_record
TN:
SF:app/components/closedloop/takeaction/SelectPriority.js
FN:21,(anonymous_0)
FN:26,(anonymous_1)
FN:29,(anonymous_2)
FN:37,(anonymous_3)
FN:73,(anonymous_4)
FNF:5
FNH:5
FNDA:6,(anonymous_0)
FNDA:1,(anonymous_1)
FNDA:18,(anonymous_2)
FNDA:2,(anonymous_3)
FNDA:18,(anonymous_4)
DA:21,3
DA:22,6
DA:23,6
DA:26,6
DA:27,1
DA:29,6
DA:30,18
DA:31,18
DA:33,18
DA:38,2
DA:39,2
DA:69,6
DA:73,18
DA:84,3
LF:14
LH:14
BRDA:53,0,0,6
BRDA:53,0,1,12
BRF:2
BRH:2
end_of_record
TN:
SF:app/components/closedloop/takeaction/SelectSegment.js
FN:15,(anonymous_0)
FN:19,(anonymous_1)
FN:24,(anonymous_2)
FN:53,(anonymous_3)
FNF:4
FNH:4
FNDA:6,(anonymous_0)
FNDA:18,(anonymous_1)
FNDA:2,(anonymous_2)
FNDA:18,(anonymous_3)
DA:15,1
DA:16,6
DA:17,6
DA:19,6
DA:20,18
DA:25,2
DA:26,2
DA:48,6
DA:53,18
DA:62,1
LF:10
LH:10
BRDA:32,0,0,6
BRDA:32,0,1,12
BRF:2
BRH:2
end_of_record
TN:
SF:app/components/closedloop/takeaction/SelectSorting.js
FN:10,(anonymous_0)
FN:12,(anonymous_1)
FN:15,(anonymous_2)
FN:25,(anonymous_3)
FN:38,(anonymous_4)
FN:49,(anonymous_5)
FNF:6
FNH:5
FNDA:5,(anonymous_0)
FNDA:5,(anonymous_1)
FNDA:10,(anonymous_2)
FNDA:1,(anonymous_3)
FNDA:10,(anonymous_4)
FNDA:0,(anonymous_5)
DA:10,5
DA:12,3
DA:13,5
DA:14,5
DA:15,5
DA:16,10
DA:26,1
DA:27,1
DA:33,5
DA:38,10
DA:49,0
DA:59,3
LF:12
LH:11
BRF:0
BRH:0
end_of_record
TN:
SF:app/components/closedloop/takeaction/SelectStatus.js
FN:10,(anonymous_0)
FN:14,(anonymous_1)
FN:18,(anonymous_2)
FN:22,(anonymous_3)
FN:28,(anonymous_4)
FN:42,(anonymous_5)
FNF:6
FNH:6
FNDA:6,(anonymous_0)
FNDA:6,(anonymous_1)
FNDA:2,(anonymous_2)
FNDA:12,(anonymous_3)
FNDA:1,(anonymous_4)
FNDA:12,(anonymous_5)
DA:10,3
DA:11,6
DA:14,3
DA:15,6
DA:16,6
DA:18,6
DA:19,2
DA:22,6
DA:23,12
DA:30,1
DA:31,1
DA:37,6
DA:42,12
DA:53,3
LF:14
LH:14
BRF:0
BRH:0
end_of_record
TN:
SF:app/components/closedloop/takeaction/SelectTicketOwner.js
FN:21,(anonymous_0)
FN:29,filterOwnerList
FN:33,(anonymous_2)
FN:34,(anonymous_3)
FN:38,(anonymous_4)
FN:42,(anonymous_5)
FN:77,(anonymous_6)
FN:88,(anonymous_7)
FNF:8
FNH:7
FNDA:10,(anonymous_0)
FNDA:3,filterOwnerList
FNDA:2,(anonymous_2)
FNDA:6,(anonymous_3)
FNDA:23,(anonymous_4)
FNDA:1,(anonymous_5)
FNDA:26,(anonymous_6)
FNDA:0,(anonymous_7)
DA:21,3
DA:22,10
DA:23,10
DA:24,10
DA:27,10
DA:30,3
DA:31,1
DA:33,2
DA:34,6
DA:38,10
DA:39,23
DA:44,1
DA:45,1
DA:66,10
DA:77,26
DA:88,0
DA:98,3
LF:17
LH:16
BRDA:30,0,0,1
BRDA:30,0,1,2
BRDA:51,1,0,9
BRDA:51,1,1,14
BRF:4
BRH:4
end_of_record
TN:
SF:app/components/closedloop/takeaction/SendEmail.js
FN:45,(anonymous_0)
FN:54,(anonymous_1)
FN:64,(anonymous_2)
FN:77,(anonymous_3)
FN:89,(anonymous_4)
FN:111,(anonymous_5)
FN:122,(anonymous_6)
FN:124,(anonymous_7)
FN:130,(anonymous_8)
FN:164,(anonymous_9)
FN:179,(anonymous_10)
FN:181,(anonymous_11)
FN:214,(anonymous_12)
FN:292,(anonymous_13)
FN:301,(anonymous_14)
FN:302,(anonymous_15)
FN:312,(anonymous_16)
FN:313,(anonymous_17)
FN:321,(anonymous_18)
FN:355,(anonymous_19)
FN:365,(anonymous_20)
FN:366,(anonymous_21)
FN:402,(anonymous_22)
FN:405,(anonymous_23)
FN:407,(anonymous_24)
FN:419,(anonymous_25)
FN:425,(anonymous_26)
FN:434,(anonymous_27)
FN:448,(anonymous_28)
FN:450,(anonymous_29)
FN:459,(anonymous_30)
FN:465,(anonymous_31)
FN:479,(anonymous_32)
FN:486,(anonymous_33)
FN:492,(anonymous_34)
FN:493,(anonymous_35)
FN:496,(anonymous_36)
FN:497,(anonymous_37)
FN:499,(anonymous_38)
FN:501,(anonymous_39)
FN:511,(anonymous_40)
FN:516,(anonymous_41)
FN:522,(anonymous_42)
FNF:43
FNH:20
FNDA:2,(anonymous_0)
FNDA:1,(anonymous_1)
FNDA:0,(anonymous_2)
FNDA:1,(anonymous_3)
FNDA:1,(anonymous_4)
FNDA:1,(anonymous_5)
FNDA:1,(anonymous_6)
FNDA:1,(anonymous_7)
FNDA:0,(anonymous_8)
FNDA:0,(anonymous_9)
FNDA:2,(anonymous_10)
FNDA:0,(anonymous_11)
FNDA:1,(anonymous_12)
FNDA:1,(anonymous_13)
FNDA:1,(anonymous_14)
FNDA:1,(anonymous_15)
FNDA:0,(anonymous_16)
FNDA:0,(anonymous_17)
FNDA:0,(anonymous_18)
FNDA:1,(anonymous_19)
FNDA:1,(anonymous_20)
FNDA:1,(anonymous_21)
FNDA:2,(anonymous_22)
FNDA:2,(anonymous_23)
FNDA:2,(anonymous_24)
FNDA:1,(anonymous_25)
FNDA:1,(anonymous_26)
FNDA:0,(anonymous_27)
FNDA:0,(anonymous_28)
FNDA:0,(anonymous_29)
FNDA:0,(anonymous_30)
FNDA:0,(anonymous_31)
FNDA:0,(anonymous_32)
FNDA:0,(anonymous_33)
FNDA:0,(anonymous_34)
FNDA:0,(anonymous_35)
FNDA:0,(anonymous_36)
FNDA:0,(anonymous_37)
FNDA:0,(anonymous_38)
FNDA:0,(anonymous_39)
FNDA:0,(anonymous_40)
FNDA:0,(anonymous_41)
FNDA:0,(anonymous_42)
DA:45,1
DA:46,2
DA:54,1
DA:55,1
DA:64,1
DA:65,0
DA:67,0
DA:77,1
DA:78,1
DA:89,1
DA:90,1
DA:111,1
DA:112,1
DA:122,1
DA:124,1
DA:125,1
DA:127,1
DA:128,1
DA:130,1
DA:131,0
DA:136,0
DA:137,0
DA:138,0
DA:141,0
DA:142,0
DA:143,0
DA:145,0
DA:146,0
DA:147,0
DA:149,0
DA:150,0
DA:152,0
DA:164,1
DA:165,0
DA:168,1
DA:179,1
DA:180,2
DA:181,2
DA:182,0
DA:184,0
DA:185,0
DA:190,0
DA:194,0
DA:195,0
DA:196,0
DA:201,0
DA:203,0
DA:207,1
DA:214,1
DA:215,1
DA:292,1
DA:293,1
DA:301,1
DA:302,1
DA:303,1
DA:307,1
DA:312,0
DA:314,0
DA:321,1
DA:345,0
DA:355,1
DA:356,1
DA:365,1
DA:366,1
DA:367,1
DA:368,1
DA:374,1
DA:375,1
DA:377,0
DA:378,0
DA:379,0
DA:380,0
DA:381,0
DA:402,1
DA:404,2
DA:405,2
DA:407,2
DA:408,2
DA:409,1
DA:417,1
DA:418,1
DA:419,1
DA:420,1
DA:421,1
DA:424,1
DA:425,1
DA:428,1
DA:429,1
DA:430,1
DA:431,1
DA:432,1
DA:434,1
DA:435,0
DA:448,1
DA:449,0
DA:450,0
DA:455,0
DA:459,1
DA:460,0
DA:463,0
DA:465,1
DA:466,0
DA:467,0
DA:468,0
DA:469,0
DA:479,1
DA:480,0
DA:481,0
DA:486,1
DA:487,0
DA:488,0
DA:489,0
DA:492,1
DA:493,0
DA:496,1
DA:497,0
DA:499,1
DA:501,0
DA:507,0
DA:508,0
DA:511,1
DA:512,0
DA:516,0
DA:522,1
DA:523,0
DA:531,1
DA:605,1
LF:127
LH:71
BRDA:70,0,0,0
BRDA:70,0,1,0
BRDA:71,1,0,0
BRDA:71,1,1,0
BRDA:100,2,0,1
BRDA:100,2,1,0
BRDA:136,3,0,0
BRDA:136,3,1,0
BRDA:141,4,0,0
BRDA:141,4,1,0
BRDA:145,5,0,0
BRDA:145,5,1,0
BRDA:367,6,0,1
BRDA:367,6,1,1
BRDA:374,7,0,1
BRDA:374,7,1,0
BRDA:377,8,0,0
BRDA:377,8,1,0
BRDA:378,9,0,0
BRDA:378,9,1,0
BRDA:379,10,0,0
BRDA:379,10,1,0
BRDA:412,11,0,1
BRDA:412,11,1,0
BRDA:449,12,0,0
BRDA:449,12,1,0
BRDA:452,13,0,0
BRDA:452,13,1,0
BRDA:455,14,0,0
BRDA:455,14,1,0
BRF:30
BRH:5
end_of_record
TN:
SF:app/components/closedloop/takeaction/StatusItem.js
FN:23,(anonymous_0)
FNF:1
FNH:1
FNDA:16,(anonymous_0)
DA:23,4
DA:24,16
DA:26,16
DA:46,4
LF:4
LH:4
BRF:0
BRH:0
end_of_record
TN:
SF:app/components/closedloop/takeaction/TIcketTakeAction.js
FN:14,(anonymous_0)
FN:15,(anonymous_1)
FN:19,(anonymous_2)
FN:40,(anonymous_3)
FNF:4
FNH:4
FNDA:3,(anonymous_0)
FNDA:9,(anonymous_1)
FNDA:2,(anonymous_2)
FNDA:9,(anonymous_3)
DA:14,3
DA:15,3
DA:16,9
DA:19,2
DA:35,3
DA:40,9
DA:49,3
LF:7
LH:7
BRF:0
BRH:0
end_of_record
TN:
SF:app/components/closedloop/takeaction/closedLoopCell/AssigneeUI.js
FN:8,(anonymous_0)
FN:9,(anonymous_1)
FN:12,getAssigneeName
FN:13,(anonymous_3)
FNF:4
FNH:3
FNDA:5,(anonymous_0)
FNDA:0,(anonymous_1)
FNDA:5,getAssigneeName
FNDA:9,(anonymous_3)
DA:8,1
DA:9,5
DA:13,9
DA:14,5
DA:17,5
LF:5
LH:5
BRDA:14,0,0,2
BRDA:14,0,1,3
BRF:2
BRH:2
end_of_record
TN:
SF:app/components/closedloop/takeaction/closedLoopCell/OverdueBar.js
FN:10,(anonymous_0)
FNF:1
FNH:1
FNDA:1,(anonymous_0)
DA:10,1
DA:11,1
DA:12,1
DA:31,1
LF:4
LH:4
BRF:0
BRH:0
end_of_record
TN:
SF:app/components/closedloop/ui/ArrowDown.js
FN:5,(anonymous_0)
FNF:1
FNH:1
FNDA:6,(anonymous_0)
DA:5,2
DA:6,6
LF:2
LH:2
BRF:0
BRH:0
end_of_record
TN:
SF:app/components/closedloop/ui/IconAndTitleText.js
FN:6,(anonymous_0)
FNF:1
FNH:0
FNDA:0,(anonymous_0)
DA:6,0
DA:7,0
DA:18,0
LF:3
LH:0
BRF:0
BRH:0
end_of_record
TN:
SF:app/components/closedloop/ui/RenderDropDownButton.js
FN:10,(anonymous_0)
FNF:1
FNH:1
FNDA:6,(anonymous_0)
DA:10,2
DA:17,6
DA:38,2
LF:3
LH:3
BRDA:14,0,0,0
BRDA:15,1,0,6
BRDA:18,2,0,0
BRDA:18,2,1,6
BRDA:27,3,0,6
BRDA:27,3,1,0
BRF:6
BRH:3
end_of_record
TN:
SF:app/components/closedloop/ui/RenderPhoneInput.js
FN:13,(anonymous_0)
FN:16,(anonymous_1)
FN:18,(anonymous_2)
FN:42,(anonymous_3)
FN:54,(anonymous_4)
FNF:5
FNH:0
FNDA:0,(anonymous_0)
FNDA:0,(anonymous_1)
FNDA:0,(anonymous_2)
FNDA:0,(anonymous_3)
FNDA:0,(anonymous_4)
DA:13,0
DA:14,0
DA:15,0
DA:16,0
DA:17,0
DA:18,0
DA:23,0
DA:43,0
DA:56,0
DA:57,0
DA:68,0
LF:11
LH:0
BRDA:71,0,0,0
BRDA:71,0,1,0
BRDA:79,1,0,0
BRDA:79,1,1,0
BRF:4
BRH:0
end_of_record
TN:
SF:app/components/closedloop/ui/ShowTitleAndDropdown.js
FN:8,(anonymous_0)
FNF:1
FNH:1
FNDA:6,(anonymous_0)
DA:8,2
DA:17,6
DA:34,2
LF:3
LH:3
BRDA:13,0,0,0
BRDA:15,1,0,4
BRF:2
BRH:1
end_of_record
TN:
SF:app/components/closedloop/ui/ShowTitleAndText.js
FN:8,(anonymous_0)
FNF:1
FNH:0
FNDA:0,(anonymous_0)
DA:8,0
DA:9,0
DA:25,0
LF:3
LH:0
BRDA:17,0,0,0
BRDA:17,0,1,0
BRF:2
BRH:0
end_of_record
TN:
SF:app/components/feedback/Feedback.js
FN:54,Feedback
FN:57,(anonymous_1)
FN:59,(anonymous_2)
FN:84,(anonymous_3)
FN:95,(anonymous_4)
FN:98,(anonymous_5)
FN:102,(anonymous_6)
FN:111,(anonymous_7)
FN:117,(anonymous_8)
FN:127,(anonymous_9)
FN:131,(anonymous_10)
FN:137,(anonymous_11)
FN:183,(anonymous_12)
FN:187,(anonymous_13)
FN:195,(anonymous_14)
FN:199,(anonymous_15)
FN:211,(anonymous_16)
FN:223,(anonymous_17)
FN:227,(anonymous_18)
FN:228,(anonymous_19)
FN:233,(anonymous_20)
FN:243,(anonymous_21)
FN:247,(anonymous_22)
FN:255,(anonymous_23)
FN:263,(anonymous_24)
FN:267,(anonymous_25)
FN:349,(anonymous_26)
FN:393,(anonymous_27)
FN:396,(anonymous_28)
FN:406,(anonymous_29)
FN:411,(anonymous_30)
FN:418,(anonymous_31)
FN:424,(anonymous_32)
FN:435,(anonymous_33)
FN:439,(anonymous_34)
FN:442,(anonymous_35)
FN:461,(anonymous_36)
FN:468,(anonymous_37)
FN:477,(anonymous_38)
FN:501,(anonymous_39)
FN:509,(anonymous_40)
FN:513,(anonymous_41)
FN:520,(anonymous_42)
FN:528,(anonymous_43)
FN:542,(anonymous_44)
FN:551,(anonymous_45)
FN:552,(anonymous_46)
FN:555,(anonymous_47)
FN:558,(anonymous_48)
FNF:49
FNH:0
FNDA:0,Feedback
FNDA:0,(anonymous_1)
FNDA:0,(anonymous_2)
FNDA:0,(anonymous_3)
FNDA:0,(anonymous_4)
FNDA:0,(anonymous_5)
FNDA:0,(anonymous_6)
FNDA:0,(anonymous_7)
FNDA:0,(anonymous_8)
FNDA:0,(anonymous_9)
FNDA:0,(anonymous_10)
FNDA:0,(anonymous_11)
FNDA:0,(anonymous_12)
FNDA:0,(anonymous_13)
FNDA:0,(anonymous_14)
FNDA:0,(anonymous_15)
FNDA:0,(anonymous_16)
FNDA:0,(anonymous_17)
FNDA:0,(anonymous_18)
FNDA:0,(anonymous_19)
FNDA:0,(anonymous_20)
FNDA:0,(anonymous_21)
FNDA:0,(anonymous_22)
FNDA:0,(anonymous_23)
FNDA:0,(anonymous_24)
FNDA:0,(anonymous_25)
FNDA:0,(anonymous_26)
FNDA:0,(anonymous_27)
FNDA:0,(anonymous_28)
FNDA:0,(anonymous_29)
FNDA:0,(anonymous_30)
FNDA:0,(anonymous_31)
FNDA:0,(anonymous_32)
FNDA:0,(anonymous_33)
FNDA:0,(anonymous_34)
FNDA:0,(anonymous_35)
FNDA:0,(anonymous_36)
FNDA:0,(anonymous_37)
FNDA:0,(anonymous_38)
FNDA:0,(anonymous_39)
FNDA:0,(anonymous_40)
FNDA:0,(anonymous_41)
FNDA:0,(anonymous_42)
FNDA:0,(anonymous_43)
FNDA:0,(anonymous_44)
FNDA:0,(anonymous_45)
FNDA:0,(anonymous_46)
FNDA:0,(anonymous_47)
FNDA:0,(anonymous_48)
DA:51,0
DA:52,0
DA:55,0
DA:56,0
DA:57,0
DA:59,0
DA:60,0
DA:61,0
DA:62,0
DA:63,0
DA:64,0
DA:66,0
DA:68,0
DA:69,0
DA:71,0
DA:77,0
DA:80,0
DA:81,0
DA:82,0
DA:84,0
DA:85,0
DA:86,0
DA:87,0
DA:89,0
DA:91,0
DA:95,0
DA:96,0
DA:98,0
DA:99,0
DA:102,0
DA:103,0
DA:111,0
DA:112,0
DA:119,0
DA:120,0
DA:127,0
DA:128,0
DA:129,0
DA:131,0
DA:132,0
DA:133,0
DA:135,0
DA:137,0
DA:141,0
DA:142,0
DA:143,0
DA:151,0
DA:157,0
DA:183,0
DA:184,0
DA:187,0
DA:188,0
DA:189,0
DA:191,0
DA:195,0
DA:196,0
DA:199,0
DA:200,0
DA:201,0
DA:202,0
DA:203,0
DA:204,0
DA:206,0
DA:211,0
DA:216,0
DA:218,0
DA:219,0
DA:223,0
DA:224,0
DA:227,0
DA:228,0
DA:229,0
DA:233,0
DA:234,0
DA:235,0
DA:237,0
DA:239,0
DA:243,0
DA:244,0
DA:247,0
DA:248,0
DA:255,0
DA:256,0
DA:258,0
DA:259,0
DA:260,0
DA:263,0
DA:264,0
DA:267,0
DA:268,0
DA:346,0
DA:349,0
DA:350,0
DA:393,0
DA:394,0
DA:395,0
DA:396,0
DA:397,0
DA:400,0
DA:401,0
DA:404,0
DA:406,0
DA:407,0
DA:408,0
DA:411,0
DA:412,0
DA:414,0
DA:418,0
DA:419,0
DA:420,0
DA:424,0
DA:425,0
DA:426,0
DA:435,0
DA:436,0
DA:439,0
DA:440,0
DA:443,0
DA:461,0
DA:464,0
DA:468,0
DA:477,0
DA:478,0
DA:501,0
DA:504,0
DA:509,0
DA:510,0
DA:513,0
DA:514,0
DA:515,0
DA:520,0
DA:529,0
DA:539,0
DA:542,0
DA:543,0
DA:551,0
DA:553,0
DA:556,0
DA:559,0
DA:565,0
LF:140
LH:0
BRDA:89,0,0,0
BRDA:89,0,1,0
BRDA:142,1,0,0
BRDA:142,1,1,0
BRDA:142,2,0,0
BRDA:142,2,1,0
BRDA:188,3,0,0
BRDA:188,3,1,0
BRDA:189,4,0,0
BRDA:189,4,1,0
BRDA:196,5,0,0
BRDA:196,5,1,0
BRDA:202,6,0,0
BRDA:202,6,1,0
BRDA:202,7,0,0
BRDA:202,7,1,0
BRDA:203,8,0,0
BRDA:203,8,1,0
BRDA:235,9,0,0
BRDA:235,9,1,0
BRDA:332,10,0,0
BRDA:332,10,1,0
BRDA:407,11,0,0
BRDA:407,11,1,0
BRDA:412,12,0,0
BRDA:412,12,1,0
BRDA:419,13,0,0
BRDA:419,13,1,0
BRF:28
BRH:0
end_of_record
TN:
SF:app/components/feedback/FeedbackDetails.js
FN:42,(anonymous_0)
FN:51,(anonymous_1)
FN:54,(anonymous_2)
FN:60,(anonymous_3)
FN:70,(anonymous_4)
FN:82,(anonymous_5)
FN:83,(anonymous_6)
FN:89,(anonymous_7)
FN:90,(anonymous_8)
FN:100,FeedbackDetails
FN:102,(anonymous_10)
FN:104,(anonymous_11)
FN:106,(anonymous_12)
FN:114,(anonymous_13)
FN:121,(anonymous_14)
FN:140,(anonymous_15)
FN:152,(anonymous_16)
FN:202,(anonymous_17)
FN:252,(anonymous_18)
FNF:19
FNH:0
FNDA:0,(anonymous_0)
FNDA:0,(anonymous_1)
FNDA:0,(anonymous_2)
FNDA:0,(anonymous_3)
FNDA:0,(anonymous_4)
FNDA:0,(anonymous_5)
FNDA:0,(anonymous_6)
FNDA:0,(anonymous_7)
FNDA:0,(anonymous_8)
FNDA:0,FeedbackDetails
FNDA:0,(anonymous_10)
FNDA:0,(anonymous_11)
FNDA:0,(anonymous_12)
FNDA:0,(anonymous_13)
FNDA:0,(anonymous_14)
FNDA:0,(anonymous_15)
FNDA:0,(anonymous_16)
FNDA:0,(anonymous_17)
FNDA:0,(anonymous_18)
DA:42,0
DA:43,0
DA:51,0
DA:52,0
DA:54,0
DA:58,0
DA:60,0
DA:64,0
DA:70,0
DA:71,0
DA:77,0
DA:82,0
DA:84,0
DA:89,0
DA:90,0
DA:101,0
DA:102,0
DA:104,0
DA:105,0
DA:106,0
DA:108,0
DA:109,0
DA:110,0
DA:111,0
DA:113,0
DA:114,0
DA:115,0
DA:121,0
DA:122,0
DA:123,0
DA:124,0
DA:130,0
DA:131,0
DA:137,0
DA:140,0
DA:141,0
DA:142,0
DA:146,0
DA:152,0
DA:153,0
DA:158,0
DA:159,0
DA:160,0
DA:174,0
DA:200,0
DA:202,0
DA:203,0
DA:252,0
DA:253,0
DA:261,0
LF:50
LH:0
BRDA:58,0,0,0
BRDA:58,0,1,0
BRDA:58,0,2,0
BRDA:77,1,0,0
BRDA:77,1,1,0
BRDA:130,2,0,0
BRDA:130,2,1,0
BRDA:134,3,0,0
BRDA:134,3,1,0
BRDA:158,4,0,0
BRDA:158,4,1,0
BRDA:158,5,0,0
BRDA:158,5,1,0
BRF:13
BRH:0
end_of_record
TN:
SF:app/components/feedback/FeedbackSorter.js
FN:10,FeedbackSorter
FN:19,(anonymous_1)
FN:36,(anonymous_2)
FNF:3
FNH:0
FNDA:0,FeedbackSorter
FNDA:0,(anonymous_1)
FNDA:0,(anonymous_2)
DA:11,0
DA:18,0
DA:19,0
DA:21,0
DA:37,0
DA:38,0
DA:52,0
LF:7
LH:0
BRDA:18,0,0,0
BRDA:18,0,1,0
BRF:2
BRH:0
end_of_record
TN:
SF:app/components/feedback/NoResponsesFound.js
FN:6,(anonymous_0)
FNF:1
FNH:1
FNDA:3,(anonymous_0)
DA:6,1
DA:7,3
DA:17,1
LF:3
LH:3
BRF:0
BRH:0
end_of_record
TN:
SF:app/components/feedback/Responses.js
FN:12,(anonymous_0)
FN:14,(anonymous_1)
FN:15,(anonymous_2)
FN:16,(anonymous_3)
FN:24,(anonymous_4)
FN:29,(anonymous_5)
FN:40,(anonymous_6)
FN:52,(anonymous_7)
FNF:8
FNH:0
FNDA:0,(anonymous_0)
FNDA:0,(anonymous_1)
FNDA:0,(anonymous_2)
FNDA:0,(anonymous_3)
FNDA:0,(anonymous_4)
FNDA:0,(anonymous_5)
FNDA:0,(anonymous_6)
FNDA:0,(anonymous_7)
DA:12,0
DA:13,0
DA:14,0
DA:15,0
DA:16,0
DA:17,0
DA:24,0
DA:25,0
DA:29,0
DA:35,0
DA:40,0
DA:53,0
DA:63,0
LF:13
LH:0
BRDA:46,0,0,0
BRDA:46,0,1,0
BRF:2
BRH:0
end_of_record
TN:
SF:app/components/feedback/SearchFeedback.js
FN:28,SearchFeedback
FN:29,(anonymous_1)
FN:30,(anonymous_2)
FN:39,(anonymous_3)
FN:45,(anonymous_4)
FN:51,(anonymous_5)
FN:64,(anonymous_6)
FN:79,(anonymous_7)
FN:86,(anonymous_8)
FN:90,(anonymous_9)
FN:100,(anonymous_10)
FN:112,(anonymous_11)
FN:116,(anonymous_12)
FN:124,(anonymous_13)
FN:129,(anonymous_14)
FN:135,(anonymous_15)
FN:143,(anonymous_16)
FN:151,(anonymous_17)
FN:155,(anonymous_18)
FN:158,(anonymous_19)
FN:172,(anonymous_20)
FN:177,(anonymous_21)
FN:186,(anonymous_22)
FNF:23
FNH:0
FNDA:0,SearchFeedback
FNDA:0,(anonymous_1)
FNDA:0,(anonymous_2)
FNDA:0,(anonymous_3)
FNDA:0,(anonymous_4)
FNDA:0,(anonymous_5)
FNDA:0,(anonymous_6)
FNDA:0,(anonymous_7)
FNDA:0,(anonymous_8)
FNDA:0,(anonymous_9)
FNDA:0,(anonymous_10)
FNDA:0,(anonymous_11)
FNDA:0,(anonymous_12)
FNDA:0,(anonymous_13)
FNDA:0,(anonymous_14)
FNDA:0,(anonymous_15)
FNDA:0,(anonymous_16)
FNDA:0,(anonymous_17)
FNDA:0,(anonymous_18)
FNDA:0,(anonymous_19)
FNDA:0,(anonymous_20)
FNDA:0,(anonymous_21)
FNDA:0,(anonymous_22)
DA:29,0
DA:30,0
DA:32,0
DA:33,0
DA:34,0
DA:35,0
DA:37,0
DA:39,0
DA:40,0
DA:41,0
DA:45,0
DA:46,0
DA:47,0
DA:51,0
DA:52,0
DA:53,0
DA:54,0
DA:61,0
DA:65,0
DA:66,0
DA:72,0
DA:75,0
DA:76,0
DA:80,0
DA:81,0
DA:86,0
DA:87,0
DA:90,0
DA:91,0
DA:100,0
DA:101,0
DA:109,0
DA:112,0
DA:113,0
DA:116,0
DA:124,0
DA:125,0
DA:129,0
DA:136,0
DA:143,0
DA:144,0
DA:151,0
DA:152,0
DA:156,0
DA:159,0
DA:160,0
DA:172,0
DA:173,0
DA:178,0
DA:186,0
DA:187,0
DA:195,0
DA:205,0
LF:53
LH:0
BRDA:40,0,0,0
BRDA:40,0,1,0
BRDA:46,1,0,0
BRDA:46,1,1,0
BRDA:65,2,0,0
BRDA:65,2,1,0
BRDA:66,3,0,0
BRDA:66,3,1,0
BRDA:67,4,0,0
BRDA:67,4,1,0
BRDA:67,4,2,0
BRDA:72,5,0,0
BRDA:72,5,1,0
BRDA:80,6,0,0
BRDA:80,6,1,0
BRDA:200,7,0,0
BRDA:200,7,1,0
BRF:17
BRH:0
end_of_record
TN:
SF:app/components/feedback/feedbackCell/FeedbackCells.js
FN:31,(anonymous_0)
FN:42,(anonymous_1)
FN:44,(anonymous_2)
FN:52,(anonymous_3)
FN:61,showName
FN:73,(anonymous_5)
FN:91,(anonymous_6)
FN:101,(anonymous_7)
FN:112,(anonymous_8)
FN:115,(anonymous_9)
FN:123,(anonymous_10)
FN:137,(anonymous_11)
FN:157,(anonymous_12)
FN:206,(anonymous_13)
FN:214,(anonymous_14)
FN:216,(anonymous_15)
FN:235,(anonymous_16)
FN:244,(anonymous_17)
FN:264,FeedbackCell
FN:269,(anonymous_19)
FN:303,isSurveyTakenAfterJuneFirst
FNF:21
FNH:0
FNDA:0,(anonymous_0)
FNDA:0,(anonymous_1)
FNDA:0,(anonymous_2)
FNDA:0,(anonymous_3)
FNDA:0,showName
FNDA:0,(anonymous_5)
FNDA:0,(anonymous_6)
FNDA:0,(anonymous_7)
FNDA:0,(anonymous_8)
FNDA:0,(anonymous_9)
FNDA:0,(anonymous_10)
FNDA:0,(anonymous_11)
FNDA:0,(anonymous_12)
FNDA:0,(anonymous_13)
FNDA:0,(anonymous_14)
FNDA:0,(anonymous_15)
FNDA:0,(anonymous_16)
FNDA:0,(anonymous_17)
FNDA:0,FeedbackCell
FNDA:0,(anonymous_19)
FNDA:0,isSurveyTakenAfterJuneFirst
DA:31,0
DA:34,0
DA:42,0
DA:43,0
DA:52,0
DA:53,0
DA:62,0
DA:63,0
DA:64,0
DA:65,0
DA:66,0
DA:67,0
DA:69,0
DA:73,0
DA:74,0
DA:76,0
DA:79,0
DA:91,0
DA:92,0
DA:101,0
DA:102,0
DA:112,0
DA:114,0
DA:123,0
DA:124,0
DA:137,0
DA:144,0
DA:145,0
DA:155,0
DA:157,0
DA:158,0
DA:166,0
DA:206,0
DA:213,0
DA:214,0
DA:216,0
DA:217,0
DA:222,0
DA:226,0
DA:227,0
DA:233,0
DA:236,0
DA:237,0
DA:244,0
DA:250,0
DA:252,0
DA:257,0
DA:265,0
DA:266,0
DA:267,0
DA:269,0
DA:270,0
DA:271,0
DA:272,0
DA:278,0
DA:280,0
DA:304,0
DA:308,0
DA:309,0
DA:311,0
LF:60
LH:0
BRDA:43,0,0,0
BRDA:43,0,1,0
BRDA:62,1,0,0
BRDA:62,1,1,0
BRDA:62,2,0,0
BRDA:62,2,1,0
BRDA:63,3,0,0
BRDA:63,3,1,0
BRDA:64,4,0,0
BRDA:64,4,1,0
BRDA:66,5,0,0
BRDA:66,5,1,0
BRDA:76,6,0,0
BRDA:76,6,1,0
BRDA:76,7,0,0
BRDA:76,7,1,0
BRDA:81,8,0,0
BRDA:81,8,1,0
BRDA:83,9,0,0
BRDA:83,9,1,0
BRDA:84,10,0,0
BRDA:84,10,1,0
BRDA:114,11,0,0
BRDA:114,11,1,0
BRDA:124,12,0,0
BRDA:124,12,1,0
BRDA:160,13,0,0
BRDA:160,13,1,0
BRDA:161,14,0,0
BRDA:161,14,1,0
BRDA:162,15,0,0
BRDA:162,15,1,0
BRDA:181,16,0,0
BRDA:181,16,1,0
BRDA:196,17,0,0
BRDA:196,17,1,0
BRDA:196,17,2,0
BRDA:222,18,0,0
BRDA:222,18,1,0
BRDA:223,19,0,0
BRDA:223,19,1,0
BRDA:253,20,0,0
BRDA:253,20,1,0
BRDA:253,21,0,0
BRDA:253,21,1,0
BRDA:258,22,0,0
BRDA:258,22,1,0
BRDA:270,23,0,0
BRDA:270,23,1,0
BRDA:278,24,0,0
BRDA:278,24,1,0
BRF:51
BRH:0
end_of_record
TN:
SF:app/components/feedback/feedbackCell/NewResponse.js
FN:7,(anonymous_0)
FNF:1
FNH:0
FNDA:0,(anonymous_0)
DA:7,0
DA:8,0
LF:2
LH:0
BRF:0
BRH:0
end_of_record
TN:
SF:app/components/feedback/feedbackCell/NewResponseDot.js
FN:7,(anonymous_0)
FNF:1
FNH:1
FNDA:3,(anonymous_0)
DA:7,1
DA:8,3
DA:21,1
LF:3
LH:3
BRDA:7,0,0,1
BRDA:13,1,0,1
BRDA:13,1,1,2
BRF:3
BRH:3
end_of_record
TN:
SF:app/components/feedback/feedbackdetails/ResponseActivity.js
FN:28,(anonymous_0)
FN:32,(anonymous_1)
FN:37,(anonymous_2)
FN:45,(anonymous_3)
FN:76,(anonymous_4)
FN:119,(anonymous_5)
FN:131,(anonymous_6)
FN:162,(anonymous_7)
FN:177,(anonymous_8)
FNF:9
FNH:0
FNDA:0,(anonymous_0)
FNDA:0,(anonymous_1)
FNDA:0,(anonymous_2)
FNDA:0,(anonymous_3)
FNDA:0,(anonymous_4)
FNDA:0,(anonymous_5)
FNDA:0,(anonymous_6)
FNDA:0,(anonymous_7)
FNDA:0,(anonymous_8)
DA:28,0
DA:29,0
DA:30,0
DA:31,0
DA:32,0
DA:37,0
DA:38,0
DA:45,0
DA:46,0
DA:76,0
DA:77,0
DA:78,0
DA:80,0
DA:82,0
DA:83,0
DA:84,0
DA:86,0
DA:87,0
DA:88,0
DA:90,0
DA:91,0
DA:92,0
DA:94,0
DA:95,0
DA:96,0
DA:98,0
DA:99,0
DA:100,0
DA:102,0
DA:105,0
DA:119,0
DA:120,0
DA:131,0
DA:132,0
DA:162,0
DA:163,0
DA:177,0
DA:193,0
DA:204,0
LF:39
LH:0
BRDA:80,0,0,0
BRDA:80,0,1,0
BRDA:80,0,2,0
BRDA:80,0,3,0
BRDA:80,0,4,0
BRDA:80,0,5,0
BRDA:137,1,0,0
BRDA:137,1,1,0
BRDA:154,2,0,0
BRDA:154,2,1,0
BRDA:166,3,0,0
BRDA:166,3,1,0
BRDA:167,4,0,0
BRDA:167,4,1,0
BRDA:167,5,0,0
BRDA:167,5,1,0
BRF:16
BRH:0
end_of_record
TN:
SF:app/components/feedback/feedbackdetails/ResponseFeedback.js
FN:15,(anonymous_0)
FN:18,(anonymous_1)
FN:22,(anonymous_2)
FN:36,(anonymous_3)
FNF:4
FNH:0
FNDA:0,(anonymous_0)
FNDA:0,(anonymous_1)
FNDA:0,(anonymous_2)
FNDA:0,(anonymous_3)
DA:15,0
DA:16,0
DA:18,0
DA:19,0
DA:22,0
DA:23,0
DA:31,0
DA:36,0
DA:48,0
LF:9
LH:0
BRF:0
BRH:0
end_of_record
TN:
SF:app/components/feedback/feedbackdetails/ResponseProfile.js
FN:23,(anonymous_0)
FN:24,(anonymous_1)
FN:26,(anonymous_2)
FN:30,(anonymous_3)
FN:44,(anonymous_4)
FN:59,(anonymous_5)
FN:72,(anonymous_6)
FN:75,(anonymous_7)
FN:87,(anonymous_8)
FN:90,(anonymous_9)
FN:102,(anonymous_10)
FN:115,(anonymous_11)
FN:126,(anonymous_12)
FN:139,(anonymous_13)
FNF:14
FNH:0
FNDA:0,(anonymous_0)
FNDA:0,(anonymous_1)
FNDA:0,(anonymous_2)
FNDA:0,(anonymous_3)
FNDA:0,(anonymous_4)
FNDA:0,(anonymous_5)
FNDA:0,(anonymous_6)
FNDA:0,(anonymous_7)
FNDA:0,(anonymous_8)
FNDA:0,(anonymous_9)
FNDA:0,(anonymous_10)
FNDA:0,(anonymous_11)
FNDA:0,(anonymous_12)
FNDA:0,(anonymous_13)
DA:23,0
DA:24,0
DA:25,0
DA:26,0
DA:27,0
DA:28,0
DA:30,0
DA:31,0
DA:32,0
DA:44,0
DA:45,0
DA:46,0
DA:59,0
DA:60,0
DA:72,0
DA:73,0
DA:76,0
DA:87,0
DA:88,0
DA:91,0
DA:102,0
DA:103,0
DA:115,0
DA:116,0
DA:126,0
DA:127,0
DA:139,0
DA:140,0
DA:156,0
DA:169,0
LF:30
LH:0
BRDA:63,0,0,0
BRDA:63,0,1,0
BRDA:66,1,0,0
BRDA:66,1,1,0
BRDA:81,2,0,0
BRDA:81,2,1,0
BRDA:96,3,0,0
BRDA:96,3,1,0
BRDA:109,4,0,0
BRDA:109,4,1,0
BRDA:133,5,0,0
BRDA:133,5,1,0
BRF:12
BRH:0
end_of_record
TN:
SF:app/components/login/ForgotPassword.js
FN:47,(anonymous_0)
FN:54,(anonymous_1)
FN:73,(anonymous_2)
FN:95,(anonymous_3)
FN:102,(anonymous_4)
FN:105,(anonymous_5)
FN:111,(anonymous_6)
FN:119,(anonymous_7)
FN:125,(anonymous_8)
FN:137,(anonymous_9)
FN:150,(anonymous_10)
FN:154,(anonymous_11)
FN:159,(anonymous_12)
FN:175,(anonymous_13)
FN:206,(anonymous_14)
FN:207,(anonymous_15)
FN:218,(anonymous_16)
FN:219,(anonymous_17)
FN:246,(anonymous_18)
FN:256,(anonymous_19)
FN:257,(anonymous_20)
FN:260,(anonymous_21)
FN:263,(anonymous_22)
FN:266,(anonymous_23)
FN:269,(anonymous_24)
FN:272,(anonymous_25)
FNF:26
FNH:0
FNDA:0,(anonymous_0)
FNDA:0,(anonymous_1)
FNDA:0,(anonymous_2)
FNDA:0,(anonymous_3)
FNDA:0,(anonymous_4)
FNDA:0,(anonymous_5)
FNDA:0,(anonymous_6)
FNDA:0,(anonymous_7)
FNDA:0,(anonymous_8)
FNDA:0,(anonymous_9)
FNDA:0,(anonymous_10)
FNDA:0,(anonymous_11)
FNDA:0,(anonymous_12)
FNDA:0,(anonymous_13)
FNDA:0,(anonymous_14)
FNDA:0,(anonymous_15)
FNDA:0,(anonymous_16)
FNDA:0,(anonymous_17)
FNDA:0,(anonymous_18)
FNDA:0,(anonymous_19)
FNDA:0,(anonymous_20)
FNDA:0,(anonymous_21)
FNDA:0,(anonymous_22)
FNDA:0,(anonymous_23)
FNDA:0,(anonymous_24)
FNDA:0,(anonymous_25)
DA:44,0
DA:45,0
DA:47,0
DA:48,0
DA:49,0
DA:50,0
DA:52,0
DA:54,0
DA:55,0
DA:61,0
DA:62,0
DA:63,0
DA:68,0
DA:73,0
DA:74,0
DA:75,0
DA:79,0
DA:80,0
DA:82,0
DA:83,0
DA:88,0
DA:89,0
DA:95,0
DA:96,0
DA:97,0
DA:100,0
DA:101,0
DA:102,0
DA:103,0
DA:105,0
DA:106,0
DA:111,0
DA:112,0
DA:113,0
DA:114,0
DA:115,0
DA:119,0
DA:120,0
DA:121,0
DA:125,0
DA:126,0
DA:127,0
DA:131,0
DA:132,0
DA:133,0
DA:137,0
DA:138,0
DA:139,0
DA:140,0
DA:142,0
DA:143,0
DA:144,0
DA:146,0
DA:147,0
DA:150,0
DA:151,0
DA:152,0
DA:154,0
DA:155,0
DA:156,0
DA:159,0
DA:160,0
DA:175,0
DA:176,0
DA:207,0
DA:208,0
DA:219,0
DA:220,0
DA:232,0
DA:246,0
DA:247,0
DA:256,0
DA:258,0
DA:261,0
DA:264,0
DA:267,0
DA:270,0
DA:273,0
DA:279,0
LF:79
LH:0
BRDA:55,0,0,0
BRDA:55,0,1,0
BRDA:56,1,0,0
BRDA:56,1,1,0
BRDA:56,1,2,0
BRDA:56,1,3,0
BRDA:62,2,0,0
BRDA:62,2,1,0
BRDA:74,3,0,0
BRDA:74,3,1,0
BRDA:75,4,0,0
BRDA:75,4,1,0
BRDA:76,5,0,0
BRDA:76,5,1,0
BRDA:82,6,0,0
BRDA:82,6,1,0
BRDA:96,7,0,0
BRDA:96,7,1,0
BRDA:96,8,0,0
BRDA:96,8,1,0
BRDA:97,9,0,0
BRDA:97,9,1,0
BRDA:100,10,0,0
BRDA:100,10,1,0
BRDA:112,11,0,0
BRDA:112,11,1,0
BRDA:112,12,0,0
BRDA:112,12,1,0
BRDA:120,13,0,0
BRDA:120,13,1,0
BRDA:126,14,0,0
BRDA:126,14,1,0
BRDA:138,15,0,0
BRDA:138,15,1,0
BRDA:142,16,0,0
BRDA:142,16,1,0
BRDA:160,17,0,0
BRDA:160,17,1,0
BRDA:185,18,0,0
BRDA:185,18,1,0
BRF:40
BRH:0
end_of_record
TN:
SF:app/components/login/Login.js
FN:51,(anonymous_0)
FN:71,(anonymous_1)
FN:83,(anonymous_2)
FN:84,cleanup
FN:92,(anonymous_4)
FN:98,(anonymous_5)
FN:104,(anonymous_6)
FN:119,(anonymous_7)
FN:129,callClfAuth
FN:141,(anonymous_9)
FN:143,(anonymous_10)
FN:146,(anonymous_11)
FN:155,(anonymous_12)
FN:165,(anonymous_13)
FN:173,(anonymous_14)
FN:197,(anonymous_15)
FN:226,(anonymous_16)
FN:235,(anonymous_17)
FN:244,(anonymous_18)
FN:253,(anonymous_19)
FN:266,(anonymous_20)
FN:298,(anonymous_21)
FN:299,(anonymous_22)
FN:312,(anonymous_23)
FN:313,(anonymous_24)
FN:326,(anonymous_25)
FN:327,(anonymous_26)
FN:365,(anonymous_27)
FN:380,(anonymous_28)
FN:381,(anonymous_29)
FN:385,(anonymous_30)
FN:389,(anonymous_31)
FN:394,(anonymous_32)
FN:397,(anonymous_33)
FN:400,(anonymous_34)
FNF:35
FNH:0
FNDA:0,(anonymous_0)
FNDA:0,(anonymous_1)
FNDA:0,(anonymous_2)
FNDA:0,cleanup
FNDA:0,(anonymous_4)
FNDA:0,(anonymous_5)
FNDA:0,(anonymous_6)
FNDA:0,(anonymous_7)
FNDA:0,callClfAuth
FNDA:0,(anonymous_9)
FNDA:0,(anonymous_10)
FNDA:0,(anonymous_11)
FNDA:0,(anonymous_12)
FNDA:0,(anonymous_13)
FNDA:0,(anonymous_14)
FNDA:0,(anonymous_15)
FNDA:0,(anonymous_16)
FNDA:0,(anonymous_17)
FNDA:0,(anonymous_18)
FNDA:0,(anonymous_19)
FNDA:0,(anonymous_20)
FNDA:0,(anonymous_21)
FNDA:0,(anonymous_22)
FNDA:0,(anonymous_23)
FNDA:0,(anonymous_24)
FNDA:0,(anonymous_25)
FNDA:0,(anonymous_26)
FNDA:0,(anonymous_27)
FNDA:0,(anonymous_28)
FNDA:0,(anonymous_29)
FNDA:0,(anonymous_30)
FNDA:0,(anonymous_31)
FNDA:0,(anonymous_32)
FNDA:0,(anonymous_33)
FNDA:0,(anonymous_34)
DA:49,0
DA:51,0
DA:52,0
DA:71,0
DA:72,0
DA:73,0
DA:75,0
DA:81,0
DA:83,0
DA:84,0
DA:85,0
DA:87,0
DA:88,0
DA:92,0
DA:93,0
DA:94,0
DA:95,0
DA:96,0
DA:97,0
DA:98,0
DA:99,0
DA:104,0
DA:105,0
DA:106,0
DA:107,0
DA:108,0
DA:109,0
DA:110,0
DA:111,0
DA:112,0
DA:113,0
DA:115,0
DA:119,0
DA:120,0
DA:121,0
DA:123,0
DA:125,0
DA:130,0
DA:138,0
DA:141,0
DA:142,0
DA:143,0
DA:144,0
DA:145,0
DA:146,0
DA:148,0
DA:150,0
DA:155,0
DA:156,0
DA:157,0
DA:158,0
DA:162,0
DA:165,0
DA:168,0
DA:169,0
DA:173,0
DA:174,0
DA:175,0
DA:187,0
DA:191,0
DA:193,0
DA:197,0
DA:199,0
DA:201,0
DA:202,0
DA:203,0
DA:205,0
DA:207,0
DA:208,0
DA:209,0
DA:211,0
DA:214,0
DA:215,0
DA:216,0
DA:218,0
DA:220,0
DA:221,0
DA:223,0
DA:226,0
DA:227,0
DA:228,0
DA:229,0
DA:235,0
DA:236,0
DA:237,0
DA:244,0
DA:245,0
DA:246,0
DA:253,0
DA:254,0
DA:255,0
DA:266,0
DA:267,0
DA:299,0
DA:300,0
DA:313,0
DA:314,0
DA:327,0
DA:328,0
DA:351,0
DA:365,0
DA:366,0
DA:380,0
DA:382,0
DA:383,0
DA:386,0
DA:387,0
DA:390,0
DA:391,0
DA:392,0
DA:395,0
DA:398,0
DA:401,0
LF:113
LH:0
BRDA:52,0,0,0
BRDA:52,0,1,0
BRDA:94,1,0,0
BRDA:94,1,1,0
BRDA:94,2,0,0
BRDA:94,2,1,0
BRDA:95,3,0,0
BRDA:95,3,1,0
BRDA:105,4,0,0
BRDA:105,4,1,0
BRDA:105,5,0,0
BRDA:105,5,1,0
BRDA:120,6,0,0
BRDA:120,6,1,0
BRDA:120,7,0,0
BRDA:120,7,1,0
BRDA:144,8,0,0
BRDA:144,8,1,0
BRDA:157,9,0,0
BRDA:157,9,1,0
BRDA:158,10,0,0
BRDA:158,10,1,0
BRDA:168,11,0,0
BRDA:168,11,1,0
BRDA:168,12,0,0
BRDA:168,12,1,0
BRDA:174,13,0,0
BRDA:174,13,1,0
BRDA:187,14,0,0
BRDA:187,14,1,0
BRDA:188,15,0,0
BRDA:188,15,1,0
BRDA:201,16,0,0
BRDA:201,16,1,0
BRDA:207,17,0,0
BRDA:207,17,1,0
BRDA:214,18,0,0
BRDA:214,18,1,0
BRDA:236,19,0,0
BRDA:236,19,1,0
BRDA:245,20,0,0
BRDA:245,20,1,0
BRDA:254,21,0,0
BRDA:254,21,1,0
BRDA:276,22,0,0
BRDA:276,22,1,0
BRF:46
BRH:0
end_of_record
TN:
SF:app/components/login/MarketingScreen.js
FN:22,(anonymous_0)
FN:34,(anonymous_1)
FN:65,getMarketingScreenContent
FN:97,IntroPage
FNF:4
FNH:0
FNDA:0,(anonymous_0)
FNDA:0,(anonymous_1)
FNDA:0,getMarketingScreenContent
FNDA:0,IntroPage
DA:20,1
DA:22,1
DA:23,0
DA:25,0
DA:26,0
DA:27,0
DA:34,0
DA:36,0
DA:37,0
DA:40,0
DA:66,0
DA:98,0
DA:99,0
DA:118,1
LF:14
LH:3
BRDA:122,0,0,1
BRDA:122,0,1,0
BRDA:163,1,0,0
BRDA:163,1,1,1
BRDA:174,2,0,0
BRDA:174,2,1,1
BRF:6
BRH:3
end_of_record
TN:
SF:app/components/login/ResetPassword.js
FN:39,(anonymous_0)
FN:45,(anonymous_1)
FN:53,(anonymous_2)
FN:57,(anonymous_3)
[...]
BRDA:187,12,0,0
BRDA:187,12,1,0
BRDA:205,13,0,0
BRDA:205,13,1,0
BRDA:206,14,0,0
BRDA:206,14,1,0
BRDA:207,15,0,0
BRDA:207,15,1,0
BRDA:208,16,0,0
BRDA:208,16,1,0
BRDA:216,17,0,0
BRDA:216,17,1,0
BRDA:220,18,0,0
BRDA:220,18,1,0
BRDA:224,19,0,0
BRDA:224,19,1,0
BRDA:238,20,0,0
BRDA:238,20,1,0
BRDA:245,21,0,0
BRDA:245,21,1,0
BRDA:262,22,0,0
BRDA:262,22,1,0
BRDA:262,23,0,0
BRDA:262,23,1,0
BRDA:274,24,0,0
BRDA:274,24,1,0
BRDA:274,25,0,0
BRDA:274,25,1,0
BRDA:276,26,0,0
BRDA:276,26,1,0
BRDA:306,27,0,0
BRDA:306,27,1,0
BRDA:325,28,0,0
BRDA:325,28,1,0
BRDA:334,29,0,0
BRDA:334,29,1,0
BRDA:339,30,0,0
BRDA:339,30,1,0
BRDA:344,31,0,0
BRDA:344,31,1,0
BRDA:348,32,0,0
BRDA:348,32,1,0
BRDA:348,32,2,0
BRDA:348,32,3,0
BRDA:348,32,4,0
BRDA:351,33,0,0
BRDA:351,33,1,0
BRDA:357,34,0,0
BRDA:357,34,1,0
BRDA:362,35,0,0
BRDA:362,35,1,0
BRDA:362,36,0,0
BRDA:362,36,1,0
BRDA:369,37,0,0
BRDA:369,37,1,0
BRDA:369,38,0,0
BRDA:369,38,1,0
BRDA:400,39,0,0
BRDA:400,39,1,0
BRDA:425,40,0,0
BRDA:425,40,1,0
BRDA:430,41,0,0
BRDA:430,41,1,0
BRDA:431,42,0,0
BRDA:431,42,1,0
BRDA:443,43,0,0
BRDA:443,43,1,0
BRDA:448,44,0,0
BRDA:448,44,1,0
BRDA:448,44,2,0
BRDA:448,44,3,0
BRDA:448,44,4,0
BRDA:478,45,0,0
BRDA:478,45,1,0
BRDA:478,46,0,0
BRDA:478,46,1,0
BRDA:481,47,0,0
BRDA:481,47,1,0
BRDA:481,47,2,0
BRDA:489,48,0,0
BRDA:489,48,1,0
BRDA:489,49,0,0
BRDA:489,49,1,0
BRF:108
BRH:0
end_of_record
TN:
SF:app/widgets/qp-calendar/component-updater.js
FN:3,shouldUpdate
FNF:1
FNH:0
FNDA:0,shouldUpdate
DA:1,0
DA:4,0
DA:5,0
DA:6,0
DA:7,0
DA:10,0
DA:13,0
LF:7
LH:0
BRDA:6,0,0,0
BRDA:6,0,1,0
BRF:2
BRH:0
end_of_record
TN:
SF:app/widgets/qp-calendar/dateutils.js
FN:3,sameMonth
FN:9,sameDate
FN:16,isGTE
FN:20,isLTE
FN:24,fromTo
FN:33,month
FN:43,weekDayNames
FN:52,page
FNF:8
FNH:0
FNDA:0,sameMonth
FNDA:0,sameDate
FNDA:0,isGTE
FNDA:0,isLTE
FNDA:0,fromTo
FNDA:0,month
FNDA:0,weekDayNames
FNDA:0,page
DA:1,0
DA:4,0
DA:10,0
DA:17,0
DA:21,0
DA:25,0
DA:26,0
DA:27,0
DA:28,0
DA:30,0
DA:34,0
DA:35,0
DA:37,0
DA:38,0
DA:40,0
DA:44,0
DA:45,0
DA:46,0
DA:47,0
DA:49,0
DA:53,0
DA:54,0
DA:56,0
DA:57,0
DA:59,0
DA:61,0
DA:62,0
DA:64,0
DA:65,0
DA:68,0
DA:69,0
DA:70,0
DA:71,0
DA:74,0
DA:76,0
DA:77,0
DA:80,0
DA:81,0
DA:84,0
DA:85,0
DA:88,0
DA:91,0
LF:42
LH:0
BRDA:4,0,0,0
BRDA:4,0,1,0
BRDA:4,0,2,0
BRDA:4,0,3,0
BRDA:10,1,0,0
BRDA:10,1,1,0
BRDA:10,1,2,0
BRDA:10,1,3,0
BRDA:10,1,4,0
BRDA:43,2,0,0
BRDA:46,3,0,0
BRDA:46,3,1,0
BRDA:56,4,0,0
BRDA:56,4,1,0
BRDA:59,5,0,0
BRDA:59,5,1,0
BRDA:64,6,0,0
BRDA:64,6,1,0
BRDA:70,7,0,0
BRDA:70,7,1,0
BRDA:76,8,0,0
BRDA:76,8,1,0
BRDA:76,9,0,0
BRDA:76,9,1,0
BRDA:80,10,0,0
BRDA:80,10,1,0
BRDA:84,11,0,0
BRDA:84,11,1,0
BRF:28
BRH:0
end_of_record
TN:
SF:app/widgets/qp-calendar/index.js
FNF:0
FNH:0
LF:0
LH:0
BRF:0
BRH:0
end_of_record
TN:
SF:app/widgets/qp-calendar/input.js
FN:2,(anonymous_0)
FN:8,(anonymous_1)
FN:20,(anonymous_2)
FN:22,(anonymous_3)
FN:26,(anonymous_4)
FNF:5
FNH:0
FNDA:0,(anonymous_0)
FNDA:0,(anonymous_1)
FNDA:0,(anonymous_2)
FNDA:0,(anonymous_3)
FNDA:0,(anonymous_4)
DA:3,0
DA:4,0
DA:5,0
DA:9,0
DA:10,0
DA:11,0
DA:12,0
DA:13,0
DA:16,0
DA:17,0
DA:21,0
DA:22,0
DA:23,0
DA:27,0
DA:28,0
DA:29,0
LF:16
LH:0
BRDA:10,0,0,0
BRDA:10,0,1,0
BRDA:10,1,0,0
BRDA:10,1,1,0
BRDA:12,2,0,0
BRDA:12,2,1,0
BRDA:12,3,0,0
BRDA:12,3,1,0
BRF:8
BRH:0
end_of_record
TN:
SF:app/widgets/qp-calendar/interface.js
FN:3,padNumber
FN:10,xdateToData
FN:21,parseDate
FNF:3
FNH:0
FNDA:0,padNumber
FNDA:0,xdateToData
FNDA:0,parseDate
DA:1,0
DA:4,0
DA:5,0
DA:7,0
DA:11,0
DA:12,0
DA:22,0
DA:23,0
DA:24,0
DA:25,0
DA:26,0
DA:27,0
DA:28,0
DA:29,0
DA:30,0
DA:31,0
DA:32,0
DA:33,0
DA:34,0
DA:35,0
DA:39,0
LF:21
LH:0
BRDA:4,0,0,0
BRDA:4,0,1,0
BRDA:22,1,0,0
BRDA:22,1,1,0
BRDA:24,2,0,0
BRDA:24,2,1,0
BRDA:26,3,0,0
BRDA:26,3,1,0
BRDA:28,4,0,0
BRDA:28,4,1,0
BRDA:31,5,0,0
BRDA:31,5,1,0
BRDA:34,6,0,0
BRDA:34,6,1,0
BRF:14
BRH:0
end_of_record
TN:
SF:app/widgets/qp-calendar/style.js
FNF:0
FNH:0
DA:1,0
DA:2,0
DA:4,0
DA:5,0
DA:6,0
DA:7,0
DA:8,0
DA:10,0
DA:11,0
DA:12,0
DA:14,0
DA:15,0
DA:16,0
DA:17,0
DA:19,0
DA:20,0
DA:21,0
DA:22,0
DA:24,0
DA:25,0
DA:26,0
DA:27,0
DA:29,0
DA:30,0
DA:31,0
DA:33,0
DA:34,0
DA:35,0
DA:36,0
DA:37,0
DA:38,0
DA:39,0
DA:40,0
DA:41,0
DA:42,0
DA:43,0
DA:44,0
DA:45,0
DA:46,0
DA:47,0
DA:48,0
DA:49,0
DA:50,0
DA:51,0
DA:52,0
DA:53,0
DA:54,0
DA:55,0
LF:48
LH:0
BRF:0
BRH:0
end_of_record
TN:
SF:app/widgets/qp-calendar/testIDs.js
FNF:0
FNH:0
DA:1,17
DA:3,17
LF:2
LH:2
BRF:0
BRH:0
end_of_record
TN:
SF:app/widgets/qp-calendar/calendar/index.js
FN:110,(anonymous_0)
FN:124,(anonymous_1)
FN:135,(anonymous_2)
FN:141,(anonymous_3)
FN:154,(anonymous_4)
FN:169,(anonymous_5)
FN:173,(anonymous_6)
FN:177,(anonymous_7)
FN:181,(anonymous_8)
FN:185,(anonymous_9)
FN:199,(anonymous_10)
FN:241,(anonymous_11)
FN:270,(anonymous_12)
FN:289,(anonymous_13)
FN:302,(anonymous_14)
FN:318,(anonymous_15)
FN:322,(anonymous_16)
FN:326,(anonymous_17)
FN:341,(anonymous_18)
FN:343,(anonymous_19)
FN:354,(anonymous_20)
FN:376,(anonymous_21)
FN:380,(anonymous_22)
FNF:23
FNH:0
FNDA:0,(anonymous_0)
FNDA:0,(anonymous_1)
FNDA:0,(anonymous_2)
FNDA:0,(anonymous_3)
FNDA:0,(anonymous_4)
FNDA:0,(anonymous_5)
FNDA:0,(anonymous_6)
FNDA:0,(anonymous_7)
FNDA:0,(anonymous_8)
FNDA:0,(anonymous_9)
FNDA:0,(anonymous_10)
FNDA:0,(anonymous_11)
FNDA:0,(anonymous_12)
FNDA:0,(anonymous_13)
FNDA:0,(anonymous_14)
FNDA:0,(anonymous_15)
FNDA:0,(anonymous_16)
FNDA:0,(anonymous_17)
FNDA:0,(anonymous_18)
FNDA:0,(anonymous_19)
FNDA:0,(anonymous_20)
FNDA:0,(anonymous_21)
FNDA:0,(anonymous_22)
DA:20,0
DA:22,0
DA:25,0
DA:33,0
DA:35,0
DA:106,0
DA:111,0
DA:113,0
DA:114,0
DA:118,0
DA:119,0
DA:120,0
DA:121,0
DA:126,0
DA:127,0
DA:132,0
DA:136,0
DA:137,0
DA:139,0
DA:142,0
DA:143,0
DA:144,0
DA:145,0
DA:147,0
DA:148,0
DA:155,0
DA:156,0
DA:157,0
DA:158,0
DA:159,0
DA:160,0
DA:161,0
DA:163,0
DA:164,0
DA:170,0
DA:174,0
DA:177,0
DA:178,0
DA:181,0
DA:182,0
DA:185,0
DA:186,0
DA:187,0
DA:188,0
DA:189,0
DA:191,0
DA:192,0
DA:195,0
DA:200,0
DA:201,0
DA:202,0
DA:203,0
DA:204,0
DA:205,0
DA:206,0
DA:207,0
DA:208,0
DA:209,0
DA:210,0
DA:213,0
DA:214,0
DA:217,0
DA:218,0
DA:219,0
DA:220,0
DA:222,0
DA:242,0
DA:243,0
DA:245,0
DA:246,0
DA:249,0
DA:250,0
DA:251,0
DA:252,0
DA:255,0
DA:256,0
DA:258,0
DA:259,0
DA:261,0
DA:262,0
DA:264,0
DA:265,0
DA:267,0
DA:271,0
DA:272,0
DA:275,0
DA:277,0
DA:279,0
DA:281,0
DA:283,0
DA:285,0
DA:290,0
DA:291,0
DA:294,0
DA:295,0
DA:296,0
DA:298,0
DA:302,0
DA:303,0
DA:305,0
DA:308,0
DA:310,0
DA:311,0
DA:313,0
DA:314,0
DA:318,0
DA:319,0
DA:322,0
DA:323,0
DA:327,0
DA:342,0
DA:343,0
DA:344,0
DA:347,0
DA:348,0
DA:351,0
DA:355,0
DA:356,0
DA:357,0
DA:358,0
DA:360,0
DA:361,0
DA:362,0
DA:366,0
DA:367,0
DA:368,0
DA:369,0
DA:371,0
DA:375,0
DA:376,0
DA:378,0
DA:380,0
DA:401,0
DA:402,0
LF:134
LH:0
BRDA:22,0,0,0
BRDA:22,0,1,0
BRDA:24,1,0,0
BRDA:24,1,1,0
BRDA:115,2,0,0
BRDA:115,2,1,0
BRDA:126,3,0,0
BRDA:126,3,1,0
BRDA:136,4,0,0
BRDA:136,4,1,0
BRDA:142,5,0,0
BRDA:142,5,1,0
BRDA:144,6,0,0
BRDA:144,6,1,0
BRDA:147,7,0,0
BRDA:147,7,1,0
BRDA:158,8,0,0
BRDA:158,8,1,0
BRDA:158,9,0,0
BRDA:158,9,1,0
BRDA:158,10,0,0
BRDA:158,10,1,0
BRDA:158,11,0,0
BRDA:158,11,1,0
BRDA:159,12,0,0
BRDA:159,12,1,0
BRDA:160,13,0,0
BRDA:160,13,1,0
BRDA:163,14,0,0
BRDA:163,14,1,0
BRDA:182,15,0,0
BRDA:182,15,1,0
BRDA:182,15,2,0
BRDA:182,15,3,0
BRDA:191,16,0,0
BRDA:191,16,1,0
BRDA:192,17,0,0
BRDA:192,17,1,0
BRDA:195,18,0,0
BRDA:195,18,1,0
BRDA:203,19,0,0
BRDA:203,19,1,0
BRDA:205,20,0,0
BRDA:205,20,1,0
BRDA:207,21,0,0
BRDA:207,21,1,0
BRDA:209,22,0,0
BRDA:209,22,1,0
BRDA:213,23,0,0
BRDA:213,23,1,0
BRDA:213,24,0,0
BRDA:213,24,1,0
BRDA:245,25,0,0
BRDA:245,25,1,0
BRDA:249,26,0,0
BRDA:249,26,1,0
BRDA:251,27,0,0
BRDA:251,27,1,0
BRDA:255,28,0,0
BRDA:255,28,1,0
BRDA:258,29,0,0
BRDA:258,29,1,0
BRDA:261,30,0,0
BRDA:261,30,1,0
BRDA:264,31,0,0
BRDA:264,31,1,0
BRDA:264,32,0,0
BRDA:264,32,1,0
BRDA:271,33,0,0
BRDA:271,33,1,0
BRDA:275,34,0,0
BRDA:275,34,1,0
BRDA:275,34,2,0
BRDA:275,34,3,0
BRDA:275,34,4,0
BRDA:290,35,0,0
BRDA:290,35,1,0
BRDA:294,36,0,0
BRDA:294,36,1,0
BRDA:295,37,0,0
BRDA:295,37,1,0
BRDA:295,38,0,0
BRDA:295,38,1,0
BRDA:305,39,0,0
BRDA:305,39,1,0
BRDA:305,39,2,0
BRDA:305,39,3,0
BRDA:347,40,0,0
BRDA:347,40,1,0
BRDA:357,41,0,0
BRDA:357,41,1,0
BRDA:367,42,0,0
BRDA:367,42,1,0
BRDA:369,43,0,0
BRDA:369,43,1,0
BRDA:369,44,0,0
BRDA:369,44,1,0
BRDA:370,45,0,0
BRDA:370,45,1,0
BRDA:375,46,0,0
BRDA:375,46,1,0
BRDA:376,47,0,0
BRDA:376,47,1,0
BRDA:409,48,0,0
BRDA:409,48,1,0
BRF:105
BRH:0
end_of_record
TN:
SF:app/widgets/qp-calendar/calendar/style.js
FN:6,getStyle
FNF:1
FNH:0
FNDA:0,getStyle
DA:4,0
DA:7,0
DA:8,0
LF:3
LH:0
BRDA:6,0,0,0
BRDA:23,1,0,0
BRDA:23,1,1,0
BRF:3
BRH:0
end_of_record
TN:
SF:app/widgets/qp-calendar/calendar/updater.js
FN:3,shouldComponentUpdate
FN:4,(anonymous_1)
FN:15,(anonymous_2)
FN:25,(anonymous_3)
FNF:4
FNH:0
FNDA:0,shouldComponentUpdate
FNDA:0,(anonymous_1)
FNDA:0,(anonymous_2)
FNDA:0,(anonymous_3)
DA:4,0
DA:5,0
DA:6,0
DA:7,0
DA:12,0
DA:15,0
DA:16,0
DA:17,0
DA:22,0
DA:25,0
DA:26,0
DA:27,0
DA:28,0
DA:29,0
DA:30,0
DA:31,0
DA:32,0
DA:34,0
DA:40,0
DA:43,0
DA:44,0
DA:49,0
LF:22
LH:0
BRDA:4,0,0,0
BRDA:4,0,1,0
BRDA:5,1,0,0
BRDA:5,1,1,0
BRDA:6,2,0,0
BRDA:6,2,1,0
BRDA:6,3,0,0
BRDA:6,3,1,0
BRDA:6,3,2,0
BRDA:16,4,0,0
BRDA:16,4,1,0
BRDA:16,5,0,0
BRDA:16,5,1,0
BRDA:28,6,0,0
BRDA:28,6,1,0
BRDA:30,7,0,0
BRDA:30,7,1,0
BRDA:31,8,0,0
BRDA:31,8,1,0
BRDA:31,9,0,0
BRDA:31,9,1,0
BRDA:31,9,2,0
BRDA:43,10,0,0
BRDA:43,10,1,0
BRF:24
BRH:0
end_of_record
TN:
SF:app/widgets/qp-calendar/calendar/day/basic/index.js
FN:23,(anonymous_0)
FN:31,(anonymous_1)
FN:34,(anonymous_2)
FN:38,(anonymous_3)
FN:48,(anonymous_4)
FNF:5
FNH:0
FNDA:0,(anonymous_0)
FNDA:0,(anonymous_1)
FNDA:0,(anonymous_2)
FNDA:0,(anonymous_3)
FNDA:0,(anonymous_4)
DA:9,0
DA:11,0
DA:24,0
DA:25,0
DA:27,0
DA:28,0
DA:32,0
DA:35,0
DA:39,0
DA:49,0
DA:50,0
DA:51,0
DA:53,0
DA:54,0
DA:55,0
DA:61,0
DA:64,0
DA:74,0
DA:76,0
DA:77,0
DA:78,0
DA:80,0
DA:81,0
DA:84,0
DA:85,0
DA:87,0
DA:88,0
DA:89,0
DA:90,0
DA:91,0
DA:94,0
DA:95,0
DA:96,0
DA:97,0
DA:101,0
DA:104,0
LF:36
LH:0
BRDA:53,0,0,0
BRDA:53,0,1,0
BRDA:54,1,0,0
BRDA:54,1,1,0
BRDA:54,2,0,0
BRDA:54,2,1,0
BRDA:54,2,2,0
BRDA:61,3,0,0
BRDA:61,3,1,0
BRDA:76,4,0,0
BRDA:76,4,1,0
BRDA:80,5,0,0
BRDA:80,5,1,0
BRDA:84,6,0,0
BRDA:84,6,1,0
BRDA:87,7,0,0
BRDA:87,7,1,0
BRDA:89,8,0,0
BRDA:89,8,1,0
BRDA:95,9,0,0
BRDA:95,9,1,0
BRDA:97,10,0,0
BRDA:97,10,1,0
BRDA:98,11,0,0
BRDA:98,11,1,0
BRDA:112,12,0,0
BRDA:112,12,1,0
BRF:27
BRH:0
end_of_record
TN:
SF:app/widgets/qp-calendar/calendar/day/basic/style.js
FN:6,styleConstructor
FNF:1
FNH:0
FNDA:0,styleConstructor
DA:4,0
DA:7,0
DA:8,0
LF:3
LH:0
BRDA:6,0,0,0
BRDA:15,1,0,0
BRDA:15,1,1,0
BRDA:24,2,0,0
BRDA:24,2,1,0
BRDA:59,3,0,0
BRDA:59,3,1,0
BRDA:62,4,0,0
BRDA:62,4,1,0
BRDA:64,5,0,0
BRDA:64,5,1,0
BRF:11
BRH:0
end_of_record
TN:
SF:app/widgets/qp-calendar/calendar/day/custom/index.js
FN:22,(anonymous_0)
FN:31,(anonymous_1)
FN:34,(anonymous_2)
FN:38,(anonymous_3)
FN:48,(anonymous_4)
FNF:5
FNH:0
FNDA:0,(anonymous_0)
FNDA:0,(anonymous_1)
FNDA:0,(anonymous_2)
FNDA:0,(anonymous_3)
FNDA:0,(anonymous_4)
DA:9,0
DA:11,0
DA:23,0
DA:25,0
DA:27,0
DA:28,0
DA:32,0
DA:35,0
DA:39,0
DA:49,0
DA:50,0
DA:52,0
DA:53,0
DA:54,0
DA:60,0
DA:64,0
DA:65,0
DA:66,0
DA:67,0
DA:68,0
DA:69,0
DA:70,0
DA:71,0
DA:74,0
DA:75,0
DA:76,0
DA:77,0
DA:78,0
DA:80,0
DA:82,0
DA:83,0
DA:87,0
LF:32
LH:0
BRDA:52,0,0,0
BRDA:52,0,1,0
BRDA:53,1,0,0
BRDA:53,1,1,0
BRDA:53,2,0,0
BRDA:53,2,1,0
BRDA:53,2,2,0
BRDA:60,3,0,0
BRDA:60,3,1,0
BRDA:64,4,0,0
BRDA:64,4,1,0
BRDA:67,5,0,0
BRDA:67,5,1,0
BRDA:69,6,0,0
BRDA:69,6,1,0
BRDA:74,7,0,0
BRDA:74,7,1,0
BRDA:74,8,0,0
BRDA:74,8,1,0
BRDA:76,9,0,0
BRDA:76,9,1,0
BRDA:77,10,0,0
BRDA:77,10,1,0
BRDA:82,11,0,0
BRDA:82,11,1,0
BRDA:95,12,0,0
BRDA:95,12,1,0
BRF:27
BRH:0
end_of_record
TN:
SF:app/widgets/qp-calendar/calendar/day/custom/style.js
FN:6,styleConstructor
FNF:1
FNH:0
FNDA:0,styleConstructor
DA:4,0
DA:7,0
DA:8,0
LF:3
LH:0
BRDA:6,0,0,0
BRDA:15,1,0,0
BRDA:15,1,1,0
BRDA:23,2,0,0
BRDA:23,2,1,0
BRDA:41,3,0,0
BRDA:41,3,1,0
BRF:7
BRH:0
end_of_record
TN:
SF:app/widgets/qp-calendar/calendar/day/multi-dot/index.js
FN:23,(anonymous_0)
FN:32,(anonymous_1)
FN:36,(anonymous_2)
FN:40,(anonymous_3)
FN:50,(anonymous_4)
FN:58,(anonymous_5)
FN:59,(anonymous_6)
FN:79,(anonymous_7)
FNF:8
FNH:0
FNDA:0,(anonymous_0)
FNDA:0,(anonymous_1)
FNDA:0,(anonymous_2)
FNDA:0,(anonymous_3)
FNDA:0,(anonymous_4)
FNDA:0,(anonymous_5)
FNDA:0,(anonymous_6)
FNDA:0,(anonymous_7)
DA:9,0
DA:11,0
DA:24,0
DA:26,0
DA:28,0
DA:29,0
DA:33,0
DA:37,0
DA:41,0
DA:51,0
DA:52,0
DA:58,0
DA:59,0
DA:60,0
DA:76,0
DA:80,0
DA:81,0
DA:82,0
DA:83,0
DA:85,0
DA:89,0
DA:90,0
DA:91,0
DA:92,0
DA:93,0
DA:95,0
DA:96,0
DA:97,0
DA:98,0
DA:99,0
DA:102,0
LF:31
LH:0
BRDA:52,0,0,0
BRDA:52,0,1,0
BRDA:53,1,0,0
BRDA:53,1,1,0
BRDA:53,1,2,0
BRDA:58,2,0,0
BRDA:58,2,1,0
BRDA:62,3,0,0
BRDA:62,3,1,0
BRDA:67,4,0,0
BRDA:67,4,1,0
BRDA:67,5,0,0
BRDA:67,5,1,0
BRDA:82,6,0,0
BRDA:82,6,1,0
BRDA:85,7,0,0
BRDA:85,7,1,0
BRDA:89,8,0,0
BRDA:89,8,1,0
BRDA:92,9,0,0
BRDA:92,9,1,0
BRDA:95,10,0,0
BRDA:95,10,1,0
BRDA:97,11,0,0
BRDA:97,11,1,0
BRDA:109,12,0,0
BRDA:109,12,1,0
BRF:27
BRH:0
end_of_record
TN:
SF:app/widgets/qp-calendar/calendar/day/multi-dot/style.js
FN:6,styleConstructor
FNF:1
FNH:0
FNDA:0,styleConstructor
DA:4,0
DA:7,0
DA:8,0
LF:3
LH:0
BRDA:6,0,0,0
BRDA:23,1,0,0
BRDA:23,1,1,0
BRDA:57,2,0,0
BRDA:57,2,1,0
BRF:5
BRH:0
end_of_record
TN:
SF:app/widgets/qp-calendar/calendar/day/multi-period/index.js
FN:22,(anonymous_0)
FN:31,(anonymous_1)
FN:34,(anonymous_2)
FN:38,(anonymous_3)
FN:48,(anonymous_4)
FN:56,(anonymous_5)
FN:57,(anonymous_6)
FN:84,(anonymous_7)
FNF:8
FNH:0
FNDA:0,(anonymous_0)
FNDA:0,(anonymous_1)
FNDA:0,(anonymous_2)
FNDA:0,(anonymous_3)
FNDA:0,(anonymous_4)
FNDA:0,(anonymous_5)
FNDA:0,(anonymous_6)
FNDA:0,(anonymous_7)
DA:9,0
DA:11,0
DA:23,0
DA:25,0
DA:27,0
DA:28,0
DA:32,0
DA:35,0
DA:39,0
DA:49,0
DA:50,0
DA:56,0
DA:57,0
DA:58,0
DA:64,0
DA:65,0
DA:71,0
DA:72,0
DA:78,0
DA:81,0
DA:85,0
DA:86,0
DA:87,0
DA:88,0
DA:90,0
DA:94,0
DA:95,0
DA:96,0
DA:97,0
DA:98,0
DA:99,0
DA:100,0
DA:101,0
DA:103,0
LF:34
LH:0
BRDA:50,0,0,0
BRDA:50,0,1,0
BRDA:51,1,0,0
BRDA:51,1,1,0
BRDA:51,1,2,0
BRDA:56,2,0,0
BRDA:56,2,1,0
BRDA:64,3,0,0
BRDA:64,3,1,0
BRDA:71,4,0,0
BRDA:71,4,1,0
BRDA:87,5,0,0
BRDA:87,5,1,0
BRDA:90,6,0,0
BRDA:90,6,1,0
BRDA:94,7,0,0
BRDA:94,7,1,0
BRDA:97,8,0,0
BRDA:97,8,1,0
BRDA:99,9,0,0
BRDA:99,9,1,0
BRDA:112,10,0,0
BRDA:112,10,1,0
BRF:23
BRH:0
end_of_record
TN:
SF:app/widgets/qp-calendar/calendar/day/multi-period/style.js
FN:7,styleConstructor
FNF:1
FNH:0
FNDA:0,styleConstructor
DA:5,0
DA:8,0
DA:9,0
LF:3
LH:0
BRDA:7,0,0,0
BRDA:16,1,0,0
BRDA:16,1,1,0
BRDA:24,2,0,0
BRDA:24,2,1,0
BRDA:78,3,0,0
BRDA:78,3,1,0
BRF:7
BRH:0
end_of_record
TN:
SF:app/widgets/qp-calendar/calendar/day/period/index.js
FN:26,(anonymous_0)
FN:37,(anonymous_1)
FN:41,(anonymous_2)
FN:45,(anonymous_3)
FN:56,(anonymous_4)
FN:66,(anonymous_5)
FN:119,(anonymous_6)
FNF:7
FNH:0
FNDA:0,(anonymous_0)
FNDA:0,(anonymous_1)
FNDA:0,(anonymous_2)
FNDA:0,(anonymous_3)
FNDA:0,(anonymous_4)
FNDA:0,(anonymous_5)
FNDA:0,(anonymous_6)
DA:12,0
DA:14,0
DA:27,0
DA:29,0
DA:30,0
DA:32,0
DA:33,0
DA:34,0
DA:38,0
DA:42,0
DA:46,0
DA:48,0
DA:49,0
DA:50,0
DA:53,0
DA:57,0
DA:58,0
DA:59,0
DA:61,0
DA:62,0
DA:63,0
DA:64,0
DA:66,0
DA:67,0
DA:68,0
DA:69,0
DA:70,0
DA:71,0
DA:72,0
DA:73,0
DA:74,0
DA:76,0
DA:77,0
DA:78,0
DA:79,0
DA:80,0
DA:81,0
DA:83,0
DA:86,0
DA:87,0
DA:88,0
DA:90,0
DA:91,0
DA:95,0
DA:96,0
DA:100,0
DA:101,0
DA:105,0
DA:106,0
DA:108,0
DA:109,0
DA:111,0
DA:112,0
DA:114,0
DA:116,0
DA:120,0
DA:121,0
DA:122,0
DA:123,0
DA:124,0
DA:127,0
DA:128,0
DA:129,0
DA:130,0
DA:131,0
DA:134,0
DA:135,0
DA:139,0
DA:140,0
DA:141,0
DA:143,0
DA:144,0
DA:146,0
DA:147,0
DA:149,0
DA:150,0
DA:153,0
DA:154,0
DA:157,0
DA:160,0
DA:163,0
DA:164,0
DA:167,0
DA:170,0
DA:173,0
DA:174,0
DA:175,0
DA:177,0
DA:178,0
DA:179,0
DA:182,0
DA:185,0
DA:190,0
DA:198,0
DA:200,0
LF:95
LH:0
BRDA:29,0,0,0
BRDA:29,0,1,0
BRDA:32,1,0,0
BRDA:32,1,1,0
BRDA:48,2,0,0
BRDA:48,2,1,0
BRDA:58,3,0,0
BRDA:58,3,1,0
BRDA:61,4,0,0
BRDA:61,4,1,0
BRDA:63,5,0,0
BRDA:63,5,1,0
BRDA:67,6,0,0
BRDA:67,6,1,0
BRDA:68,7,0,0
BRDA:68,7,1,0
BRDA:68,8,0,0
BRDA:68,8,1,0
BRDA:71,9,0,0
BRDA:71,9,1,0
BRDA:71,10,0,0
BRDA:71,10,1,0
BRDA:71,10,2,0
BRDA:73,11,0,0
BRDA:73,11,1,0
BRDA:73,12,0,0
BRDA:73,12,1,0
BRDA:73,12,2,0
BRDA:76,13,0,0
BRDA:76,13,1,0
BRDA:79,14,0,0
BRDA:79,14,1,0
BRDA:87,15,0,0
BRDA:87,15,1,0
BRDA:90,16,0,0
BRDA:90,16,1,0
BRDA:95,17,0,0
BRDA:95,17,1,0
BRDA:100,18,0,0
BRDA:100,18,1,0
BRDA:100,19,0,0
BRDA:100,19,1,0
BRDA:105,20,0,0
BRDA:105,20,1,0
BRDA:108,21,0,0
BRDA:108,21,1,0
BRDA:111,22,0,0
BRDA:111,22,1,0
BRDA:127,23,0,0
BRDA:127,23,1,0
BRDA:129,24,0,0
BRDA:129,24,1,0
BRDA:134,25,0,0
BRDA:134,25,1,0
BRDA:140,26,0,0
BRDA:140,26,1,0
BRDA:143,27,0,0
BRDA:143,27,1,0
BRDA:146,28,0,0
BRDA:146,28,1,0
BRDA:149,29,0,0
BRDA:149,29,1,0
BRDA:153,30,0,0
BRDA:153,30,1,0
BRDA:153,31,0,0
BRDA:153,31,1,0
BRDA:163,32,0,0
BRDA:163,32,1,0
BRDA:163,33,0,0
BRDA:163,33,1,0
BRDA:173,34,0,0
BRDA:173,34,1,0
BRDA:178,35,0,0
BRDA:178,35,1,0
BRDA:178,36,0,0
BRDA:178,36,1,0
BRDA:207,37,0,0
BRDA:207,37,1,0
BRF:78
BRH:0
end_of_record
TN:
SF:app/widgets/qp-calendar/calendar/day/period/style.js
FN:8,styleConstructor
FNF:1
FNH:0
FNDA:0,styleConstructor
DA:5,0
DA:6,0
DA:9,0
DA:10,0
LF:4
LH:0
BRDA:8,0,0,0
BRDA:50,1,0,0
BRDA:50,1,1,0
BRDA:74,2,0,0
BRDA:74,2,1,0
BRF:5
BRH:0
end_of_record
TN:
SF:app/widgets/qp-calendar/calendar/dot/index.js
FN:6,(anonymous_0)
FNF:1
FNH:0
FNDA:0,(anonymous_0)
DA:6,0
DA:8,0
DA:9,0
DA:11,0
DA:12,0
DA:14,0
DA:15,0
DA:18,0
DA:19,0
DA:22,0
DA:23,0
DA:26,0
DA:27,0
DA:31,0
DA:38,0
LF:15
LH:0
BRDA:11,0,0,0
BRDA:11,0,1,0
BRDA:14,1,0,0
BRDA:14,1,1,0
BRDA:18,2,0,0
BRDA:18,2,1,0
BRDA:22,3,0,0
BRDA:22,3,1,0
BRDA:26,4,0,0
BRDA:26,4,1,0
BRF:10
BRH:0
end_of_record
TN:
SF:app/widgets/qp-calendar/calendar/dot/style.js
FN:6,styleConstructor
FNF:1
FNH:0
FNDA:0,styleConstructor
DA:4,0
DA:7,0
DA:8,0
LF:3
LH:0
BRDA:6,0,0,0
BRDA:25,1,0,0
BRDA:25,1,1,0
BRDA:28,2,0,0
BRDA:28,2,1,0
BRDA:30,3,0,0
BRDA:30,3,1,0
BRF:7
BRH:0
end_of_record
TN:
SF:app/widgets/qp-calendar/calendar/header/index.js
FN:42,(anonymous_0)
FN:47,(anonymous_1)
FN:52,(anonymous_2)
FN:57,(anonymous_3)
FN:91,(anonymous_4)
FN:99,(anonymous_5)
FN:107,(anonymous_6)
FN:109,(anonymous_7)
FN:129,(anonymous_8)
FN:151,(anonymous_9)
FN:255,(anonymous_10)
FNF:11
FNH:0
FNDA:0,(anonymous_0)
FNDA:0,(anonymous_1)
FNDA:0,(anonymous_2)
FNDA:0,(anonymous_3)
FNDA:0,(anonymous_4)
FNDA:0,(anonymous_5)
FNDA:0,(anonymous_6)
FNDA:0,(anonymous_7)
FNDA:0,(anonymous_8)
FNDA:0,(anonymous_9)
FNDA:0,(anonymous_10)
DA:16,0
DA:18,0
DA:37,0
DA:43,0
DA:44,0
DA:47,0
DA:48,0
DA:49,0
DA:52,0
DA:53,0
DA:54,0
DA:58,0
DA:62,0
DA:64,0
DA:65,0
DA:67,0
DA:68,0
DA:70,0
DA:71,0
DA:73,0
DA:74,0
DA:76,0
DA:77,0
DA:79,0
DA:80,0
DA:82,0
DA:83,0
DA:85,0
DA:86,0
DA:88,0
DA:91,0
DA:92,0
DA:93,0
DA:94,0
DA:96,0
DA:99,0
DA:100,0
DA:101,0
DA:102,0
DA:104,0
DA:107,0
DA:108,0
DA:109,0
DA:110,0
DA:112,0
DA:113,0
DA:116,0
DA:129,0
DA:130,0
DA:132,0
DA:134,0
DA:135,0
DA:138,0
DA:152,0
DA:153,0
DA:154,0
DA:155,0
DA:157,0
DA:158,0
DA:183,0
DA:211,0
DA:212,0
DA:219,0
DA:255,0
DA:256,0
DA:258,0
DA:259,0
DA:261,0
DA:262,0
DA:264,0
LF:70
LH:0
BRDA:58,0,0,0
BRDA:58,0,1,0
BRDA:64,1,0,0
BRDA:64,1,1,0
BRDA:67,2,0,0
BRDA:67,2,1,0
BRDA:70,3,0,0
BRDA:70,3,1,0
BRDA:73,4,0,0
BRDA:73,4,1,0
BRDA:76,5,0,0
BRDA:76,5,1,0
BRDA:79,6,0,0
BRDA:79,6,1,0
BRDA:82,7,0,0
BRDA:82,7,1,0
BRDA:85,8,0,0
BRDA:85,8,1,0
BRDA:93,9,0,0
BRDA:93,9,1,0
BRDA:101,10,0,0
BRDA:101,10,1,0
BRDA:112,11,0,0
BRDA:112,11,1,0
BRDA:132,12,0,0
BRDA:132,12,1,0
BRDA:134,13,0,0
BRDA:134,13,1,0
BRDA:143,14,0,0
BRDA:143,14,1,0
BRDA:157,15,0,0
BRDA:157,15,1,0
BRDA:165,16,0,0
BRDA:165,16,1,0
BRDA:169,17,0,0
BRDA:169,17,1,0
BRDA:175,18,0,0
BRDA:175,18,1,0
BRDA:190,19,0,0
BRDA:190,19,1,0
BRDA:194,20,0,0
BRDA:194,20,1,0
BRDA:200,21,0,0
BRDA:200,21,1,0
BRDA:211,22,0,0
BRDA:211,22,1,0
BRDA:214,23,0,0
BRDA:214,23,1,0
BRDA:241,24,0,0
BRDA:241,24,1,0
BRDA:243,25,0,0
BRDA:243,25,1,0
BRDA:256,26,0,0
BRDA:256,26,1,0
BRDA:256,26,2,0
BRF:55
BRH:0
end_of_record
TN:
SF:app/widgets/qp-calendar/calendar/header/style.js
FN:6,(anonymous_0)
FNF:1
FNH:0
FNDA:0,(anonymous_0)
DA:4,0
DA:7,0
DA:8,0
LF:3
LH:0
BRDA:6,0,0,0
BRDA:61,1,0,0
BRDA:61,1,1,0
BRF:3
BRH:0
end_of_record
